2022-06-15 10:59:01,753 INFO  - Initialize application (at simulation time 242.000,000,000 s)
2022-06-15 10:59:01,754 INFO  - Activated Cell Module (at simulation time 242.000,000,000 s)
2022-06-15 10:59:01,766 INFO  - Received message from cell from WeatherServer (at simulation time 242.300,000,000 s)
2022-06-15 10:59:01,766 INFO  - Processing DEN message (at simulation time 242.300,000,000 s)
2022-06-15 10:59:01,766 INFO  - The Event is on the vehicle's route 311964536_1313885442_2879911873 = 311964536_1313885442_2879911873 (at simulation time 242.300,000,000 s)
2022-06-15 10:59:01,768 INFO  - Sending Change Route Command at position: null (at simulation time 242.300,000,000 s)
2022-06-15 10:59:01,802 INFO  - Received message from cell from WeatherServer (at simulation time 244.300,000,000 s)
2022-06-15 10:59:01,802 INFO  - Processing DEN message (at simulation time 244.300,000,000 s)
2022-06-15 10:59:01,802 INFO  - Route already changed (at simulation time 244.300,000,000 s)
2022-06-15 10:59:01,835 INFO  - Received message from cell from WeatherServer (at simulation time 246.300,000,000 s)
2022-06-15 10:59:01,835 INFO  - Processing DEN message (at simulation time 246.300,000,000 s)
2022-06-15 10:59:01,835 INFO  - Route already changed (at simulation time 246.300,000,000 s)
2022-06-15 10:59:01,869 INFO  - Received message from cell from WeatherServer (at simulation time 248.300,000,000 s)
2022-06-15 10:59:01,869 INFO  - Processing DEN message (at simulation time 248.300,000,000 s)
2022-06-15 10:59:01,869 INFO  - Route already changed (at simulation time 248.300,000,000 s)
2022-06-15 10:59:01,902 INFO  - Received message from cell from WeatherServer (at simulation time 250.300,000,000 s)
2022-06-15 10:59:01,902 INFO  - Processing DEN message (at simulation time 250.300,000,000 s)
2022-06-15 10:59:01,902 INFO  - Route already changed (at simulation time 250.300,000,000 s)
2022-06-15 10:59:01,933 INFO  - Received message from cell from WeatherServer (at simulation time 252.300,000,000 s)
2022-06-15 10:59:01,933 INFO  - Processing DEN message (at simulation time 252.300,000,000 s)
2022-06-15 10:59:01,933 INFO  - Route already changed (at simulation time 252.300,000,000 s)
2022-06-15 10:59:01,969 INFO  - Received message from cell from WeatherServer (at simulation time 254.300,000,000 s)
2022-06-15 10:59:01,969 INFO  - Processing DEN message (at simulation time 254.300,000,000 s)
2022-06-15 10:59:01,969 INFO  - Route already changed (at simulation time 254.300,000,000 s)
2022-06-15 10:59:02,004 INFO  - Received message from cell from WeatherServer (at simulation time 256.300,000,000 s)
2022-06-15 10:59:02,004 INFO  - Processing DEN message (at simulation time 256.300,000,000 s)
2022-06-15 10:59:02,004 INFO  - Route already changed (at simulation time 256.300,000,000 s)
2022-06-15 10:59:02,036 INFO  - Received message from cell from WeatherServer (at simulation time 258.300,000,000 s)
2022-06-15 10:59:02,036 INFO  - Processing DEN message (at simulation time 258.300,000,000 s)
2022-06-15 10:59:02,036 INFO  - Route already changed (at simulation time 258.300,000,000 s)
2022-06-15 10:59:02,073 INFO  - Received message from cell from WeatherServer (at simulation time 260.300,000,000 s)
2022-06-15 10:59:02,073 INFO  - Processing DEN message (at simulation time 260.300,000,000 s)
2022-06-15 10:59:02,073 INFO  - Route already changed (at simulation time 260.300,000,000 s)
2022-06-15 10:59:02,108 INFO  - Received message from cell from WeatherServer (at simulation time 262.300,000,000 s)
2022-06-15 10:59:02,108 INFO  - Processing DEN message (at simulation time 262.300,000,000 s)
2022-06-15 10:59:02,108 INFO  - Route already changed (at simulation time 262.300,000,000 s)
2022-06-15 10:59:02,145 INFO  - Received message from cell from WeatherServer (at simulation time 264.300,000,000 s)
2022-06-15 10:59:02,145 INFO  - Processing DEN message (at simulation time 264.300,000,000 s)
2022-06-15 10:59:02,145 INFO  - Route already changed (at simulation time 264.300,000,000 s)
2022-06-15 10:59:02,183 INFO  - Received message from cell from WeatherServer (at simulation time 266.300,000,000 s)
2022-06-15 10:59:02,183 INFO  - Processing DEN message (at simulation time 266.300,000,000 s)
2022-06-15 10:59:02,183 INFO  - Route already changed (at simulation time 266.300,000,000 s)
2022-06-15 10:59:02,218 INFO  - Received message from cell from WeatherServer (at simulation time 268.300,000,000 s)
2022-06-15 10:59:02,218 INFO  - Processing DEN message (at simulation time 268.300,000,000 s)
2022-06-15 10:59:02,218 INFO  - Route already changed (at simulation time 268.300,000,000 s)
2022-06-15 10:59:02,256 INFO  - Received message from cell from WeatherServer (at simulation time 270.300,000,000 s)
2022-06-15 10:59:02,256 INFO  - Processing DEN message (at simulation time 270.300,000,000 s)
2022-06-15 10:59:02,256 INFO  - Route already changed (at simulation time 270.300,000,000 s)
2022-06-15 10:59:02,290 INFO  - Received message from cell from WeatherServer (at simulation time 272.300,000,000 s)
2022-06-15 10:59:02,290 INFO  - Processing DEN message (at simulation time 272.300,000,000 s)
2022-06-15 10:59:02,290 INFO  - Route already changed (at simulation time 272.300,000,000 s)
2022-06-15 10:59:02,329 INFO  - Received message from cell from WeatherServer (at simulation time 274.300,000,000 s)
2022-06-15 10:59:02,329 INFO  - Processing DEN message (at simulation time 274.300,000,000 s)
2022-06-15 10:59:02,329 INFO  - Route already changed (at simulation time 274.300,000,000 s)
2022-06-15 10:59:02,367 INFO  - Received message from cell from WeatherServer (at simulation time 276.300,000,000 s)
2022-06-15 10:59:02,367 INFO  - Processing DEN message (at simulation time 276.300,000,000 s)
2022-06-15 10:59:02,367 INFO  - Route already changed (at simulation time 276.300,000,000 s)
2022-06-15 10:59:02,398 INFO  - Received message from cell from WeatherServer (at simulation time 278.300,000,000 s)
2022-06-15 10:59:02,398 INFO  - Processing DEN message (at simulation time 278.300,000,000 s)
2022-06-15 10:59:02,398 INFO  - Route already changed (at simulation time 278.300,000,000 s)
2022-06-15 10:59:02,437 INFO  - Received message from cell from WeatherServer (at simulation time 280.300,000,000 s)
2022-06-15 10:59:02,437 INFO  - Processing DEN message (at simulation time 280.300,000,000 s)
2022-06-15 10:59:02,437 INFO  - Route already changed (at simulation time 280.300,000,000 s)
2022-06-15 10:59:02,475 INFO  - Received message from cell from WeatherServer (at simulation time 282.300,000,000 s)
2022-06-15 10:59:02,475 INFO  - Processing DEN message (at simulation time 282.300,000,000 s)
2022-06-15 10:59:02,475 INFO  - Route already changed (at simulation time 282.300,000,000 s)
2022-06-15 10:59:02,512 INFO  - Received message from cell from WeatherServer (at simulation time 284.300,000,000 s)
2022-06-15 10:59:02,512 INFO  - Processing DEN message (at simulation time 284.300,000,000 s)
2022-06-15 10:59:02,512 INFO  - Route already changed (at simulation time 284.300,000,000 s)
2022-06-15 10:59:02,546 INFO  - Received message from cell from WeatherServer (at simulation time 286.300,000,000 s)
2022-06-15 10:59:02,546 INFO  - Processing DEN message (at simulation time 286.300,000,000 s)
2022-06-15 10:59:02,546 INFO  - Route already changed (at simulation time 286.300,000,000 s)
2022-06-15 10:59:02,582 INFO  - Received message from cell from WeatherServer (at simulation time 288.300,000,000 s)
2022-06-15 10:59:02,582 INFO  - Processing DEN message (at simulation time 288.300,000,000 s)
2022-06-15 10:59:02,582 INFO  - Route already changed (at simulation time 288.300,000,000 s)
2022-06-15 10:59:02,615 INFO  - Received message from cell from WeatherServer (at simulation time 290.300,000,000 s)
2022-06-15 10:59:02,615 INFO  - Processing DEN message (at simulation time 290.300,000,000 s)
2022-06-15 10:59:02,615 INFO  - Route already changed (at simulation time 290.300,000,000 s)
2022-06-15 10:59:02,651 INFO  - Received message from cell from WeatherServer (at simulation time 292.300,000,000 s)
2022-06-15 10:59:02,651 INFO  - Processing DEN message (at simulation time 292.300,000,000 s)
2022-06-15 10:59:02,651 INFO  - Route already changed (at simulation time 292.300,000,000 s)
2022-06-15 10:59:02,691 INFO  - Received message from cell from WeatherServer (at simulation time 294.300,000,000 s)
2022-06-15 10:59:02,691 INFO  - Processing DEN message (at simulation time 294.300,000,000 s)
2022-06-15 10:59:02,691 INFO  - Route already changed (at simulation time 294.300,000,000 s)
2022-06-15 10:59:02,724 INFO  - Received message from cell from WeatherServer (at simulation time 296.300,000,000 s)
2022-06-15 10:59:02,724 INFO  - Processing DEN message (at simulation time 296.300,000,000 s)
2022-06-15 10:59:02,724 INFO  - Route already changed (at simulation time 296.300,000,000 s)
2022-06-15 10:59:02,756 INFO  - Received message from cell from WeatherServer (at simulation time 298.300,000,000 s)
2022-06-15 10:59:02,756 INFO  - Processing DEN message (at simulation time 298.300,000,000 s)
2022-06-15 10:59:02,756 INFO  - Route already changed (at simulation time 298.300,000,000 s)
2022-06-15 10:59:02,787 INFO  - Received message from cell from WeatherServer (at simulation time 300.300,000,000 s)
2022-06-15 10:59:02,787 INFO  - Processing DEN message (at simulation time 300.300,000,000 s)
2022-06-15 10:59:02,787 INFO  - Route already changed (at simulation time 300.300,000,000 s)
2022-06-15 10:59:02,822 INFO  - Received message from cell from WeatherServer (at simulation time 302.300,000,000 s)
2022-06-15 10:59:02,822 INFO  - Processing DEN message (at simulation time 302.300,000,000 s)
2022-06-15 10:59:02,822 INFO  - Route already changed (at simulation time 302.300,000,000 s)
2022-06-15 10:59:02,852 INFO  - Received message from cell from WeatherServer (at simulation time 304.300,000,000 s)
2022-06-15 10:59:02,852 INFO  - Processing DEN message (at simulation time 304.300,000,000 s)
2022-06-15 10:59:02,852 INFO  - Route already changed (at simulation time 304.300,000,000 s)
2022-06-15 10:59:02,881 INFO  - Received message from cell from WeatherServer (at simulation time 306.300,000,000 s)
2022-06-15 10:59:02,881 INFO  - Processing DEN message (at simulation time 306.300,000,000 s)
2022-06-15 10:59:02,881 INFO  - Route already changed (at simulation time 306.300,000,000 s)
2022-06-15 10:59:02,911 INFO  - Received message from cell from WeatherServer (at simulation time 308.300,000,000 s)
2022-06-15 10:59:02,911 INFO  - Processing DEN message (at simulation time 308.300,000,000 s)
2022-06-15 10:59:02,911 INFO  - Route already changed (at simulation time 308.300,000,000 s)
2022-06-15 10:59:02,936 INFO  - Received message from cell from WeatherServer (at simulation time 310.300,000,000 s)
2022-06-15 10:59:02,936 INFO  - Processing DEN message (at simulation time 310.300,000,000 s)
2022-06-15 10:59:02,936 INFO  - Route already changed (at simulation time 310.300,000,000 s)
2022-06-15 10:59:02,961 INFO  - Received message from cell from WeatherServer (at simulation time 312.300,000,000 s)
2022-06-15 10:59:02,962 INFO  - Processing DEN message (at simulation time 312.300,000,000 s)
2022-06-15 10:59:02,962 INFO  - Route already changed (at simulation time 312.300,000,000 s)
2022-06-15 10:59:02,995 INFO  - Received message from cell from WeatherServer (at simulation time 314.300,000,000 s)
2022-06-15 10:59:02,995 INFO  - Processing DEN message (at simulation time 314.300,000,000 s)
2022-06-15 10:59:02,995 INFO  - Route already changed (at simulation time 314.300,000,000 s)
2022-06-15 10:59:03,020 INFO  - Received message from cell from WeatherServer (at simulation time 316.300,000,000 s)
2022-06-15 10:59:03,020 INFO  - Processing DEN message (at simulation time 316.300,000,000 s)
2022-06-15 10:59:03,020 INFO  - Route already changed (at simulation time 316.300,000,000 s)
2022-06-15 10:59:03,041 INFO  - Received message from cell from WeatherServer (at simulation time 318.300,000,000 s)
2022-06-15 10:59:03,041 INFO  - Processing DEN message (at simulation time 318.300,000,000 s)
2022-06-15 10:59:03,041 INFO  - Route already changed (at simulation time 318.300,000,000 s)
2022-06-15 10:59:03,062 INFO  - Received message from cell from WeatherServer (at simulation time 320.300,000,000 s)
2022-06-15 10:59:03,062 INFO  - Processing DEN message (at simulation time 320.300,000,000 s)
2022-06-15 10:59:03,062 INFO  - Route already changed (at simulation time 320.300,000,000 s)
2022-06-15 10:59:03,081 INFO  - Received message from cell from WeatherServer (at simulation time 322.300,000,000 s)
2022-06-15 10:59:03,081 INFO  - Processing DEN message (at simulation time 322.300,000,000 s)
2022-06-15 10:59:03,081 INFO  - Route already changed (at simulation time 322.300,000,000 s)
2022-06-15 10:59:03,104 INFO  - Received message from cell from WeatherServer (at simulation time 324.300,000,000 s)
2022-06-15 10:59:03,104 INFO  - Processing DEN message (at simulation time 324.300,000,000 s)
2022-06-15 10:59:03,104 INFO  - Route already changed (at simulation time 324.300,000,000 s)
2022-06-15 10:59:03,124 INFO  - Received message from cell from WeatherServer (at simulation time 326.300,000,000 s)
2022-06-15 10:59:03,124 INFO  - Processing DEN message (at simulation time 326.300,000,000 s)
2022-06-15 10:59:03,124 INFO  - Route already changed (at simulation time 326.300,000,000 s)
2022-06-15 10:59:03,142 INFO  - Received message from cell from WeatherServer (at simulation time 328.300,000,000 s)
2022-06-15 10:59:03,142 INFO  - Processing DEN message (at simulation time 328.300,000,000 s)
2022-06-15 10:59:03,142 INFO  - Route already changed (at simulation time 328.300,000,000 s)
2022-06-15 10:59:03,156 INFO  - Received message from cell from WeatherServer (at simulation time 330.300,000,000 s)
2022-06-15 10:59:03,156 INFO  - Processing DEN message (at simulation time 330.300,000,000 s)
2022-06-15 10:59:03,156 INFO  - Route already changed (at simulation time 330.300,000,000 s)
2022-06-15 10:59:03,170 INFO  - Received message from cell from WeatherServer (at simulation time 332.300,000,000 s)
2022-06-15 10:59:03,170 INFO  - Processing DEN message (at simulation time 332.300,000,000 s)
2022-06-15 10:59:03,170 INFO  - Route already changed (at simulation time 332.300,000,000 s)
2022-06-15 10:59:03,188 INFO  - Received message from cell from WeatherServer (at simulation time 334.300,000,000 s)
2022-06-15 10:59:03,188 INFO  - Processing DEN message (at simulation time 334.300,000,000 s)
2022-06-15 10:59:03,188 INFO  - Route already changed (at simulation time 334.300,000,000 s)
2022-06-15 10:59:03,204 INFO  - Received message from cell from WeatherServer (at simulation time 336.300,000,000 s)
2022-06-15 10:59:03,204 INFO  - Processing DEN message (at simulation time 336.300,000,000 s)
2022-06-15 10:59:03,204 INFO  - Route already changed (at simulation time 336.300,000,000 s)
2022-06-15 10:59:03,217 INFO  - Received message from cell from WeatherServer (at simulation time 338.300,000,000 s)
2022-06-15 10:59:03,217 INFO  - Processing DEN message (at simulation time 338.300,000,000 s)
2022-06-15 10:59:03,217 INFO  - Route already changed (at simulation time 338.300,000,000 s)
2022-06-15 10:59:03,233 INFO  - Received message from cell from WeatherServer (at simulation time 340.300,000,000 s)
2022-06-15 10:59:03,233 INFO  - Processing DEN message (at simulation time 340.300,000,000 s)
2022-06-15 10:59:03,233 INFO  - Route already changed (at simulation time 340.300,000,000 s)
2022-06-15 10:59:03,252 INFO  - Received message from cell from WeatherServer (at simulation time 342.300,000,000 s)
2022-06-15 10:59:03,252 INFO  - Processing DEN message (at simulation time 342.300,000,000 s)
2022-06-15 10:59:03,252 INFO  - Route already changed (at simulation time 342.300,000,000 s)
2022-06-15 10:59:03,267 INFO  - Received message from cell from WeatherServer (at simulation time 344.300,000,000 s)
2022-06-15 10:59:03,267 INFO  - Processing DEN message (at simulation time 344.300,000,000 s)
2022-06-15 10:59:03,267 INFO  - Route already changed (at simulation time 344.300,000,000 s)
2022-06-15 10:59:03,282 INFO  - Received message from cell from WeatherServer (at simulation time 346.300,000,000 s)
2022-06-15 10:59:03,282 INFO  - Processing DEN message (at simulation time 346.300,000,000 s)
2022-06-15 10:59:03,282 INFO  - Route already changed (at simulation time 346.300,000,000 s)
2022-06-15 10:59:03,300 INFO  - Received message from cell from WeatherServer (at simulation time 348.300,000,000 s)
2022-06-15 10:59:03,300 INFO  - Processing DEN message (at simulation time 348.300,000,000 s)
2022-06-15 10:59:03,300 INFO  - Route already changed (at simulation time 348.300,000,000 s)
2022-06-15 10:59:03,313 INFO  - Received message from cell from WeatherServer (at simulation time 350.300,000,000 s)
2022-06-15 10:59:03,313 INFO  - Processing DEN message (at simulation time 350.300,000,000 s)
2022-06-15 10:59:03,313 INFO  - Route already changed (at simulation time 350.300,000,000 s)
2022-06-15 10:59:03,328 INFO  - Received message from cell from WeatherServer (at simulation time 352.300,000,000 s)
2022-06-15 10:59:03,328 INFO  - Processing DEN message (at simulation time 352.300,000,000 s)
2022-06-15 10:59:03,328 INFO  - Route already changed (at simulation time 352.300,000,000 s)
2022-06-15 10:59:03,344 INFO  - Received message from cell from WeatherServer (at simulation time 354.300,000,000 s)
2022-06-15 10:59:03,344 INFO  - Processing DEN message (at simulation time 354.300,000,000 s)
2022-06-15 10:59:03,344 INFO  - Route already changed (at simulation time 354.300,000,000 s)
2022-06-15 10:59:03,361 INFO  - Received message from cell from WeatherServer (at simulation time 356.300,000,000 s)
2022-06-15 10:59:03,361 INFO  - Processing DEN message (at simulation time 356.300,000,000 s)
2022-06-15 10:59:03,361 INFO  - Route already changed (at simulation time 356.300,000,000 s)
2022-06-15 10:59:03,375 INFO  - Received message from cell from WeatherServer (at simulation time 358.300,000,000 s)
2022-06-15 10:59:03,375 INFO  - Processing DEN message (at simulation time 358.300,000,000 s)
2022-06-15 10:59:03,375 INFO  - Route already changed (at simulation time 358.300,000,000 s)
2022-06-15 10:59:03,393 INFO  - Received message from cell from WeatherServer (at simulation time 360.300,000,000 s)
2022-06-15 10:59:03,393 INFO  - Processing DEN message (at simulation time 360.300,000,000 s)
2022-06-15 10:59:03,393 INFO  - Route already changed (at simulation time 360.300,000,000 s)
2022-06-15 10:59:03,408 INFO  - Received message from cell from WeatherServer (at simulation time 362.300,000,000 s)
2022-06-15 10:59:03,408 INFO  - Processing DEN message (at simulation time 362.300,000,000 s)
2022-06-15 10:59:03,408 INFO  - Route already changed (at simulation time 362.300,000,000 s)
2022-06-15 10:59:03,427 INFO  - Received message from cell from WeatherServer (at simulation time 364.300,000,000 s)
2022-06-15 10:59:03,427 INFO  - Processing DEN message (at simulation time 364.300,000,000 s)
2022-06-15 10:59:03,427 INFO  - Route already changed (at simulation time 364.300,000,000 s)
2022-06-15 10:59:03,443 INFO  - Received message from cell from WeatherServer (at simulation time 366.300,000,000 s)
2022-06-15 10:59:03,443 INFO  - Processing DEN message (at simulation time 366.300,000,000 s)
2022-06-15 10:59:03,443 INFO  - Route already changed (at simulation time 366.300,000,000 s)
2022-06-15 10:59:03,462 INFO  - Received message from cell from WeatherServer (at simulation time 368.300,000,000 s)
2022-06-15 10:59:03,462 INFO  - Processing DEN message (at simulation time 368.300,000,000 s)
2022-06-15 10:59:03,462 INFO  - Route already changed (at simulation time 368.300,000,000 s)
2022-06-15 10:59:03,477 INFO  - Received message from cell from WeatherServer (at simulation time 370.300,000,000 s)
2022-06-15 10:59:03,477 INFO  - Processing DEN message (at simulation time 370.300,000,000 s)
2022-06-15 10:59:03,477 INFO  - Route already changed (at simulation time 370.300,000,000 s)
2022-06-15 10:59:03,492 INFO  - Received message from cell from WeatherServer (at simulation time 372.300,000,000 s)
2022-06-15 10:59:03,492 INFO  - Processing DEN message (at simulation time 372.300,000,000 s)
2022-06-15 10:59:03,492 INFO  - Route already changed (at simulation time 372.300,000,000 s)
2022-06-15 10:59:03,508 INFO  - Received message from cell from WeatherServer (at simulation time 374.300,000,000 s)
2022-06-15 10:59:03,508 INFO  - Processing DEN message (at simulation time 374.300,000,000 s)
2022-06-15 10:59:03,508 INFO  - Route already changed (at simulation time 374.300,000,000 s)
2022-06-15 10:59:03,527 INFO  - Received message from cell from WeatherServer (at simulation time 376.300,000,000 s)
2022-06-15 10:59:03,527 INFO  - Processing DEN message (at simulation time 376.300,000,000 s)
2022-06-15 10:59:03,527 INFO  - Route already changed (at simulation time 376.300,000,000 s)
2022-06-15 10:59:03,584 INFO  - Received message from cell from WeatherServer (at simulation time 378.300,000,000 s)
2022-06-15 10:59:03,584 INFO  - Processing DEN message (at simulation time 378.300,000,000 s)
2022-06-15 10:59:03,584 INFO  - Route already changed (at simulation time 378.300,000,000 s)
2022-06-15 10:59:03,611 INFO  - Received message from cell from WeatherServer (at simulation time 380.300,000,000 s)
2022-06-15 10:59:03,611 INFO  - Processing DEN message (at simulation time 380.300,000,000 s)
2022-06-15 10:59:03,611 INFO  - Route already changed (at simulation time 380.300,000,000 s)
2022-06-15 10:59:03,644 INFO  - Received message from cell from WeatherServer (at simulation time 382.300,000,000 s)
2022-06-15 10:59:03,644 INFO  - Processing DEN message (at simulation time 382.300,000,000 s)
2022-06-15 10:59:03,644 INFO  - Route already changed (at simulation time 382.300,000,000 s)
2022-06-15 10:59:03,680 INFO  - Received message from cell from WeatherServer (at simulation time 384.300,000,000 s)
2022-06-15 10:59:03,680 INFO  - Processing DEN message (at simulation time 384.300,000,000 s)
2022-06-15 10:59:03,680 INFO  - Route already changed (at simulation time 384.300,000,000 s)
2022-06-15 10:59:03,718 INFO  - Received message from cell from WeatherServer (at simulation time 386.300,000,000 s)
2022-06-15 10:59:03,718 INFO  - Processing DEN message (at simulation time 386.300,000,000 s)
2022-06-15 10:59:03,718 INFO  - Route already changed (at simulation time 386.300,000,000 s)
2022-06-15 10:59:03,750 INFO  - Received message from cell from WeatherServer (at simulation time 388.300,000,000 s)
2022-06-15 10:59:03,750 INFO  - Processing DEN message (at simulation time 388.300,000,000 s)
2022-06-15 10:59:03,750 INFO  - Route already changed (at simulation time 388.300,000,000 s)
2022-06-15 10:59:03,784 INFO  - Received message from cell from WeatherServer (at simulation time 390.300,000,000 s)
2022-06-15 10:59:03,784 INFO  - Processing DEN message (at simulation time 390.300,000,000 s)
2022-06-15 10:59:03,784 INFO  - Route already changed (at simulation time 390.300,000,000 s)
2022-06-15 10:59:03,826 INFO  - Received message from cell from WeatherServer (at simulation time 392.300,000,000 s)
2022-06-15 10:59:03,826 INFO  - Processing DEN message (at simulation time 392.300,000,000 s)
2022-06-15 10:59:03,826 INFO  - Route already changed (at simulation time 392.300,000,000 s)
2022-06-15 10:59:03,867 INFO  - Received message from cell from WeatherServer (at simulation time 394.300,000,000 s)
2022-06-15 10:59:03,867 INFO  - Processing DEN message (at simulation time 394.300,000,000 s)
2022-06-15 10:59:03,867 INFO  - Route already changed (at simulation time 394.300,000,000 s)
2022-06-15 10:59:03,909 INFO  - Received message from cell from WeatherServer (at simulation time 396.300,000,000 s)
2022-06-15 10:59:03,909 INFO  - Processing DEN message (at simulation time 396.300,000,000 s)
2022-06-15 10:59:03,909 INFO  - Route already changed (at simulation time 396.300,000,000 s)
2022-06-15 10:59:03,951 INFO  - Received message from cell from WeatherServer (at simulation time 398.300,000,000 s)
2022-06-15 10:59:03,951 INFO  - Processing DEN message (at simulation time 398.300,000,000 s)
2022-06-15 10:59:03,951 INFO  - Route already changed (at simulation time 398.300,000,000 s)
2022-06-15 10:59:03,996 INFO  - Received message from cell from WeatherServer (at simulation time 400.300,000,000 s)
2022-06-15 10:59:03,996 INFO  - Processing DEN message (at simulation time 400.300,000,000 s)
2022-06-15 10:59:03,996 INFO  - Route already changed (at simulation time 400.300,000,000 s)
2022-06-15 10:59:04,050 INFO  - Received message from cell from WeatherServer (at simulation time 402.300,000,000 s)
2022-06-15 10:59:04,050 INFO  - Processing DEN message (at simulation time 402.300,000,000 s)
2022-06-15 10:59:04,050 INFO  - Route already changed (at simulation time 402.300,000,000 s)
2022-06-15 10:59:04,103 INFO  - Received message from cell from WeatherServer (at simulation time 404.300,000,000 s)
2022-06-15 10:59:04,103 INFO  - Processing DEN message (at simulation time 404.300,000,000 s)
2022-06-15 10:59:04,103 INFO  - Route already changed (at simulation time 404.300,000,000 s)
2022-06-15 10:59:04,157 INFO  - Received message from cell from WeatherServer (at simulation time 406.300,000,000 s)
2022-06-15 10:59:04,157 INFO  - Processing DEN message (at simulation time 406.300,000,000 s)
2022-06-15 10:59:04,157 INFO  - Route already changed (at simulation time 406.300,000,000 s)
2022-06-15 10:59:04,205 INFO  - Received message from cell from WeatherServer (at simulation time 408.300,000,000 s)
2022-06-15 10:59:04,205 INFO  - Processing DEN message (at simulation time 408.300,000,000 s)
2022-06-15 10:59:04,205 INFO  - Route already changed (at simulation time 408.300,000,000 s)
2022-06-15 10:59:04,257 INFO  - Received message from cell from WeatherServer (at simulation time 410.300,000,000 s)
2022-06-15 10:59:04,257 INFO  - Processing DEN message (at simulation time 410.300,000,000 s)
2022-06-15 10:59:04,257 INFO  - Route already changed (at simulation time 410.300,000,000 s)
2022-06-15 10:59:04,311 INFO  - Received message from cell from WeatherServer (at simulation time 412.300,000,000 s)
2022-06-15 10:59:04,311 INFO  - Processing DEN message (at simulation time 412.300,000,000 s)
2022-06-15 10:59:04,311 INFO  - Route already changed (at simulation time 412.300,000,000 s)
2022-06-15 10:59:04,364 INFO  - Received message from cell from WeatherServer (at simulation time 414.300,000,000 s)
2022-06-15 10:59:04,364 INFO  - Processing DEN message (at simulation time 414.300,000,000 s)
2022-06-15 10:59:04,364 INFO  - Route already changed (at simulation time 414.300,000,000 s)
2022-06-15 10:59:04,422 INFO  - Received message from cell from WeatherServer (at simulation time 416.300,000,000 s)
2022-06-15 10:59:04,422 INFO  - Processing DEN message (at simulation time 416.300,000,000 s)
2022-06-15 10:59:04,422 INFO  - Route already changed (at simulation time 416.300,000,000 s)
2022-06-15 10:59:04,477 INFO  - Received message from cell from WeatherServer (at simulation time 418.300,000,000 s)
2022-06-15 10:59:04,477 INFO  - Processing DEN message (at simulation time 418.300,000,000 s)
2022-06-15 10:59:04,477 INFO  - Route already changed (at simulation time 418.300,000,000 s)
2022-06-15 10:59:04,537 INFO  - Received message from cell from WeatherServer (at simulation time 420.300,000,000 s)
2022-06-15 10:59:04,537 INFO  - Processing DEN message (at simulation time 420.300,000,000 s)
2022-06-15 10:59:04,537 INFO  - Route already changed (at simulation time 420.300,000,000 s)
2022-06-15 10:59:04,598 INFO  - Received message from cell from WeatherServer (at simulation time 422.300,000,000 s)
2022-06-15 10:59:04,598 INFO  - Processing DEN message (at simulation time 422.300,000,000 s)
2022-06-15 10:59:04,598 INFO  - Route already changed (at simulation time 422.300,000,000 s)
2022-06-15 10:59:04,652 INFO  - Received message from cell from WeatherServer (at simulation time 424.300,000,000 s)
2022-06-15 10:59:04,652 INFO  - Processing DEN message (at simulation time 424.300,000,000 s)
2022-06-15 10:59:04,652 INFO  - Route already changed (at simulation time 424.300,000,000 s)
2022-06-15 10:59:04,713 INFO  - Received message from cell from WeatherServer (at simulation time 426.300,000,000 s)
2022-06-15 10:59:04,713 INFO  - Processing DEN message (at simulation time 426.300,000,000 s)
2022-06-15 10:59:04,713 INFO  - Route already changed (at simulation time 426.300,000,000 s)
2022-06-15 10:59:04,765 INFO  - Received message from cell from WeatherServer (at simulation time 428.300,000,000 s)
2022-06-15 10:59:04,765 INFO  - Processing DEN message (at simulation time 428.300,000,000 s)
2022-06-15 10:59:04,765 INFO  - Route already changed (at simulation time 428.300,000,000 s)
2022-06-15 10:59:04,820 INFO  - Received message from cell from WeatherServer (at simulation time 430.300,000,000 s)
2022-06-15 10:59:04,820 INFO  - Processing DEN message (at simulation time 430.300,000,000 s)
2022-06-15 10:59:04,820 INFO  - Route already changed (at simulation time 430.300,000,000 s)
2022-06-15 10:59:04,872 INFO  - Received message from cell from WeatherServer (at simulation time 432.300,000,000 s)
2022-06-15 10:59:04,872 INFO  - Processing DEN message (at simulation time 432.300,000,000 s)
2022-06-15 10:59:04,872 INFO  - Route already changed (at simulation time 432.300,000,000 s)
2022-06-15 10:59:04,924 INFO  - Received message from cell from WeatherServer (at simulation time 434.300,000,000 s)
2022-06-15 10:59:04,924 INFO  - Processing DEN message (at simulation time 434.300,000,000 s)
2022-06-15 10:59:04,924 INFO  - Route already changed (at simulation time 434.300,000,000 s)
2022-06-15 10:59:04,978 INFO  - Received message from cell from WeatherServer (at simulation time 436.300,000,000 s)
2022-06-15 10:59:04,978 INFO  - Processing DEN message (at simulation time 436.300,000,000 s)
2022-06-15 10:59:04,978 INFO  - Route already changed (at simulation time 436.300,000,000 s)
2022-06-15 10:59:05,033 INFO  - Received message from cell from WeatherServer (at simulation time 438.300,000,000 s)
2022-06-15 10:59:05,033 INFO  - Processing DEN message (at simulation time 438.300,000,000 s)
2022-06-15 10:59:05,033 INFO  - Route already changed (at simulation time 438.300,000,000 s)
2022-06-15 10:59:05,091 INFO  - Received message from cell from WeatherServer (at simulation time 440.300,000,000 s)
2022-06-15 10:59:05,091 INFO  - Processing DEN message (at simulation time 440.300,000,000 s)
2022-06-15 10:59:05,091 INFO  - Route already changed (at simulation time 440.300,000,000 s)
2022-06-15 10:59:05,142 INFO  - Received message from cell from WeatherServer (at simulation time 442.300,000,000 s)
2022-06-15 10:59:05,142 INFO  - Processing DEN message (at simulation time 442.300,000,000 s)
2022-06-15 10:59:05,142 INFO  - Route already changed (at simulation time 442.300,000,000 s)
2022-06-15 10:59:05,193 INFO  - Received message from cell from WeatherServer (at simulation time 444.300,000,000 s)
2022-06-15 10:59:05,193 INFO  - Processing DEN message (at simulation time 444.300,000,000 s)
2022-06-15 10:59:05,193 INFO  - Route already changed (at simulation time 444.300,000,000 s)
2022-06-15 10:59:05,242 INFO  - Received message from cell from WeatherServer (at simulation time 446.300,000,000 s)
2022-06-15 10:59:05,242 INFO  - Processing DEN message (at simulation time 446.300,000,000 s)
2022-06-15 10:59:05,242 INFO  - Route already changed (at simulation time 446.300,000,000 s)
2022-06-15 10:59:05,293 INFO  - Received message from cell from WeatherServer (at simulation time 448.300,000,000 s)
2022-06-15 10:59:05,293 INFO  - Processing DEN message (at simulation time 448.300,000,000 s)
2022-06-15 10:59:05,293 INFO  - Route already changed (at simulation time 448.300,000,000 s)
2022-06-15 10:59:05,342 INFO  - Received message from cell from WeatherServer (at simulation time 450.300,000,000 s)
2022-06-15 10:59:05,342 INFO  - Processing DEN message (at simulation time 450.300,000,000 s)
2022-06-15 10:59:05,342 INFO  - Route already changed (at simulation time 450.300,000,000 s)
2022-06-15 10:59:05,395 INFO  - Received message from cell from WeatherServer (at simulation time 452.300,000,000 s)
2022-06-15 10:59:05,395 INFO  - Processing DEN message (at simulation time 452.300,000,000 s)
2022-06-15 10:59:05,395 INFO  - Route already changed (at simulation time 452.300,000,000 s)
2022-06-15 10:59:05,446 INFO  - Received message from cell from WeatherServer (at simulation time 454.300,000,000 s)
2022-06-15 10:59:05,446 INFO  - Processing DEN message (at simulation time 454.300,000,000 s)
2022-06-15 10:59:05,446 INFO  - Route already changed (at simulation time 454.300,000,000 s)
2022-06-15 10:59:05,497 INFO  - Received message from cell from WeatherServer (at simulation time 456.300,000,000 s)
2022-06-15 10:59:05,497 INFO  - Processing DEN message (at simulation time 456.300,000,000 s)
2022-06-15 10:59:05,497 INFO  - Route already changed (at simulation time 456.300,000,000 s)
2022-06-15 10:59:05,548 INFO  - Received message from cell from WeatherServer (at simulation time 458.300,000,000 s)
2022-06-15 10:59:05,548 INFO  - Processing DEN message (at simulation time 458.300,000,000 s)
2022-06-15 10:59:05,548 INFO  - Route already changed (at simulation time 458.300,000,000 s)
2022-06-15 10:59:05,599 INFO  - Received message from cell from WeatherServer (at simulation time 460.300,000,000 s)
2022-06-15 10:59:05,599 INFO  - Processing DEN message (at simulation time 460.300,000,000 s)
2022-06-15 10:59:05,599 INFO  - Route already changed (at simulation time 460.300,000,000 s)
2022-06-15 10:59:05,652 INFO  - Received message from cell from WeatherServer (at simulation time 462.300,000,000 s)
2022-06-15 10:59:05,652 INFO  - Processing DEN message (at simulation time 462.300,000,000 s)
2022-06-15 10:59:05,652 INFO  - Route already changed (at simulation time 462.300,000,000 s)
2022-06-15 10:59:05,700 INFO  - Received message from cell from WeatherServer (at simulation time 464.300,000,000 s)
2022-06-15 10:59:05,700 INFO  - Processing DEN message (at simulation time 464.300,000,000 s)
2022-06-15 10:59:05,700 INFO  - Route already changed (at simulation time 464.300,000,000 s)
2022-06-15 10:59:05,750 INFO  - Received message from cell from WeatherServer (at simulation time 466.300,000,000 s)
2022-06-15 10:59:05,750 INFO  - Processing DEN message (at simulation time 466.300,000,000 s)
2022-06-15 10:59:05,750 INFO  - Route already changed (at simulation time 466.300,000,000 s)
2022-06-15 10:59:05,804 INFO  - Received message from cell from WeatherServer (at simulation time 468.300,000,000 s)
2022-06-15 10:59:05,804 INFO  - Processing DEN message (at simulation time 468.300,000,000 s)
2022-06-15 10:59:05,804 INFO  - Route already changed (at simulation time 468.300,000,000 s)
2022-06-15 10:59:05,857 INFO  - Received message from cell from WeatherServer (at simulation time 470.300,000,000 s)
2022-06-15 10:59:05,857 INFO  - Processing DEN message (at simulation time 470.300,000,000 s)
2022-06-15 10:59:05,857 INFO  - Route already changed (at simulation time 470.300,000,000 s)
2022-06-15 10:59:05,905 INFO  - Received message from cell from WeatherServer (at simulation time 472.300,000,000 s)
2022-06-15 10:59:05,905 INFO  - Processing DEN message (at simulation time 472.300,000,000 s)
2022-06-15 10:59:05,905 INFO  - Route already changed (at simulation time 472.300,000,000 s)
2022-06-15 10:59:05,954 INFO  - Received message from cell from WeatherServer (at simulation time 474.300,000,000 s)
2022-06-15 10:59:05,954 INFO  - Processing DEN message (at simulation time 474.300,000,000 s)
2022-06-15 10:59:05,954 INFO  - Route already changed (at simulation time 474.300,000,000 s)
2022-06-15 10:59:06,003 INFO  - Received message from cell from WeatherServer (at simulation time 476.300,000,000 s)
2022-06-15 10:59:06,003 INFO  - Processing DEN message (at simulation time 476.300,000,000 s)
2022-06-15 10:59:06,003 INFO  - Route already changed (at simulation time 476.300,000,000 s)
2022-06-15 10:59:06,052 INFO  - Received message from cell from WeatherServer (at simulation time 478.300,000,000 s)
2022-06-15 10:59:06,052 INFO  - Processing DEN message (at simulation time 478.300,000,000 s)
2022-06-15 10:59:06,052 INFO  - Route already changed (at simulation time 478.300,000,000 s)
2022-06-15 10:59:06,096 INFO  - Received message from cell from WeatherServer (at simulation time 480.300,000,000 s)
2022-06-15 10:59:06,096 INFO  - Processing DEN message (at simulation time 480.300,000,000 s)
2022-06-15 10:59:06,096 INFO  - Route already changed (at simulation time 480.300,000,000 s)
2022-06-15 10:59:06,144 INFO  - Received message from cell from WeatherServer (at simulation time 482.300,000,000 s)
2022-06-15 10:59:06,144 INFO  - Processing DEN message (at simulation time 482.300,000,000 s)
2022-06-15 10:59:06,144 INFO  - Route already changed (at simulation time 482.300,000,000 s)
2022-06-15 10:59:06,191 INFO  - Received message from cell from WeatherServer (at simulation time 484.300,000,000 s)
2022-06-15 10:59:06,191 INFO  - Processing DEN message (at simulation time 484.300,000,000 s)
2022-06-15 10:59:06,191 INFO  - Route already changed (at simulation time 484.300,000,000 s)
2022-06-15 10:59:06,241 INFO  - Received message from cell from WeatherServer (at simulation time 486.300,000,000 s)
2022-06-15 10:59:06,241 INFO  - Processing DEN message (at simulation time 486.300,000,000 s)
2022-06-15 10:59:06,241 INFO  - Route already changed (at simulation time 486.300,000,000 s)
2022-06-15 10:59:06,290 INFO  - Received message from cell from WeatherServer (at simulation time 488.300,000,000 s)
2022-06-15 10:59:06,290 INFO  - Processing DEN message (at simulation time 488.300,000,000 s)
2022-06-15 10:59:06,290 INFO  - Route already changed (at simulation time 488.300,000,000 s)
2022-06-15 10:59:06,339 INFO  - Received message from cell from WeatherServer (at simulation time 490.300,000,000 s)
2022-06-15 10:59:06,339 INFO  - Processing DEN message (at simulation time 490.300,000,000 s)
2022-06-15 10:59:06,339 INFO  - Route already changed (at simulation time 490.300,000,000 s)
2022-06-15 10:59:06,386 INFO  - Received message from cell from WeatherServer (at simulation time 492.300,000,000 s)
2022-06-15 10:59:06,386 INFO  - Processing DEN message (at simulation time 492.300,000,000 s)
2022-06-15 10:59:06,386 INFO  - Route already changed (at simulation time 492.300,000,000 s)
2022-06-15 10:59:06,433 INFO  - Received message from cell from WeatherServer (at simulation time 494.300,000,000 s)
2022-06-15 10:59:06,433 INFO  - Processing DEN message (at simulation time 494.300,000,000 s)
2022-06-15 10:59:06,433 INFO  - Route already changed (at simulation time 494.300,000,000 s)
2022-06-15 10:59:06,480 INFO  - Received message from cell from WeatherServer (at simulation time 496.300,000,000 s)
2022-06-15 10:59:06,480 INFO  - Processing DEN message (at simulation time 496.300,000,000 s)
2022-06-15 10:59:06,480 INFO  - Route already changed (at simulation time 496.300,000,000 s)
2022-06-15 10:59:06,527 INFO  - Received message from cell from WeatherServer (at simulation time 498.300,000,000 s)
2022-06-15 10:59:06,527 INFO  - Processing DEN message (at simulation time 498.300,000,000 s)
2022-06-15 10:59:06,527 INFO  - Route already changed (at simulation time 498.300,000,000 s)
2022-06-15 10:59:06,572 INFO  - Received message from cell from WeatherServer (at simulation time 500.300,000,000 s)
2022-06-15 10:59:06,572 INFO  - Processing DEN message (at simulation time 500.300,000,000 s)
2022-06-15 10:59:06,572 INFO  - Route already changed (at simulation time 500.300,000,000 s)
2022-06-15 10:59:06,616 INFO  - Received message from cell from WeatherServer (at simulation time 502.300,000,000 s)
2022-06-15 10:59:06,616 INFO  - Processing DEN message (at simulation time 502.300,000,000 s)
2022-06-15 10:59:06,616 INFO  - Route already changed (at simulation time 502.300,000,000 s)
2022-06-15 10:59:06,666 INFO  - Received message from cell from WeatherServer (at simulation time 504.300,000,000 s)
2022-06-15 10:59:06,666 INFO  - Processing DEN message (at simulation time 504.300,000,000 s)
2022-06-15 10:59:06,666 INFO  - Route already changed (at simulation time 504.300,000,000 s)
2022-06-15 10:59:06,711 INFO  - Received message from cell from WeatherServer (at simulation time 506.300,000,000 s)
2022-06-15 10:59:06,711 INFO  - Processing DEN message (at simulation time 506.300,000,000 s)
2022-06-15 10:59:06,711 INFO  - Route already changed (at simulation time 506.300,000,000 s)
2022-06-15 10:59:06,756 INFO  - Received message from cell from WeatherServer (at simulation time 508.300,000,000 s)
2022-06-15 10:59:06,756 INFO  - Processing DEN message (at simulation time 508.300,000,000 s)
2022-06-15 10:59:06,756 INFO  - Route already changed (at simulation time 508.300,000,000 s)
2022-06-15 10:59:06,802 INFO  - Received message from cell from WeatherServer (at simulation time 510.300,000,000 s)
2022-06-15 10:59:06,802 INFO  - Processing DEN message (at simulation time 510.300,000,000 s)
2022-06-15 10:59:06,802 INFO  - Route already changed (at simulation time 510.300,000,000 s)
2022-06-15 10:59:06,846 INFO  - Received message from cell from WeatherServer (at simulation time 512.300,000,000 s)
2022-06-15 10:59:06,846 INFO  - Processing DEN message (at simulation time 512.300,000,000 s)
2022-06-15 10:59:06,846 INFO  - Route already changed (at simulation time 512.300,000,000 s)
2022-06-15 10:59:06,896 INFO  - Received message from cell from WeatherServer (at simulation time 514.300,000,000 s)
2022-06-15 10:59:06,896 INFO  - Processing DEN message (at simulation time 514.300,000,000 s)
2022-06-15 10:59:06,896 INFO  - Route already changed (at simulation time 514.300,000,000 s)
2022-06-15 10:59:06,940 INFO  - Received message from cell from WeatherServer (at simulation time 516.300,000,000 s)
2022-06-15 10:59:06,940 INFO  - Processing DEN message (at simulation time 516.300,000,000 s)
2022-06-15 10:59:06,940 INFO  - Route already changed (at simulation time 516.300,000,000 s)
2022-06-15 10:59:06,984 INFO  - Received message from cell from WeatherServer (at simulation time 518.300,000,000 s)
2022-06-15 10:59:06,984 INFO  - Processing DEN message (at simulation time 518.300,000,000 s)
2022-06-15 10:59:06,984 INFO  - Route already changed (at simulation time 518.300,000,000 s)
2022-06-15 10:59:07,027 INFO  - Received message from cell from WeatherServer (at simulation time 520.300,000,000 s)
2022-06-15 10:59:07,027 INFO  - Processing DEN message (at simulation time 520.300,000,000 s)
2022-06-15 10:59:07,027 INFO  - Route already changed (at simulation time 520.300,000,000 s)
2022-06-15 10:59:07,072 INFO  - Received message from cell from WeatherServer (at simulation time 522.300,000,000 s)
2022-06-15 10:59:07,072 INFO  - Processing DEN message (at simulation time 522.300,000,000 s)
2022-06-15 10:59:07,072 INFO  - Route already changed (at simulation time 522.300,000,000 s)
2022-06-15 10:59:07,114 INFO  - Received message from cell from WeatherServer (at simulation time 524.300,000,000 s)
2022-06-15 10:59:07,114 INFO  - Processing DEN message (at simulation time 524.300,000,000 s)
2022-06-15 10:59:07,114 INFO  - Route already changed (at simulation time 524.300,000,000 s)
2022-06-15 10:59:07,158 INFO  - Received message from cell from WeatherServer (at simulation time 526.300,000,000 s)
2022-06-15 10:59:07,158 INFO  - Processing DEN message (at simulation time 526.300,000,000 s)
2022-06-15 10:59:07,158 INFO  - Route already changed (at simulation time 526.300,000,000 s)
2022-06-15 10:59:07,205 INFO  - Received message from cell from WeatherServer (at simulation time 528.300,000,000 s)
2022-06-15 10:59:07,205 INFO  - Processing DEN message (at simulation time 528.300,000,000 s)
2022-06-15 10:59:07,205 INFO  - Route already changed (at simulation time 528.300,000,000 s)
2022-06-15 10:59:07,247 INFO  - Received message from cell from WeatherServer (at simulation time 530.300,000,000 s)
2022-06-15 10:59:07,247 INFO  - Processing DEN message (at simulation time 530.300,000,000 s)
2022-06-15 10:59:07,247 INFO  - Route already changed (at simulation time 530.300,000,000 s)
2022-06-15 10:59:07,291 INFO  - Received message from cell from WeatherServer (at simulation time 532.300,000,000 s)
2022-06-15 10:59:07,291 INFO  - Processing DEN message (at simulation time 532.300,000,000 s)
2022-06-15 10:59:07,291 INFO  - Route already changed (at simulation time 532.300,000,000 s)
2022-06-15 10:59:07,333 INFO  - Received message from cell from WeatherServer (at simulation time 534.300,000,000 s)
2022-06-15 10:59:07,333 INFO  - Processing DEN message (at simulation time 534.300,000,000 s)
2022-06-15 10:59:07,333 INFO  - Route already changed (at simulation time 534.300,000,000 s)
2022-06-15 10:59:07,379 INFO  - Received message from cell from WeatherServer (at simulation time 536.300,000,000 s)
2022-06-15 10:59:07,379 INFO  - Processing DEN message (at simulation time 536.300,000,000 s)
2022-06-15 10:59:07,379 INFO  - Route already changed (at simulation time 536.300,000,000 s)
2022-06-15 10:59:07,421 INFO  - Received message from cell from WeatherServer (at simulation time 538.300,000,000 s)
2022-06-15 10:59:07,421 INFO  - Processing DEN message (at simulation time 538.300,000,000 s)
2022-06-15 10:59:07,421 INFO  - Route already changed (at simulation time 538.300,000,000 s)
2022-06-15 10:59:07,465 INFO  - Received message from cell from WeatherServer (at simulation time 540.300,000,000 s)
2022-06-15 10:59:07,465 INFO  - Processing DEN message (at simulation time 540.300,000,000 s)
2022-06-15 10:59:07,465 INFO  - Route already changed (at simulation time 540.300,000,000 s)
2022-06-15 10:59:07,507 INFO  - Received message from cell from WeatherServer (at simulation time 542.300,000,000 s)
2022-06-15 10:59:07,507 INFO  - Processing DEN message (at simulation time 542.300,000,000 s)
2022-06-15 10:59:07,507 INFO  - Route already changed (at simulation time 542.300,000,000 s)
2022-06-15 10:59:07,549 INFO  - Received message from cell from WeatherServer (at simulation time 544.300,000,000 s)
2022-06-15 10:59:07,549 INFO  - Processing DEN message (at simulation time 544.300,000,000 s)
2022-06-15 10:59:07,549 INFO  - Route already changed (at simulation time 544.300,000,000 s)
2022-06-15 10:59:07,590 INFO  - Received message from cell from WeatherServer (at simulation time 546.300,000,000 s)
2022-06-15 10:59:07,590 INFO  - Processing DEN message (at simulation time 546.300,000,000 s)
2022-06-15 10:59:07,590 INFO  - Route already changed (at simulation time 546.300,000,000 s)
2022-06-15 10:59:07,629 INFO  - Received message from cell from WeatherServer (at simulation time 548.300,000,000 s)
2022-06-15 10:59:07,629 INFO  - Processing DEN message (at simulation time 548.300,000,000 s)
2022-06-15 10:59:07,629 INFO  - Route already changed (at simulation time 548.300,000,000 s)
2022-06-15 10:59:07,670 INFO  - Received message from cell from WeatherServer (at simulation time 550.300,000,000 s)
2022-06-15 10:59:07,670 INFO  - Processing DEN message (at simulation time 550.300,000,000 s)
2022-06-15 10:59:07,670 INFO  - Route already changed (at simulation time 550.300,000,000 s)
2022-06-15 10:59:07,709 INFO  - Received message from cell from WeatherServer (at simulation time 552.300,000,000 s)
2022-06-15 10:59:07,709 INFO  - Processing DEN message (at simulation time 552.300,000,000 s)
2022-06-15 10:59:07,709 INFO  - Route already changed (at simulation time 552.300,000,000 s)
2022-06-15 10:59:07,752 INFO  - Received message from cell from WeatherServer (at simulation time 554.300,000,000 s)
2022-06-15 10:59:07,752 INFO  - Processing DEN message (at simulation time 554.300,000,000 s)
2022-06-15 10:59:07,752 INFO  - Route already changed (at simulation time 554.300,000,000 s)
2022-06-15 10:59:07,794 INFO  - Received message from cell from WeatherServer (at simulation time 556.300,000,000 s)
2022-06-15 10:59:07,794 INFO  - Processing DEN message (at simulation time 556.300,000,000 s)
2022-06-15 10:59:07,794 INFO  - Route already changed (at simulation time 556.300,000,000 s)
2022-06-15 10:59:07,834 INFO  - Received message from cell from WeatherServer (at simulation time 558.300,000,000 s)
2022-06-15 10:59:07,834 INFO  - Processing DEN message (at simulation time 558.300,000,000 s)
2022-06-15 10:59:07,834 INFO  - Route already changed (at simulation time 558.300,000,000 s)
2022-06-15 10:59:07,874 INFO  - Received message from cell from WeatherServer (at simulation time 560.300,000,000 s)
2022-06-15 10:59:07,874 INFO  - Processing DEN message (at simulation time 560.300,000,000 s)
2022-06-15 10:59:07,874 INFO  - Route already changed (at simulation time 560.300,000,000 s)
2022-06-15 10:59:07,917 INFO  - Received message from cell from WeatherServer (at simulation time 562.300,000,000 s)
2022-06-15 10:59:07,917 INFO  - Processing DEN message (at simulation time 562.300,000,000 s)
2022-06-15 10:59:07,917 INFO  - Route already changed (at simulation time 562.300,000,000 s)
2022-06-15 10:59:07,958 INFO  - Received message from cell from WeatherServer (at simulation time 564.300,000,000 s)
2022-06-15 10:59:07,958 INFO  - Processing DEN message (at simulation time 564.300,000,000 s)
2022-06-15 10:59:07,958 INFO  - Route already changed (at simulation time 564.300,000,000 s)
2022-06-15 10:59:07,997 INFO  - Received message from cell from WeatherServer (at simulation time 566.300,000,000 s)
2022-06-15 10:59:07,997 INFO  - Processing DEN message (at simulation time 566.300,000,000 s)
2022-06-15 10:59:07,997 INFO  - Route already changed (at simulation time 566.300,000,000 s)
2022-06-15 10:59:08,037 INFO  - Received message from cell from WeatherServer (at simulation time 568.300,000,000 s)
2022-06-15 10:59:08,037 INFO  - Processing DEN message (at simulation time 568.300,000,000 s)
2022-06-15 10:59:08,037 INFO  - Route already changed (at simulation time 568.300,000,000 s)
2022-06-15 10:59:08,077 INFO  - Received message from cell from WeatherServer (at simulation time 570.300,000,000 s)
2022-06-15 10:59:08,077 INFO  - Processing DEN message (at simulation time 570.300,000,000 s)
2022-06-15 10:59:08,077 INFO  - Route already changed (at simulation time 570.300,000,000 s)
2022-06-15 10:59:08,118 INFO  - Received message from cell from WeatherServer (at simulation time 572.300,000,000 s)
2022-06-15 10:59:08,118 INFO  - Processing DEN message (at simulation time 572.300,000,000 s)
2022-06-15 10:59:08,118 INFO  - Route already changed (at simulation time 572.300,000,000 s)
2022-06-15 10:59:08,159 INFO  - Received message from cell from WeatherServer (at simulation time 574.300,000,000 s)
2022-06-15 10:59:08,159 INFO  - Processing DEN message (at simulation time 574.300,000,000 s)
2022-06-15 10:59:08,159 INFO  - Route already changed (at simulation time 574.300,000,000 s)
2022-06-15 10:59:08,198 INFO  - Received message from cell from WeatherServer (at simulation time 576.300,000,000 s)
2022-06-15 10:59:08,198 INFO  - Processing DEN message (at simulation time 576.300,000,000 s)
2022-06-15 10:59:08,198 INFO  - Route already changed (at simulation time 576.300,000,000 s)
2022-06-15 10:59:08,237 INFO  - Received message from cell from WeatherServer (at simulation time 578.300,000,000 s)
2022-06-15 10:59:08,237 INFO  - Processing DEN message (at simulation time 578.300,000,000 s)
2022-06-15 10:59:08,237 INFO  - Route already changed (at simulation time 578.300,000,000 s)
2022-06-15 10:59:08,274 INFO  - Received message from cell from WeatherServer (at simulation time 580.300,000,000 s)
2022-06-15 10:59:08,274 INFO  - Processing DEN message (at simulation time 580.300,000,000 s)
2022-06-15 10:59:08,274 INFO  - Route already changed (at simulation time 580.300,000,000 s)
2022-06-15 10:59:08,310 INFO  - Received message from cell from WeatherServer (at simulation time 582.300,000,000 s)
2022-06-15 10:59:08,310 INFO  - Processing DEN message (at simulation time 582.300,000,000 s)
2022-06-15 10:59:08,310 INFO  - Route already changed (at simulation time 582.300,000,000 s)
2022-06-15 10:59:08,344 INFO  - Received message from cell from WeatherServer (at simulation time 584.300,000,000 s)
2022-06-15 10:59:08,344 INFO  - Processing DEN message (at simulation time 584.300,000,000 s)
2022-06-15 10:59:08,344 INFO  - Route already changed (at simulation time 584.300,000,000 s)
2022-06-15 10:59:08,373 INFO  - Received message from cell from WeatherServer (at simulation time 586.300,000,000 s)
2022-06-15 10:59:08,373 INFO  - Processing DEN message (at simulation time 586.300,000,000 s)
2022-06-15 10:59:08,373 INFO  - Route already changed (at simulation time 586.300,000,000 s)
2022-06-15 10:59:08,401 INFO  - Received message from cell from WeatherServer (at simulation time 588.300,000,000 s)
2022-06-15 10:59:08,401 INFO  - Processing DEN message (at simulation time 588.300,000,000 s)
2022-06-15 10:59:08,401 INFO  - Route already changed (at simulation time 588.300,000,000 s)
2022-06-15 10:59:08,430 INFO  - Received message from cell from WeatherServer (at simulation time 590.300,000,000 s)
2022-06-15 10:59:08,430 INFO  - Processing DEN message (at simulation time 590.300,000,000 s)
2022-06-15 10:59:08,430 INFO  - Route already changed (at simulation time 590.300,000,000 s)
2022-06-15 10:59:08,460 INFO  - Received message from cell from WeatherServer (at simulation time 592.300,000,000 s)
2022-06-15 10:59:08,460 INFO  - Processing DEN message (at simulation time 592.300,000,000 s)
2022-06-15 10:59:08,460 INFO  - Route already changed (at simulation time 592.300,000,000 s)
2022-06-15 10:59:08,489 INFO  - Received message from cell from WeatherServer (at simulation time 594.300,000,000 s)
2022-06-15 10:59:08,489 INFO  - Processing DEN message (at simulation time 594.300,000,000 s)
2022-06-15 10:59:08,489 INFO  - Route already changed (at simulation time 594.300,000,000 s)
2022-06-15 10:59:08,514 INFO  - Received message from cell from WeatherServer (at simulation time 596.300,000,000 s)
2022-06-15 10:59:08,514 INFO  - Processing DEN message (at simulation time 596.300,000,000 s)
2022-06-15 10:59:08,514 INFO  - Route already changed (at simulation time 596.300,000,000 s)
2022-06-15 10:59:08,540 INFO  - Received message from cell from WeatherServer (at simulation time 598.300,000,000 s)
2022-06-15 10:59:08,540 INFO  - Processing DEN message (at simulation time 598.300,000,000 s)
2022-06-15 10:59:08,540 INFO  - Route already changed (at simulation time 598.300,000,000 s)
2022-06-15 10:59:08,564 INFO  - Received message from cell from WeatherServer (at simulation time 600.300,000,000 s)
2022-06-15 10:59:08,564 INFO  - Processing DEN message (at simulation time 600.300,000,000 s)
2022-06-15 10:59:08,564 INFO  - Route already changed (at simulation time 600.300,000,000 s)
2022-06-15 10:59:08,588 INFO  - Received message from cell from WeatherServer (at simulation time 602.300,000,000 s)
2022-06-15 10:59:08,588 INFO  - Processing DEN message (at simulation time 602.300,000,000 s)
2022-06-15 10:59:08,588 INFO  - Route already changed (at simulation time 602.300,000,000 s)
2022-06-15 10:59:08,610 INFO  - Received message from cell from WeatherServer (at simulation time 604.300,000,000 s)
2022-06-15 10:59:08,610 INFO  - Processing DEN message (at simulation time 604.300,000,000 s)
2022-06-15 10:59:08,610 INFO  - Route already changed (at simulation time 604.300,000,000 s)
2022-06-15 10:59:08,629 INFO  - Received message from cell from WeatherServer (at simulation time 606.300,000,000 s)
2022-06-15 10:59:08,629 INFO  - Processing DEN message (at simulation time 606.300,000,000 s)
2022-06-15 10:59:08,629 INFO  - Route already changed (at simulation time 606.300,000,000 s)
2022-06-15 10:59:08,650 INFO  - Received message from cell from WeatherServer (at simulation time 608.300,000,000 s)
2022-06-15 10:59:08,650 INFO  - Processing DEN message (at simulation time 608.300,000,000 s)
2022-06-15 10:59:08,650 INFO  - Route already changed (at simulation time 608.300,000,000 s)
2022-06-15 10:59:08,669 INFO  - Received message from cell from WeatherServer (at simulation time 610.300,000,000 s)
2022-06-15 10:59:08,669 INFO  - Processing DEN message (at simulation time 610.300,000,000 s)
2022-06-15 10:59:08,669 INFO  - Route already changed (at simulation time 610.300,000,000 s)
2022-06-15 10:59:08,686 INFO  - Received message from cell from WeatherServer (at simulation time 612.300,000,000 s)
2022-06-15 10:59:08,686 INFO  - Processing DEN message (at simulation time 612.300,000,000 s)
2022-06-15 10:59:08,686 INFO  - Route already changed (at simulation time 612.300,000,000 s)
2022-06-15 10:59:08,703 INFO  - Received message from cell from WeatherServer (at simulation time 614.300,000,000 s)
2022-06-15 10:59:08,703 INFO  - Processing DEN message (at simulation time 614.300,000,000 s)
2022-06-15 10:59:08,703 INFO  - Route already changed (at simulation time 614.300,000,000 s)
2022-06-15 10:59:08,716 INFO  - Received message from cell from WeatherServer (at simulation time 616.300,000,000 s)
2022-06-15 10:59:08,716 INFO  - Processing DEN message (at simulation time 616.300,000,000 s)
2022-06-15 10:59:08,716 INFO  - Route already changed (at simulation time 616.300,000,000 s)
2022-06-15 10:59:08,727 INFO  - Received message from cell from WeatherServer (at simulation time 618.300,000,000 s)
2022-06-15 10:59:08,727 INFO  - Processing DEN message (at simulation time 618.300,000,000 s)
2022-06-15 10:59:08,727 INFO  - Route already changed (at simulation time 618.300,000,000 s)
2022-06-15 10:59:08,741 INFO  - Received message from cell from WeatherServer (at simulation time 620.300,000,000 s)
2022-06-15 10:59:08,741 INFO  - Processing DEN message (at simulation time 620.300,000,000 s)
2022-06-15 10:59:08,741 INFO  - Route already changed (at simulation time 620.300,000,000 s)
2022-06-15 10:59:08,753 INFO  - Received message from cell from WeatherServer (at simulation time 622.300,000,000 s)
2022-06-15 10:59:08,753 INFO  - Processing DEN message (at simulation time 622.300,000,000 s)
2022-06-15 10:59:08,753 INFO  - Route already changed (at simulation time 622.300,000,000 s)
2022-06-15 10:59:08,762 INFO  - Received message from cell from WeatherServer (at simulation time 624.300,000,000 s)
2022-06-15 10:59:08,762 INFO  - Processing DEN message (at simulation time 624.300,000,000 s)
2022-06-15 10:59:08,762 INFO  - Route already changed (at simulation time 624.300,000,000 s)
2022-06-15 10:59:08,770 INFO  - Received message from cell from WeatherServer (at simulation time 626.300,000,000 s)
2022-06-15 10:59:08,770 INFO  - Processing DEN message (at simulation time 626.300,000,000 s)
2022-06-15 10:59:08,770 INFO  - Route already changed (at simulation time 626.300,000,000 s)
2022-06-15 10:59:08,778 INFO  - Received message from cell from WeatherServer (at simulation time 628.300,000,000 s)
2022-06-15 10:59:08,778 INFO  - Processing DEN message (at simulation time 628.300,000,000 s)
2022-06-15 10:59:08,778 INFO  - Route already changed (at simulation time 628.300,000,000 s)
2022-06-15 10:59:08,786 INFO  - Received message from cell from WeatherServer (at simulation time 630.300,000,000 s)
2022-06-15 10:59:08,786 INFO  - Processing DEN message (at simulation time 630.300,000,000 s)
2022-06-15 10:59:08,786 INFO  - Route already changed (at simulation time 630.300,000,000 s)
2022-06-15 10:59:08,794 INFO  - Received message from cell from WeatherServer (at simulation time 632.300,000,000 s)
2022-06-15 10:59:08,794 INFO  - Processing DEN message (at simulation time 632.300,000,000 s)
2022-06-15 10:59:08,794 INFO  - Route already changed (at simulation time 632.300,000,000 s)
2022-06-15 10:59:08,802 INFO  - Received message from cell from WeatherServer (at simulation time 634.300,000,000 s)
2022-06-15 10:59:08,802 INFO  - Processing DEN message (at simulation time 634.300,000,000 s)
2022-06-15 10:59:08,802 INFO  - Route already changed (at simulation time 634.300,000,000 s)
2022-06-15 10:59:08,810 INFO  - Received message from cell from WeatherServer (at simulation time 636.300,000,000 s)
2022-06-15 10:59:08,810 INFO  - Processing DEN message (at simulation time 636.300,000,000 s)
2022-06-15 10:59:08,810 INFO  - Route already changed (at simulation time 636.300,000,000 s)
2022-06-15 10:59:08,817 INFO  - Received message from cell from WeatherServer (at simulation time 638.300,000,000 s)
2022-06-15 10:59:08,817 INFO  - Processing DEN message (at simulation time 638.300,000,000 s)
2022-06-15 10:59:08,818 INFO  - Route already changed (at simulation time 638.300,000,000 s)
2022-06-15 10:59:08,826 INFO  - Received message from cell from WeatherServer (at simulation time 640.300,000,000 s)
2022-06-15 10:59:08,826 INFO  - Processing DEN message (at simulation time 640.300,000,000 s)
2022-06-15 10:59:08,826 INFO  - Route already changed (at simulation time 640.300,000,000 s)
2022-06-15 10:59:08,834 INFO  - Received message from cell from WeatherServer (at simulation time 642.300,000,000 s)
2022-06-15 10:59:08,834 INFO  - Processing DEN message (at simulation time 642.300,000,000 s)
2022-06-15 10:59:08,834 INFO  - Route already changed (at simulation time 642.300,000,000 s)
2022-06-15 10:59:08,843 INFO  - Received message from cell from WeatherServer (at simulation time 644.300,000,000 s)
2022-06-15 10:59:08,843 INFO  - Processing DEN message (at simulation time 644.300,000,000 s)
2022-06-15 10:59:08,843 INFO  - Route already changed (at simulation time 644.300,000,000 s)
2022-06-15 10:59:08,851 INFO  - Received message from cell from WeatherServer (at simulation time 646.300,000,000 s)
2022-06-15 10:59:08,851 INFO  - Processing DEN message (at simulation time 646.300,000,000 s)
2022-06-15 10:59:08,851 INFO  - Route already changed (at simulation time 646.300,000,000 s)
2022-06-15 10:59:08,858 INFO  - Received message from cell from WeatherServer (at simulation time 648.300,000,000 s)
2022-06-15 10:59:08,858 INFO  - Processing DEN message (at simulation time 648.300,000,000 s)
2022-06-15 10:59:08,858 INFO  - Route already changed (at simulation time 648.300,000,000 s)
2022-06-15 10:59:08,866 INFO  - Received message from cell from WeatherServer (at simulation time 650.300,000,000 s)
2022-06-15 10:59:08,866 INFO  - Processing DEN message (at simulation time 650.300,000,000 s)
2022-06-15 10:59:08,866 INFO  - Route already changed (at simulation time 650.300,000,000 s)
2022-06-15 10:59:08,874 INFO  - Received message from cell from WeatherServer (at simulation time 652.300,000,000 s)
2022-06-15 10:59:08,874 INFO  - Processing DEN message (at simulation time 652.300,000,000 s)
2022-06-15 10:59:08,874 INFO  - Route already changed (at simulation time 652.300,000,000 s)
2022-06-15 10:59:08,881 INFO  - Received message from cell from WeatherServer (at simulation time 654.300,000,000 s)
2022-06-15 10:59:08,881 INFO  - Processing DEN message (at simulation time 654.300,000,000 s)
2022-06-15 10:59:08,881 INFO  - Route already changed (at simulation time 654.300,000,000 s)
2022-06-15 10:59:08,889 INFO  - Received message from cell from WeatherServer (at simulation time 656.300,000,000 s)
2022-06-15 10:59:08,889 INFO  - Processing DEN message (at simulation time 656.300,000,000 s)
2022-06-15 10:59:08,889 INFO  - Route already changed (at simulation time 656.300,000,000 s)
2022-06-15 10:59:08,896 INFO  - Received message from cell from WeatherServer (at simulation time 658.300,000,000 s)
2022-06-15 10:59:08,896 INFO  - Processing DEN message (at simulation time 658.300,000,000 s)
2022-06-15 10:59:08,896 INFO  - Route already changed (at simulation time 658.300,000,000 s)
2022-06-15 10:59:08,904 INFO  - Received message from cell from WeatherServer (at simulation time 660.300,000,000 s)
2022-06-15 10:59:08,904 INFO  - Processing DEN message (at simulation time 660.300,000,000 s)
2022-06-15 10:59:08,904 INFO  - Route already changed (at simulation time 660.300,000,000 s)
2022-06-15 10:59:08,911 INFO  - Received message from cell from WeatherServer (at simulation time 662.300,000,000 s)
2022-06-15 10:59:08,911 INFO  - Processing DEN message (at simulation time 662.300,000,000 s)
2022-06-15 10:59:08,911 INFO  - Route already changed (at simulation time 662.300,000,000 s)
2022-06-15 10:59:08,920 INFO  - Received message from cell from WeatherServer (at simulation time 664.300,000,000 s)
2022-06-15 10:59:08,920 INFO  - Processing DEN message (at simulation time 664.300,000,000 s)
2022-06-15 10:59:08,920 INFO  - Route already changed (at simulation time 664.300,000,000 s)
2022-06-15 10:59:08,928 INFO  - Received message from cell from WeatherServer (at simulation time 666.300,000,000 s)
2022-06-15 10:59:08,928 INFO  - Processing DEN message (at simulation time 666.300,000,000 s)
2022-06-15 10:59:08,928 INFO  - Route already changed (at simulation time 666.300,000,000 s)
2022-06-15 10:59:08,936 INFO  - Received message from cell from WeatherServer (at simulation time 668.300,000,000 s)
2022-06-15 10:59:08,936 INFO  - Processing DEN message (at simulation time 668.300,000,000 s)
2022-06-15 10:59:08,936 INFO  - Route already changed (at simulation time 668.300,000,000 s)
2022-06-15 10:59:08,943 INFO  - Received message from cell from WeatherServer (at simulation time 670.300,000,000 s)
2022-06-15 10:59:08,943 INFO  - Processing DEN message (at simulation time 670.300,000,000 s)
2022-06-15 10:59:08,943 INFO  - Route already changed (at simulation time 670.300,000,000 s)
2022-06-15 10:59:08,950 INFO  - Received message from cell from WeatherServer (at simulation time 672.300,000,000 s)
2022-06-15 10:59:08,951 INFO  - Processing DEN message (at simulation time 672.300,000,000 s)
2022-06-15 10:59:08,951 INFO  - Route already changed (at simulation time 672.300,000,000 s)
2022-06-15 10:59:08,958 INFO  - Received message from cell from WeatherServer (at simulation time 674.300,000,000 s)
2022-06-15 10:59:08,958 INFO  - Processing DEN message (at simulation time 674.300,000,000 s)
2022-06-15 10:59:08,958 INFO  - Route already changed (at simulation time 674.300,000,000 s)
2022-06-15 10:59:08,966 INFO  - Received message from cell from WeatherServer (at simulation time 676.300,000,000 s)
2022-06-15 10:59:08,966 INFO  - Processing DEN message (at simulation time 676.300,000,000 s)
2022-06-15 10:59:08,966 INFO  - Route already changed (at simulation time 676.300,000,000 s)
2022-06-15 10:59:08,974 INFO  - Received message from cell from WeatherServer (at simulation time 678.300,000,000 s)
2022-06-15 10:59:08,974 INFO  - Processing DEN message (at simulation time 678.300,000,000 s)
2022-06-15 10:59:08,974 INFO  - Route already changed (at simulation time 678.300,000,000 s)
2022-06-15 10:59:08,981 INFO  - Received message from cell from WeatherServer (at simulation time 680.300,000,000 s)
2022-06-15 10:59:08,981 INFO  - Processing DEN message (at simulation time 680.300,000,000 s)
2022-06-15 10:59:08,981 INFO  - Route already changed (at simulation time 680.300,000,000 s)
2022-06-15 10:59:08,988 INFO  - Received message from cell from WeatherServer (at simulation time 682.300,000,000 s)
2022-06-15 10:59:08,988 INFO  - Processing DEN message (at simulation time 682.300,000,000 s)
2022-06-15 10:59:08,988 INFO  - Route already changed (at simulation time 682.300,000,000 s)
2022-06-15 10:59:08,995 INFO  - Received message from cell from WeatherServer (at simulation time 684.300,000,000 s)
2022-06-15 10:59:08,995 INFO  - Processing DEN message (at simulation time 684.300,000,000 s)
2022-06-15 10:59:08,995 INFO  - Route already changed (at simulation time 684.300,000,000 s)
2022-06-15 10:59:09,002 INFO  - Received message from cell from WeatherServer (at simulation time 686.300,000,000 s)
2022-06-15 10:59:09,002 INFO  - Processing DEN message (at simulation time 686.300,000,000 s)
2022-06-15 10:59:09,002 INFO  - Route already changed (at simulation time 686.300,000,000 s)
2022-06-15 10:59:09,008 INFO  - Received message from cell from WeatherServer (at simulation time 688.300,000,000 s)
2022-06-15 10:59:09,008 INFO  - Processing DEN message (at simulation time 688.300,000,000 s)
2022-06-15 10:59:09,008 INFO  - Route already changed (at simulation time 688.300,000,000 s)
2022-06-15 10:59:09,015 INFO  - Received message from cell from WeatherServer (at simulation time 690.300,000,000 s)
2022-06-15 10:59:09,015 INFO  - Processing DEN message (at simulation time 690.300,000,000 s)
2022-06-15 10:59:09,015 INFO  - Route already changed (at simulation time 690.300,000,000 s)
2022-06-15 10:59:09,022 INFO  - Received message from cell from WeatherServer (at simulation time 692.300,000,000 s)
2022-06-15 10:59:09,022 INFO  - Processing DEN message (at simulation time 692.300,000,000 s)
2022-06-15 10:59:09,022 INFO  - Route already changed (at simulation time 692.300,000,000 s)
2022-06-15 10:59:09,028 INFO  - Received message from cell from WeatherServer (at simulation time 694.300,000,000 s)
2022-06-15 10:59:09,028 INFO  - Processing DEN message (at simulation time 694.300,000,000 s)
2022-06-15 10:59:09,028 INFO  - Route already changed (at simulation time 694.300,000,000 s)
2022-06-15 10:59:09,035 INFO  - Received message from cell from WeatherServer (at simulation time 696.300,000,000 s)
2022-06-15 10:59:09,035 INFO  - Processing DEN message (at simulation time 696.300,000,000 s)
2022-06-15 10:59:09,035 INFO  - Route already changed (at simulation time 696.300,000,000 s)
2022-06-15 10:59:09,043 INFO  - Received message from cell from WeatherServer (at simulation time 698.300,000,000 s)
2022-06-15 10:59:09,043 INFO  - Processing DEN message (at simulation time 698.300,000,000 s)
2022-06-15 10:59:09,043 INFO  - Route already changed (at simulation time 698.300,000,000 s)
2022-06-15 10:59:09,049 INFO  - Received message from cell from WeatherServer (at simulation time 700.300,000,000 s)
2022-06-15 10:59:09,049 INFO  - Processing DEN message (at simulation time 700.300,000,000 s)
2022-06-15 10:59:09,049 INFO  - Route already changed (at simulation time 700.300,000,000 s)
2022-06-15 10:59:09,056 INFO  - Received message from cell from WeatherServer (at simulation time 702.300,000,000 s)
2022-06-15 10:59:09,056 INFO  - Processing DEN message (at simulation time 702.300,000,000 s)
2022-06-15 10:59:09,056 INFO  - Route already changed (at simulation time 702.300,000,000 s)
2022-06-15 10:59:09,062 INFO  - Received message from cell from WeatherServer (at simulation time 704.300,000,000 s)
2022-06-15 10:59:09,062 INFO  - Processing DEN message (at simulation time 704.300,000,000 s)
2022-06-15 10:59:09,062 INFO  - Route already changed (at simulation time 704.300,000,000 s)
2022-06-15 10:59:09,069 INFO  - Received message from cell from WeatherServer (at simulation time 706.300,000,000 s)
2022-06-15 10:59:09,069 INFO  - Processing DEN message (at simulation time 706.300,000,000 s)
2022-06-15 10:59:09,069 INFO  - Route already changed (at simulation time 706.300,000,000 s)
2022-06-15 10:59:09,075 INFO  - Received message from cell from WeatherServer (at simulation time 708.300,000,000 s)
2022-06-15 10:59:09,075 INFO  - Processing DEN message (at simulation time 708.300,000,000 s)
2022-06-15 10:59:09,075 INFO  - Route already changed (at simulation time 708.300,000,000 s)
2022-06-15 10:59:09,082 INFO  - Received message from cell from WeatherServer (at simulation time 710.300,000,000 s)
2022-06-15 10:59:09,082 INFO  - Processing DEN message (at simulation time 710.300,000,000 s)
2022-06-15 10:59:09,082 INFO  - Route already changed (at simulation time 710.300,000,000 s)
2022-06-15 10:59:09,088 INFO  - Received message from cell from WeatherServer (at simulation time 712.300,000,000 s)
2022-06-15 10:59:09,088 INFO  - Processing DEN message (at simulation time 712.300,000,000 s)
2022-06-15 10:59:09,088 INFO  - Route already changed (at simulation time 712.300,000,000 s)
2022-06-15 10:59:09,095 INFO  - Received message from cell from WeatherServer (at simulation time 714.300,000,000 s)
2022-06-15 10:59:09,095 INFO  - Processing DEN message (at simulation time 714.300,000,000 s)
2022-06-15 10:59:09,095 INFO  - Route already changed (at simulation time 714.300,000,000 s)
2022-06-15 10:59:09,102 INFO  - Received message from cell from WeatherServer (at simulation time 716.300,000,000 s)
2022-06-15 10:59:09,102 INFO  - Processing DEN message (at simulation time 716.300,000,000 s)
2022-06-15 10:59:09,102 INFO  - Route already changed (at simulation time 716.300,000,000 s)
2022-06-15 10:59:09,108 INFO  - Received message from cell from WeatherServer (at simulation time 718.300,000,000 s)
2022-06-15 10:59:09,108 INFO  - Processing DEN message (at simulation time 718.300,000,000 s)
2022-06-15 10:59:09,108 INFO  - Route already changed (at simulation time 718.300,000,000 s)
2022-06-15 10:59:09,114 INFO  - Received message from cell from WeatherServer (at simulation time 720.300,000,000 s)
2022-06-15 10:59:09,114 INFO  - Processing DEN message (at simulation time 720.300,000,000 s)
2022-06-15 10:59:09,114 INFO  - Route already changed (at simulation time 720.300,000,000 s)
2022-06-15 10:59:09,120 INFO  - Received message from cell from WeatherServer (at simulation time 722.300,000,000 s)
2022-06-15 10:59:09,120 INFO  - Processing DEN message (at simulation time 722.300,000,000 s)
2022-06-15 10:59:09,120 INFO  - Route already changed (at simulation time 722.300,000,000 s)
2022-06-15 10:59:09,126 INFO  - Received message from cell from WeatherServer (at simulation time 724.300,000,000 s)
2022-06-15 10:59:09,126 INFO  - Processing DEN message (at simulation time 724.300,000,000 s)
2022-06-15 10:59:09,126 INFO  - Route already changed (at simulation time 724.300,000,000 s)
2022-06-15 10:59:09,133 INFO  - Received message from cell from WeatherServer (at simulation time 726.300,000,000 s)
2022-06-15 10:59:09,133 INFO  - Processing DEN message (at simulation time 726.300,000,000 s)
2022-06-15 10:59:09,133 INFO  - Route already changed (at simulation time 726.300,000,000 s)
2022-06-15 10:59:09,140 INFO  - Received message from cell from WeatherServer (at simulation time 728.300,000,000 s)
2022-06-15 10:59:09,140 INFO  - Processing DEN message (at simulation time 728.300,000,000 s)
2022-06-15 10:59:09,140 INFO  - Route already changed (at simulation time 728.300,000,000 s)
2022-06-15 10:59:09,146 INFO  - Received message from cell from WeatherServer (at simulation time 730.300,000,000 s)
2022-06-15 10:59:09,146 INFO  - Processing DEN message (at simulation time 730.300,000,000 s)
2022-06-15 10:59:09,146 INFO  - Route already changed (at simulation time 730.300,000,000 s)
2022-06-15 10:59:09,152 INFO  - Received message from cell from WeatherServer (at simulation time 732.300,000,000 s)
2022-06-15 10:59:09,152 INFO  - Processing DEN message (at simulation time 732.300,000,000 s)
2022-06-15 10:59:09,152 INFO  - Route already changed (at simulation time 732.300,000,000 s)
2022-06-15 10:59:09,161 INFO  - Received message from cell from WeatherServer (at simulation time 734.300,000,000 s)
2022-06-15 10:59:09,161 INFO  - Processing DEN message (at simulation time 734.300,000,000 s)
2022-06-15 10:59:09,161 INFO  - Route already changed (at simulation time 734.300,000,000 s)
2022-06-15 10:59:09,168 INFO  - Received message from cell from WeatherServer (at simulation time 736.300,000,000 s)
2022-06-15 10:59:09,168 INFO  - Processing DEN message (at simulation time 736.300,000,000 s)
2022-06-15 10:59:09,168 INFO  - Route already changed (at simulation time 736.300,000,000 s)
2022-06-15 10:59:09,174 INFO  - Received message from cell from WeatherServer (at simulation time 738.300,000,000 s)
2022-06-15 10:59:09,174 INFO  - Processing DEN message (at simulation time 738.300,000,000 s)
2022-06-15 10:59:09,174 INFO  - Route already changed (at simulation time 738.300,000,000 s)
2022-06-15 10:59:09,180 INFO  - Received message from cell from WeatherServer (at simulation time 740.300,000,000 s)
2022-06-15 10:59:09,180 INFO  - Processing DEN message (at simulation time 740.300,000,000 s)
2022-06-15 10:59:09,180 INFO  - Route already changed (at simulation time 740.300,000,000 s)
2022-06-15 10:59:09,186 INFO  - Received message from cell from WeatherServer (at simulation time 742.300,000,000 s)
2022-06-15 10:59:09,186 INFO  - Processing DEN message (at simulation time 742.300,000,000 s)
2022-06-15 10:59:09,186 INFO  - Route already changed (at simulation time 742.300,000,000 s)
2022-06-15 10:59:09,192 INFO  - Received message from cell from WeatherServer (at simulation time 744.300,000,000 s)
2022-06-15 10:59:09,192 INFO  - Processing DEN message (at simulation time 744.300,000,000 s)
2022-06-15 10:59:09,192 INFO  - Route already changed (at simulation time 744.300,000,000 s)
2022-06-15 10:59:09,198 INFO  - Received message from cell from WeatherServer (at simulation time 746.300,000,000 s)
2022-06-15 10:59:09,198 INFO  - Processing DEN message (at simulation time 746.300,000,000 s)
2022-06-15 10:59:09,198 INFO  - Route already changed (at simulation time 746.300,000,000 s)
2022-06-15 10:59:09,204 INFO  - Received message from cell from WeatherServer (at simulation time 748.300,000,000 s)
2022-06-15 10:59:09,204 INFO  - Processing DEN message (at simulation time 748.300,000,000 s)
2022-06-15 10:59:09,204 INFO  - Route already changed (at simulation time 748.300,000,000 s)
2022-06-15 10:59:09,210 INFO  - Received message from cell from WeatherServer (at simulation time 750.300,000,000 s)
2022-06-15 10:59:09,210 INFO  - Processing DEN message (at simulation time 750.300,000,000 s)
2022-06-15 10:59:09,210 INFO  - Route already changed (at simulation time 750.300,000,000 s)
2022-06-15 10:59:09,216 INFO  - Received message from cell from WeatherServer (at simulation time 752.300,000,000 s)
2022-06-15 10:59:09,216 INFO  - Processing DEN message (at simulation time 752.300,000,000 s)
2022-06-15 10:59:09,216 INFO  - Route already changed (at simulation time 752.300,000,000 s)
2022-06-15 10:59:09,221 INFO  - Received message from cell from WeatherServer (at simulation time 754.300,000,000 s)
2022-06-15 10:59:09,221 INFO  - Processing DEN message (at simulation time 754.300,000,000 s)
2022-06-15 10:59:09,221 INFO  - Route already changed (at simulation time 754.300,000,000 s)
2022-06-15 10:59:09,227 INFO  - Received message from cell from WeatherServer (at simulation time 756.300,000,000 s)
2022-06-15 10:59:09,227 INFO  - Processing DEN message (at simulation time 756.300,000,000 s)
2022-06-15 10:59:09,227 INFO  - Route already changed (at simulation time 756.300,000,000 s)
2022-06-15 10:59:09,232 INFO  - Received message from cell from WeatherServer (at simulation time 758.300,000,000 s)
2022-06-15 10:59:09,232 INFO  - Processing DEN message (at simulation time 758.300,000,000 s)
2022-06-15 10:59:09,232 INFO  - Route already changed (at simulation time 758.300,000,000 s)
2022-06-15 10:59:09,238 INFO  - Received message from cell from WeatherServer (at simulation time 760.300,000,000 s)
2022-06-15 10:59:09,238 INFO  - Processing DEN message (at simulation time 760.300,000,000 s)
2022-06-15 10:59:09,238 INFO  - Route already changed (at simulation time 760.300,000,000 s)
2022-06-15 10:59:09,243 INFO  - Received message from cell from WeatherServer (at simulation time 762.300,000,000 s)
2022-06-15 10:59:09,243 INFO  - Processing DEN message (at simulation time 762.300,000,000 s)
2022-06-15 10:59:09,243 INFO  - Route already changed (at simulation time 762.300,000,000 s)
2022-06-15 10:59:09,249 INFO  - Received message from cell from WeatherServer (at simulation time 764.300,000,000 s)
2022-06-15 10:59:09,249 INFO  - Processing DEN message (at simulation time 764.300,000,000 s)
2022-06-15 10:59:09,249 INFO  - Route already changed (at simulation time 764.300,000,000 s)
2022-06-15 10:59:09,254 INFO  - Received message from cell from WeatherServer (at simulation time 766.300,000,000 s)
2022-06-15 10:59:09,254 INFO  - Processing DEN message (at simulation time 766.300,000,000 s)
2022-06-15 10:59:09,254 INFO  - Route already changed (at simulation time 766.300,000,000 s)
2022-06-15 10:59:09,259 INFO  - Received message from cell from WeatherServer (at simulation time 768.300,000,000 s)
2022-06-15 10:59:09,259 INFO  - Processing DEN message (at simulation time 768.300,000,000 s)
2022-06-15 10:59:09,259 INFO  - Route already changed (at simulation time 768.300,000,000 s)
2022-06-15 10:59:09,264 INFO  - Received message from cell from WeatherServer (at simulation time 770.300,000,000 s)
2022-06-15 10:59:09,264 INFO  - Processing DEN message (at simulation time 770.300,000,000 s)
2022-06-15 10:59:09,264 INFO  - Route already changed (at simulation time 770.300,000,000 s)
2022-06-15 10:59:09,269 INFO  - Received message from cell from WeatherServer (at simulation time 772.300,000,000 s)
2022-06-15 10:59:09,269 INFO  - Processing DEN message (at simulation time 772.300,000,000 s)
2022-06-15 10:59:09,269 INFO  - Route already changed (at simulation time 772.300,000,000 s)
2022-06-15 10:59:09,274 INFO  - Received message from cell from WeatherServer (at simulation time 774.300,000,000 s)
2022-06-15 10:59:09,274 INFO  - Processing DEN message (at simulation time 774.300,000,000 s)
2022-06-15 10:59:09,274 INFO  - Route already changed (at simulation time 774.300,000,000 s)
2022-06-15 10:59:09,279 INFO  - Received message from cell from WeatherServer (at simulation time 776.300,000,000 s)
2022-06-15 10:59:09,279 INFO  - Processing DEN message (at simulation time 776.300,000,000 s)
2022-06-15 10:59:09,279 INFO  - Route already changed (at simulation time 776.300,000,000 s)
2022-06-15 10:59:09,284 INFO  - Received message from cell from WeatherServer (at simulation time 778.300,000,000 s)
2022-06-15 10:59:09,284 INFO  - Processing DEN message (at simulation time 778.300,000,000 s)
2022-06-15 10:59:09,284 INFO  - Route already changed (at simulation time 778.300,000,000 s)
2022-06-15 10:59:09,289 INFO  - Received message from cell from WeatherServer (at simulation time 780.300,000,000 s)
2022-06-15 10:59:09,289 INFO  - Processing DEN message (at simulation time 780.300,000,000 s)
2022-06-15 10:59:09,289 INFO  - Route already changed (at simulation time 780.300,000,000 s)
2022-06-15 10:59:09,294 INFO  - Received message from cell from WeatherServer (at simulation time 782.300,000,000 s)
2022-06-15 10:59:09,294 INFO  - Processing DEN message (at simulation time 782.300,000,000 s)
2022-06-15 10:59:09,294 INFO  - Route already changed (at simulation time 782.300,000,000 s)
2022-06-15 10:59:09,298 INFO  - Received message from cell from WeatherServer (at simulation time 784.300,000,000 s)
2022-06-15 10:59:09,298 INFO  - Processing DEN message (at simulation time 784.300,000,000 s)
2022-06-15 10:59:09,298 INFO  - Route already changed (at simulation time 784.300,000,000 s)
2022-06-15 10:59:09,303 INFO  - Received message from cell from WeatherServer (at simulation time 786.300,000,000 s)
2022-06-15 10:59:09,303 INFO  - Processing DEN message (at simulation time 786.300,000,000 s)
2022-06-15 10:59:09,303 INFO  - Route already changed (at simulation time 786.300,000,000 s)
2022-06-15 10:59:09,308 INFO  - Received message from cell from WeatherServer (at simulation time 788.300,000,000 s)
2022-06-15 10:59:09,308 INFO  - Processing DEN message (at simulation time 788.300,000,000 s)
2022-06-15 10:59:09,308 INFO  - Route already changed (at simulation time 788.300,000,000 s)
2022-06-15 10:59:09,313 INFO  - Received message from cell from WeatherServer (at simulation time 790.300,000,000 s)
2022-06-15 10:59:09,313 INFO  - Processing DEN message (at simulation time 790.300,000,000 s)
2022-06-15 10:59:09,313 INFO  - Route already changed (at simulation time 790.300,000,000 s)
2022-06-15 10:59:09,317 INFO  - Received message from cell from WeatherServer (at simulation time 792.300,000,000 s)
2022-06-15 10:59:09,317 INFO  - Processing DEN message (at simulation time 792.300,000,000 s)
2022-06-15 10:59:09,317 INFO  - Route already changed (at simulation time 792.300,000,000 s)
2022-06-15 10:59:09,322 INFO  - Received message from cell from WeatherServer (at simulation time 794.300,000,000 s)
2022-06-15 10:59:09,322 INFO  - Processing DEN message (at simulation time 794.300,000,000 s)
2022-06-15 10:59:09,322 INFO  - Route already changed (at simulation time 794.300,000,000 s)
2022-06-15 10:59:09,326 INFO  - Received message from cell from WeatherServer (at simulation time 796.300,000,000 s)
2022-06-15 10:59:09,326 INFO  - Processing DEN message (at simulation time 796.300,000,000 s)
2022-06-15 10:59:09,326 INFO  - Route already changed (at simulation time 796.300,000,000 s)
2022-06-15 10:59:09,331 INFO  - Received message from cell from WeatherServer (at simulation time 798.300,000,000 s)
2022-06-15 10:59:09,331 INFO  - Processing DEN message (at simulation time 798.300,000,000 s)
2022-06-15 10:59:09,331 INFO  - Route already changed (at simulation time 798.300,000,000 s)
2022-06-15 10:59:09,335 INFO  - Received message from cell from WeatherServer (at simulation time 800.300,000,000 s)
2022-06-15 10:59:09,335 INFO  - Processing DEN message (at simulation time 800.300,000,000 s)
2022-06-15 10:59:09,335 INFO  - Route already changed (at simulation time 800.300,000,000 s)
2022-06-15 10:59:09,340 INFO  - Received message from cell from WeatherServer (at simulation time 802.300,000,000 s)
2022-06-15 10:59:09,340 INFO  - Processing DEN message (at simulation time 802.300,000,000 s)
2022-06-15 10:59:09,340 INFO  - Route already changed (at simulation time 802.300,000,000 s)
2022-06-15 10:59:09,344 INFO  - Received message from cell from WeatherServer (at simulation time 804.300,000,000 s)
2022-06-15 10:59:09,344 INFO  - Processing DEN message (at simulation time 804.300,000,000 s)
2022-06-15 10:59:09,344 INFO  - Route already changed (at simulation time 804.300,000,000 s)
2022-06-15 10:59:09,348 INFO  - Received message from cell from WeatherServer (at simulation time 806.300,000,000 s)
2022-06-15 10:59:09,348 INFO  - Processing DEN message (at simulation time 806.300,000,000 s)
2022-06-15 10:59:09,348 INFO  - Route already changed (at simulation time 806.300,000,000 s)
2022-06-15 10:59:09,353 INFO  - Received message from cell from WeatherServer (at simulation time 808.300,000,000 s)
2022-06-15 10:59:09,353 INFO  - Processing DEN message (at simulation time 808.300,000,000 s)
2022-06-15 10:59:09,353 INFO  - Route already changed (at simulation time 808.300,000,000 s)
2022-06-15 10:59:09,358 INFO  - Received message from cell from WeatherServer (at simulation time 810.300,000,000 s)
2022-06-15 10:59:09,358 INFO  - Processing DEN message (at simulation time 810.300,000,000 s)
2022-06-15 10:59:09,358 INFO  - Route already changed (at simulation time 810.300,000,000 s)
2022-06-15 10:59:09,362 INFO  - Received message from cell from WeatherServer (at simulation time 812.300,000,000 s)
2022-06-15 10:59:09,362 INFO  - Processing DEN message (at simulation time 812.300,000,000 s)
2022-06-15 10:59:09,362 INFO  - Route already changed (at simulation time 812.300,000,000 s)
2022-06-15 10:59:09,367 INFO  - Received message from cell from WeatherServer (at simulation time 814.300,000,000 s)
2022-06-15 10:59:09,367 INFO  - Processing DEN message (at simulation time 814.300,000,000 s)
2022-06-15 10:59:09,367 INFO  - Route already changed (at simulation time 814.300,000,000 s)
2022-06-15 10:59:09,371 INFO  - Received message from cell from WeatherServer (at simulation time 816.300,000,000 s)
2022-06-15 10:59:09,371 INFO  - Processing DEN message (at simulation time 816.300,000,000 s)
2022-06-15 10:59:09,371 INFO  - Route already changed (at simulation time 816.300,000,000 s)
2022-06-15 10:59:09,375 INFO  - Received message from cell from WeatherServer (at simulation time 818.300,000,000 s)
2022-06-15 10:59:09,375 INFO  - Processing DEN message (at simulation time 818.300,000,000 s)
2022-06-15 10:59:09,375 INFO  - Route already changed (at simulation time 818.300,000,000 s)
2022-06-15 10:59:09,379 INFO  - Received message from cell from WeatherServer (at simulation time 820.300,000,000 s)
2022-06-15 10:59:09,379 INFO  - Processing DEN message (at simulation time 820.300,000,000 s)
2022-06-15 10:59:09,379 INFO  - Route already changed (at simulation time 820.300,000,000 s)
2022-06-15 10:59:09,383 INFO  - Received message from cell from WeatherServer (at simulation time 822.300,000,000 s)
2022-06-15 10:59:09,383 INFO  - Processing DEN message (at simulation time 822.300,000,000 s)
2022-06-15 10:59:09,383 INFO  - Route already changed (at simulation time 822.300,000,000 s)
2022-06-15 10:59:09,450 INFO  - Shutdown application (at simulation time 852.000,000,000 s)
