2022-06-15 10:58:57,153 INFO  SnsAmbassador - Init simulation with startTime=0, endTime=1000000000000
2022-06-15 10:58:57,171 INFO  SnsAmbassador - Initialized SNS
2022-06-15 10:58:59,191 INFO  SnsAmbassador - Radio configured in mode SINGLE with communication radius 700.0 for node id=veh_1 @time=8.000,000,000 s
2022-06-15 10:58:59,193 INFO  SnsAmbassador - Added Vehicle id=veh_1 position=GeoPoint{lat=52.656003,lon=13.569115,alt=0.00} @time=9.000,000,000 s
2022-06-15 10:58:59,212 INFO  SnsAmbassador - Radio configured in mode SINGLE with communication radius 700.0 for node id=veh_3 @time=12.000,000,000 s
2022-06-15 10:58:59,214 INFO  SnsAmbassador - Added Vehicle id=veh_3 position=GeoPoint{lat=52.656002,lon=13.569115,alt=0.00} @time=13.000,000,000 s
2022-06-15 10:58:59,244 INFO  SnsAmbassador - Radio configured in mode SINGLE with communication radius 700.0 for node id=veh_5 @time=16.000,000,000 s
2022-06-15 10:58:59,246 INFO  SnsAmbassador - Added Vehicle id=veh_5 position=GeoPoint{lat=52.655997,lon=13.569114,alt=0.00} @time=17.000,000,000 s
2022-06-15 10:58:59,265 INFO  SnsAmbassador - Radio configured in mode SINGLE with communication radius 700.0 for node id=veh_7 @time=20.000,000,000 s
2022-06-15 10:58:59,267 INFO  SnsAmbassador - Added Vehicle id=veh_7 position=GeoPoint{lat=52.656003,lon=13.569115,alt=0.00} @time=21.000,000,000 s
2022-06-15 10:58:59,295 INFO  SnsAmbassador - Radio configured in mode SINGLE with communication radius 700.0 for node id=veh_9 @time=24.000,000,000 s
2022-06-15 10:58:59,297 INFO  SnsAmbassador - Added Vehicle id=veh_9 position=GeoPoint{lat=52.655999,lon=13.569114,alt=0.00} @time=25.000,000,000 s
2022-06-15 10:58:59,317 INFO  SnsAmbassador - Radio configured in mode SINGLE with communication radius 700.0 for node id=veh_11 @time=28.000,000,000 s
2022-06-15 10:58:59,319 INFO  SnsAmbassador - Added Vehicle id=veh_11 position=GeoPoint{lat=52.656001,lon=13.569115,alt=0.00} @time=29.000,000,000 s
2022-06-15 10:58:59,334 INFO  SnsAmbassador - Radio configured in mode SINGLE with communication radius 700.0 for node id=veh_13 @time=32.000,000,000 s
2022-06-15 10:58:59,336 INFO  SnsAmbassador - Added Vehicle id=veh_13 position=GeoPoint{lat=52.656001,lon=13.569114,alt=0.00} @time=33.000,000,000 s
2022-06-15 10:58:59,354 INFO  SnsAmbassador - Radio configured in mode SINGLE with communication radius 700.0 for node id=veh_15 @time=36.000,000,000 s
2022-06-15 10:58:59,356 INFO  SnsAmbassador - Added Vehicle id=veh_15 position=GeoPoint{lat=52.656000,lon=13.569114,alt=0.00} @time=37.000,000,000 s
2022-06-15 10:58:59,367 INFO  SnsAmbassador - Radio configured in mode SINGLE with communication radius 700.0 for node id=veh_17 @time=40.000,000,000 s
2022-06-15 10:58:59,369 INFO  SnsAmbassador - Added Vehicle id=veh_17 position=GeoPoint{lat=52.655996,lon=13.569114,alt=0.00} @time=41.000,000,000 s
2022-06-15 10:58:59,385 INFO  SnsAmbassador - Radio configured in mode SINGLE with communication radius 700.0 for node id=veh_19 @time=44.000,000,000 s
2022-06-15 10:58:59,388 INFO  SnsAmbassador - Added Vehicle id=veh_19 position=GeoPoint{lat=52.655998,lon=13.569114,alt=0.00} @time=45.000,000,000 s
2022-06-15 10:58:59,407 INFO  SnsAmbassador - Radio configured in mode SINGLE with communication radius 700.0 for node id=veh_21 @time=48.000,000,000 s
2022-06-15 10:58:59,410 INFO  SnsAmbassador - Added Vehicle id=veh_21 position=GeoPoint{lat=52.655999,lon=13.569114,alt=0.00} @time=49.000,000,000 s
2022-06-15 10:58:59,421 INFO  SnsAmbassador - Radio configured in mode SINGLE with communication radius 700.0 for node id=veh_23 @time=52.000,000,000 s
2022-06-15 10:58:59,423 INFO  SnsAmbassador - Added Vehicle id=veh_23 position=GeoPoint{lat=52.655995,lon=13.569114,alt=0.00} @time=53.000,000,000 s
2022-06-15 10:58:59,439 INFO  SnsAmbassador - Radio configured in mode SINGLE with communication radius 700.0 for node id=veh_25 @time=56.000,000,000 s
2022-06-15 10:58:59,441 INFO  SnsAmbassador - Added Vehicle id=veh_25 position=GeoPoint{lat=52.656001,lon=13.569114,alt=0.00} @time=57.000,000,000 s
2022-06-15 10:58:59,451 INFO  SnsAmbassador - Radio configured in mode SINGLE with communication radius 700.0 for node id=veh_27 @time=60.000,000,000 s
2022-06-15 10:58:59,454 INFO  SnsAmbassador - Added Vehicle id=veh_27 position=GeoPoint{lat=52.655996,lon=13.569114,alt=0.00} @time=61.000,000,000 s
2022-06-15 10:58:59,469 INFO  SnsAmbassador - Radio configured in mode SINGLE with communication radius 700.0 for node id=veh_29 @time=64.000,000,000 s
2022-06-15 10:58:59,471 INFO  SnsAmbassador - Added Vehicle id=veh_29 position=GeoPoint{lat=52.655996,lon=13.569114,alt=0.00} @time=65.000,000,000 s
2022-06-15 10:58:59,488 INFO  SnsAmbassador - Radio configured in mode SINGLE with communication radius 700.0 for node id=veh_31 @time=68.000,000,000 s
2022-06-15 10:58:59,490 INFO  SnsAmbassador - Added Vehicle id=veh_31 position=GeoPoint{lat=52.655998,lon=13.569114,alt=0.00} @time=69.000,000,000 s
2022-06-15 10:58:59,502 INFO  SnsAmbassador - Radio configured in mode SINGLE with communication radius 700.0 for node id=veh_33 @time=72.000,000,000 s
2022-06-15 10:58:59,504 INFO  SnsAmbassador - Added Vehicle id=veh_33 position=GeoPoint{lat=52.655995,lon=13.569114,alt=0.00} @time=73.000,000,000 s
2022-06-15 10:58:59,520 INFO  SnsAmbassador - Radio configured in mode SINGLE with communication radius 700.0 for node id=veh_35 @time=76.000,000,000 s
2022-06-15 10:58:59,522 INFO  SnsAmbassador - Added Vehicle id=veh_35 position=GeoPoint{lat=52.655993,lon=13.569113,alt=0.00} @time=77.000,000,000 s
2022-06-15 10:58:59,535 INFO  SnsAmbassador - Radio configured in mode SINGLE with communication radius 700.0 for node id=veh_37 @time=80.000,000,000 s
2022-06-15 10:58:59,538 INFO  SnsAmbassador - Added Vehicle id=veh_37 position=GeoPoint{lat=52.655995,lon=13.569114,alt=0.00} @time=81.000,000,000 s
2022-06-15 10:58:59,618 INFO  SnsAmbassador - Radio configured in mode SINGLE with communication radius 700.0 for node id=veh_39 @time=84.000,000,000 s
2022-06-15 10:58:59,623 INFO  SnsAmbassador - Added Vehicle id=veh_39 position=GeoPoint{lat=52.655998,lon=13.569114,alt=0.00} @time=85.000,000,000 s
2022-06-15 10:58:59,653 INFO  SnsAmbassador - Radio configured in mode SINGLE with communication radius 700.0 for node id=veh_41 @time=88.000,000,000 s
2022-06-15 10:58:59,658 INFO  SnsAmbassador - Added Vehicle id=veh_41 position=GeoPoint{lat=52.655995,lon=13.569114,alt=0.00} @time=89.000,000,000 s
2022-06-15 10:58:59,684 INFO  SnsAmbassador - Radio configured in mode SINGLE with communication radius 700.0 for node id=veh_43 @time=92.000,000,000 s
2022-06-15 10:58:59,689 INFO  SnsAmbassador - Added Vehicle id=veh_43 position=GeoPoint{lat=52.655995,lon=13.569114,alt=0.00} @time=93.000,000,000 s
2022-06-15 10:58:59,723 INFO  SnsAmbassador - Radio configured in mode SINGLE with communication radius 700.0 for node id=veh_45 @time=96.000,000,000 s
2022-06-15 10:58:59,729 INFO  SnsAmbassador - Added Vehicle id=veh_45 position=GeoPoint{lat=52.656000,lon=13.569114,alt=0.00} @time=97.000,000,000 s
2022-06-15 10:58:59,758 INFO  SnsAmbassador - Radio configured in mode SINGLE with communication radius 700.0 for node id=veh_47 @time=100.000,000,000 s
2022-06-15 10:58:59,764 INFO  SnsAmbassador - Added Vehicle id=veh_47 position=GeoPoint{lat=52.655992,lon=13.569113,alt=0.00} @time=101.000,000,000 s
2022-06-15 10:58:59,801 INFO  SnsAmbassador - Radio configured in mode SINGLE with communication radius 700.0 for node id=veh_49 @time=104.000,000,000 s
2022-06-15 10:58:59,809 INFO  SnsAmbassador - Added Vehicle id=veh_49 position=GeoPoint{lat=52.655993,lon=13.569113,alt=0.00} @time=105.000,000,000 s
2022-06-15 10:58:59,845 INFO  SnsAmbassador - Radio configured in mode SINGLE with communication radius 700.0 for node id=veh_51 @time=108.000,000,000 s
2022-06-15 10:58:59,853 INFO  SnsAmbassador - Added Vehicle id=veh_51 position=GeoPoint{lat=52.655997,lon=13.569114,alt=0.00} @time=109.000,000,000 s
2022-06-15 10:58:59,888 INFO  SnsAmbassador - Radio configured in mode SINGLE with communication radius 700.0 for node id=veh_53 @time=112.000,000,000 s
2022-06-15 10:58:59,896 INFO  SnsAmbassador - Added Vehicle id=veh_53 position=GeoPoint{lat=52.655995,lon=13.569114,alt=0.00} @time=113.000,000,000 s
2022-06-15 10:58:59,938 INFO  SnsAmbassador - Radio configured in mode SINGLE with communication radius 700.0 for node id=veh_55 @time=116.000,000,000 s
2022-06-15 10:58:59,947 INFO  SnsAmbassador - Added Vehicle id=veh_55 position=GeoPoint{lat=52.656000,lon=13.569114,alt=0.00} @time=117.000,000,000 s
2022-06-15 10:58:59,986 INFO  SnsAmbassador - Radio configured in mode SINGLE with communication radius 700.0 for node id=veh_57 @time=120.000,000,000 s
2022-06-15 10:58:59,998 INFO  SnsAmbassador - Added Vehicle id=veh_57 position=GeoPoint{lat=52.655995,lon=13.569114,alt=0.00} @time=121.000,000,000 s
2022-06-15 10:59:00,051 INFO  SnsAmbassador - Radio configured in mode SINGLE with communication radius 700.0 for node id=veh_59 @time=124.000,000,000 s
2022-06-15 10:59:00,063 INFO  SnsAmbassador - Added Vehicle id=veh_59 position=GeoPoint{lat=52.655993,lon=13.569113,alt=0.00} @time=125.000,000,000 s
2022-06-15 10:59:00,110 INFO  SnsAmbassador - Radio configured in mode SINGLE with communication radius 700.0 for node id=veh_61 @time=128.000,000,000 s
2022-06-15 10:59:00,121 INFO  SnsAmbassador - Added Vehicle id=veh_61 position=GeoPoint{lat=52.655996,lon=13.569114,alt=0.00} @time=129.000,000,000 s
2022-06-15 10:59:00,163 INFO  SnsAmbassador - Radio configured in mode SINGLE with communication radius 700.0 for node id=veh_63 @time=132.000,000,000 s
2022-06-15 10:59:00,173 INFO  SnsAmbassador - Added Vehicle id=veh_63 position=GeoPoint{lat=52.655998,lon=13.569114,alt=0.00} @time=133.000,000,000 s
2022-06-15 10:59:00,215 INFO  SnsAmbassador - Radio configured in mode SINGLE with communication radius 700.0 for node id=veh_65 @time=136.000,000,000 s
2022-06-15 10:59:00,224 INFO  SnsAmbassador - Added Vehicle id=veh_65 position=GeoPoint{lat=52.655997,lon=13.569114,alt=0.00} @time=137.000,000,000 s
2022-06-15 10:59:00,259 INFO  SnsAmbassador - Radio configured in mode SINGLE with communication radius 700.0 for node id=veh_67 @time=140.000,000,000 s
2022-06-15 10:59:00,269 INFO  SnsAmbassador - Added Vehicle id=veh_67 position=GeoPoint{lat=52.656003,lon=13.569115,alt=0.00} @time=141.000,000,000 s
2022-06-15 10:59:00,311 INFO  SnsAmbassador - Radio configured in mode SINGLE with communication radius 700.0 for node id=veh_69 @time=144.000,000,000 s
2022-06-15 10:59:00,321 INFO  SnsAmbassador - Added Vehicle id=veh_69 position=GeoPoint{lat=52.655997,lon=13.569114,alt=0.00} @time=145.000,000,000 s
2022-06-15 10:59:00,361 INFO  SnsAmbassador - Radio configured in mode SINGLE with communication radius 700.0 for node id=veh_71 @time=148.000,000,000 s
2022-06-15 10:59:00,370 INFO  SnsAmbassador - Added Vehicle id=veh_71 position=GeoPoint{lat=52.655998,lon=13.569114,alt=0.00} @time=149.000,000,000 s
2022-06-15 10:59:00,410 INFO  SnsAmbassador - Radio configured in mode SINGLE with communication radius 700.0 for node id=veh_73 @time=152.000,000,000 s
2022-06-15 10:59:00,420 INFO  SnsAmbassador - Added Vehicle id=veh_73 position=GeoPoint{lat=52.655994,lon=13.569114,alt=0.00} @time=153.000,000,000 s
2022-06-15 10:59:00,465 INFO  SnsAmbassador - Radio configured in mode SINGLE with communication radius 700.0 for node id=veh_75 @time=156.000,000,000 s
2022-06-15 10:59:00,475 INFO  SnsAmbassador - Added Vehicle id=veh_75 position=GeoPoint{lat=52.656003,lon=13.569115,alt=0.00} @time=157.000,000,000 s
2022-06-15 10:59:00,512 INFO  SnsAmbassador - Radio configured in mode SINGLE with communication radius 700.0 for node id=veh_77 @time=160.000,000,000 s
2022-06-15 10:59:00,523 INFO  SnsAmbassador - Added Vehicle id=veh_77 position=GeoPoint{lat=52.655998,lon=13.569114,alt=0.00} @time=161.000,000,000 s
2022-06-15 10:59:00,569 INFO  SnsAmbassador - Radio configured in mode SINGLE with communication radius 700.0 for node id=veh_79 @time=164.000,000,000 s
2022-06-15 10:59:00,581 INFO  SnsAmbassador - Added Vehicle id=veh_79 position=GeoPoint{lat=52.655998,lon=13.569114,alt=0.00} @time=165.000,000,000 s
2022-06-15 10:59:00,631 INFO  SnsAmbassador - Radio configured in mode SINGLE with communication radius 700.0 for node id=veh_81 @time=168.000,000,000 s
2022-06-15 10:59:00,643 INFO  SnsAmbassador - Added Vehicle id=veh_81 position=GeoPoint{lat=52.655992,lon=13.569113,alt=0.00} @time=169.000,000,000 s
2022-06-15 10:59:00,685 INFO  SnsAmbassador - Radio configured in mode SINGLE with communication radius 700.0 for node id=veh_83 @time=172.000,000,000 s
2022-06-15 10:59:00,698 INFO  SnsAmbassador - Added Vehicle id=veh_83 position=GeoPoint{lat=52.655996,lon=13.569114,alt=0.00} @time=173.000,000,000 s
2022-06-15 10:59:00,748 INFO  SnsAmbassador - Radio configured in mode SINGLE with communication radius 700.0 for node id=veh_85 @time=176.000,000,000 s
2022-06-15 10:59:00,759 INFO  SnsAmbassador - Added Vehicle id=veh_85 position=GeoPoint{lat=52.656003,lon=13.569115,alt=0.00} @time=177.000,000,000 s
2022-06-15 10:59:00,803 INFO  SnsAmbassador - Radio configured in mode SINGLE with communication radius 700.0 for node id=veh_87 @time=180.000,000,000 s
2022-06-15 10:59:00,814 INFO  SnsAmbassador - Added Vehicle id=veh_87 position=GeoPoint{lat=52.655995,lon=13.569114,alt=0.00} @time=181.000,000,000 s
2022-06-15 10:59:00,859 INFO  SnsAmbassador - Radio configured in mode SINGLE with communication radius 700.0 for node id=veh_89 @time=184.000,000,000 s
2022-06-15 10:59:00,874 INFO  SnsAmbassador - Added Vehicle id=veh_89 position=GeoPoint{lat=52.655999,lon=13.569114,alt=0.00} @time=185.000,000,000 s
2022-06-15 10:59:00,919 INFO  SnsAmbassador - Radio configured in mode SINGLE with communication radius 700.0 for node id=veh_91 @time=188.000,000,000 s
2022-06-15 10:59:00,931 INFO  SnsAmbassador - Added Vehicle id=veh_91 position=GeoPoint{lat=52.656003,lon=13.569115,alt=0.00} @time=189.000,000,000 s
2022-06-15 10:59:00,974 INFO  SnsAmbassador - Radio configured in mode SINGLE with communication radius 700.0 for node id=veh_93 @time=192.000,000,000 s
2022-06-15 10:59:00,985 INFO  SnsAmbassador - Added Vehicle id=veh_93 position=GeoPoint{lat=52.655995,lon=13.569114,alt=0.00} @time=193.000,000,000 s
2022-06-15 10:59:01,033 INFO  SnsAmbassador - Radio configured in mode SINGLE with communication radius 700.0 for node id=veh_95 @time=196.000,000,000 s
2022-06-15 10:59:01,045 INFO  SnsAmbassador - Added Vehicle id=veh_95 position=GeoPoint{lat=52.655996,lon=13.569114,alt=0.00} @time=197.000,000,000 s
2022-06-15 10:59:01,088 INFO  SnsAmbassador - Radio configured in mode SINGLE with communication radius 700.0 for node id=veh_97 @time=200.000,000,000 s
2022-06-15 10:59:01,100 INFO  SnsAmbassador - Added Vehicle id=veh_97 position=GeoPoint{lat=52.656002,lon=13.569115,alt=0.00} @time=201.000,000,000 s
2022-06-15 10:59:01,143 INFO  SnsAmbassador - Radio configured in mode SINGLE with communication radius 700.0 for node id=veh_99 @time=204.000,000,000 s
2022-06-15 10:59:01,160 INFO  SnsAmbassador - Added Vehicle id=veh_99 position=GeoPoint{lat=52.655998,lon=13.569114,alt=0.00} @time=205.000,000,000 s
2022-06-15 10:59:01,204 INFO  SnsAmbassador - Radio configured in mode SINGLE with communication radius 700.0 for node id=veh_101 @time=208.000,000,000 s
2022-06-15 10:59:01,220 INFO  SnsAmbassador - Added Vehicle id=veh_101 position=GeoPoint{lat=52.655993,lon=13.569113,alt=0.00} @time=209.000,000,000 s
2022-06-15 10:59:01,267 INFO  SnsAmbassador - Radio configured in mode SINGLE with communication radius 700.0 for node id=veh_103 @time=212.000,000,000 s
2022-06-15 10:59:01,280 INFO  SnsAmbassador - Added Vehicle id=veh_103 position=GeoPoint{lat=52.655996,lon=13.569114,alt=0.00} @time=213.000,000,000 s
2022-06-15 10:59:01,333 INFO  SnsAmbassador - Radio configured in mode SINGLE with communication radius 700.0 for node id=veh_105 @time=216.000,000,000 s
2022-06-15 10:59:01,347 INFO  SnsAmbassador - Added Vehicle id=veh_105 position=GeoPoint{lat=52.656002,lon=13.569115,alt=0.00} @time=217.000,000,000 s
2022-06-15 10:59:01,392 INFO  SnsAmbassador - Radio configured in mode SINGLE with communication radius 700.0 for node id=veh_107 @time=220.000,000,000 s
2022-06-15 10:59:01,405 INFO  SnsAmbassador - Added Vehicle id=veh_107 position=GeoPoint{lat=52.655992,lon=13.569113,alt=0.00} @time=221.000,000,000 s
2022-06-15 10:59:01,451 INFO  SnsAmbassador - Radio configured in mode SINGLE with communication radius 700.0 for node id=veh_109 @time=224.000,000,000 s
2022-06-15 10:59:01,467 INFO  SnsAmbassador - Added Vehicle id=veh_109 position=GeoPoint{lat=52.656002,lon=13.569115,alt=0.00} @time=225.000,000,000 s
2022-06-15 10:59:01,524 INFO  SnsAmbassador - Radio configured in mode SINGLE with communication radius 700.0 for node id=veh_111 @time=228.000,000,000 s
2022-06-15 10:59:01,537 INFO  SnsAmbassador - Added Vehicle id=veh_111 position=GeoPoint{lat=52.655998,lon=13.569114,alt=0.00} @time=229.000,000,000 s
2022-06-15 10:59:01,586 INFO  SnsAmbassador - Radio configured in mode SINGLE with communication radius 700.0 for node id=veh_113 @time=232.000,000,000 s
2022-06-15 10:59:01,600 INFO  SnsAmbassador - Added Vehicle id=veh_113 position=GeoPoint{lat=52.656002,lon=13.569115,alt=0.00} @time=233.000,000,000 s
2022-06-15 10:59:01,653 INFO  SnsAmbassador - Radio configured in mode SINGLE with communication radius 700.0 for node id=veh_115 @time=236.000,000,000 s
2022-06-15 10:59:01,667 INFO  SnsAmbassador - Added Vehicle id=veh_115 position=GeoPoint{lat=52.655995,lon=13.569114,alt=0.00} @time=237.000,000,000 s
2022-06-15 10:59:01,721 INFO  SnsAmbassador - Radio configured in mode SINGLE with communication radius 700.0 for node id=veh_117 @time=240.000,000,000 s
2022-06-15 10:59:01,737 INFO  SnsAmbassador - Added Vehicle id=veh_117 position=GeoPoint{lat=52.655992,lon=13.569113,alt=0.00} @time=241.000,000,000 s
2022-06-15 10:59:01,789 INFO  SnsAmbassador - Radio configured in mode SINGLE with communication radius 700.0 for node id=veh_119 @time=244.000,000,000 s
2022-06-15 10:59:01,807 INFO  SnsAmbassador - Added Vehicle id=veh_119 position=GeoPoint{lat=52.655999,lon=13.569114,alt=0.00} @time=245.000,000,000 s
2022-06-15 10:59:01,858 INFO  SnsAmbassador - Radio configured in mode SINGLE with communication radius 700.0 for node id=veh_121 @time=248.000,000,000 s
2022-06-15 10:59:01,872 INFO  SnsAmbassador - Added Vehicle id=veh_121 position=GeoPoint{lat=52.656002,lon=13.569115,alt=0.00} @time=249.000,000,000 s
2022-06-15 10:59:01,922 INFO  SnsAmbassador - Radio configured in mode SINGLE with communication radius 700.0 for node id=veh_123 @time=252.000,000,000 s
2022-06-15 10:59:01,937 INFO  SnsAmbassador - Added Vehicle id=veh_123 position=GeoPoint{lat=52.655994,lon=13.569113,alt=0.00} @time=253.000,000,000 s
2022-06-15 10:59:01,993 INFO  SnsAmbassador - Radio configured in mode SINGLE with communication radius 700.0 for node id=veh_125 @time=256.000,000,000 s
2022-06-15 10:59:02,008 INFO  SnsAmbassador - Added Vehicle id=veh_125 position=GeoPoint{lat=52.655993,lon=13.569113,alt=0.00} @time=257.000,000,000 s
2022-06-15 10:59:02,062 INFO  SnsAmbassador - Radio configured in mode SINGLE with communication radius 700.0 for node id=veh_127 @time=260.000,000,000 s
2022-06-15 10:59:02,077 INFO  SnsAmbassador - Added Vehicle id=veh_127 position=GeoPoint{lat=52.656001,lon=13.569115,alt=0.00} @time=261.000,000,000 s
2022-06-15 10:59:02,130 INFO  SnsAmbassador - Radio configured in mode SINGLE with communication radius 700.0 for node id=veh_129 @time=264.000,000,000 s
2022-06-15 10:59:02,150 INFO  SnsAmbassador - Added Vehicle id=veh_129 position=GeoPoint{lat=52.655995,lon=13.569114,alt=0.00} @time=265.000,000,000 s
2022-06-15 10:59:02,208 INFO  SnsAmbassador - Radio configured in mode SINGLE with communication radius 700.0 for node id=veh_131 @time=268.000,000,000 s
2022-06-15 10:59:02,224 INFO  SnsAmbassador - Added Vehicle id=veh_131 position=GeoPoint{lat=52.655998,lon=13.569114,alt=0.00} @time=269.000,000,000 s
2022-06-15 10:59:02,278 INFO  SnsAmbassador - Radio configured in mode SINGLE with communication radius 700.0 for node id=veh_133 @time=272.000,000,000 s
2022-06-15 10:59:02,294 INFO  SnsAmbassador - Added Vehicle id=veh_133 position=GeoPoint{lat=52.655993,lon=13.569113,alt=0.00} @time=273.000,000,000 s
2022-06-15 10:59:02,355 INFO  SnsAmbassador - Radio configured in mode SINGLE with communication radius 700.0 for node id=veh_135 @time=276.000,000,000 s
2022-06-15 10:59:02,371 INFO  SnsAmbassador - Added Vehicle id=veh_135 position=GeoPoint{lat=52.655998,lon=13.569114,alt=0.00} @time=277.000,000,000 s
2022-06-15 10:59:02,425 INFO  SnsAmbassador - Radio configured in mode SINGLE with communication radius 700.0 for node id=veh_137 @time=280.000,000,000 s
2022-06-15 10:59:02,441 INFO  SnsAmbassador - Added Vehicle id=veh_137 position=GeoPoint{lat=52.656001,lon=13.569114,alt=0.00} @time=281.000,000,000 s
2022-06-15 10:59:02,498 INFO  SnsAmbassador - Radio configured in mode SINGLE with communication radius 700.0 for node id=veh_139 @time=284.000,000,000 s
2022-06-15 10:59:02,517 INFO  SnsAmbassador - Added Vehicle id=veh_139 position=GeoPoint{lat=52.656000,lon=13.569114,alt=0.00} @time=285.000,000,000 s
2022-06-15 10:59:02,572 INFO  SnsAmbassador - Radio configured in mode SINGLE with communication radius 700.0 for node id=veh_141 @time=288.000,000,000 s
2022-06-15 10:59:02,586 INFO  SnsAmbassador - Added Vehicle id=veh_141 position=GeoPoint{lat=52.656000,lon=13.569114,alt=0.00} @time=289.000,000,000 s
2022-06-15 10:59:02,641 INFO  SnsAmbassador - Radio configured in mode SINGLE with communication radius 700.0 for node id=veh_143 @time=292.000,000,000 s
2022-06-15 10:59:02,656 INFO  SnsAmbassador - Added Vehicle id=veh_143 position=GeoPoint{lat=52.656001,lon=13.569114,alt=0.00} @time=293.000,000,000 s
2022-06-15 10:59:02,714 INFO  SnsAmbassador - Radio configured in mode SINGLE with communication radius 700.0 for node id=veh_145 @time=296.000,000,000 s
2022-06-15 10:59:02,729 INFO  SnsAmbassador - Added Vehicle id=veh_145 position=GeoPoint{lat=52.656001,lon=13.569114,alt=0.00} @time=297.000,000,000 s
2022-06-15 10:59:02,778 INFO  SnsAmbassador - Radio configured in mode SINGLE with communication radius 700.0 for node id=veh_147 @time=300.000,000,000 s
2022-06-15 10:59:02,793 INFO  SnsAmbassador - Added Vehicle id=veh_147 position=GeoPoint{lat=52.655999,lon=13.569114,alt=0.00} @time=301.000,000,000 s
2022-06-15 10:59:02,845 INFO  SnsAmbassador - Radio configured in mode SINGLE with communication radius 700.0 for node id=veh_149 @time=304.000,000,000 s
2022-06-15 10:59:02,857 INFO  SnsAmbassador - Added Vehicle id=veh_149 position=GeoPoint{lat=52.655997,lon=13.569114,alt=0.00} @time=305.000,000,000 s
2022-06-15 10:59:02,901 INFO  SnsAmbassador - Radio configured in mode SINGLE with communication radius 700.0 for node id=veh_151 @time=308.000,000,000 s
2022-06-15 10:59:02,916 INFO  SnsAmbassador - Added Vehicle id=veh_151 position=GeoPoint{lat=52.656001,lon=13.569114,alt=0.00} @time=309.000,000,000 s
2022-06-15 10:59:02,955 INFO  SnsAmbassador - Radio configured in mode SINGLE with communication radius 700.0 for node id=veh_153 @time=312.000,000,000 s
2022-06-15 10:59:02,967 INFO  SnsAmbassador - Added Vehicle id=veh_153 position=GeoPoint{lat=52.655998,lon=13.569114,alt=0.00} @time=313.000,000,000 s
2022-06-15 10:59:03,015 INFO  SnsAmbassador - Radio configured in mode SINGLE with communication radius 700.0 for node id=veh_155 @time=316.000,000,000 s
2022-06-15 10:59:03,024 INFO  SnsAmbassador - Added Vehicle id=veh_155 position=GeoPoint{lat=52.656003,lon=13.569115,alt=0.00} @time=317.000,000,000 s
2022-06-15 10:59:03,057 INFO  SnsAmbassador - Radio configured in mode SINGLE with communication radius 700.0 for node id=veh_157 @time=320.000,000,000 s
2022-06-15 10:59:03,067 INFO  SnsAmbassador - Added Vehicle id=veh_157 position=GeoPoint{lat=52.655999,lon=13.569114,alt=0.00} @time=321.000,000,000 s
2022-06-15 10:59:03,101 INFO  SnsAmbassador - Radio configured in mode SINGLE with communication radius 700.0 for node id=veh_159 @time=324.000,000,000 s
2022-06-15 10:59:03,109 INFO  SnsAmbassador - Added Vehicle id=veh_159 position=GeoPoint{lat=52.655998,lon=13.569114,alt=0.00} @time=325.000,000,000 s
2022-06-15 10:59:03,141 INFO  SnsAmbassador - Radio configured in mode SINGLE with communication radius 700.0 for node id=veh_161 @time=328.000,000,000 s
2022-06-15 10:59:03,147 INFO  SnsAmbassador - Added Vehicle id=veh_161 position=GeoPoint{lat=52.655994,lon=13.569113,alt=0.00} @time=329.000,000,000 s
2022-06-15 10:59:03,169 INFO  SnsAmbassador - Radio configured in mode SINGLE with communication radius 700.0 for node id=veh_163 @time=332.000,000,000 s
2022-06-15 10:59:03,175 INFO  SnsAmbassador - Added Vehicle id=veh_163 position=GeoPoint{lat=52.656002,lon=13.569115,alt=0.00} @time=333.000,000,000 s
2022-06-15 10:59:03,202 INFO  SnsAmbassador - Radio configured in mode SINGLE with communication radius 700.0 for node id=veh_165 @time=336.000,000,000 s
2022-06-15 10:59:03,209 INFO  SnsAmbassador - Added Vehicle id=veh_165 position=GeoPoint{lat=52.655996,lon=13.569114,alt=0.00} @time=337.000,000,000 s
2022-06-15 10:59:03,231 INFO  SnsAmbassador - Radio configured in mode SINGLE with communication radius 700.0 for node id=veh_167 @time=340.000,000,000 s
2022-06-15 10:59:03,238 INFO  SnsAmbassador - Added Vehicle id=veh_167 position=GeoPoint{lat=52.655992,lon=13.569113,alt=0.00} @time=341.000,000,000 s
2022-06-15 10:59:03,265 INFO  SnsAmbassador - Radio configured in mode SINGLE with communication radius 700.0 for node id=veh_169 @time=344.000,000,000 s
2022-06-15 10:59:03,272 INFO  SnsAmbassador - Added Vehicle id=veh_169 position=GeoPoint{lat=52.656002,lon=13.569115,alt=0.00} @time=345.000,000,000 s
2022-06-15 10:59:03,298 INFO  SnsAmbassador - Radio configured in mode SINGLE with communication radius 700.0 for node id=veh_171 @time=348.000,000,000 s
2022-06-15 10:59:03,305 INFO  SnsAmbassador - Added Vehicle id=veh_171 position=GeoPoint{lat=52.656000,lon=13.569114,alt=0.00} @time=349.000,000,000 s
2022-06-15 10:59:03,327 INFO  SnsAmbassador - Radio configured in mode SINGLE with communication radius 700.0 for node id=veh_173 @time=352.000,000,000 s
2022-06-15 10:59:03,333 INFO  SnsAmbassador - Added Vehicle id=veh_173 position=GeoPoint{lat=52.655993,lon=13.569113,alt=0.00} @time=353.000,000,000 s
2022-06-15 10:59:03,360 INFO  SnsAmbassador - Radio configured in mode SINGLE with communication radius 700.0 for node id=veh_175 @time=356.000,000,000 s
2022-06-15 10:59:03,366 INFO  SnsAmbassador - Added Vehicle id=veh_175 position=GeoPoint{lat=52.656001,lon=13.569115,alt=0.00} @time=357.000,000,000 s
2022-06-15 10:59:03,391 INFO  SnsAmbassador - Radio configured in mode SINGLE with communication radius 700.0 for node id=veh_177 @time=360.000,000,000 s
2022-06-15 10:59:03,398 INFO  SnsAmbassador - Added Vehicle id=veh_177 position=GeoPoint{lat=52.655992,lon=13.569113,alt=0.00} @time=361.000,000,000 s
2022-06-15 10:59:03,425 INFO  SnsAmbassador - Radio configured in mode SINGLE with communication radius 700.0 for node id=veh_179 @time=364.000,000,000 s
2022-06-15 10:59:03,432 INFO  SnsAmbassador - Added Vehicle id=veh_179 position=GeoPoint{lat=52.656000,lon=13.569114,alt=0.00} @time=365.000,000,000 s
2022-06-15 10:59:03,459 INFO  SnsAmbassador - Removed Vehicle id=veh_0 @time=368.000,000,000 s
2022-06-15 10:59:03,461 INFO  SnsAmbassador - Radio configured in mode SINGLE with communication radius 700.0 for node id=veh_181 @time=368.000,000,000 s
2022-06-15 10:59:03,468 INFO  SnsAmbassador - Added Vehicle id=veh_181 position=GeoPoint{lat=52.655993,lon=13.569113,alt=0.00} @time=369.000,000,000 s
2022-06-15 10:59:03,482 INFO  SnsAmbassador - Removed Vehicle id=veh_4 @time=371.000,000,000 s
2022-06-15 10:59:03,491 INFO  SnsAmbassador - Radio configured in mode SINGLE with communication radius 700.0 for node id=veh_183 @time=372.000,000,000 s
2022-06-15 10:59:03,498 INFO  SnsAmbassador - Added Vehicle id=veh_183 position=GeoPoint{lat=52.655999,lon=13.569114,alt=0.00} @time=373.000,000,000 s
2022-06-15 10:59:03,498 INFO  SnsAmbassador - Removed Vehicle id=veh_8 @time=373.000,000,000 s
2022-06-15 10:59:03,516 INFO  SnsAmbassador - Removed Vehicle id=veh_10 @time=375.000,000,000 s
2022-06-15 10:59:03,526 INFO  SnsAmbassador - Radio configured in mode SINGLE with communication radius 700.0 for node id=veh_185 @time=376.000,000,000 s
2022-06-15 10:59:03,533 INFO  SnsAmbassador - Added Vehicle id=veh_185 position=GeoPoint{lat=52.655995,lon=13.569114,alt=0.00} @time=377.000,000,000 s
2022-06-15 10:59:03,540 INFO  SnsAmbassador - Removed Vehicle id=veh_14 @time=378.000,000,000 s
2022-06-15 10:59:03,605 INFO  SnsAmbassador - Radio configured in mode SINGLE with communication radius 700.0 for node id=veh_187 @time=380.000,000,000 s
2022-06-15 10:59:03,617 INFO  SnsAmbassador - Added Vehicle id=veh_187 position=GeoPoint{lat=52.656000,lon=13.569114,alt=0.00} @time=381.000,000,000 s
2022-06-15 10:59:03,617 INFO  SnsAmbassador - Removed Vehicle id=veh_18 @time=381.000,000,000 s
2022-06-15 10:59:03,652 INFO  SnsAmbassador - Removed Vehicle id=veh_20 @time=383.000,000,000 s
2022-06-15 10:59:03,671 INFO  SnsAmbassador - Radio configured in mode SINGLE with communication radius 700.0 for node id=veh_189 @time=384.000,000,000 s
2022-06-15 10:59:03,686 INFO  SnsAmbassador - Added Vehicle id=veh_189 position=GeoPoint{lat=52.655998,lon=13.569114,alt=0.00} @time=385.000,000,000 s
2022-06-15 10:59:03,723 INFO  SnsAmbassador - Removed Vehicle id=veh_23 @time=387.000,000,000 s
2022-06-15 10:59:03,740 INFO  SnsAmbassador - Radio configured in mode SINGLE with communication radius 700.0 for node id=veh_191 @time=388.000,000,000 s
2022-06-15 10:59:03,756 INFO  SnsAmbassador - Added Vehicle id=veh_191 position=GeoPoint{lat=52.655992,lon=13.569113,alt=0.00} @time=389.000,000,000 s
2022-06-15 10:59:03,756 INFO  SnsAmbassador - Removed Vehicle id=veh_24 @time=389.000,000,000 s
2022-06-15 10:59:03,791 INFO  SnsAmbassador - Removed Vehicle id=veh_21 @time=391.000,000,000 s
2022-06-15 10:59:03,814 INFO  SnsAmbassador - Radio configured in mode SINGLE with communication radius 700.0 for node id=veh_193 @time=392.000,000,000 s
2022-06-15 10:59:03,832 INFO  SnsAmbassador - Added Vehicle id=veh_193 position=GeoPoint{lat=52.655995,lon=13.569114,alt=0.00} @time=393.000,000,000 s
2022-06-15 10:59:03,895 INFO  SnsAmbassador - Radio configured in mode SINGLE with communication radius 700.0 for node id=veh_195 @time=396.000,000,000 s
2022-06-15 10:59:03,914 INFO  SnsAmbassador - Added Vehicle id=veh_195 position=GeoPoint{lat=52.656002,lon=13.569115,alt=0.00} @time=397.000,000,000 s
2022-06-15 10:59:03,980 INFO  SnsAmbassador - Radio configured in mode SINGLE with communication radius 700.0 for node id=veh_197 @time=400.000,000,000 s
2022-06-15 10:59:04,002 INFO  SnsAmbassador - Added Vehicle id=veh_197 position=GeoPoint{lat=52.656003,lon=13.569115,alt=0.00} @time=401.000,000,000 s
2022-06-15 10:59:04,085 INFO  SnsAmbassador - Radio configured in mode SINGLE with communication radius 700.0 for node id=veh_199 @time=404.000,000,000 s
2022-06-15 10:59:04,109 INFO  SnsAmbassador - Added Vehicle id=veh_199 position=GeoPoint{lat=52.655992,lon=13.569113,alt=0.00} @time=405.000,000,000 s
2022-06-15 10:59:04,658 INFO  SnsAmbassador - Removed Vehicle id=veh_1 @time=425.000,000,000 s
2022-06-15 10:59:04,719 INFO  SnsAmbassador - Removed Vehicle id=veh_2 @time=427.000,000,000 s
2022-06-15 10:59:04,773 INFO  SnsAmbassador - Removed Vehicle id=veh_5 @time=429.000,000,000 s
2022-06-15 10:59:04,827 INFO  SnsAmbassador - Removed Vehicle id=veh_3 @time=431.000,000,000 s
2022-06-15 10:59:04,904 INFO  SnsAmbassador - Removed Vehicle id=veh_7 @time=434.000,000,000 s
2022-06-15 10:59:04,954 INFO  SnsAmbassador - Removed Vehicle id=veh_6 @time=436.000,000,000 s
2022-06-15 10:59:05,013 INFO  SnsAmbassador - Removed Vehicle id=veh_9 @time=438.000,000,000 s
2022-06-15 10:59:05,097 INFO  SnsAmbassador - Removed Vehicle id=veh_25 @time=441.000,000,000 s
2022-06-15 10:59:05,171 INFO  SnsAmbassador - Removed Vehicle id=veh_27 @time=444.000,000,000 s
2022-06-15 10:59:05,248 INFO  SnsAmbassador - Removed Vehicle id=veh_28 @time=447.000,000,000 s
2022-06-15 10:59:05,323 INFO  SnsAmbassador - Removed Vehicle id=veh_29 @time=450.000,000,000 s
2022-06-15 10:59:05,401 INFO  SnsAmbassador - Removed Vehicle id=veh_30 @time=453.000,000,000 s
2022-06-15 10:59:05,478 INFO  SnsAmbassador - Removed Vehicle id=veh_31 @time=456.000,000,000 s
2022-06-15 10:59:05,554 INFO  SnsAmbassador - Removed Vehicle id=veh_33 @time=459.000,000,000 s
2022-06-15 10:59:05,632 INFO  SnsAmbassador - Removed Vehicle id=veh_34 @time=462.000,000,000 s
2022-06-15 10:59:05,731 INFO  SnsAmbassador - Removed Vehicle id=veh_35 @time=466.000,000,000 s
2022-06-15 10:59:05,935 INFO  SnsAmbassador - Removed Vehicle id=veh_11 @time=474.000,000,000 s
2022-06-15 10:59:05,984 INFO  SnsAmbassador - Removed Vehicle id=veh_12 @time=476.000,000,000 s
2022-06-15 10:59:06,057 INFO  SnsAmbassador - Removed Vehicle id=veh_13 @time=479.000,000,000 s
2022-06-15 10:59:06,076 INFO  SnsAmbassador - Removed Vehicle id=veh_16 @time=480.000,000,000 s
2022-06-15 10:59:06,125 INFO  SnsAmbassador - Removed Vehicle id=veh_15 @time=482.000,000,000 s
2022-06-15 10:59:06,172 INFO  SnsAmbassador - Removed Vehicle id=veh_17 @time=484.000,000,000 s
2022-06-15 10:59:06,223 INFO  SnsAmbassador - Removed Vehicle id=veh_19 @time=486.000,000,000 s
2022-06-15 10:59:06,269 INFO  SnsAmbassador - Removed Vehicle id=veh_22 @time=488.000,000,000 s
2022-06-15 10:59:06,415 INFO  SnsAmbassador - Removed Vehicle id=veh_37 @time=494.000,000,000 s
2022-06-15 10:59:06,485 INFO  SnsAmbassador - Removed Vehicle id=veh_38 @time=497.000,000,000 s
2022-06-15 10:59:06,533 INFO  SnsAmbassador - Removed Vehicle id=veh_39 @time=499.000,000,000 s
2022-06-15 10:59:06,599 INFO  SnsAmbassador - Removed Vehicle id=veh_40 @time=502.000,000,000 s
2022-06-15 10:59:06,648 INFO  SnsAmbassador - Removed Vehicle id=veh_41 @time=504.000,000,000 s
2022-06-15 10:59:06,716 INFO  SnsAmbassador - Removed Vehicle id=veh_43 @time=507.000,000,000 s
2022-06-15 10:59:06,761 INFO  SnsAmbassador - Removed Vehicle id=veh_44 @time=509.000,000,000 s
2022-06-15 10:59:06,829 INFO  SnsAmbassador - Removed Vehicle id=veh_45 @time=512.000,000,000 s
2022-06-15 10:59:06,967 INFO  SnsAmbassador - Removed Vehicle id=veh_32 @time=518.000,000,000 s
2022-06-15 10:59:07,009 INFO  SnsAmbassador - Removed Vehicle id=veh_42 @time=520.000,000,000 s
2022-06-15 10:59:07,096 INFO  SnsAmbassador - Removed Vehicle id=veh_26 @time=524.000,000,000 s
2022-06-15 10:59:07,141 INFO  SnsAmbassador - Removed Vehicle id=veh_36 @time=526.000,000,000 s
2022-06-15 10:59:07,162 INFO  SnsAmbassador - Removed Vehicle id=veh_52 @time=527.000,000,000 s
2022-06-15 10:59:07,210 INFO  SnsAmbassador - Removed Vehicle id=veh_46 @time=529.000,000,000 s
2022-06-15 10:59:07,253 INFO  SnsAmbassador - Removed Vehicle id=veh_56 @time=531.000,000,000 s
2022-06-15 10:59:07,295 INFO  SnsAmbassador - Removed Vehicle id=veh_47 @time=533.000,000,000 s
2022-06-15 10:59:07,339 INFO  SnsAmbassador - Removed Vehicle id=veh_48 @time=535.000,000,000 s
2022-06-15 10:59:07,384 INFO  SnsAmbassador - Removed Vehicle id=veh_49 @time=537.000,000,000 s
2022-06-15 10:59:07,447 INFO  SnsAmbassador - Removed Vehicle id=veh_50 @time=540.000,000,000 s
2022-06-15 10:59:07,512 INFO  SnsAmbassador - Removed Vehicle id=veh_51 @time=543.000,000,000 s
2022-06-15 10:59:07,554 INFO  SnsAmbassador - Removed Vehicle id=veh_53 @time=545.000,000,000 s
2022-06-15 10:59:07,614 INFO  SnsAmbassador - Removed Vehicle id=veh_54 @time=548.000,000,000 s
2022-06-15 10:59:07,654 INFO  SnsAmbassador - Removed Vehicle id=veh_55 @time=550.000,000,000 s
2022-06-15 10:59:07,818 INFO  SnsAmbassador - Removed Vehicle id=veh_62 @time=558.000,000,000 s
2022-06-15 10:59:07,880 INFO  SnsAmbassador - Removed Vehicle id=veh_66 @time=561.000,000,000 s
2022-06-15 10:59:07,941 INFO  SnsAmbassador - Removed Vehicle id=veh_72 @time=564.000,000,000 s
2022-06-15 10:59:07,982 INFO  SnsAmbassador - Removed Vehicle id=veh_76 @time=566.000,000,000 s
2022-06-15 10:59:08,102 INFO  SnsAmbassador - Removed Vehicle id=veh_57 @time=572.000,000,000 s
2022-06-15 10:59:08,143 INFO  SnsAmbassador - Removed Vehicle id=veh_58 @time=574.000,000,000 s
2022-06-15 10:59:08,183 INFO  SnsAmbassador - Removed Vehicle id=veh_59 @time=576.000,000,000 s
2022-06-15 10:59:08,242 INFO  SnsAmbassador - Removed Vehicle id=veh_60 @time=579.000,000,000 s
2022-06-15 10:59:08,278 INFO  SnsAmbassador - Removed Vehicle id=veh_61 @time=581.000,000,000 s
2022-06-15 10:59:08,331 INFO  SnsAmbassador - Removed Vehicle id=veh_63 @time=584.000,000,000 s
2022-06-15 10:59:08,377 INFO  SnsAmbassador - Removed Vehicle id=veh_64 @time=587.000,000,000 s
2022-06-15 10:59:08,406 INFO  SnsAmbassador - Removed Vehicle id=veh_65 @time=589.000,000,000 s
2022-06-15 10:59:08,464 INFO  SnsAmbassador - Removed Vehicle id=veh_67 @time=593.000,000,000 s
2022-06-15 10:59:08,477 INFO  SnsAmbassador - Removed Vehicle id=veh_68 @time=594.000,000,000 s
2022-06-15 10:59:08,531 INFO  SnsAmbassador - Removed Vehicle id=veh_69 @time=598.000,000,000 s
2022-06-15 10:59:08,554 INFO  SnsAmbassador - Removed Vehicle id=veh_70 @time=600.000,000,000 s
2022-06-15 10:59:08,624 INFO  SnsAmbassador - Removed Vehicle id=veh_82 @time=606.000,000,000 s
2022-06-15 10:59:08,644 INFO  SnsAmbassador - Removed Vehicle id=veh_96 @time=608.000,000,000 s
2022-06-15 10:59:08,672 INFO  SnsAmbassador - Removed Vehicle id=veh_86 @time=611.000,000,000 s
2022-06-15 10:59:08,690 INFO  SnsAmbassador - Removed Vehicle id=veh_92 @time=613.000,000,000 s
2022-06-15 10:59:08,731 INFO  SnsAmbassador - Removed Vehicle id=veh_71 @time=619.000,000,000 s
2022-06-15 10:59:08,756 INFO  SnsAmbassador - Removed Vehicle id=veh_73 @time=623.000,000,000 s
2022-06-15 10:59:08,769 INFO  SnsAmbassador - Removed Vehicle id=veh_74 @time=626.000,000,000 s
2022-06-15 10:59:08,777 INFO  SnsAmbassador - Removed Vehicle id=veh_75 @time=628.000,000,000 s
2022-06-15 10:59:08,809 INFO  SnsAmbassador - Removed Vehicle id=veh_106 @time=636.000,000,000 s
2022-06-15 10:59:08,821 INFO  SnsAmbassador - Removed Vehicle id=veh_102 @time=639.000,000,000 s
2022-06-15 10:59:08,825 INFO  SnsAmbassador - Removed Vehicle id=veh_112 @time=640.000,000,000 s
2022-06-15 10:59:08,862 INFO  SnsAmbassador - Removed Vehicle id=veh_77 @time=649.000,000,000 s
2022-06-15 10:59:08,869 INFO  SnsAmbassador - Removed Vehicle id=veh_78 @time=651.000,000,000 s
2022-06-15 10:59:08,880 INFO  SnsAmbassador - Removed Vehicle id=veh_79 @time=654.000,000,000 s
2022-06-15 10:59:08,892 INFO  SnsAmbassador - Removed Vehicle id=veh_80 @time=657.000,000,000 s
2022-06-15 10:59:08,899 INFO  SnsAmbassador - Removed Vehicle id=veh_81 @time=659.000,000,000 s
2022-06-15 10:59:08,907 INFO  SnsAmbassador - Removed Vehicle id=veh_83 @time=661.000,000,000 s
2022-06-15 10:59:08,919 INFO  SnsAmbassador - Removed Vehicle id=veh_84 @time=664.000,000,000 s
2022-06-15 10:59:08,935 INFO  SnsAmbassador - Removed Vehicle id=veh_85 @time=668.000,000,000 s
2022-06-15 10:59:08,939 INFO  SnsAmbassador - Removed Vehicle id=veh_87 @time=669.000,000,000 s
2022-06-15 10:59:08,946 INFO  SnsAmbassador - Removed Vehicle id=veh_88 @time=671.000,000,000 s
2022-06-15 10:59:08,957 INFO  SnsAmbassador - Removed Vehicle id=veh_89 @time=674.000,000,000 s
2022-06-15 10:59:08,969 INFO  SnsAmbassador - Removed Vehicle id=veh_90 @time=677.000,000,000 s
2022-06-15 10:59:08,991 INFO  SnsAmbassador - Removed Vehicle id=veh_122 @time=683.000,000,000 s
2022-06-15 10:59:09,007 INFO  SnsAmbassador - Removed Vehicle id=veh_116 @time=688.000,000,000 s
2022-06-15 10:59:09,011 INFO  SnsAmbassador - Removed Vehicle id=veh_126 @time=689.000,000,000 s
2022-06-15 10:59:09,021 INFO  SnsAmbassador - Removed Vehicle id=veh_136 @time=692.000,000,000 s
2022-06-15 10:59:09,034 INFO  SnsAmbassador - Removed Vehicle id=veh_129 @time=696.000,000,000 s
2022-06-15 10:59:09,042 INFO  SnsAmbassador - Removed Vehicle id=veh_91 @time=698.000,000,000 s
2022-06-15 10:59:09,052 INFO  SnsAmbassador - Removed Vehicle id=veh_131 @time=701.000,000,000 s
2022-06-15 10:59:09,081 INFO  SnsAmbassador - Removed Vehicle id=veh_142 @time=710.000,000,000 s
2022-06-15 10:59:09,088 INFO  SnsAmbassador - Removed Vehicle id=veh_145 @time=712.000,000,000 s
2022-06-15 10:59:09,094 INFO  SnsAmbassador - Removed Vehicle id=veh_149 @time=714.000,000,000 s
2022-06-15 10:59:09,107 INFO  SnsAmbassador - Removed Vehicle id=veh_132 @time=718.000,000,000 s
2022-06-15 10:59:09,113 INFO  SnsAmbassador - Removed Vehicle id=veh_147 @time=720.000,000,000 s
2022-06-15 10:59:09,119 INFO  SnsAmbassador - Removed Vehicle id=veh_151 @time=722.000,000,000 s
2022-06-15 10:59:09,129 INFO  SnsAmbassador - Removed Vehicle id=veh_133 @time=725.000,000,000 s
2022-06-15 10:59:09,139 INFO  SnsAmbassador - Removed Vehicle id=veh_93 @time=728.000,000,000 s
2022-06-15 10:59:09,145 INFO  SnsAmbassador - Removed Vehicle id=veh_135 @time=730.000,000,000 s
2022-06-15 10:59:09,155 INFO  SnsAmbassador - Removed Vehicle id=veh_94 @time=733.000,000,000 s
2022-06-15 10:59:09,167 INFO  SnsAmbassador - Removed Vehicle id=veh_137 @time=736.000,000,000 s
2022-06-15 10:59:09,177 INFO  SnsAmbassador - Removed Vehicle id=veh_95 @time=739.000,000,000 s
2022-06-15 10:59:09,183 INFO  SnsAmbassador - Removed Vehicle id=veh_139 @time=741.000,000,000 s
2022-06-15 10:59:09,191 INFO  SnsAmbassador - Removed Vehicle id=veh_97 @time=744.000,000,000 s
2022-06-15 10:59:09,197 INFO  SnsAmbassador - Removed Vehicle id=veh_141 @time=746.000,000,000 s
2022-06-15 10:59:09,206 INFO  SnsAmbassador - Removed Vehicle id=veh_143 @time=749.000,000,000 s
2022-06-15 10:59:09,212 INFO  SnsAmbassador - Removed Vehicle id=veh_98 @time=751.000,000,000 s
2022-06-15 10:59:09,220 INFO  SnsAmbassador - Removed Vehicle id=veh_99 @time=754.000,000,000 s
2022-06-15 10:59:09,240 INFO  SnsAmbassador - Removed Vehicle id=veh_152 @time=761.000,000,000 s
2022-06-15 10:59:09,248 INFO  SnsAmbassador - Removed Vehicle id=veh_153 @time=764.000,000,000 s
2022-06-15 10:59:09,253 INFO  SnsAmbassador - Removed Vehicle id=veh_155 @time=766.000,000,000 s
2022-06-15 10:59:09,258 INFO  SnsAmbassador - Removed Vehicle id=veh_157 @time=768.000,000,000 s
2022-06-15 10:59:09,263 INFO  SnsAmbassador - Removed Vehicle id=veh_156 @time=770.000,000,000 s
2022-06-15 10:59:09,268 INFO  SnsAmbassador - Removed Vehicle id=veh_159 @time=772.000,000,000 s
2022-06-15 10:59:09,273 INFO  SnsAmbassador - Removed Vehicle id=veh_161 @time=774.000,000,000 s
2022-06-15 10:59:09,278 INFO  SnsAmbassador - Removed Vehicle id=veh_162 @time=776.000,000,000 s
2022-06-15 10:59:09,281 INFO  SnsAmbassador - Removed Vehicle id=veh_163 @time=777.000,000,000 s
2022-06-15 10:59:09,288 INFO  SnsAmbassador - Removed Vehicle id=veh_165 @time=780.000,000,000 s
2022-06-15 10:59:09,293 INFO  SnsAmbassador - Removed Vehicle id=veh_166 @time=782.000,000,000 s
2022-06-15 10:59:09,298 INFO  SnsAmbassador - Removed Vehicle id=veh_167 @time=784.000,000,000 s
2022-06-15 10:59:09,312 INFO  SnsAmbassador - Removed Vehicle id=veh_100 @time=790.000,000,000 s
2022-06-15 10:59:09,317 INFO  SnsAmbassador - Removed Vehicle id=veh_101 @time=792.000,000,000 s
2022-06-15 10:59:09,326 INFO  SnsAmbassador - Removed Vehicle id=veh_169 @time=796.000,000,000 s
2022-06-15 10:59:09,330 INFO  SnsAmbassador - Removed Vehicle id=veh_103 @time=798.000,000,000 s
2022-06-15 10:59:09,334 INFO  SnsAmbassador - Removed Vehicle id=veh_171 @time=800.000,000,000 s
2022-06-15 10:59:09,339 INFO  SnsAmbassador - Removed Vehicle id=veh_104 @time=802.000,000,000 s
2022-06-15 10:59:09,348 INFO  SnsAmbassador - Removed Vehicle id=veh_173 @time=806.000,000,000 s
2022-06-15 10:59:09,353 INFO  SnsAmbassador - Removed Vehicle id=veh_105 @time=808.000,000,000 s
2022-06-15 10:59:09,357 INFO  SnsAmbassador - Removed Vehicle id=veh_175 @time=810.000,000,000 s
2022-06-15 10:59:09,366 INFO  SnsAmbassador - Removed Vehicle id=veh_107 @time=814.000,000,000 s
2022-06-15 10:59:09,368 INFO  SnsAmbassador - Removed Vehicle id=veh_108 @time=815.000,000,000 s
2022-06-15 10:59:09,374 INFO  SnsAmbassador - Removed Vehicle id=veh_109 @time=818.000,000,000 s
2022-06-15 10:59:09,389 INFO  SnsAmbassador - Removed Vehicle id=veh_146 @time=825.000,000,000 s
2022-06-15 10:59:09,395 INFO  SnsAmbassador - Removed Vehicle id=veh_176 @time=828.000,000,000 s
2022-06-15 10:59:09,402 INFO  SnsAmbassador - Removed Vehicle id=veh_172 @time=831.000,000,000 s
2022-06-15 10:59:09,404 INFO  SnsAmbassador - Removed Vehicle id=veh_182 @time=832.000,000,000 s
2022-06-15 10:59:09,409 INFO  SnsAmbassador - Removed Vehicle id=veh_186 @time=834.000,000,000 s
2022-06-15 10:59:09,414 INFO  SnsAmbassador - Removed Vehicle id=veh_110 @time=836.000,000,000 s
2022-06-15 10:59:09,420 INFO  SnsAmbassador - Removed Vehicle id=veh_111 @time=839.000,000,000 s
2022-06-15 10:59:09,429 INFO  SnsAmbassador - Removed Vehicle id=veh_113 @time=843.000,000,000 s
2022-06-15 10:59:09,431 INFO  SnsAmbassador - Removed Vehicle id=veh_114 @time=844.000,000,000 s
2022-06-15 10:59:09,438 INFO  SnsAmbassador - Removed Vehicle id=veh_115 @time=847.000,000,000 s
2022-06-15 10:59:09,442 INFO  SnsAmbassador - Removed Vehicle id=veh_117 @time=849.000,000,000 s
2022-06-15 10:59:09,450 INFO  SnsAmbassador - Removed Vehicle id=veh_118 @time=852.000,000,000 s
2022-06-15 10:59:09,458 INFO  SnsAmbassador - Removed Vehicle id=veh_119 @time=855.000,000,000 s
2022-06-15 10:59:09,466 INFO  SnsAmbassador - Removed Vehicle id=veh_120 @time=858.000,000,000 s
2022-06-15 10:59:09,471 INFO  SnsAmbassador - Removed Vehicle id=veh_121 @time=860.000,000,000 s
2022-06-15 10:59:09,479 INFO  SnsAmbassador - Removed Vehicle id=veh_123 @time=863.000,000,000 s
2022-06-15 10:59:09,484 INFO  SnsAmbassador - Removed Vehicle id=veh_124 @time=865.000,000,000 s
2022-06-15 10:59:09,497 INFO  SnsAmbassador - Removed Vehicle id=veh_196 @time=871.000,000,000 s
2022-06-15 10:59:09,503 INFO  SnsAmbassador - Removed Vehicle id=veh_192 @time=874.000,000,000 s
2022-06-15 10:59:09,524 INFO  SnsAmbassador - Removed Vehicle id=veh_125 @time=883.000,000,000 s
2022-06-15 10:59:09,539 INFO  SnsAmbassador - Removed Vehicle id=veh_127 @time=891.000,000,000 s
2022-06-15 10:59:09,546 INFO  SnsAmbassador - Removed Vehicle id=veh_128 @time=895.000,000,000 s
2022-06-15 10:59:09,551 INFO  SnsAmbassador - Removed Vehicle id=veh_130 @time=898.000,000,000 s
2022-06-15 10:59:09,580 INFO  SnsAmbassador - Removed Vehicle id=veh_134 @time=919.000,000,000 s
2022-06-15 10:59:09,583 INFO  SnsAmbassador - Removed Vehicle id=veh_138 @time=921.000,000,000 s
2022-06-15 10:59:09,587 INFO  SnsAmbassador - Removed Vehicle id=veh_140 @time=924.000,000,000 s
2022-06-15 10:59:09,589 INFO  SnsAmbassador - Removed Vehicle id=veh_144 @time=926.000,000,000 s
2022-06-15 10:59:09,593 INFO  SnsAmbassador - Removed Vehicle id=veh_148 @time=929.000,000,000 s
2022-06-15 10:59:09,595 INFO  SnsAmbassador - Removed Vehicle id=veh_150 @time=931.000,000,000 s
2022-06-15 10:59:09,598 INFO  SnsAmbassador - Removed Vehicle id=veh_154 @time=934.000,000,000 s
2022-06-15 10:59:09,602 INFO  SnsAmbassador - Removed Vehicle id=veh_158 @time=937.000,000,000 s
2022-06-15 10:59:09,606 INFO  SnsAmbassador - Removed Vehicle id=veh_160 @time=940.000,000,000 s
2022-06-15 10:59:09,608 INFO  SnsAmbassador - Removed Vehicle id=veh_164 @time=942.000,000,000 s
2022-06-15 10:59:09,610 INFO  SnsAmbassador - Removed Vehicle id=veh_168 @time=944.000,000,000 s
2022-06-15 10:59:09,614 INFO  SnsAmbassador - Removed Vehicle id=veh_170 @time=947.000,000,000 s
2022-06-15 10:59:09,632 INFO  SnsAmbassador - Removed Vehicle id=veh_174 @time=965.000,000,000 s
2022-06-15 10:59:09,634 INFO  SnsAmbassador - Removed Vehicle id=veh_177 @time=967.000,000,000 s
2022-06-15 10:59:09,636 INFO  SnsAmbassador - Removed Vehicle id=veh_178 @time=970.000,000,000 s
2022-06-15 10:59:09,639 INFO  SnsAmbassador - Removed Vehicle id=veh_179 @time=973.000,000,000 s
2022-06-15 10:59:09,654 INFO  SnsAmbassador - Removed Vehicle id=veh_180 @time=993.000,000,000 s
2022-06-15 10:59:09,656 INFO  SnsAmbassador - Removed Vehicle id=veh_181 @time=995.000,000,000 s
2022-06-15 10:59:09,657 INFO  SnsAmbassador - Removed Vehicle id=veh_183 @time=997.000,000,000 s
2022-06-15 10:59:09,804 INFO  SnsAmbassador - Finished simulation
