2022-06-15 10:58:56,671 INFO  CentralNavigationComponent - Initializing CNC-Navigation
2022-06-15 10:58:56,957 INFO  ExtendedGraphHopper - start creating graph from database
2022-06-15 10:58:57,125 INFO  LocationIndexTree - location index created in 0.0141582s, size:3?642, leafs:488, precision:300, depth:3, checksum:1721, entries:[16, 16, 4], entriesPerLeaf:7.4631147
2022-06-15 10:58:57,127 INFO  PrepareRoutingSubnetworks - start finding subnetworks (min:200, min one way:0) totalMB:271, usedMB:162
2022-06-15 10:58:57,133 INFO  PrepareRoutingSubnetworks - 1 subnetworks found for car, totalMB:271, usedMB:162
2022-06-15 10:58:57,138 INFO  PrepareRoutingSubnetworks - 120 subnetworks found for bike, totalMB:271, usedMB:162
2022-06-15 10:58:57,139 INFO  PrepareRoutingSubnetworks - optimize to remove subnetworks (120), unvisited-dead-end-nodes (0), maxEdges/node (10)
2022-06-15 10:58:57,139 INFO  ExtendedGraphHopper - edges: 4?212, nodes 1?721, there were 120 subnetworks. removed them => 0 less nodes
2022-06-15 10:58:57,139 INFO  ExtendedGraphHopper - flushing graph car,bike|RAM|3D|turn_cost|5,15,4,3,3, details:edges:4?212(1MB), nodes:1?721(1MB), name:(1MB), geo:20?808(1MB), bounds:13.4587138,13.6886631,52.580291,52.6692331,0.0,0.0, totalMB:271, usedMB:162)
2022-06-15 10:58:57,140 INFO  ExtendedGraphHopper - flushed graph totalMB:271, usedMB:162)
2022-06-15 10:58:57,140 INFO  CentralNavigationComponent - CNC - Navigation-System initialized
2022-06-15 10:58:57,153 INFO  CentralNavigationComponent - Sending vehicle routes initialization
2022-06-15 10:58:59,175 INFO  CentralNavigationComponent - Change to route 2 for vehicle veh_0.
2022-06-15 10:58:59,232 INFO  CentralNavigationComponent - Change to route 2 for vehicle veh_4.
2022-06-15 10:58:59,283 INFO  CentralNavigationComponent - Change to route 2 for vehicle veh_8.
2022-06-15 10:58:59,308 INFO  CentralNavigationComponent - Change to route 2 for vehicle veh_10.
2022-06-15 10:58:59,346 INFO  CentralNavigationComponent - Change to route 2 for vehicle veh_14.
2022-06-15 10:58:59,378 INFO  CentralNavigationComponent - Change to route 2 for vehicle veh_18.
2022-06-15 10:58:59,399 INFO  CentralNavigationComponent - Change to route 2 for vehicle veh_20.
2022-06-15 10:58:59,432 INFO  CentralNavigationComponent - Change to route 2 for vehicle veh_24.
2022-06-15 10:58:59,462 INFO  CentralNavigationComponent - Change to route 2 for vehicle veh_28.
2022-06-15 10:58:59,480 INFO  CentralNavigationComponent - Change to route 2 for vehicle veh_30.
2022-06-15 10:58:59,513 INFO  CentralNavigationComponent - Change to route 2 for vehicle veh_34.
2022-06-15 10:58:59,548 INFO  CentralNavigationComponent - Change to route 2 for vehicle veh_38.
2022-06-15 10:58:59,563 INFO  CentralNavigationComponent - Change to route 2 for vehicle veh_29.
2022-06-15 10:58:59,571 INFO  CentralNavigationComponent - Change to route 2 for vehicle veh_37.
2022-06-15 10:58:59,584 INFO  CentralNavigationComponent - Change to route 2 for vehicle veh_27.
2022-06-15 10:58:59,587 INFO  CentralNavigationComponent - Change to route 2 for vehicle veh_33.
2022-06-15 10:58:59,592 INFO  CentralNavigationComponent - Change to route 2 for vehicle veh_21.
2022-06-15 10:58:59,596 INFO  CentralNavigationComponent - Change to route 2 for vehicle veh_35.
2022-06-15 10:58:59,604 INFO  CentralNavigationComponent - Change to route 2 for vehicle veh_23.
2022-06-15 10:58:59,607 INFO  CentralNavigationComponent - Change to route 2 for vehicle veh_25.
2022-06-15 10:58:59,610 INFO  CentralNavigationComponent - Change to route 2 for vehicle veh_31.
2022-06-15 10:58:59,628 INFO  CentralNavigationComponent - Change to route 2 for vehicle veh_39.
2022-06-15 10:58:59,643 INFO  CentralNavigationComponent - Change to route 2 for vehicle veh_40.
2022-06-15 10:58:59,663 INFO  CentralNavigationComponent - Change to route 2 for vehicle veh_41.
2022-06-15 10:58:59,694 INFO  CentralNavigationComponent - Change to route 2 for vehicle veh_43.
2022-06-15 10:58:59,710 INFO  CentralNavigationComponent - Change to route 2 for vehicle veh_44.
2022-06-15 10:58:59,734 INFO  CentralNavigationComponent - Change to route 2 for vehicle veh_45.
2022-06-15 10:58:59,770 INFO  CentralNavigationComponent - Change to route 2 for vehicle veh_47.
2022-06-15 10:58:59,788 INFO  CentralNavigationComponent - Change to route 2 for vehicle veh_48.
2022-06-15 10:58:59,814 INFO  CentralNavigationComponent - Change to route 2 for vehicle veh_49.
2022-06-15 10:58:59,831 INFO  CentralNavigationComponent - Change to route 2 for vehicle veh_50.
2022-06-15 10:58:59,858 INFO  CentralNavigationComponent - Change to route 2 for vehicle veh_51.
2022-06-15 10:58:59,903 INFO  CentralNavigationComponent - Change to route 2 for vehicle veh_53.
2022-06-15 10:58:59,922 INFO  CentralNavigationComponent - Change to route 2 for vehicle veh_54.
2022-06-15 10:58:59,953 INFO  CentralNavigationComponent - Change to route 2 for vehicle veh_55.
2022-06-15 10:59:00,004 INFO  CentralNavigationComponent - Change to route 2 for vehicle veh_57.
2022-06-15 10:59:00,034 INFO  CentralNavigationComponent - Change to route 2 for vehicle veh_58.
2022-06-15 10:59:00,069 INFO  CentralNavigationComponent - Change to route 2 for vehicle veh_59.
2022-06-15 10:59:00,092 INFO  CentralNavigationComponent - Change to route 2 for vehicle veh_60.
2022-06-15 10:59:00,128 INFO  CentralNavigationComponent - Change to route 2 for vehicle veh_61.
2022-06-15 10:59:00,179 INFO  CentralNavigationComponent - Change to route 2 for vehicle veh_63.
2022-06-15 10:59:00,198 INFO  CentralNavigationComponent - Change to route 2 for vehicle veh_64.
2022-06-15 10:59:00,229 INFO  CentralNavigationComponent - Change to route 2 for vehicle veh_65.
2022-06-15 10:59:00,274 INFO  CentralNavigationComponent - Change to route 2 for vehicle veh_67.
2022-06-15 10:59:00,295 INFO  CentralNavigationComponent - Change to route 2 for vehicle veh_68.
2022-06-15 10:59:00,326 INFO  CentralNavigationComponent - Change to route 2 for vehicle veh_69.
2022-06-15 10:59:00,346 INFO  CentralNavigationComponent - Change to route 2 for vehicle veh_70.
2022-06-15 10:59:00,377 INFO  CentralNavigationComponent - Change to route 2 for vehicle veh_71.
2022-06-15 10:59:00,426 INFO  CentralNavigationComponent - Change to route 2 for vehicle veh_73.
2022-06-15 10:59:00,448 INFO  CentralNavigationComponent - Change to route 2 for vehicle veh_74.
2022-06-15 10:59:00,481 INFO  CentralNavigationComponent - Change to route 2 for vehicle veh_75.
2022-06-15 10:59:00,534 INFO  CentralNavigationComponent - Change to route 2 for vehicle veh_77.
2022-06-15 10:59:00,552 INFO  CentralNavigationComponent - Change to route 2 for vehicle veh_78.
2022-06-15 10:59:00,590 INFO  CentralNavigationComponent - Change to route 2 for vehicle veh_79.
2022-06-15 10:59:00,613 INFO  CentralNavigationComponent - Change to route 2 for vehicle veh_80.
2022-06-15 10:59:00,651 INFO  CentralNavigationComponent - Change to route 2 for vehicle veh_81.
2022-06-15 10:59:00,727 INFO  CentralNavigationComponent - Change to route 2 for vehicle veh_83.
2022-06-15 10:59:00,731 INFO  CentralNavigationComponent - Change to route 2 for vehicle veh_84.
2022-06-15 10:59:00,795 INFO  CentralNavigationComponent - Change to route 2 for vehicle veh_85.
2022-06-15 10:59:00,842 INFO  CentralNavigationComponent - Change to route 2 for vehicle veh_88.
2022-06-15 10:59:00,869 INFO  CentralNavigationComponent - Change to route 2 for vehicle veh_87.
2022-06-15 10:59:00,901 INFO  CentralNavigationComponent - Change to route 2 for vehicle veh_90.
2022-06-15 10:59:00,942 INFO  CentralNavigationComponent - Change to route 2 for vehicle veh_89.
2022-06-15 10:59:01,006 INFO  CentralNavigationComponent - Change to route 2 for vehicle veh_91.
2022-06-15 10:59:01,015 INFO  CentralNavigationComponent - Change to route 2 for vehicle veh_94.
2022-06-15 10:59:01,081 INFO  CentralNavigationComponent - Change to route 2 for vehicle veh_93.
2022-06-15 10:59:01,125 INFO  CentralNavigationComponent - Change to route 2 for vehicle veh_98.
2022-06-15 10:59:01,154 INFO  CentralNavigationComponent - Change to route 2 for vehicle veh_95.
2022-06-15 10:59:01,186 INFO  CentralNavigationComponent - Change to route 2 for vehicle veh_100.
2022-06-15 10:59:01,233 INFO  CentralNavigationComponent - Change to route 2 for vehicle veh_97.
2022-06-15 10:59:01,304 INFO  CentralNavigationComponent - Change to route 2 for vehicle veh_99.
2022-06-15 10:59:01,313 INFO  CentralNavigationComponent - Change to route 2 for vehicle veh_104.
2022-06-15 10:59:01,384 INFO  CentralNavigationComponent - Change to route 2 for vehicle veh_101.
2022-06-15 10:59:01,432 INFO  CentralNavigationComponent - Change to route 2 for vehicle veh_108.
2022-06-15 10:59:01,458 INFO  CentralNavigationComponent - Change to route 2 for vehicle veh_103.
2022-06-15 10:59:01,502 INFO  CentralNavigationComponent - Change to route 2 for vehicle veh_110.
2022-06-15 10:59:01,544 INFO  CentralNavigationComponent - Change to route 2 for vehicle veh_105.
2022-06-15 10:59:01,625 INFO  CentralNavigationComponent - Change to route 2 for vehicle veh_107.
2022-06-15 10:59:01,633 INFO  CentralNavigationComponent - Change to route 2 for vehicle veh_114.
2022-06-15 10:59:01,710 INFO  CentralNavigationComponent - Change to route 2 for vehicle veh_109.
2022-06-15 10:59:01,768 INFO  CentralNavigationComponent - Change to route 2 for vehicle veh_118.
2022-06-15 10:59:01,798 INFO  CentralNavigationComponent - Change to route 2 for vehicle veh_111.
2022-06-15 10:59:01,837 INFO  CentralNavigationComponent - Change to route 2 for vehicle veh_120.
2022-06-15 10:59:01,882 INFO  CentralNavigationComponent - Change to route 2 for vehicle veh_113.
2022-06-15 10:59:01,962 INFO  CentralNavigationComponent - Change to route 2 for vehicle veh_115.
2022-06-15 10:59:01,970 INFO  CentralNavigationComponent - Change to route 2 for vehicle veh_124.
2022-06-15 10:59:02,052 INFO  CentralNavigationComponent - Change to route 2 for vehicle veh_117.
2022-06-15 10:59:02,108 INFO  CentralNavigationComponent - Change to route 2 for vehicle veh_128.
2022-06-15 10:59:02,142 INFO  CentralNavigationComponent - Change to route 2 for vehicle veh_119.
2022-06-15 10:59:02,185 INFO  CentralNavigationComponent - Change to route 2 for vehicle veh_130.
2022-06-15 10:59:02,233 INFO  CentralNavigationComponent - Change to route 2 for vehicle veh_121.
2022-06-15 10:59:02,325 INFO  CentralNavigationComponent - Change to route 2 for vehicle veh_123.
2022-06-15 10:59:02,331 INFO  CentralNavigationComponent - Change to route 2 for vehicle veh_134.
2022-06-15 10:59:02,413 INFO  CentralNavigationComponent - Change to route 2 for vehicle veh_125.
2022-06-15 10:59:02,475 INFO  CentralNavigationComponent - Change to route 2 for vehicle veh_138.
2022-06-15 10:59:02,504 INFO  CentralNavigationComponent - Change to route 2 for vehicle veh_127.
2022-06-15 10:59:02,548 INFO  CentralNavigationComponent - Change to route 2 for vehicle veh_140.
2022-06-15 10:59:02,594 INFO  CentralNavigationComponent - Change to route 2 for vehicle veh_129.
2022-06-15 10:59:02,682 INFO  CentralNavigationComponent - Change to route 2 for vehicle veh_131.
2022-06-15 10:59:02,690 INFO  CentralNavigationComponent - Change to route 2 for vehicle veh_144.
2022-06-15 10:59:02,753 INFO  CentralNavigationComponent - Change to route 2 for vehicle veh_133.
2022-06-15 10:59:02,822 INFO  CentralNavigationComponent - Change to route 2 for vehicle veh_148.
2022-06-15 10:59:02,836 INFO  CentralNavigationComponent - Change to route 2 for vehicle veh_135.
2022-06-15 10:59:02,880 INFO  CentralNavigationComponent - Change to route 2 for vehicle veh_150.
2022-06-15 10:59:02,908 INFO  CentralNavigationComponent - Change to route 2 for vehicle veh_137.
2022-06-15 10:59:02,974 INFO  CentralNavigationComponent - Change to route 2 for vehicle veh_139.
2022-06-15 10:59:02,995 INFO  CentralNavigationComponent - Change to route 2 for vehicle veh_154.
2022-06-15 10:59:03,038 INFO  CentralNavigationComponent - Change to route 2 for vehicle veh_141.
2022-06-15 10:59:03,083 INFO  CentralNavigationComponent - Change to route 2 for vehicle veh_158.
2022-06-15 10:59:03,092 INFO  CentralNavigationComponent - Change to route 2 for vehicle veh_143.
2022-06-15 10:59:03,123 INFO  CentralNavigationComponent - Change to route 2 for vehicle veh_160.
2022-06-15 10:59:03,187 INFO  CentralNavigationComponent - Change to route 2 for vehicle veh_164.
2022-06-15 10:59:03,251 INFO  CentralNavigationComponent - Change to route 2 for vehicle veh_168.
2022-06-15 10:59:03,284 INFO  CentralNavigationComponent - Change to route 2 for vehicle veh_170.
2022-06-15 10:59:03,346 INFO  CentralNavigationComponent - Change to route 2 for vehicle veh_174.
2022-06-15 10:59:03,411 INFO  CentralNavigationComponent - Change to route 2 for vehicle veh_178.
2022-06-15 10:59:03,445 INFO  CentralNavigationComponent - Change to route 2 for vehicle veh_180.
2022-06-15 10:59:03,510 INFO  CentralNavigationComponent - Change to route 2 for vehicle veh_184.
2022-06-15 10:59:03,546 INFO  CentralNavigationComponent - Change to route 2 for vehicle veh_177.
2022-06-15 10:59:03,550 INFO  CentralNavigationComponent - Change to route 2 for vehicle veh_175.
2022-06-15 10:59:03,554 INFO  CentralNavigationComponent - Change to route 2 for vehicle veh_179.
2022-06-15 10:59:03,564 INFO  CentralNavigationComponent - Change to route 2 for vehicle veh_185.
2022-06-15 10:59:03,567 INFO  CentralNavigationComponent - Change to route 2 for vehicle veh_169.
2022-06-15 10:59:03,575 INFO  CentralNavigationComponent - Change to route 2 for vehicle veh_181.
2022-06-15 10:59:03,577 INFO  CentralNavigationComponent - Change to route 2 for vehicle veh_183.
2022-06-15 10:59:03,580 INFO  CentralNavigationComponent - Change to route 2 for vehicle veh_173.
2022-06-15 10:59:03,582 INFO  CentralNavigationComponent - Change to route 2 for vehicle veh_171.
2022-06-15 10:59:03,622 INFO  CentralNavigationComponent - Change to route 2 for vehicle veh_187.
2022-06-15 10:59:03,644 INFO  CentralNavigationComponent - Change to route 2 for vehicle veh_188.
2022-06-15 10:59:03,693 INFO  CentralNavigationComponent - Change to route 2 for vehicle veh_189.
2022-06-15 10:59:03,717 INFO  CentralNavigationComponent - Change to route 2 for vehicle veh_190.
2022-06-15 10:59:03,763 INFO  CentralNavigationComponent - Change to route 2 for vehicle veh_191.
2022-06-15 10:59:03,839 INFO  CentralNavigationComponent - Change to route 2 for vehicle veh_193.
2022-06-15 10:59:03,868 INFO  CentralNavigationComponent - Change to route 2 for vehicle veh_194.
2022-06-15 10:59:03,922 INFO  CentralNavigationComponent - Change to route 2 for vehicle veh_195.
2022-06-15 10:59:04,011 INFO  CentralNavigationComponent - Change to route 2 for vehicle veh_197.
2022-06-15 10:59:04,050 INFO  CentralNavigationComponent - Change to route 2 for vehicle veh_198.
2022-06-15 10:59:04,119 INFO  CentralNavigationComponent - Change to route 2 for vehicle veh_199.
