2022-06-15 10:58:59,458 INFO  - Initialize application (at simulation time 62.000,000,000 s)
2022-06-15 10:58:59,459 INFO  - Activated Cell Module (at simulation time 62.000,000,000 s)
2022-06-15 10:58:59,460 INFO  - Received message from cell from WeatherServer (at simulation time 62.300,000,000 s)
2022-06-15 10:58:59,460 INFO  - Processing DEN message (at simulation time 62.300,000,000 s)
2022-06-15 10:58:59,460 INFO  - The Event is on the vehicle's route 311964536_1313885442_2879911873 = 311964536_1313885442_2879911873 (at simulation time 62.300,000,000 s)
2022-06-15 10:58:59,462 INFO  - Sending Change Route Command at position: null (at simulation time 62.300,000,000 s)
2022-06-15 10:58:59,470 INFO  - Received message from cell from WeatherServer (at simulation time 64.300,000,000 s)
2022-06-15 10:58:59,470 INFO  - Processing DEN message (at simulation time 64.300,000,000 s)
2022-06-15 10:58:59,470 INFO  - Route already changed (at simulation time 64.300,000,000 s)
2022-06-15 10:58:59,478 INFO  - Received message from cell from WeatherServer (at simulation time 66.300,000,000 s)
2022-06-15 10:58:59,478 INFO  - Processing DEN message (at simulation time 66.300,000,000 s)
2022-06-15 10:58:59,478 INFO  - Route already changed (at simulation time 66.300,000,000 s)
2022-06-15 10:58:59,489 INFO  - Received message from cell from WeatherServer (at simulation time 68.300,000,000 s)
2022-06-15 10:58:59,489 INFO  - Processing DEN message (at simulation time 68.300,000,000 s)
2022-06-15 10:58:59,489 INFO  - Route already changed (at simulation time 68.300,000,000 s)
2022-06-15 10:58:59,495 INFO  - Received message from cell from WeatherServer (at simulation time 70.300,000,000 s)
2022-06-15 10:58:59,495 INFO  - Processing DEN message (at simulation time 70.300,000,000 s)
2022-06-15 10:58:59,495 INFO  - Route already changed (at simulation time 70.300,000,000 s)
2022-06-15 10:58:59,503 INFO  - Received message from cell from WeatherServer (at simulation time 72.300,000,000 s)
2022-06-15 10:58:59,503 INFO  - Processing DEN message (at simulation time 72.300,000,000 s)
2022-06-15 10:58:59,503 INFO  - Route already changed (at simulation time 72.300,000,000 s)
2022-06-15 10:58:59,511 INFO  - Received message from cell from WeatherServer (at simulation time 74.300,000,000 s)
2022-06-15 10:58:59,511 INFO  - Processing DEN message (at simulation time 74.300,000,000 s)
2022-06-15 10:58:59,511 INFO  - Route already changed (at simulation time 74.300,000,000 s)
2022-06-15 10:58:59,521 INFO  - Received message from cell from WeatherServer (at simulation time 76.300,000,000 s)
2022-06-15 10:58:59,521 INFO  - Processing DEN message (at simulation time 76.300,000,000 s)
2022-06-15 10:58:59,521 INFO  - Route already changed (at simulation time 76.300,000,000 s)
2022-06-15 10:58:59,527 INFO  - Received message from cell from WeatherServer (at simulation time 78.300,000,000 s)
2022-06-15 10:58:59,527 INFO  - Processing DEN message (at simulation time 78.300,000,000 s)
2022-06-15 10:58:59,527 INFO  - Route already changed (at simulation time 78.300,000,000 s)
2022-06-15 10:58:59,536 INFO  - Received message from cell from WeatherServer (at simulation time 80.300,000,000 s)
2022-06-15 10:58:59,536 INFO  - Processing DEN message (at simulation time 80.300,000,000 s)
2022-06-15 10:58:59,536 INFO  - Route already changed (at simulation time 80.300,000,000 s)
2022-06-15 10:58:59,548 INFO  - Received message from cell from WeatherServer (at simulation time 82.300,000,000 s)
2022-06-15 10:58:59,548 INFO  - Processing DEN message (at simulation time 82.300,000,000 s)
2022-06-15 10:58:59,548 INFO  - Route already changed (at simulation time 82.300,000,000 s)
2022-06-15 10:58:59,621 INFO  - Received message from cell from WeatherServer (at simulation time 84.300,000,000 s)
2022-06-15 10:58:59,621 INFO  - Processing DEN message (at simulation time 84.300,000,000 s)
2022-06-15 10:58:59,621 INFO  - Route already changed (at simulation time 84.300,000,000 s)
2022-06-15 10:58:59,640 INFO  - Received message from cell from WeatherServer (at simulation time 86.300,000,000 s)
2022-06-15 10:58:59,640 INFO  - Processing DEN message (at simulation time 86.300,000,000 s)
2022-06-15 10:58:59,640 INFO  - Route already changed (at simulation time 86.300,000,000 s)
2022-06-15 10:58:59,656 INFO  - Received message from cell from WeatherServer (at simulation time 88.300,000,000 s)
2022-06-15 10:58:59,656 INFO  - Processing DEN message (at simulation time 88.300,000,000 s)
2022-06-15 10:58:59,656 INFO  - Route already changed (at simulation time 88.300,000,000 s)
2022-06-15 10:58:59,672 INFO  - Received message from cell from WeatherServer (at simulation time 90.300,000,000 s)
2022-06-15 10:58:59,672 INFO  - Processing DEN message (at simulation time 90.300,000,000 s)
2022-06-15 10:58:59,672 INFO  - Route already changed (at simulation time 90.300,000,000 s)
2022-06-15 10:58:59,687 INFO  - Received message from cell from WeatherServer (at simulation time 92.300,000,000 s)
2022-06-15 10:58:59,687 INFO  - Processing DEN message (at simulation time 92.300,000,000 s)
2022-06-15 10:58:59,687 INFO  - Route already changed (at simulation time 92.300,000,000 s)
2022-06-15 10:58:59,708 INFO  - Received message from cell from WeatherServer (at simulation time 94.300,000,000 s)
2022-06-15 10:58:59,708 INFO  - Processing DEN message (at simulation time 94.300,000,000 s)
2022-06-15 10:58:59,708 INFO  - Route already changed (at simulation time 94.300,000,000 s)
2022-06-15 10:58:59,727 INFO  - Received message from cell from WeatherServer (at simulation time 96.300,000,000 s)
2022-06-15 10:58:59,727 INFO  - Processing DEN message (at simulation time 96.300,000,000 s)
2022-06-15 10:58:59,727 INFO  - Route already changed (at simulation time 96.300,000,000 s)
2022-06-15 10:58:59,745 INFO  - Received message from cell from WeatherServer (at simulation time 98.300,000,000 s)
2022-06-15 10:58:59,745 INFO  - Processing DEN message (at simulation time 98.300,000,000 s)
2022-06-15 10:58:59,745 INFO  - Route already changed (at simulation time 98.300,000,000 s)
2022-06-15 10:58:59,763 INFO  - Received message from cell from WeatherServer (at simulation time 100.300,000,000 s)
2022-06-15 10:58:59,763 INFO  - Processing DEN message (at simulation time 100.300,000,000 s)
2022-06-15 10:58:59,763 INFO  - Route already changed (at simulation time 100.300,000,000 s)
2022-06-15 10:58:59,786 INFO  - Received message from cell from WeatherServer (at simulation time 102.300,000,000 s)
2022-06-15 10:58:59,786 INFO  - Processing DEN message (at simulation time 102.300,000,000 s)
2022-06-15 10:58:59,786 INFO  - Route already changed (at simulation time 102.300,000,000 s)
2022-06-15 10:58:59,806 INFO  - Received message from cell from WeatherServer (at simulation time 104.300,000,000 s)
2022-06-15 10:58:59,806 INFO  - Processing DEN message (at simulation time 104.300,000,000 s)
2022-06-15 10:58:59,806 INFO  - Route already changed (at simulation time 104.300,000,000 s)
2022-06-15 10:58:59,832 INFO  - Received message from cell from WeatherServer (at simulation time 106.300,000,000 s)
2022-06-15 10:58:59,832 INFO  - Processing DEN message (at simulation time 106.300,000,000 s)
2022-06-15 10:58:59,832 INFO  - Route already changed (at simulation time 106.300,000,000 s)
2022-06-15 10:58:59,851 INFO  - Received message from cell from WeatherServer (at simulation time 108.300,000,000 s)
2022-06-15 10:58:59,851 INFO  - Processing DEN message (at simulation time 108.300,000,000 s)
2022-06-15 10:58:59,851 INFO  - Route already changed (at simulation time 108.300,000,000 s)
2022-06-15 10:58:59,872 INFO  - Received message from cell from WeatherServer (at simulation time 110.300,000,000 s)
2022-06-15 10:58:59,872 INFO  - Processing DEN message (at simulation time 110.300,000,000 s)
2022-06-15 10:58:59,872 INFO  - Route already changed (at simulation time 110.300,000,000 s)
2022-06-15 10:58:59,894 INFO  - Received message from cell from WeatherServer (at simulation time 112.300,000,000 s)
2022-06-15 10:58:59,894 INFO  - Processing DEN message (at simulation time 112.300,000,000 s)
2022-06-15 10:58:59,894 INFO  - Route already changed (at simulation time 112.300,000,000 s)
2022-06-15 10:58:59,920 INFO  - Received message from cell from WeatherServer (at simulation time 114.300,000,000 s)
2022-06-15 10:58:59,920 INFO  - Processing DEN message (at simulation time 114.300,000,000 s)
2022-06-15 10:58:59,920 INFO  - Route already changed (at simulation time 114.300,000,000 s)
2022-06-15 10:58:59,944 INFO  - Received message from cell from WeatherServer (at simulation time 116.300,000,000 s)
2022-06-15 10:58:59,944 INFO  - Processing DEN message (at simulation time 116.300,000,000 s)
2022-06-15 10:58:59,944 INFO  - Route already changed (at simulation time 116.300,000,000 s)
2022-06-15 10:58:59,969 INFO  - Received message from cell from WeatherServer (at simulation time 118.300,000,000 s)
2022-06-15 10:58:59,969 INFO  - Processing DEN message (at simulation time 118.300,000,000 s)
2022-06-15 10:58:59,969 INFO  - Route already changed (at simulation time 118.300,000,000 s)
2022-06-15 10:58:59,995 INFO  - Received message from cell from WeatherServer (at simulation time 120.300,000,000 s)
2022-06-15 10:58:59,995 INFO  - Processing DEN message (at simulation time 120.300,000,000 s)
2022-06-15 10:58:59,995 INFO  - Route already changed (at simulation time 120.300,000,000 s)
2022-06-15 10:59:00,034 INFO  - Received message from cell from WeatherServer (at simulation time 122.300,000,000 s)
2022-06-15 10:59:00,034 INFO  - Processing DEN message (at simulation time 122.300,000,000 s)
2022-06-15 10:59:00,034 INFO  - Route already changed (at simulation time 122.300,000,000 s)
2022-06-15 10:59:00,060 INFO  - Received message from cell from WeatherServer (at simulation time 124.300,000,000 s)
2022-06-15 10:59:00,060 INFO  - Processing DEN message (at simulation time 124.300,000,000 s)
2022-06-15 10:59:00,060 INFO  - Route already changed (at simulation time 124.300,000,000 s)
2022-06-15 10:59:00,093 INFO  - Received message from cell from WeatherServer (at simulation time 126.300,000,000 s)
2022-06-15 10:59:00,093 INFO  - Processing DEN message (at simulation time 126.300,000,000 s)
2022-06-15 10:59:00,093 INFO  - Route already changed (at simulation time 126.300,000,000 s)
2022-06-15 10:59:00,118 INFO  - Received message from cell from WeatherServer (at simulation time 128.300,000,000 s)
2022-06-15 10:59:00,118 INFO  - Processing DEN message (at simulation time 128.300,000,000 s)
2022-06-15 10:59:00,118 INFO  - Route already changed (at simulation time 128.300,000,000 s)
2022-06-15 10:59:00,148 INFO  - Received message from cell from WeatherServer (at simulation time 130.300,000,000 s)
2022-06-15 10:59:00,148 INFO  - Processing DEN message (at simulation time 130.300,000,000 s)
2022-06-15 10:59:00,148 INFO  - Route already changed (at simulation time 130.300,000,000 s)
2022-06-15 10:59:00,170 INFO  - Received message from cell from WeatherServer (at simulation time 132.300,000,000 s)
2022-06-15 10:59:00,170 INFO  - Processing DEN message (at simulation time 132.300,000,000 s)
2022-06-15 10:59:00,170 INFO  - Route already changed (at simulation time 132.300,000,000 s)
2022-06-15 10:59:00,199 INFO  - Received message from cell from WeatherServer (at simulation time 134.300,000,000 s)
2022-06-15 10:59:00,199 INFO  - Processing DEN message (at simulation time 134.300,000,000 s)
2022-06-15 10:59:00,199 INFO  - Route already changed (at simulation time 134.300,000,000 s)
2022-06-15 10:59:00,222 INFO  - Received message from cell from WeatherServer (at simulation time 136.300,000,000 s)
2022-06-15 10:59:00,222 INFO  - Processing DEN message (at simulation time 136.300,000,000 s)
2022-06-15 10:59:00,222 INFO  - Route already changed (at simulation time 136.300,000,000 s)
2022-06-15 10:59:00,245 INFO  - Received message from cell from WeatherServer (at simulation time 138.300,000,000 s)
2022-06-15 10:59:00,245 INFO  - Processing DEN message (at simulation time 138.300,000,000 s)
2022-06-15 10:59:00,245 INFO  - Route already changed (at simulation time 138.300,000,000 s)
2022-06-15 10:59:00,266 INFO  - Received message from cell from WeatherServer (at simulation time 140.300,000,000 s)
2022-06-15 10:59:00,266 INFO  - Processing DEN message (at simulation time 140.300,000,000 s)
2022-06-15 10:59:00,266 INFO  - Route already changed (at simulation time 140.300,000,000 s)
2022-06-15 10:59:00,295 INFO  - Received message from cell from WeatherServer (at simulation time 142.300,000,000 s)
2022-06-15 10:59:00,295 INFO  - Processing DEN message (at simulation time 142.300,000,000 s)
2022-06-15 10:59:00,295 INFO  - Route already changed (at simulation time 142.300,000,000 s)
2022-06-15 10:59:00,318 INFO  - Received message from cell from WeatherServer (at simulation time 144.300,000,000 s)
2022-06-15 10:59:00,318 INFO  - Processing DEN message (at simulation time 144.300,000,000 s)
2022-06-15 10:59:00,318 INFO  - Route already changed (at simulation time 144.300,000,000 s)
2022-06-15 10:59:00,344 INFO  - Received message from cell from WeatherServer (at simulation time 146.300,000,000 s)
2022-06-15 10:59:00,344 INFO  - Processing DEN message (at simulation time 146.300,000,000 s)
2022-06-15 10:59:00,344 INFO  - Route already changed (at simulation time 146.300,000,000 s)
2022-06-15 10:59:00,368 INFO  - Received message from cell from WeatherServer (at simulation time 148.300,000,000 s)
2022-06-15 10:59:00,368 INFO  - Processing DEN message (at simulation time 148.300,000,000 s)
2022-06-15 10:59:00,368 INFO  - Route already changed (at simulation time 148.300,000,000 s)
2022-06-15 10:59:00,394 INFO  - Received message from cell from WeatherServer (at simulation time 150.300,000,000 s)
2022-06-15 10:59:00,394 INFO  - Processing DEN message (at simulation time 150.300,000,000 s)
2022-06-15 10:59:00,394 INFO  - Route already changed (at simulation time 150.300,000,000 s)
2022-06-15 10:59:00,418 INFO  - Received message from cell from WeatherServer (at simulation time 152.300,000,000 s)
2022-06-15 10:59:00,418 INFO  - Processing DEN message (at simulation time 152.300,000,000 s)
2022-06-15 10:59:00,418 INFO  - Route already changed (at simulation time 152.300,000,000 s)
2022-06-15 10:59:00,447 INFO  - Received message from cell from WeatherServer (at simulation time 154.300,000,000 s)
2022-06-15 10:59:00,447 INFO  - Processing DEN message (at simulation time 154.300,000,000 s)
2022-06-15 10:59:00,447 INFO  - Route already changed (at simulation time 154.300,000,000 s)
2022-06-15 10:59:00,473 INFO  - Received message from cell from WeatherServer (at simulation time 156.300,000,000 s)
2022-06-15 10:59:00,473 INFO  - Processing DEN message (at simulation time 156.300,000,000 s)
2022-06-15 10:59:00,473 INFO  - Route already changed (at simulation time 156.300,000,000 s)
2022-06-15 10:59:00,497 INFO  - Received message from cell from WeatherServer (at simulation time 158.300,000,000 s)
2022-06-15 10:59:00,497 INFO  - Processing DEN message (at simulation time 158.300,000,000 s)
2022-06-15 10:59:00,497 INFO  - Route already changed (at simulation time 158.300,000,000 s)
2022-06-15 10:59:00,521 INFO  - Received message from cell from WeatherServer (at simulation time 160.300,000,000 s)
2022-06-15 10:59:00,521 INFO  - Processing DEN message (at simulation time 160.300,000,000 s)
2022-06-15 10:59:00,521 INFO  - Route already changed (at simulation time 160.300,000,000 s)
2022-06-15 10:59:00,552 INFO  - Received message from cell from WeatherServer (at simulation time 162.300,000,000 s)
2022-06-15 10:59:00,552 INFO  - Processing DEN message (at simulation time 162.300,000,000 s)
2022-06-15 10:59:00,552 INFO  - Route already changed (at simulation time 162.300,000,000 s)
2022-06-15 10:59:00,578 INFO  - Received message from cell from WeatherServer (at simulation time 164.300,000,000 s)
2022-06-15 10:59:00,578 INFO  - Processing DEN message (at simulation time 164.300,000,000 s)
2022-06-15 10:59:00,578 INFO  - Route already changed (at simulation time 164.300,000,000 s)
2022-06-15 10:59:00,611 INFO  - Received message from cell from WeatherServer (at simulation time 166.300,000,000 s)
2022-06-15 10:59:00,611 INFO  - Processing DEN message (at simulation time 166.300,000,000 s)
2022-06-15 10:59:00,611 INFO  - Route already changed (at simulation time 166.300,000,000 s)
2022-06-15 10:59:00,640 INFO  - Received message from cell from WeatherServer (at simulation time 168.300,000,000 s)
2022-06-15 10:59:00,640 INFO  - Processing DEN message (at simulation time 168.300,000,000 s)
2022-06-15 10:59:00,640 INFO  - Route already changed (at simulation time 168.300,000,000 s)
2022-06-15 10:59:00,667 INFO  - Received message from cell from WeatherServer (at simulation time 170.300,000,000 s)
2022-06-15 10:59:00,667 INFO  - Processing DEN message (at simulation time 170.300,000,000 s)
2022-06-15 10:59:00,667 INFO  - Route already changed (at simulation time 170.300,000,000 s)
2022-06-15 10:59:00,694 INFO  - Received message from cell from WeatherServer (at simulation time 172.300,000,000 s)
2022-06-15 10:59:00,694 INFO  - Processing DEN message (at simulation time 172.300,000,000 s)
2022-06-15 10:59:00,694 INFO  - Route already changed (at simulation time 172.300,000,000 s)
2022-06-15 10:59:00,729 INFO  - Received message from cell from WeatherServer (at simulation time 174.300,000,000 s)
2022-06-15 10:59:00,729 INFO  - Processing DEN message (at simulation time 174.300,000,000 s)
2022-06-15 10:59:00,729 INFO  - Route already changed (at simulation time 174.300,000,000 s)
2022-06-15 10:59:00,757 INFO  - Received message from cell from WeatherServer (at simulation time 176.300,000,000 s)
2022-06-15 10:59:00,757 INFO  - Processing DEN message (at simulation time 176.300,000,000 s)
2022-06-15 10:59:00,757 INFO  - Route already changed (at simulation time 176.300,000,000 s)
2022-06-15 10:59:00,781 INFO  - Received message from cell from WeatherServer (at simulation time 178.300,000,000 s)
2022-06-15 10:59:00,781 INFO  - Processing DEN message (at simulation time 178.300,000,000 s)
2022-06-15 10:59:00,781 INFO  - Route already changed (at simulation time 178.300,000,000 s)
2022-06-15 10:59:00,811 INFO  - Received message from cell from WeatherServer (at simulation time 180.300,000,000 s)
2022-06-15 10:59:00,811 INFO  - Processing DEN message (at simulation time 180.300,000,000 s)
2022-06-15 10:59:00,811 INFO  - Route already changed (at simulation time 180.300,000,000 s)
2022-06-15 10:59:00,840 INFO  - Received message from cell from WeatherServer (at simulation time 182.300,000,000 s)
2022-06-15 10:59:00,840 INFO  - Processing DEN message (at simulation time 182.300,000,000 s)
2022-06-15 10:59:00,840 INFO  - Route already changed (at simulation time 182.300,000,000 s)
2022-06-15 10:59:00,872 INFO  - Received message from cell from WeatherServer (at simulation time 184.300,000,000 s)
2022-06-15 10:59:00,872 INFO  - Processing DEN message (at simulation time 184.300,000,000 s)
2022-06-15 10:59:00,872 INFO  - Route already changed (at simulation time 184.300,000,000 s)
2022-06-15 10:59:00,901 INFO  - Received message from cell from WeatherServer (at simulation time 186.300,000,000 s)
2022-06-15 10:59:00,901 INFO  - Processing DEN message (at simulation time 186.300,000,000 s)
2022-06-15 10:59:00,901 INFO  - Route already changed (at simulation time 186.300,000,000 s)
2022-06-15 10:59:00,927 INFO  - Received message from cell from WeatherServer (at simulation time 188.300,000,000 s)
2022-06-15 10:59:00,928 INFO  - Processing DEN message (at simulation time 188.300,000,000 s)
2022-06-15 10:59:00,928 INFO  - Route already changed (at simulation time 188.300,000,000 s)
2022-06-15 10:59:00,957 INFO  - Received message from cell from WeatherServer (at simulation time 190.300,000,000 s)
2022-06-15 10:59:00,957 INFO  - Processing DEN message (at simulation time 190.300,000,000 s)
2022-06-15 10:59:00,957 INFO  - Route already changed (at simulation time 190.300,000,000 s)
2022-06-15 10:59:00,982 INFO  - Received message from cell from WeatherServer (at simulation time 192.300,000,000 s)
2022-06-15 10:59:00,982 INFO  - Processing DEN message (at simulation time 192.300,000,000 s)
2022-06-15 10:59:00,982 INFO  - Route already changed (at simulation time 192.300,000,000 s)
2022-06-15 10:59:01,015 INFO  - Received message from cell from WeatherServer (at simulation time 194.300,000,000 s)
2022-06-15 10:59:01,015 INFO  - Processing DEN message (at simulation time 194.300,000,000 s)
2022-06-15 10:59:01,015 INFO  - Route already changed (at simulation time 194.300,000,000 s)
2022-06-15 10:59:01,042 INFO  - Received message from cell from WeatherServer (at simulation time 196.300,000,000 s)
2022-06-15 10:59:01,042 INFO  - Processing DEN message (at simulation time 196.300,000,000 s)
2022-06-15 10:59:01,042 INFO  - Route already changed (at simulation time 196.300,000,000 s)
2022-06-15 10:59:01,067 INFO  - Received message from cell from WeatherServer (at simulation time 198.300,000,000 s)
2022-06-15 10:59:01,067 INFO  - Processing DEN message (at simulation time 198.300,000,000 s)
2022-06-15 10:59:01,067 INFO  - Route already changed (at simulation time 198.300,000,000 s)
2022-06-15 10:59:01,097 INFO  - Received message from cell from WeatherServer (at simulation time 200.300,000,000 s)
2022-06-15 10:59:01,097 INFO  - Processing DEN message (at simulation time 200.300,000,000 s)
2022-06-15 10:59:01,097 INFO  - Route already changed (at simulation time 200.300,000,000 s)
2022-06-15 10:59:01,125 INFO  - Received message from cell from WeatherServer (at simulation time 202.300,000,000 s)
2022-06-15 10:59:01,125 INFO  - Processing DEN message (at simulation time 202.300,000,000 s)
2022-06-15 10:59:01,125 INFO  - Route already changed (at simulation time 202.300,000,000 s)
2022-06-15 10:59:01,156 INFO  - Received message from cell from WeatherServer (at simulation time 204.300,000,000 s)
2022-06-15 10:59:01,156 INFO  - Processing DEN message (at simulation time 204.300,000,000 s)
2022-06-15 10:59:01,156 INFO  - Route already changed (at simulation time 204.300,000,000 s)
2022-06-15 10:59:01,184 INFO  - Received message from cell from WeatherServer (at simulation time 206.300,000,000 s)
2022-06-15 10:59:01,184 INFO  - Processing DEN message (at simulation time 206.300,000,000 s)
2022-06-15 10:59:01,184 INFO  - Route already changed (at simulation time 206.300,000,000 s)
2022-06-15 10:59:01,217 INFO  - Received message from cell from WeatherServer (at simulation time 208.300,000,000 s)
2022-06-15 10:59:01,217 INFO  - Processing DEN message (at simulation time 208.300,000,000 s)
2022-06-15 10:59:01,217 INFO  - Route already changed (at simulation time 208.300,000,000 s)
2022-06-15 10:59:01,248 INFO  - Received message from cell from WeatherServer (at simulation time 210.300,000,000 s)
2022-06-15 10:59:01,248 INFO  - Processing DEN message (at simulation time 210.300,000,000 s)
2022-06-15 10:59:01,248 INFO  - Route already changed (at simulation time 210.300,000,000 s)
2022-06-15 10:59:01,277 INFO  - Received message from cell from WeatherServer (at simulation time 212.300,000,000 s)
2022-06-15 10:59:01,277 INFO  - Processing DEN message (at simulation time 212.300,000,000 s)
2022-06-15 10:59:01,277 INFO  - Route already changed (at simulation time 212.300,000,000 s)
2022-06-15 10:59:01,311 INFO  - Received message from cell from WeatherServer (at simulation time 214.300,000,000 s)
2022-06-15 10:59:01,311 INFO  - Processing DEN message (at simulation time 214.300,000,000 s)
2022-06-15 10:59:01,311 INFO  - Route already changed (at simulation time 214.300,000,000 s)
2022-06-15 10:59:01,344 INFO  - Received message from cell from WeatherServer (at simulation time 216.300,000,000 s)
2022-06-15 10:59:01,344 INFO  - Processing DEN message (at simulation time 216.300,000,000 s)
2022-06-15 10:59:01,344 INFO  - Route already changed (at simulation time 216.300,000,000 s)
2022-06-15 10:59:01,370 INFO  - Received message from cell from WeatherServer (at simulation time 218.300,000,000 s)
2022-06-15 10:59:01,370 INFO  - Processing DEN message (at simulation time 218.300,000,000 s)
2022-06-15 10:59:01,370 INFO  - Route already changed (at simulation time 218.300,000,000 s)
2022-06-15 10:59:01,401 INFO  - Received message from cell from WeatherServer (at simulation time 220.300,000,000 s)
2022-06-15 10:59:01,401 INFO  - Processing DEN message (at simulation time 220.300,000,000 s)
2022-06-15 10:59:01,401 INFO  - Route already changed (at simulation time 220.300,000,000 s)
2022-06-15 10:59:01,430 INFO  - Received message from cell from WeatherServer (at simulation time 222.300,000,000 s)
2022-06-15 10:59:01,430 INFO  - Processing DEN message (at simulation time 222.300,000,000 s)
2022-06-15 10:59:01,430 INFO  - Route already changed (at simulation time 222.300,000,000 s)
2022-06-15 10:59:01,463 INFO  - Received message from cell from WeatherServer (at simulation time 224.300,000,000 s)
2022-06-15 10:59:01,463 INFO  - Processing DEN message (at simulation time 224.300,000,000 s)
2022-06-15 10:59:01,463 INFO  - Route already changed (at simulation time 224.300,000,000 s)
2022-06-15 10:59:01,499 INFO  - Received message from cell from WeatherServer (at simulation time 226.300,000,000 s)
2022-06-15 10:59:01,499 INFO  - Processing DEN message (at simulation time 226.300,000,000 s)
2022-06-15 10:59:01,499 INFO  - Route already changed (at simulation time 226.300,000,000 s)
2022-06-15 10:59:01,534 INFO  - Received message from cell from WeatherServer (at simulation time 228.300,000,000 s)
2022-06-15 10:59:01,534 INFO  - Processing DEN message (at simulation time 228.300,000,000 s)
2022-06-15 10:59:01,534 INFO  - Route already changed (at simulation time 228.300,000,000 s)
2022-06-15 10:59:01,566 INFO  - Received message from cell from WeatherServer (at simulation time 230.300,000,000 s)
2022-06-15 10:59:01,566 INFO  - Processing DEN message (at simulation time 230.300,000,000 s)
2022-06-15 10:59:01,566 INFO  - Route already changed (at simulation time 230.300,000,000 s)
2022-06-15 10:59:01,596 INFO  - Received message from cell from WeatherServer (at simulation time 232.300,000,000 s)
2022-06-15 10:59:01,596 INFO  - Processing DEN message (at simulation time 232.300,000,000 s)
2022-06-15 10:59:01,596 INFO  - Route already changed (at simulation time 232.300,000,000 s)
2022-06-15 10:59:01,633 INFO  - Received message from cell from WeatherServer (at simulation time 234.300,000,000 s)
2022-06-15 10:59:01,633 INFO  - Processing DEN message (at simulation time 234.300,000,000 s)
2022-06-15 10:59:01,633 INFO  - Route already changed (at simulation time 234.300,000,000 s)
2022-06-15 10:59:01,664 INFO  - Received message from cell from WeatherServer (at simulation time 236.300,000,000 s)
2022-06-15 10:59:01,664 INFO  - Processing DEN message (at simulation time 236.300,000,000 s)
2022-06-15 10:59:01,664 INFO  - Route already changed (at simulation time 236.300,000,000 s)
2022-06-15 10:59:01,696 INFO  - Received message from cell from WeatherServer (at simulation time 238.300,000,000 s)
2022-06-15 10:59:01,696 INFO  - Processing DEN message (at simulation time 238.300,000,000 s)
2022-06-15 10:59:01,696 INFO  - Route already changed (at simulation time 238.300,000,000 s)
2022-06-15 10:59:01,732 INFO  - Received message from cell from WeatherServer (at simulation time 240.300,000,000 s)
2022-06-15 10:59:01,732 INFO  - Processing DEN message (at simulation time 240.300,000,000 s)
2022-06-15 10:59:01,732 INFO  - Route already changed (at simulation time 240.300,000,000 s)
2022-06-15 10:59:01,766 INFO  - Received message from cell from WeatherServer (at simulation time 242.300,000,000 s)
2022-06-15 10:59:01,766 INFO  - Processing DEN message (at simulation time 242.300,000,000 s)
2022-06-15 10:59:01,766 INFO  - Route already changed (at simulation time 242.300,000,000 s)
2022-06-15 10:59:01,802 INFO  - Received message from cell from WeatherServer (at simulation time 244.300,000,000 s)
2022-06-15 10:59:01,802 INFO  - Processing DEN message (at simulation time 244.300,000,000 s)
2022-06-15 10:59:01,802 INFO  - Route already changed (at simulation time 244.300,000,000 s)
2022-06-15 10:59:01,835 INFO  - Received message from cell from WeatherServer (at simulation time 246.300,000,000 s)
2022-06-15 10:59:01,835 INFO  - Processing DEN message (at simulation time 246.300,000,000 s)
2022-06-15 10:59:01,835 INFO  - Route already changed (at simulation time 246.300,000,000 s)
2022-06-15 10:59:01,869 INFO  - Received message from cell from WeatherServer (at simulation time 248.300,000,000 s)
2022-06-15 10:59:01,869 INFO  - Processing DEN message (at simulation time 248.300,000,000 s)
2022-06-15 10:59:01,869 INFO  - Route already changed (at simulation time 248.300,000,000 s)
2022-06-15 10:59:01,901 INFO  - Received message from cell from WeatherServer (at simulation time 250.300,000,000 s)
2022-06-15 10:59:01,901 INFO  - Processing DEN message (at simulation time 250.300,000,000 s)
2022-06-15 10:59:01,901 INFO  - Route already changed (at simulation time 250.300,000,000 s)
2022-06-15 10:59:01,933 INFO  - Received message from cell from WeatherServer (at simulation time 252.300,000,000 s)
2022-06-15 10:59:01,933 INFO  - Processing DEN message (at simulation time 252.300,000,000 s)
2022-06-15 10:59:01,933 INFO  - Route already changed (at simulation time 252.300,000,000 s)
2022-06-15 10:59:01,969 INFO  - Received message from cell from WeatherServer (at simulation time 254.300,000,000 s)
2022-06-15 10:59:01,969 INFO  - Processing DEN message (at simulation time 254.300,000,000 s)
2022-06-15 10:59:01,969 INFO  - Route already changed (at simulation time 254.300,000,000 s)
2022-06-15 10:59:02,004 INFO  - Received message from cell from WeatherServer (at simulation time 256.300,000,000 s)
2022-06-15 10:59:02,004 INFO  - Processing DEN message (at simulation time 256.300,000,000 s)
2022-06-15 10:59:02,004 INFO  - Route already changed (at simulation time 256.300,000,000 s)
2022-06-15 10:59:02,036 INFO  - Received message from cell from WeatherServer (at simulation time 258.300,000,000 s)
2022-06-15 10:59:02,036 INFO  - Processing DEN message (at simulation time 258.300,000,000 s)
2022-06-15 10:59:02,036 INFO  - Route already changed (at simulation time 258.300,000,000 s)
2022-06-15 10:59:02,073 INFO  - Received message from cell from WeatherServer (at simulation time 260.300,000,000 s)
2022-06-15 10:59:02,073 INFO  - Processing DEN message (at simulation time 260.300,000,000 s)
2022-06-15 10:59:02,073 INFO  - Route already changed (at simulation time 260.300,000,000 s)
2022-06-15 10:59:02,106 INFO  - Received message from cell from WeatherServer (at simulation time 262.300,000,000 s)
2022-06-15 10:59:02,106 INFO  - Processing DEN message (at simulation time 262.300,000,000 s)
2022-06-15 10:59:02,106 INFO  - Route already changed (at simulation time 262.300,000,000 s)
2022-06-15 10:59:02,145 INFO  - Received message from cell from WeatherServer (at simulation time 264.300,000,000 s)
2022-06-15 10:59:02,145 INFO  - Processing DEN message (at simulation time 264.300,000,000 s)
2022-06-15 10:59:02,145 INFO  - Route already changed (at simulation time 264.300,000,000 s)
2022-06-15 10:59:02,185 INFO  - Received message from cell from WeatherServer (at simulation time 266.300,000,000 s)
2022-06-15 10:59:02,185 INFO  - Processing DEN message (at simulation time 266.300,000,000 s)
2022-06-15 10:59:02,185 INFO  - Route already changed (at simulation time 266.300,000,000 s)
2022-06-15 10:59:02,219 INFO  - Received message from cell from WeatherServer (at simulation time 268.300,000,000 s)
2022-06-15 10:59:02,219 INFO  - Processing DEN message (at simulation time 268.300,000,000 s)
2022-06-15 10:59:02,219 INFO  - Route already changed (at simulation time 268.300,000,000 s)
2022-06-15 10:59:02,256 INFO  - Received message from cell from WeatherServer (at simulation time 270.300,000,000 s)
2022-06-15 10:59:02,256 INFO  - Processing DEN message (at simulation time 270.300,000,000 s)
2022-06-15 10:59:02,256 INFO  - Route already changed (at simulation time 270.300,000,000 s)
2022-06-15 10:59:02,290 INFO  - Received message from cell from WeatherServer (at simulation time 272.300,000,000 s)
2022-06-15 10:59:02,290 INFO  - Processing DEN message (at simulation time 272.300,000,000 s)
2022-06-15 10:59:02,290 INFO  - Route already changed (at simulation time 272.300,000,000 s)
2022-06-15 10:59:02,329 INFO  - Received message from cell from WeatherServer (at simulation time 274.300,000,000 s)
2022-06-15 10:59:02,329 INFO  - Processing DEN message (at simulation time 274.300,000,000 s)
2022-06-15 10:59:02,329 INFO  - Route already changed (at simulation time 274.300,000,000 s)
2022-06-15 10:59:02,366 INFO  - Received message from cell from WeatherServer (at simulation time 276.300,000,000 s)
2022-06-15 10:59:02,366 INFO  - Processing DEN message (at simulation time 276.300,000,000 s)
2022-06-15 10:59:02,366 INFO  - Route already changed (at simulation time 276.300,000,000 s)
2022-06-15 10:59:02,398 INFO  - Received message from cell from WeatherServer (at simulation time 278.300,000,000 s)
2022-06-15 10:59:02,398 INFO  - Processing DEN message (at simulation time 278.300,000,000 s)
2022-06-15 10:59:02,398 INFO  - Route already changed (at simulation time 278.300,000,000 s)
2022-06-15 10:59:02,437 INFO  - Received message from cell from WeatherServer (at simulation time 280.300,000,000 s)
2022-06-15 10:59:02,437 INFO  - Processing DEN message (at simulation time 280.300,000,000 s)
2022-06-15 10:59:02,437 INFO  - Route already changed (at simulation time 280.300,000,000 s)
2022-06-15 10:59:02,475 INFO  - Received message from cell from WeatherServer (at simulation time 282.300,000,000 s)
2022-06-15 10:59:02,475 INFO  - Processing DEN message (at simulation time 282.300,000,000 s)
2022-06-15 10:59:02,475 INFO  - Route already changed (at simulation time 282.300,000,000 s)
2022-06-15 10:59:02,512 INFO  - Received message from cell from WeatherServer (at simulation time 284.300,000,000 s)
2022-06-15 10:59:02,512 INFO  - Processing DEN message (at simulation time 284.300,000,000 s)
2022-06-15 10:59:02,512 INFO  - Route already changed (at simulation time 284.300,000,000 s)
2022-06-15 10:59:02,548 INFO  - Received message from cell from WeatherServer (at simulation time 286.300,000,000 s)
2022-06-15 10:59:02,548 INFO  - Processing DEN message (at simulation time 286.300,000,000 s)
2022-06-15 10:59:02,548 INFO  - Route already changed (at simulation time 286.300,000,000 s)
2022-06-15 10:59:02,582 INFO  - Received message from cell from WeatherServer (at simulation time 288.300,000,000 s)
2022-06-15 10:59:02,582 INFO  - Processing DEN message (at simulation time 288.300,000,000 s)
2022-06-15 10:59:02,582 INFO  - Route already changed (at simulation time 288.300,000,000 s)
2022-06-15 10:59:02,616 INFO  - Received message from cell from WeatherServer (at simulation time 290.300,000,000 s)
2022-06-15 10:59:02,616 INFO  - Processing DEN message (at simulation time 290.300,000,000 s)
2022-06-15 10:59:02,616 INFO  - Route already changed (at simulation time 290.300,000,000 s)
2022-06-15 10:59:02,651 INFO  - Received message from cell from WeatherServer (at simulation time 292.300,000,000 s)
2022-06-15 10:59:02,651 INFO  - Processing DEN message (at simulation time 292.300,000,000 s)
2022-06-15 10:59:02,651 INFO  - Route already changed (at simulation time 292.300,000,000 s)
2022-06-15 10:59:02,689 INFO  - Received message from cell from WeatherServer (at simulation time 294.300,000,000 s)
2022-06-15 10:59:02,689 INFO  - Processing DEN message (at simulation time 294.300,000,000 s)
2022-06-15 10:59:02,689 INFO  - Route already changed (at simulation time 294.300,000,000 s)
2022-06-15 10:59:02,724 INFO  - Received message from cell from WeatherServer (at simulation time 296.300,000,000 s)
2022-06-15 10:59:02,724 INFO  - Processing DEN message (at simulation time 296.300,000,000 s)
2022-06-15 10:59:02,724 INFO  - Route already changed (at simulation time 296.300,000,000 s)
2022-06-15 10:59:02,757 INFO  - Received message from cell from WeatherServer (at simulation time 298.300,000,000 s)
2022-06-15 10:59:02,757 INFO  - Processing DEN message (at simulation time 298.300,000,000 s)
2022-06-15 10:59:02,757 INFO  - Route already changed (at simulation time 298.300,000,000 s)
2022-06-15 10:59:02,787 INFO  - Received message from cell from WeatherServer (at simulation time 300.300,000,000 s)
2022-06-15 10:59:02,787 INFO  - Processing DEN message (at simulation time 300.300,000,000 s)
2022-06-15 10:59:02,787 INFO  - Route already changed (at simulation time 300.300,000,000 s)
2022-06-15 10:59:02,823 INFO  - Received message from cell from WeatherServer (at simulation time 302.300,000,000 s)
2022-06-15 10:59:02,823 INFO  - Processing DEN message (at simulation time 302.300,000,000 s)
2022-06-15 10:59:02,823 INFO  - Route already changed (at simulation time 302.300,000,000 s)
2022-06-15 10:59:02,852 INFO  - Received message from cell from WeatherServer (at simulation time 304.300,000,000 s)
2022-06-15 10:59:02,852 INFO  - Processing DEN message (at simulation time 304.300,000,000 s)
2022-06-15 10:59:02,852 INFO  - Route already changed (at simulation time 304.300,000,000 s)
2022-06-15 10:59:02,881 INFO  - Received message from cell from WeatherServer (at simulation time 306.300,000,000 s)
2022-06-15 10:59:02,881 INFO  - Processing DEN message (at simulation time 306.300,000,000 s)
2022-06-15 10:59:02,881 INFO  - Route already changed (at simulation time 306.300,000,000 s)
2022-06-15 10:59:02,911 INFO  - Received message from cell from WeatherServer (at simulation time 308.300,000,000 s)
2022-06-15 10:59:02,911 INFO  - Processing DEN message (at simulation time 308.300,000,000 s)
2022-06-15 10:59:02,911 INFO  - Route already changed (at simulation time 308.300,000,000 s)
2022-06-15 10:59:02,937 INFO  - Received message from cell from WeatherServer (at simulation time 310.300,000,000 s)
2022-06-15 10:59:02,937 INFO  - Processing DEN message (at simulation time 310.300,000,000 s)
2022-06-15 10:59:02,937 INFO  - Route already changed (at simulation time 310.300,000,000 s)
2022-06-15 10:59:02,962 INFO  - Received message from cell from WeatherServer (at simulation time 312.300,000,000 s)
2022-06-15 10:59:02,962 INFO  - Processing DEN message (at simulation time 312.300,000,000 s)
2022-06-15 10:59:02,962 INFO  - Route already changed (at simulation time 312.300,000,000 s)
2022-06-15 10:59:02,995 INFO  - Received message from cell from WeatherServer (at simulation time 314.300,000,000 s)
2022-06-15 10:59:02,995 INFO  - Processing DEN message (at simulation time 314.300,000,000 s)
2022-06-15 10:59:02,995 INFO  - Route already changed (at simulation time 314.300,000,000 s)
2022-06-15 10:59:03,019 INFO  - Received message from cell from WeatherServer (at simulation time 316.300,000,000 s)
2022-06-15 10:59:03,019 INFO  - Processing DEN message (at simulation time 316.300,000,000 s)
2022-06-15 10:59:03,019 INFO  - Route already changed (at simulation time 316.300,000,000 s)
2022-06-15 10:59:03,041 INFO  - Received message from cell from WeatherServer (at simulation time 318.300,000,000 s)
2022-06-15 10:59:03,041 INFO  - Processing DEN message (at simulation time 318.300,000,000 s)
2022-06-15 10:59:03,041 INFO  - Route already changed (at simulation time 318.300,000,000 s)
2022-06-15 10:59:03,062 INFO  - Received message from cell from WeatherServer (at simulation time 320.300,000,000 s)
2022-06-15 10:59:03,062 INFO  - Processing DEN message (at simulation time 320.300,000,000 s)
2022-06-15 10:59:03,062 INFO  - Route already changed (at simulation time 320.300,000,000 s)
2022-06-15 10:59:03,081 INFO  - Received message from cell from WeatherServer (at simulation time 322.300,000,000 s)
2022-06-15 10:59:03,081 INFO  - Processing DEN message (at simulation time 322.300,000,000 s)
2022-06-15 10:59:03,081 INFO  - Route already changed (at simulation time 322.300,000,000 s)
2022-06-15 10:59:03,104 INFO  - Received message from cell from WeatherServer (at simulation time 324.300,000,000 s)
2022-06-15 10:59:03,104 INFO  - Processing DEN message (at simulation time 324.300,000,000 s)
2022-06-15 10:59:03,104 INFO  - Route already changed (at simulation time 324.300,000,000 s)
2022-06-15 10:59:03,124 INFO  - Received message from cell from WeatherServer (at simulation time 326.300,000,000 s)
2022-06-15 10:59:03,124 INFO  - Processing DEN message (at simulation time 326.300,000,000 s)
2022-06-15 10:59:03,124 INFO  - Route already changed (at simulation time 326.300,000,000 s)
2022-06-15 10:59:03,142 INFO  - Received message from cell from WeatherServer (at simulation time 328.300,000,000 s)
2022-06-15 10:59:03,142 INFO  - Processing DEN message (at simulation time 328.300,000,000 s)
2022-06-15 10:59:03,142 INFO  - Route already changed (at simulation time 328.300,000,000 s)
2022-06-15 10:59:03,155 INFO  - Received message from cell from WeatherServer (at simulation time 330.300,000,000 s)
2022-06-15 10:59:03,155 INFO  - Processing DEN message (at simulation time 330.300,000,000 s)
2022-06-15 10:59:03,155 INFO  - Route already changed (at simulation time 330.300,000,000 s)
2022-06-15 10:59:03,171 INFO  - Received message from cell from WeatherServer (at simulation time 332.300,000,000 s)
2022-06-15 10:59:03,171 INFO  - Processing DEN message (at simulation time 332.300,000,000 s)
2022-06-15 10:59:03,171 INFO  - Route already changed (at simulation time 332.300,000,000 s)
2022-06-15 10:59:03,188 INFO  - Received message from cell from WeatherServer (at simulation time 334.300,000,000 s)
2022-06-15 10:59:03,188 INFO  - Processing DEN message (at simulation time 334.300,000,000 s)
2022-06-15 10:59:03,188 INFO  - Route already changed (at simulation time 334.300,000,000 s)
2022-06-15 10:59:03,204 INFO  - Received message from cell from WeatherServer (at simulation time 336.300,000,000 s)
2022-06-15 10:59:03,204 INFO  - Processing DEN message (at simulation time 336.300,000,000 s)
2022-06-15 10:59:03,204 INFO  - Route already changed (at simulation time 336.300,000,000 s)
2022-06-15 10:59:03,218 INFO  - Received message from cell from WeatherServer (at simulation time 338.300,000,000 s)
2022-06-15 10:59:03,218 INFO  - Processing DEN message (at simulation time 338.300,000,000 s)
2022-06-15 10:59:03,218 INFO  - Route already changed (at simulation time 338.300,000,000 s)
2022-06-15 10:59:03,233 INFO  - Received message from cell from WeatherServer (at simulation time 340.300,000,000 s)
2022-06-15 10:59:03,233 INFO  - Processing DEN message (at simulation time 340.300,000,000 s)
2022-06-15 10:59:03,233 INFO  - Route already changed (at simulation time 340.300,000,000 s)
2022-06-15 10:59:03,249 INFO  - Received message from cell from WeatherServer (at simulation time 342.300,000,000 s)
2022-06-15 10:59:03,249 INFO  - Processing DEN message (at simulation time 342.300,000,000 s)
2022-06-15 10:59:03,249 INFO  - Route already changed (at simulation time 342.300,000,000 s)
2022-06-15 10:59:03,267 INFO  - Received message from cell from WeatherServer (at simulation time 344.300,000,000 s)
2022-06-15 10:59:03,267 INFO  - Processing DEN message (at simulation time 344.300,000,000 s)
2022-06-15 10:59:03,267 INFO  - Route already changed (at simulation time 344.300,000,000 s)
2022-06-15 10:59:03,282 INFO  - Received message from cell from WeatherServer (at simulation time 346.300,000,000 s)
2022-06-15 10:59:03,282 INFO  - Processing DEN message (at simulation time 346.300,000,000 s)
2022-06-15 10:59:03,282 INFO  - Route already changed (at simulation time 346.300,000,000 s)
2022-06-15 10:59:03,300 INFO  - Received message from cell from WeatherServer (at simulation time 348.300,000,000 s)
2022-06-15 10:59:03,300 INFO  - Processing DEN message (at simulation time 348.300,000,000 s)
2022-06-15 10:59:03,300 INFO  - Route already changed (at simulation time 348.300,000,000 s)
2022-06-15 10:59:03,312 INFO  - Received message from cell from WeatherServer (at simulation time 350.300,000,000 s)
2022-06-15 10:59:03,312 INFO  - Processing DEN message (at simulation time 350.300,000,000 s)
2022-06-15 10:59:03,312 INFO  - Route already changed (at simulation time 350.300,000,000 s)
2022-06-15 10:59:03,328 INFO  - Received message from cell from WeatherServer (at simulation time 352.300,000,000 s)
2022-06-15 10:59:03,328 INFO  - Processing DEN message (at simulation time 352.300,000,000 s)
2022-06-15 10:59:03,328 INFO  - Route already changed (at simulation time 352.300,000,000 s)
2022-06-15 10:59:03,346 INFO  - Received message from cell from WeatherServer (at simulation time 354.300,000,000 s)
2022-06-15 10:59:03,346 INFO  - Processing DEN message (at simulation time 354.300,000,000 s)
2022-06-15 10:59:03,346 INFO  - Route already changed (at simulation time 354.300,000,000 s)
2022-06-15 10:59:03,361 INFO  - Received message from cell from WeatherServer (at simulation time 356.300,000,000 s)
2022-06-15 10:59:03,361 INFO  - Processing DEN message (at simulation time 356.300,000,000 s)
2022-06-15 10:59:03,361 INFO  - Route already changed (at simulation time 356.300,000,000 s)
2022-06-15 10:59:03,375 INFO  - Received message from cell from WeatherServer (at simulation time 358.300,000,000 s)
2022-06-15 10:59:03,375 INFO  - Processing DEN message (at simulation time 358.300,000,000 s)
2022-06-15 10:59:03,375 INFO  - Route already changed (at simulation time 358.300,000,000 s)
2022-06-15 10:59:03,393 INFO  - Received message from cell from WeatherServer (at simulation time 360.300,000,000 s)
2022-06-15 10:59:03,393 INFO  - Processing DEN message (at simulation time 360.300,000,000 s)
2022-06-15 10:59:03,393 INFO  - Route already changed (at simulation time 360.300,000,000 s)
2022-06-15 10:59:03,409 INFO  - Received message from cell from WeatherServer (at simulation time 362.300,000,000 s)
2022-06-15 10:59:03,409 INFO  - Processing DEN message (at simulation time 362.300,000,000 s)
2022-06-15 10:59:03,409 INFO  - Route already changed (at simulation time 362.300,000,000 s)
2022-06-15 10:59:03,427 INFO  - Received message from cell from WeatherServer (at simulation time 364.300,000,000 s)
2022-06-15 10:59:03,427 INFO  - Processing DEN message (at simulation time 364.300,000,000 s)
2022-06-15 10:59:03,427 INFO  - Route already changed (at simulation time 364.300,000,000 s)
2022-06-15 10:59:03,445 INFO  - Received message from cell from WeatherServer (at simulation time 366.300,000,000 s)
2022-06-15 10:59:03,445 INFO  - Processing DEN message (at simulation time 366.300,000,000 s)
2022-06-15 10:59:03,445 INFO  - Route already changed (at simulation time 366.300,000,000 s)
2022-06-15 10:59:03,463 INFO  - Received message from cell from WeatherServer (at simulation time 368.300,000,000 s)
2022-06-15 10:59:03,463 INFO  - Processing DEN message (at simulation time 368.300,000,000 s)
2022-06-15 10:59:03,463 INFO  - Route already changed (at simulation time 368.300,000,000 s)
2022-06-15 10:59:03,477 INFO  - Received message from cell from WeatherServer (at simulation time 370.300,000,000 s)
2022-06-15 10:59:03,477 INFO  - Processing DEN message (at simulation time 370.300,000,000 s)
2022-06-15 10:59:03,477 INFO  - Route already changed (at simulation time 370.300,000,000 s)
2022-06-15 10:59:03,492 INFO  - Received message from cell from WeatherServer (at simulation time 372.300,000,000 s)
2022-06-15 10:59:03,492 INFO  - Processing DEN message (at simulation time 372.300,000,000 s)
2022-06-15 10:59:03,492 INFO  - Route already changed (at simulation time 372.300,000,000 s)
2022-06-15 10:59:03,511 INFO  - Received message from cell from WeatherServer (at simulation time 374.300,000,000 s)
2022-06-15 10:59:03,511 INFO  - Processing DEN message (at simulation time 374.300,000,000 s)
2022-06-15 10:59:03,511 INFO  - Route already changed (at simulation time 374.300,000,000 s)
2022-06-15 10:59:03,528 INFO  - Received message from cell from WeatherServer (at simulation time 376.300,000,000 s)
2022-06-15 10:59:03,528 INFO  - Processing DEN message (at simulation time 376.300,000,000 s)
2022-06-15 10:59:03,528 INFO  - Route already changed (at simulation time 376.300,000,000 s)
2022-06-15 10:59:03,584 INFO  - Received message from cell from WeatherServer (at simulation time 378.300,000,000 s)
2022-06-15 10:59:03,584 INFO  - Processing DEN message (at simulation time 378.300,000,000 s)
2022-06-15 10:59:03,584 INFO  - Route already changed (at simulation time 378.300,000,000 s)
2022-06-15 10:59:03,611 INFO  - Received message from cell from WeatherServer (at simulation time 380.300,000,000 s)
2022-06-15 10:59:03,611 INFO  - Processing DEN message (at simulation time 380.300,000,000 s)
2022-06-15 10:59:03,611 INFO  - Route already changed (at simulation time 380.300,000,000 s)
2022-06-15 10:59:03,644 INFO  - Received message from cell from WeatherServer (at simulation time 382.300,000,000 s)
2022-06-15 10:59:03,644 INFO  - Processing DEN message (at simulation time 382.300,000,000 s)
2022-06-15 10:59:03,644 INFO  - Route already changed (at simulation time 382.300,000,000 s)
2022-06-15 10:59:03,679 INFO  - Received message from cell from WeatherServer (at simulation time 384.300,000,000 s)
2022-06-15 10:59:03,679 INFO  - Processing DEN message (at simulation time 384.300,000,000 s)
2022-06-15 10:59:03,679 INFO  - Route already changed (at simulation time 384.300,000,000 s)
2022-06-15 10:59:03,718 INFO  - Received message from cell from WeatherServer (at simulation time 386.300,000,000 s)
2022-06-15 10:59:03,718 INFO  - Processing DEN message (at simulation time 386.300,000,000 s)
2022-06-15 10:59:03,718 INFO  - Route already changed (at simulation time 386.300,000,000 s)
2022-06-15 10:59:03,750 INFO  - Received message from cell from WeatherServer (at simulation time 388.300,000,000 s)
2022-06-15 10:59:03,750 INFO  - Processing DEN message (at simulation time 388.300,000,000 s)
2022-06-15 10:59:03,750 INFO  - Route already changed (at simulation time 388.300,000,000 s)
2022-06-15 10:59:03,785 INFO  - Received message from cell from WeatherServer (at simulation time 390.300,000,000 s)
2022-06-15 10:59:03,785 INFO  - Processing DEN message (at simulation time 390.300,000,000 s)
2022-06-15 10:59:03,785 INFO  - Route already changed (at simulation time 390.300,000,000 s)
2022-06-15 10:59:03,826 INFO  - Received message from cell from WeatherServer (at simulation time 392.300,000,000 s)
2022-06-15 10:59:03,826 INFO  - Processing DEN message (at simulation time 392.300,000,000 s)
2022-06-15 10:59:03,826 INFO  - Route already changed (at simulation time 392.300,000,000 s)
2022-06-15 10:59:03,869 INFO  - Received message from cell from WeatherServer (at simulation time 394.300,000,000 s)
2022-06-15 10:59:03,869 INFO  - Processing DEN message (at simulation time 394.300,000,000 s)
2022-06-15 10:59:03,869 INFO  - Route already changed (at simulation time 394.300,000,000 s)
2022-06-15 10:59:03,908 INFO  - Received message from cell from WeatherServer (at simulation time 396.300,000,000 s)
2022-06-15 10:59:03,908 INFO  - Processing DEN message (at simulation time 396.300,000,000 s)
2022-06-15 10:59:03,908 INFO  - Route already changed (at simulation time 396.300,000,000 s)
2022-06-15 10:59:03,951 INFO  - Received message from cell from WeatherServer (at simulation time 398.300,000,000 s)
2022-06-15 10:59:03,951 INFO  - Processing DEN message (at simulation time 398.300,000,000 s)
2022-06-15 10:59:03,951 INFO  - Route already changed (at simulation time 398.300,000,000 s)
2022-06-15 10:59:03,996 INFO  - Received message from cell from WeatherServer (at simulation time 400.300,000,000 s)
2022-06-15 10:59:03,996 INFO  - Processing DEN message (at simulation time 400.300,000,000 s)
2022-06-15 10:59:03,996 INFO  - Route already changed (at simulation time 400.300,000,000 s)
2022-06-15 10:59:04,047 INFO  - Received message from cell from WeatherServer (at simulation time 402.300,000,000 s)
2022-06-15 10:59:04,047 INFO  - Processing DEN message (at simulation time 402.300,000,000 s)
2022-06-15 10:59:04,047 INFO  - Route already changed (at simulation time 402.300,000,000 s)
2022-06-15 10:59:04,103 INFO  - Received message from cell from WeatherServer (at simulation time 404.300,000,000 s)
2022-06-15 10:59:04,103 INFO  - Processing DEN message (at simulation time 404.300,000,000 s)
2022-06-15 10:59:04,103 INFO  - Route already changed (at simulation time 404.300,000,000 s)
2022-06-15 10:59:04,157 INFO  - Received message from cell from WeatherServer (at simulation time 406.300,000,000 s)
2022-06-15 10:59:04,157 INFO  - Processing DEN message (at simulation time 406.300,000,000 s)
2022-06-15 10:59:04,157 INFO  - Route already changed (at simulation time 406.300,000,000 s)
2022-06-15 10:59:04,205 INFO  - Received message from cell from WeatherServer (at simulation time 408.300,000,000 s)
2022-06-15 10:59:04,205 INFO  - Processing DEN message (at simulation time 408.300,000,000 s)
2022-06-15 10:59:04,205 INFO  - Route already changed (at simulation time 408.300,000,000 s)
2022-06-15 10:59:04,256 INFO  - Received message from cell from WeatherServer (at simulation time 410.300,000,000 s)
2022-06-15 10:59:04,256 INFO  - Processing DEN message (at simulation time 410.300,000,000 s)
2022-06-15 10:59:04,256 INFO  - Route already changed (at simulation time 410.300,000,000 s)
2022-06-15 10:59:04,311 INFO  - Received message from cell from WeatherServer (at simulation time 412.300,000,000 s)
2022-06-15 10:59:04,311 INFO  - Processing DEN message (at simulation time 412.300,000,000 s)
2022-06-15 10:59:04,311 INFO  - Route already changed (at simulation time 412.300,000,000 s)
2022-06-15 10:59:04,365 INFO  - Received message from cell from WeatherServer (at simulation time 414.300,000,000 s)
2022-06-15 10:59:04,365 INFO  - Processing DEN message (at simulation time 414.300,000,000 s)
2022-06-15 10:59:04,365 INFO  - Route already changed (at simulation time 414.300,000,000 s)
2022-06-15 10:59:04,422 INFO  - Received message from cell from WeatherServer (at simulation time 416.300,000,000 s)
2022-06-15 10:59:04,422 INFO  - Processing DEN message (at simulation time 416.300,000,000 s)
2022-06-15 10:59:04,422 INFO  - Route already changed (at simulation time 416.300,000,000 s)
2022-06-15 10:59:05,248 INFO  - Shutdown application (at simulation time 447.000,000,000 s)
