2022-06-15 10:59:02,534 INFO  - Initialize application (at simulation time 286.000,000,000 s)
2022-06-15 10:59:02,535 INFO  - Activated Cell Module (at simulation time 286.000,000,000 s)
2022-06-15 10:59:02,546 INFO  - Received message from cell from WeatherServer (at simulation time 286.300,000,000 s)
2022-06-15 10:59:02,546 INFO  - Processing DEN message (at simulation time 286.300,000,000 s)
2022-06-15 10:59:02,546 INFO  - The Event is on the vehicle's route 311964536_1313885442_2879911873 = 311964536_1313885442_2879911873 (at simulation time 286.300,000,000 s)
2022-06-15 10:59:02,548 INFO  - Sending Change Route Command at position: null (at simulation time 286.300,000,000 s)
2022-06-15 10:59:02,582 INFO  - Received message from cell from WeatherServer (at simulation time 288.300,000,000 s)
2022-06-15 10:59:02,582 INFO  - Processing DEN message (at simulation time 288.300,000,000 s)
2022-06-15 10:59:02,582 INFO  - Route already changed (at simulation time 288.300,000,000 s)
2022-06-15 10:59:02,615 INFO  - Received message from cell from WeatherServer (at simulation time 290.300,000,000 s)
2022-06-15 10:59:02,615 INFO  - Processing DEN message (at simulation time 290.300,000,000 s)
2022-06-15 10:59:02,615 INFO  - Route already changed (at simulation time 290.300,000,000 s)
2022-06-15 10:59:02,651 INFO  - Received message from cell from WeatherServer (at simulation time 292.300,000,000 s)
2022-06-15 10:59:02,651 INFO  - Processing DEN message (at simulation time 292.300,000,000 s)
2022-06-15 10:59:02,651 INFO  - Route already changed (at simulation time 292.300,000,000 s)
2022-06-15 10:59:02,689 INFO  - Received message from cell from WeatherServer (at simulation time 294.300,000,000 s)
2022-06-15 10:59:02,689 INFO  - Processing DEN message (at simulation time 294.300,000,000 s)
2022-06-15 10:59:02,689 INFO  - Route already changed (at simulation time 294.300,000,000 s)
2022-06-15 10:59:02,724 INFO  - Received message from cell from WeatherServer (at simulation time 296.300,000,000 s)
2022-06-15 10:59:02,724 INFO  - Processing DEN message (at simulation time 296.300,000,000 s)
2022-06-15 10:59:02,724 INFO  - Route already changed (at simulation time 296.300,000,000 s)
2022-06-15 10:59:02,757 INFO  - Received message from cell from WeatherServer (at simulation time 298.300,000,000 s)
2022-06-15 10:59:02,757 INFO  - Processing DEN message (at simulation time 298.300,000,000 s)
2022-06-15 10:59:02,757 INFO  - Route already changed (at simulation time 298.300,000,000 s)
2022-06-15 10:59:02,788 INFO  - Received message from cell from WeatherServer (at simulation time 300.300,000,000 s)
2022-06-15 10:59:02,788 INFO  - Processing DEN message (at simulation time 300.300,000,000 s)
2022-06-15 10:59:02,788 INFO  - Route already changed (at simulation time 300.300,000,000 s)
2022-06-15 10:59:02,820 INFO  - Received message from cell from WeatherServer (at simulation time 302.300,000,000 s)
2022-06-15 10:59:02,820 INFO  - Processing DEN message (at simulation time 302.300,000,000 s)
2022-06-15 10:59:02,820 INFO  - Route already changed (at simulation time 302.300,000,000 s)
2022-06-15 10:59:02,852 INFO  - Received message from cell from WeatherServer (at simulation time 304.300,000,000 s)
2022-06-15 10:59:02,852 INFO  - Processing DEN message (at simulation time 304.300,000,000 s)
2022-06-15 10:59:02,852 INFO  - Route already changed (at simulation time 304.300,000,000 s)
2022-06-15 10:59:02,881 INFO  - Received message from cell from WeatherServer (at simulation time 306.300,000,000 s)
2022-06-15 10:59:02,881 INFO  - Processing DEN message (at simulation time 306.300,000,000 s)
2022-06-15 10:59:02,881 INFO  - Route already changed (at simulation time 306.300,000,000 s)
2022-06-15 10:59:02,911 INFO  - Received message from cell from WeatherServer (at simulation time 308.300,000,000 s)
2022-06-15 10:59:02,911 INFO  - Processing DEN message (at simulation time 308.300,000,000 s)
2022-06-15 10:59:02,911 INFO  - Route already changed (at simulation time 308.300,000,000 s)
2022-06-15 10:59:02,936 INFO  - Received message from cell from WeatherServer (at simulation time 310.300,000,000 s)
2022-06-15 10:59:02,936 INFO  - Processing DEN message (at simulation time 310.300,000,000 s)
2022-06-15 10:59:02,936 INFO  - Route already changed (at simulation time 310.300,000,000 s)
2022-06-15 10:59:02,962 INFO  - Received message from cell from WeatherServer (at simulation time 312.300,000,000 s)
2022-06-15 10:59:02,962 INFO  - Processing DEN message (at simulation time 312.300,000,000 s)
2022-06-15 10:59:02,962 INFO  - Route already changed (at simulation time 312.300,000,000 s)
2022-06-15 10:59:02,995 INFO  - Received message from cell from WeatherServer (at simulation time 314.300,000,000 s)
2022-06-15 10:59:02,995 INFO  - Processing DEN message (at simulation time 314.300,000,000 s)
2022-06-15 10:59:02,995 INFO  - Route already changed (at simulation time 314.300,000,000 s)
2022-06-15 10:59:03,019 INFO  - Received message from cell from WeatherServer (at simulation time 316.300,000,000 s)
2022-06-15 10:59:03,019 INFO  - Processing DEN message (at simulation time 316.300,000,000 s)
2022-06-15 10:59:03,019 INFO  - Route already changed (at simulation time 316.300,000,000 s)
2022-06-15 10:59:03,041 INFO  - Received message from cell from WeatherServer (at simulation time 318.300,000,000 s)
2022-06-15 10:59:03,041 INFO  - Processing DEN message (at simulation time 318.300,000,000 s)
2022-06-15 10:59:03,041 INFO  - Route already changed (at simulation time 318.300,000,000 s)
2022-06-15 10:59:03,062 INFO  - Received message from cell from WeatherServer (at simulation time 320.300,000,000 s)
2022-06-15 10:59:03,062 INFO  - Processing DEN message (at simulation time 320.300,000,000 s)
2022-06-15 10:59:03,062 INFO  - Route already changed (at simulation time 320.300,000,000 s)
2022-06-15 10:59:03,083 INFO  - Received message from cell from WeatherServer (at simulation time 322.300,000,000 s)
2022-06-15 10:59:03,083 INFO  - Processing DEN message (at simulation time 322.300,000,000 s)
2022-06-15 10:59:03,083 INFO  - Route already changed (at simulation time 322.300,000,000 s)
2022-06-15 10:59:03,104 INFO  - Received message from cell from WeatherServer (at simulation time 324.300,000,000 s)
2022-06-15 10:59:03,104 INFO  - Processing DEN message (at simulation time 324.300,000,000 s)
2022-06-15 10:59:03,104 INFO  - Route already changed (at simulation time 324.300,000,000 s)
2022-06-15 10:59:03,124 INFO  - Received message from cell from WeatherServer (at simulation time 326.300,000,000 s)
2022-06-15 10:59:03,124 INFO  - Processing DEN message (at simulation time 326.300,000,000 s)
2022-06-15 10:59:03,124 INFO  - Route already changed (at simulation time 326.300,000,000 s)
2022-06-15 10:59:03,142 INFO  - Received message from cell from WeatherServer (at simulation time 328.300,000,000 s)
2022-06-15 10:59:03,142 INFO  - Processing DEN message (at simulation time 328.300,000,000 s)
2022-06-15 10:59:03,142 INFO  - Route already changed (at simulation time 328.300,000,000 s)
2022-06-15 10:59:03,156 INFO  - Received message from cell from WeatherServer (at simulation time 330.300,000,000 s)
2022-06-15 10:59:03,156 INFO  - Processing DEN message (at simulation time 330.300,000,000 s)
2022-06-15 10:59:03,156 INFO  - Route already changed (at simulation time 330.300,000,000 s)
2022-06-15 10:59:03,170 INFO  - Received message from cell from WeatherServer (at simulation time 332.300,000,000 s)
2022-06-15 10:59:03,170 INFO  - Processing DEN message (at simulation time 332.300,000,000 s)
2022-06-15 10:59:03,170 INFO  - Route already changed (at simulation time 332.300,000,000 s)
2022-06-15 10:59:03,188 INFO  - Received message from cell from WeatherServer (at simulation time 334.300,000,000 s)
2022-06-15 10:59:03,188 INFO  - Processing DEN message (at simulation time 334.300,000,000 s)
2022-06-15 10:59:03,188 INFO  - Route already changed (at simulation time 334.300,000,000 s)
2022-06-15 10:59:03,203 INFO  - Received message from cell from WeatherServer (at simulation time 336.300,000,000 s)
2022-06-15 10:59:03,203 INFO  - Processing DEN message (at simulation time 336.300,000,000 s)
2022-06-15 10:59:03,203 INFO  - Route already changed (at simulation time 336.300,000,000 s)
2022-06-15 10:59:03,217 INFO  - Received message from cell from WeatherServer (at simulation time 338.300,000,000 s)
2022-06-15 10:59:03,217 INFO  - Processing DEN message (at simulation time 338.300,000,000 s)
2022-06-15 10:59:03,217 INFO  - Route already changed (at simulation time 338.300,000,000 s)
2022-06-15 10:59:03,233 INFO  - Received message from cell from WeatherServer (at simulation time 340.300,000,000 s)
2022-06-15 10:59:03,233 INFO  - Processing DEN message (at simulation time 340.300,000,000 s)
2022-06-15 10:59:03,233 INFO  - Route already changed (at simulation time 340.300,000,000 s)
2022-06-15 10:59:03,249 INFO  - Received message from cell from WeatherServer (at simulation time 342.300,000,000 s)
2022-06-15 10:59:03,249 INFO  - Processing DEN message (at simulation time 342.300,000,000 s)
2022-06-15 10:59:03,249 INFO  - Route already changed (at simulation time 342.300,000,000 s)
2022-06-15 10:59:03,266 INFO  - Received message from cell from WeatherServer (at simulation time 344.300,000,000 s)
2022-06-15 10:59:03,266 INFO  - Processing DEN message (at simulation time 344.300,000,000 s)
2022-06-15 10:59:03,266 INFO  - Route already changed (at simulation time 344.300,000,000 s)
2022-06-15 10:59:03,283 INFO  - Received message from cell from WeatherServer (at simulation time 346.300,000,000 s)
2022-06-15 10:59:03,283 INFO  - Processing DEN message (at simulation time 346.300,000,000 s)
2022-06-15 10:59:03,283 INFO  - Route already changed (at simulation time 346.300,000,000 s)
2022-06-15 10:59:03,299 INFO  - Received message from cell from WeatherServer (at simulation time 348.300,000,000 s)
2022-06-15 10:59:03,299 INFO  - Processing DEN message (at simulation time 348.300,000,000 s)
2022-06-15 10:59:03,299 INFO  - Route already changed (at simulation time 348.300,000,000 s)
2022-06-15 10:59:03,313 INFO  - Received message from cell from WeatherServer (at simulation time 350.300,000,000 s)
2022-06-15 10:59:03,313 INFO  - Processing DEN message (at simulation time 350.300,000,000 s)
2022-06-15 10:59:03,313 INFO  - Route already changed (at simulation time 350.300,000,000 s)
2022-06-15 10:59:03,328 INFO  - Received message from cell from WeatherServer (at simulation time 352.300,000,000 s)
2022-06-15 10:59:03,328 INFO  - Processing DEN message (at simulation time 352.300,000,000 s)
2022-06-15 10:59:03,328 INFO  - Route already changed (at simulation time 352.300,000,000 s)
2022-06-15 10:59:03,346 INFO  - Received message from cell from WeatherServer (at simulation time 354.300,000,000 s)
2022-06-15 10:59:03,346 INFO  - Processing DEN message (at simulation time 354.300,000,000 s)
2022-06-15 10:59:03,346 INFO  - Route already changed (at simulation time 354.300,000,000 s)
2022-06-15 10:59:03,361 INFO  - Received message from cell from WeatherServer (at simulation time 356.300,000,000 s)
2022-06-15 10:59:03,361 INFO  - Processing DEN message (at simulation time 356.300,000,000 s)
2022-06-15 10:59:03,361 INFO  - Route already changed (at simulation time 356.300,000,000 s)
2022-06-15 10:59:03,375 INFO  - Received message from cell from WeatherServer (at simulation time 358.300,000,000 s)
2022-06-15 10:59:03,375 INFO  - Processing DEN message (at simulation time 358.300,000,000 s)
2022-06-15 10:59:03,375 INFO  - Route already changed (at simulation time 358.300,000,000 s)
2022-06-15 10:59:03,393 INFO  - Received message from cell from WeatherServer (at simulation time 360.300,000,000 s)
2022-06-15 10:59:03,393 INFO  - Processing DEN message (at simulation time 360.300,000,000 s)
2022-06-15 10:59:03,393 INFO  - Route already changed (at simulation time 360.300,000,000 s)
2022-06-15 10:59:03,409 INFO  - Received message from cell from WeatherServer (at simulation time 362.300,000,000 s)
2022-06-15 10:59:03,409 INFO  - Processing DEN message (at simulation time 362.300,000,000 s)
2022-06-15 10:59:03,409 INFO  - Route already changed (at simulation time 362.300,000,000 s)
2022-06-15 10:59:03,427 INFO  - Received message from cell from WeatherServer (at simulation time 364.300,000,000 s)
2022-06-15 10:59:03,427 INFO  - Processing DEN message (at simulation time 364.300,000,000 s)
2022-06-15 10:59:03,427 INFO  - Route already changed (at simulation time 364.300,000,000 s)
2022-06-15 10:59:03,446 INFO  - Received message from cell from WeatherServer (at simulation time 366.300,000,000 s)
2022-06-15 10:59:03,446 INFO  - Processing DEN message (at simulation time 366.300,000,000 s)
2022-06-15 10:59:03,446 INFO  - Route already changed (at simulation time 366.300,000,000 s)
2022-06-15 10:59:03,463 INFO  - Received message from cell from WeatherServer (at simulation time 368.300,000,000 s)
2022-06-15 10:59:03,463 INFO  - Processing DEN message (at simulation time 368.300,000,000 s)
2022-06-15 10:59:03,463 INFO  - Route already changed (at simulation time 368.300,000,000 s)
2022-06-15 10:59:03,477 INFO  - Received message from cell from WeatherServer (at simulation time 370.300,000,000 s)
2022-06-15 10:59:03,477 INFO  - Processing DEN message (at simulation time 370.300,000,000 s)
2022-06-15 10:59:03,477 INFO  - Route already changed (at simulation time 370.300,000,000 s)
2022-06-15 10:59:03,492 INFO  - Received message from cell from WeatherServer (at simulation time 372.300,000,000 s)
2022-06-15 10:59:03,492 INFO  - Processing DEN message (at simulation time 372.300,000,000 s)
2022-06-15 10:59:03,492 INFO  - Route already changed (at simulation time 372.300,000,000 s)
2022-06-15 10:59:03,510 INFO  - Received message from cell from WeatherServer (at simulation time 374.300,000,000 s)
2022-06-15 10:59:03,510 INFO  - Processing DEN message (at simulation time 374.300,000,000 s)
2022-06-15 10:59:03,510 INFO  - Route already changed (at simulation time 374.300,000,000 s)
2022-06-15 10:59:03,527 INFO  - Received message from cell from WeatherServer (at simulation time 376.300,000,000 s)
2022-06-15 10:59:03,527 INFO  - Processing DEN message (at simulation time 376.300,000,000 s)
2022-06-15 10:59:03,527 INFO  - Route already changed (at simulation time 376.300,000,000 s)
2022-06-15 10:59:03,584 INFO  - Received message from cell from WeatherServer (at simulation time 378.300,000,000 s)
2022-06-15 10:59:03,584 INFO  - Processing DEN message (at simulation time 378.300,000,000 s)
2022-06-15 10:59:03,584 INFO  - Route already changed (at simulation time 378.300,000,000 s)
2022-06-15 10:59:03,611 INFO  - Received message from cell from WeatherServer (at simulation time 380.300,000,000 s)
2022-06-15 10:59:03,611 INFO  - Processing DEN message (at simulation time 380.300,000,000 s)
2022-06-15 10:59:03,611 INFO  - Route already changed (at simulation time 380.300,000,000 s)
2022-06-15 10:59:03,642 INFO  - Received message from cell from WeatherServer (at simulation time 382.300,000,000 s)
2022-06-15 10:59:03,642 INFO  - Processing DEN message (at simulation time 382.300,000,000 s)
2022-06-15 10:59:03,642 INFO  - Route already changed (at simulation time 382.300,000,000 s)
2022-06-15 10:59:03,680 INFO  - Received message from cell from WeatherServer (at simulation time 384.300,000,000 s)
2022-06-15 10:59:03,680 INFO  - Processing DEN message (at simulation time 384.300,000,000 s)
2022-06-15 10:59:03,680 INFO  - Route already changed (at simulation time 384.300,000,000 s)
2022-06-15 10:59:03,717 INFO  - Received message from cell from WeatherServer (at simulation time 386.300,000,000 s)
2022-06-15 10:59:03,717 INFO  - Processing DEN message (at simulation time 386.300,000,000 s)
2022-06-15 10:59:03,717 INFO  - Route already changed (at simulation time 386.300,000,000 s)
2022-06-15 10:59:03,750 INFO  - Received message from cell from WeatherServer (at simulation time 388.300,000,000 s)
2022-06-15 10:59:03,750 INFO  - Processing DEN message (at simulation time 388.300,000,000 s)
2022-06-15 10:59:03,750 INFO  - Route already changed (at simulation time 388.300,000,000 s)
2022-06-15 10:59:03,785 INFO  - Received message from cell from WeatherServer (at simulation time 390.300,000,000 s)
2022-06-15 10:59:03,785 INFO  - Processing DEN message (at simulation time 390.300,000,000 s)
2022-06-15 10:59:03,785 INFO  - Route already changed (at simulation time 390.300,000,000 s)
2022-06-15 10:59:03,826 INFO  - Received message from cell from WeatherServer (at simulation time 392.300,000,000 s)
2022-06-15 10:59:03,826 INFO  - Processing DEN message (at simulation time 392.300,000,000 s)
2022-06-15 10:59:03,826 INFO  - Route already changed (at simulation time 392.300,000,000 s)
2022-06-15 10:59:03,869 INFO  - Received message from cell from WeatherServer (at simulation time 394.300,000,000 s)
2022-06-15 10:59:03,869 INFO  - Processing DEN message (at simulation time 394.300,000,000 s)
2022-06-15 10:59:03,869 INFO  - Route already changed (at simulation time 394.300,000,000 s)
2022-06-15 10:59:03,908 INFO  - Received message from cell from WeatherServer (at simulation time 396.300,000,000 s)
2022-06-15 10:59:03,908 INFO  - Processing DEN message (at simulation time 396.300,000,000 s)
2022-06-15 10:59:03,908 INFO  - Route already changed (at simulation time 396.300,000,000 s)
2022-06-15 10:59:03,951 INFO  - Received message from cell from WeatherServer (at simulation time 398.300,000,000 s)
2022-06-15 10:59:03,951 INFO  - Processing DEN message (at simulation time 398.300,000,000 s)
2022-06-15 10:59:03,951 INFO  - Route already changed (at simulation time 398.300,000,000 s)
2022-06-15 10:59:03,996 INFO  - Received message from cell from WeatherServer (at simulation time 400.300,000,000 s)
2022-06-15 10:59:03,996 INFO  - Processing DEN message (at simulation time 400.300,000,000 s)
2022-06-15 10:59:03,996 INFO  - Route already changed (at simulation time 400.300,000,000 s)
2022-06-15 10:59:04,047 INFO  - Received message from cell from WeatherServer (at simulation time 402.300,000,000 s)
2022-06-15 10:59:04,047 INFO  - Processing DEN message (at simulation time 402.300,000,000 s)
2022-06-15 10:59:04,047 INFO  - Route already changed (at simulation time 402.300,000,000 s)
2022-06-15 10:59:04,103 INFO  - Received message from cell from WeatherServer (at simulation time 404.300,000,000 s)
2022-06-15 10:59:04,103 INFO  - Processing DEN message (at simulation time 404.300,000,000 s)
2022-06-15 10:59:04,103 INFO  - Route already changed (at simulation time 404.300,000,000 s)
2022-06-15 10:59:04,157 INFO  - Received message from cell from WeatherServer (at simulation time 406.300,000,000 s)
2022-06-15 10:59:04,157 INFO  - Processing DEN message (at simulation time 406.300,000,000 s)
2022-06-15 10:59:04,157 INFO  - Route already changed (at simulation time 406.300,000,000 s)
2022-06-15 10:59:04,205 INFO  - Received message from cell from WeatherServer (at simulation time 408.300,000,000 s)
2022-06-15 10:59:04,205 INFO  - Processing DEN message (at simulation time 408.300,000,000 s)
2022-06-15 10:59:04,205 INFO  - Route already changed (at simulation time 408.300,000,000 s)
2022-06-15 10:59:04,257 INFO  - Received message from cell from WeatherServer (at simulation time 410.300,000,000 s)
2022-06-15 10:59:04,257 INFO  - Processing DEN message (at simulation time 410.300,000,000 s)
2022-06-15 10:59:04,257 INFO  - Route already changed (at simulation time 410.300,000,000 s)
2022-06-15 10:59:04,311 INFO  - Received message from cell from WeatherServer (at simulation time 412.300,000,000 s)
2022-06-15 10:59:04,311 INFO  - Processing DEN message (at simulation time 412.300,000,000 s)
2022-06-15 10:59:04,311 INFO  - Route already changed (at simulation time 412.300,000,000 s)
2022-06-15 10:59:04,365 INFO  - Received message from cell from WeatherServer (at simulation time 414.300,000,000 s)
2022-06-15 10:59:04,365 INFO  - Processing DEN message (at simulation time 414.300,000,000 s)
2022-06-15 10:59:04,365 INFO  - Route already changed (at simulation time 414.300,000,000 s)
2022-06-15 10:59:04,422 INFO  - Received message from cell from WeatherServer (at simulation time 416.300,000,000 s)
2022-06-15 10:59:04,422 INFO  - Processing DEN message (at simulation time 416.300,000,000 s)
2022-06-15 10:59:04,422 INFO  - Route already changed (at simulation time 416.300,000,000 s)
2022-06-15 10:59:04,478 INFO  - Received message from cell from WeatherServer (at simulation time 418.300,000,000 s)
2022-06-15 10:59:04,478 INFO  - Processing DEN message (at simulation time 418.300,000,000 s)
2022-06-15 10:59:04,478 INFO  - Route already changed (at simulation time 418.300,000,000 s)
2022-06-15 10:59:04,537 INFO  - Received message from cell from WeatherServer (at simulation time 420.300,000,000 s)
2022-06-15 10:59:04,537 INFO  - Processing DEN message (at simulation time 420.300,000,000 s)
2022-06-15 10:59:04,537 INFO  - Route already changed (at simulation time 420.300,000,000 s)
2022-06-15 10:59:04,598 INFO  - Received message from cell from WeatherServer (at simulation time 422.300,000,000 s)
2022-06-15 10:59:04,598 INFO  - Processing DEN message (at simulation time 422.300,000,000 s)
2022-06-15 10:59:04,598 INFO  - Route already changed (at simulation time 422.300,000,000 s)
2022-06-15 10:59:04,652 INFO  - Received message from cell from WeatherServer (at simulation time 424.300,000,000 s)
2022-06-15 10:59:04,652 INFO  - Processing DEN message (at simulation time 424.300,000,000 s)
2022-06-15 10:59:04,652 INFO  - Route already changed (at simulation time 424.300,000,000 s)
2022-06-15 10:59:04,713 INFO  - Received message from cell from WeatherServer (at simulation time 426.300,000,000 s)
2022-06-15 10:59:04,713 INFO  - Processing DEN message (at simulation time 426.300,000,000 s)
2022-06-15 10:59:04,713 INFO  - Route already changed (at simulation time 426.300,000,000 s)
2022-06-15 10:59:04,765 INFO  - Received message from cell from WeatherServer (at simulation time 428.300,000,000 s)
2022-06-15 10:59:04,765 INFO  - Processing DEN message (at simulation time 428.300,000,000 s)
2022-06-15 10:59:04,765 INFO  - Route already changed (at simulation time 428.300,000,000 s)
2022-06-15 10:59:04,819 INFO  - Received message from cell from WeatherServer (at simulation time 430.300,000,000 s)
2022-06-15 10:59:04,820 INFO  - Processing DEN message (at simulation time 430.300,000,000 s)
2022-06-15 10:59:04,820 INFO  - Route already changed (at simulation time 430.300,000,000 s)
2022-06-15 10:59:04,872 INFO  - Received message from cell from WeatherServer (at simulation time 432.300,000,000 s)
2022-06-15 10:59:04,872 INFO  - Processing DEN message (at simulation time 432.300,000,000 s)
2022-06-15 10:59:04,872 INFO  - Route already changed (at simulation time 432.300,000,000 s)
2022-06-15 10:59:04,924 INFO  - Received message from cell from WeatherServer (at simulation time 434.300,000,000 s)
2022-06-15 10:59:04,924 INFO  - Processing DEN message (at simulation time 434.300,000,000 s)
2022-06-15 10:59:04,924 INFO  - Route already changed (at simulation time 434.300,000,000 s)
2022-06-15 10:59:04,978 INFO  - Received message from cell from WeatherServer (at simulation time 436.300,000,000 s)
2022-06-15 10:59:04,978 INFO  - Processing DEN message (at simulation time 436.300,000,000 s)
2022-06-15 10:59:04,978 INFO  - Route already changed (at simulation time 436.300,000,000 s)
2022-06-15 10:59:05,034 INFO  - Received message from cell from WeatherServer (at simulation time 438.300,000,000 s)
2022-06-15 10:59:05,034 INFO  - Processing DEN message (at simulation time 438.300,000,000 s)
2022-06-15 10:59:05,034 INFO  - Route already changed (at simulation time 438.300,000,000 s)
2022-06-15 10:59:05,091 INFO  - Received message from cell from WeatherServer (at simulation time 440.300,000,000 s)
2022-06-15 10:59:05,091 INFO  - Processing DEN message (at simulation time 440.300,000,000 s)
2022-06-15 10:59:05,091 INFO  - Route already changed (at simulation time 440.300,000,000 s)
2022-06-15 10:59:05,142 INFO  - Received message from cell from WeatherServer (at simulation time 442.300,000,000 s)
2022-06-15 10:59:05,142 INFO  - Processing DEN message (at simulation time 442.300,000,000 s)
2022-06-15 10:59:05,142 INFO  - Route already changed (at simulation time 442.300,000,000 s)
2022-06-15 10:59:05,192 INFO  - Received message from cell from WeatherServer (at simulation time 444.300,000,000 s)
2022-06-15 10:59:05,192 INFO  - Processing DEN message (at simulation time 444.300,000,000 s)
2022-06-15 10:59:05,192 INFO  - Route already changed (at simulation time 444.300,000,000 s)
2022-06-15 10:59:05,242 INFO  - Received message from cell from WeatherServer (at simulation time 446.300,000,000 s)
2022-06-15 10:59:05,242 INFO  - Processing DEN message (at simulation time 446.300,000,000 s)
2022-06-15 10:59:05,242 INFO  - Route already changed (at simulation time 446.300,000,000 s)
2022-06-15 10:59:05,292 INFO  - Received message from cell from WeatherServer (at simulation time 448.300,000,000 s)
2022-06-15 10:59:05,292 INFO  - Processing DEN message (at simulation time 448.300,000,000 s)
2022-06-15 10:59:05,292 INFO  - Route already changed (at simulation time 448.300,000,000 s)
2022-06-15 10:59:05,343 INFO  - Received message from cell from WeatherServer (at simulation time 450.300,000,000 s)
2022-06-15 10:59:05,343 INFO  - Processing DEN message (at simulation time 450.300,000,000 s)
2022-06-15 10:59:05,343 INFO  - Route already changed (at simulation time 450.300,000,000 s)
2022-06-15 10:59:05,395 INFO  - Received message from cell from WeatherServer (at simulation time 452.300,000,000 s)
2022-06-15 10:59:05,395 INFO  - Processing DEN message (at simulation time 452.300,000,000 s)
2022-06-15 10:59:05,395 INFO  - Route already changed (at simulation time 452.300,000,000 s)
2022-06-15 10:59:05,446 INFO  - Received message from cell from WeatherServer (at simulation time 454.300,000,000 s)
2022-06-15 10:59:05,446 INFO  - Processing DEN message (at simulation time 454.300,000,000 s)
2022-06-15 10:59:05,446 INFO  - Route already changed (at simulation time 454.300,000,000 s)
2022-06-15 10:59:05,497 INFO  - Received message from cell from WeatherServer (at simulation time 456.300,000,000 s)
2022-06-15 10:59:05,497 INFO  - Processing DEN message (at simulation time 456.300,000,000 s)
2022-06-15 10:59:05,497 INFO  - Route already changed (at simulation time 456.300,000,000 s)
2022-06-15 10:59:05,548 INFO  - Received message from cell from WeatherServer (at simulation time 458.300,000,000 s)
2022-06-15 10:59:05,548 INFO  - Processing DEN message (at simulation time 458.300,000,000 s)
2022-06-15 10:59:05,548 INFO  - Route already changed (at simulation time 458.300,000,000 s)
2022-06-15 10:59:05,600 INFO  - Received message from cell from WeatherServer (at simulation time 460.300,000,000 s)
2022-06-15 10:59:05,600 INFO  - Processing DEN message (at simulation time 460.300,000,000 s)
2022-06-15 10:59:05,600 INFO  - Route already changed (at simulation time 460.300,000,000 s)
2022-06-15 10:59:05,651 INFO  - Received message from cell from WeatherServer (at simulation time 462.300,000,000 s)
2022-06-15 10:59:05,651 INFO  - Processing DEN message (at simulation time 462.300,000,000 s)
2022-06-15 10:59:05,651 INFO  - Route already changed (at simulation time 462.300,000,000 s)
2022-06-15 10:59:05,701 INFO  - Received message from cell from WeatherServer (at simulation time 464.300,000,000 s)
2022-06-15 10:59:05,701 INFO  - Processing DEN message (at simulation time 464.300,000,000 s)
2022-06-15 10:59:05,701 INFO  - Route already changed (at simulation time 464.300,000,000 s)
2022-06-15 10:59:05,750 INFO  - Received message from cell from WeatherServer (at simulation time 466.300,000,000 s)
2022-06-15 10:59:05,750 INFO  - Processing DEN message (at simulation time 466.300,000,000 s)
2022-06-15 10:59:05,750 INFO  - Route already changed (at simulation time 466.300,000,000 s)
2022-06-15 10:59:05,804 INFO  - Received message from cell from WeatherServer (at simulation time 468.300,000,000 s)
2022-06-15 10:59:05,804 INFO  - Processing DEN message (at simulation time 468.300,000,000 s)
2022-06-15 10:59:05,804 INFO  - Route already changed (at simulation time 468.300,000,000 s)
2022-06-15 10:59:05,857 INFO  - Received message from cell from WeatherServer (at simulation time 470.300,000,000 s)
2022-06-15 10:59:05,857 INFO  - Processing DEN message (at simulation time 470.300,000,000 s)
2022-06-15 10:59:05,857 INFO  - Route already changed (at simulation time 470.300,000,000 s)
2022-06-15 10:59:05,905 INFO  - Received message from cell from WeatherServer (at simulation time 472.300,000,000 s)
2022-06-15 10:59:05,905 INFO  - Processing DEN message (at simulation time 472.300,000,000 s)
2022-06-15 10:59:05,905 INFO  - Route already changed (at simulation time 472.300,000,000 s)
2022-06-15 10:59:05,954 INFO  - Received message from cell from WeatherServer (at simulation time 474.300,000,000 s)
2022-06-15 10:59:05,954 INFO  - Processing DEN message (at simulation time 474.300,000,000 s)
2022-06-15 10:59:05,954 INFO  - Route already changed (at simulation time 474.300,000,000 s)
2022-06-15 10:59:06,003 INFO  - Received message from cell from WeatherServer (at simulation time 476.300,000,000 s)
2022-06-15 10:59:06,003 INFO  - Processing DEN message (at simulation time 476.300,000,000 s)
2022-06-15 10:59:06,003 INFO  - Route already changed (at simulation time 476.300,000,000 s)
2022-06-15 10:59:06,052 INFO  - Received message from cell from WeatherServer (at simulation time 478.300,000,000 s)
2022-06-15 10:59:06,052 INFO  - Processing DEN message (at simulation time 478.300,000,000 s)
2022-06-15 10:59:06,052 INFO  - Route already changed (at simulation time 478.300,000,000 s)
2022-06-15 10:59:06,097 INFO  - Received message from cell from WeatherServer (at simulation time 480.300,000,000 s)
2022-06-15 10:59:06,097 INFO  - Processing DEN message (at simulation time 480.300,000,000 s)
2022-06-15 10:59:06,097 INFO  - Route already changed (at simulation time 480.300,000,000 s)
2022-06-15 10:59:06,144 INFO  - Received message from cell from WeatherServer (at simulation time 482.300,000,000 s)
2022-06-15 10:59:06,144 INFO  - Processing DEN message (at simulation time 482.300,000,000 s)
2022-06-15 10:59:06,144 INFO  - Route already changed (at simulation time 482.300,000,000 s)
2022-06-15 10:59:06,192 INFO  - Received message from cell from WeatherServer (at simulation time 484.300,000,000 s)
2022-06-15 10:59:06,192 INFO  - Processing DEN message (at simulation time 484.300,000,000 s)
2022-06-15 10:59:06,192 INFO  - Route already changed (at simulation time 484.300,000,000 s)
2022-06-15 10:59:06,240 INFO  - Received message from cell from WeatherServer (at simulation time 486.300,000,000 s)
2022-06-15 10:59:06,240 INFO  - Processing DEN message (at simulation time 486.300,000,000 s)
2022-06-15 10:59:06,240 INFO  - Route already changed (at simulation time 486.300,000,000 s)
2022-06-15 10:59:06,289 INFO  - Received message from cell from WeatherServer (at simulation time 488.300,000,000 s)
2022-06-15 10:59:06,289 INFO  - Processing DEN message (at simulation time 488.300,000,000 s)
2022-06-15 10:59:06,289 INFO  - Route already changed (at simulation time 488.300,000,000 s)
2022-06-15 10:59:06,339 INFO  - Received message from cell from WeatherServer (at simulation time 490.300,000,000 s)
2022-06-15 10:59:06,339 INFO  - Processing DEN message (at simulation time 490.300,000,000 s)
2022-06-15 10:59:06,339 INFO  - Route already changed (at simulation time 490.300,000,000 s)
2022-06-15 10:59:06,387 INFO  - Received message from cell from WeatherServer (at simulation time 492.300,000,000 s)
2022-06-15 10:59:06,387 INFO  - Processing DEN message (at simulation time 492.300,000,000 s)
2022-06-15 10:59:06,387 INFO  - Route already changed (at simulation time 492.300,000,000 s)
2022-06-15 10:59:06,433 INFO  - Received message from cell from WeatherServer (at simulation time 494.300,000,000 s)
2022-06-15 10:59:06,433 INFO  - Processing DEN message (at simulation time 494.300,000,000 s)
2022-06-15 10:59:06,433 INFO  - Route already changed (at simulation time 494.300,000,000 s)
2022-06-15 10:59:06,479 INFO  - Received message from cell from WeatherServer (at simulation time 496.300,000,000 s)
2022-06-15 10:59:06,479 INFO  - Processing DEN message (at simulation time 496.300,000,000 s)
2022-06-15 10:59:06,479 INFO  - Route already changed (at simulation time 496.300,000,000 s)
2022-06-15 10:59:06,527 INFO  - Received message from cell from WeatherServer (at simulation time 498.300,000,000 s)
2022-06-15 10:59:06,527 INFO  - Processing DEN message (at simulation time 498.300,000,000 s)
2022-06-15 10:59:06,527 INFO  - Route already changed (at simulation time 498.300,000,000 s)
2022-06-15 10:59:06,572 INFO  - Received message from cell from WeatherServer (at simulation time 500.300,000,000 s)
2022-06-15 10:59:06,572 INFO  - Processing DEN message (at simulation time 500.300,000,000 s)
2022-06-15 10:59:06,572 INFO  - Route already changed (at simulation time 500.300,000,000 s)
2022-06-15 10:59:06,616 INFO  - Received message from cell from WeatherServer (at simulation time 502.300,000,000 s)
2022-06-15 10:59:06,616 INFO  - Processing DEN message (at simulation time 502.300,000,000 s)
2022-06-15 10:59:06,616 INFO  - Route already changed (at simulation time 502.300,000,000 s)
2022-06-15 10:59:06,666 INFO  - Received message from cell from WeatherServer (at simulation time 504.300,000,000 s)
2022-06-15 10:59:06,666 INFO  - Processing DEN message (at simulation time 504.300,000,000 s)
2022-06-15 10:59:06,666 INFO  - Route already changed (at simulation time 504.300,000,000 s)
2022-06-15 10:59:06,711 INFO  - Received message from cell from WeatherServer (at simulation time 506.300,000,000 s)
2022-06-15 10:59:06,712 INFO  - Processing DEN message (at simulation time 506.300,000,000 s)
2022-06-15 10:59:06,712 INFO  - Route already changed (at simulation time 506.300,000,000 s)
2022-06-15 10:59:06,756 INFO  - Received message from cell from WeatherServer (at simulation time 508.300,000,000 s)
2022-06-15 10:59:06,756 INFO  - Processing DEN message (at simulation time 508.300,000,000 s)
2022-06-15 10:59:06,756 INFO  - Route already changed (at simulation time 508.300,000,000 s)
2022-06-15 10:59:06,803 INFO  - Received message from cell from WeatherServer (at simulation time 510.300,000,000 s)
2022-06-15 10:59:06,803 INFO  - Processing DEN message (at simulation time 510.300,000,000 s)
2022-06-15 10:59:06,803 INFO  - Route already changed (at simulation time 510.300,000,000 s)
2022-06-15 10:59:06,846 INFO  - Received message from cell from WeatherServer (at simulation time 512.300,000,000 s)
2022-06-15 10:59:06,846 INFO  - Processing DEN message (at simulation time 512.300,000,000 s)
2022-06-15 10:59:06,846 INFO  - Route already changed (at simulation time 512.300,000,000 s)
2022-06-15 10:59:06,896 INFO  - Received message from cell from WeatherServer (at simulation time 514.300,000,000 s)
2022-06-15 10:59:06,896 INFO  - Processing DEN message (at simulation time 514.300,000,000 s)
2022-06-15 10:59:06,896 INFO  - Route already changed (at simulation time 514.300,000,000 s)
2022-06-15 10:59:06,939 INFO  - Received message from cell from WeatherServer (at simulation time 516.300,000,000 s)
2022-06-15 10:59:06,939 INFO  - Processing DEN message (at simulation time 516.300,000,000 s)
2022-06-15 10:59:06,939 INFO  - Route already changed (at simulation time 516.300,000,000 s)
2022-06-15 10:59:06,983 INFO  - Received message from cell from WeatherServer (at simulation time 518.300,000,000 s)
2022-06-15 10:59:06,983 INFO  - Processing DEN message (at simulation time 518.300,000,000 s)
2022-06-15 10:59:06,983 INFO  - Route already changed (at simulation time 518.300,000,000 s)
2022-06-15 10:59:07,026 INFO  - Received message from cell from WeatherServer (at simulation time 520.300,000,000 s)
2022-06-15 10:59:07,026 INFO  - Processing DEN message (at simulation time 520.300,000,000 s)
2022-06-15 10:59:07,026 INFO  - Route already changed (at simulation time 520.300,000,000 s)
2022-06-15 10:59:07,071 INFO  - Received message from cell from WeatherServer (at simulation time 522.300,000,000 s)
2022-06-15 10:59:07,071 INFO  - Processing DEN message (at simulation time 522.300,000,000 s)
2022-06-15 10:59:07,071 INFO  - Route already changed (at simulation time 522.300,000,000 s)
2022-06-15 10:59:07,114 INFO  - Received message from cell from WeatherServer (at simulation time 524.300,000,000 s)
2022-06-15 10:59:07,114 INFO  - Processing DEN message (at simulation time 524.300,000,000 s)
2022-06-15 10:59:07,114 INFO  - Route already changed (at simulation time 524.300,000,000 s)
2022-06-15 10:59:07,158 INFO  - Received message from cell from WeatherServer (at simulation time 526.300,000,000 s)
2022-06-15 10:59:07,158 INFO  - Processing DEN message (at simulation time 526.300,000,000 s)
2022-06-15 10:59:07,158 INFO  - Route already changed (at simulation time 526.300,000,000 s)
2022-06-15 10:59:07,205 INFO  - Received message from cell from WeatherServer (at simulation time 528.300,000,000 s)
2022-06-15 10:59:07,205 INFO  - Processing DEN message (at simulation time 528.300,000,000 s)
2022-06-15 10:59:07,205 INFO  - Route already changed (at simulation time 528.300,000,000 s)
2022-06-15 10:59:07,247 INFO  - Received message from cell from WeatherServer (at simulation time 530.300,000,000 s)
2022-06-15 10:59:07,247 INFO  - Processing DEN message (at simulation time 530.300,000,000 s)
2022-06-15 10:59:07,247 INFO  - Route already changed (at simulation time 530.300,000,000 s)
2022-06-15 10:59:07,290 INFO  - Received message from cell from WeatherServer (at simulation time 532.300,000,000 s)
2022-06-15 10:59:07,290 INFO  - Processing DEN message (at simulation time 532.300,000,000 s)
2022-06-15 10:59:07,290 INFO  - Route already changed (at simulation time 532.300,000,000 s)
2022-06-15 10:59:07,332 INFO  - Received message from cell from WeatherServer (at simulation time 534.300,000,000 s)
2022-06-15 10:59:07,332 INFO  - Processing DEN message (at simulation time 534.300,000,000 s)
2022-06-15 10:59:07,332 INFO  - Route already changed (at simulation time 534.300,000,000 s)
2022-06-15 10:59:07,379 INFO  - Received message from cell from WeatherServer (at simulation time 536.300,000,000 s)
2022-06-15 10:59:07,379 INFO  - Processing DEN message (at simulation time 536.300,000,000 s)
2022-06-15 10:59:07,379 INFO  - Route already changed (at simulation time 536.300,000,000 s)
2022-06-15 10:59:07,421 INFO  - Received message from cell from WeatherServer (at simulation time 538.300,000,000 s)
2022-06-15 10:59:07,421 INFO  - Processing DEN message (at simulation time 538.300,000,000 s)
2022-06-15 10:59:07,421 INFO  - Route already changed (at simulation time 538.300,000,000 s)
2022-06-15 10:59:07,465 INFO  - Received message from cell from WeatherServer (at simulation time 540.300,000,000 s)
2022-06-15 10:59:07,465 INFO  - Processing DEN message (at simulation time 540.300,000,000 s)
2022-06-15 10:59:07,465 INFO  - Route already changed (at simulation time 540.300,000,000 s)
2022-06-15 10:59:07,508 INFO  - Received message from cell from WeatherServer (at simulation time 542.300,000,000 s)
2022-06-15 10:59:07,508 INFO  - Processing DEN message (at simulation time 542.300,000,000 s)
2022-06-15 10:59:07,508 INFO  - Route already changed (at simulation time 542.300,000,000 s)
2022-06-15 10:59:07,549 INFO  - Received message from cell from WeatherServer (at simulation time 544.300,000,000 s)
2022-06-15 10:59:07,549 INFO  - Processing DEN message (at simulation time 544.300,000,000 s)
2022-06-15 10:59:07,549 INFO  - Route already changed (at simulation time 544.300,000,000 s)
2022-06-15 10:59:07,589 INFO  - Received message from cell from WeatherServer (at simulation time 546.300,000,000 s)
2022-06-15 10:59:07,589 INFO  - Processing DEN message (at simulation time 546.300,000,000 s)
2022-06-15 10:59:07,589 INFO  - Route already changed (at simulation time 546.300,000,000 s)
2022-06-15 10:59:07,629 INFO  - Received message from cell from WeatherServer (at simulation time 548.300,000,000 s)
2022-06-15 10:59:07,629 INFO  - Processing DEN message (at simulation time 548.300,000,000 s)
2022-06-15 10:59:07,629 INFO  - Route already changed (at simulation time 548.300,000,000 s)
2022-06-15 10:59:07,670 INFO  - Received message from cell from WeatherServer (at simulation time 550.300,000,000 s)
2022-06-15 10:59:07,670 INFO  - Processing DEN message (at simulation time 550.300,000,000 s)
2022-06-15 10:59:07,670 INFO  - Route already changed (at simulation time 550.300,000,000 s)
2022-06-15 10:59:07,710 INFO  - Received message from cell from WeatherServer (at simulation time 552.300,000,000 s)
2022-06-15 10:59:07,710 INFO  - Processing DEN message (at simulation time 552.300,000,000 s)
2022-06-15 10:59:07,710 INFO  - Route already changed (at simulation time 552.300,000,000 s)
2022-06-15 10:59:07,752 INFO  - Received message from cell from WeatherServer (at simulation time 554.300,000,000 s)
2022-06-15 10:59:07,752 INFO  - Processing DEN message (at simulation time 554.300,000,000 s)
2022-06-15 10:59:07,752 INFO  - Route already changed (at simulation time 554.300,000,000 s)
2022-06-15 10:59:07,794 INFO  - Received message from cell from WeatherServer (at simulation time 556.300,000,000 s)
2022-06-15 10:59:07,794 INFO  - Processing DEN message (at simulation time 556.300,000,000 s)
2022-06-15 10:59:07,794 INFO  - Route already changed (at simulation time 556.300,000,000 s)
2022-06-15 10:59:07,834 INFO  - Received message from cell from WeatherServer (at simulation time 558.300,000,000 s)
2022-06-15 10:59:07,834 INFO  - Processing DEN message (at simulation time 558.300,000,000 s)
2022-06-15 10:59:07,834 INFO  - Route already changed (at simulation time 558.300,000,000 s)
2022-06-15 10:59:07,873 INFO  - Received message from cell from WeatherServer (at simulation time 560.300,000,000 s)
2022-06-15 10:59:07,873 INFO  - Processing DEN message (at simulation time 560.300,000,000 s)
2022-06-15 10:59:07,873 INFO  - Route already changed (at simulation time 560.300,000,000 s)
2022-06-15 10:59:07,917 INFO  - Received message from cell from WeatherServer (at simulation time 562.300,000,000 s)
2022-06-15 10:59:07,917 INFO  - Processing DEN message (at simulation time 562.300,000,000 s)
2022-06-15 10:59:07,917 INFO  - Route already changed (at simulation time 562.300,000,000 s)
2022-06-15 10:59:07,958 INFO  - Received message from cell from WeatherServer (at simulation time 564.300,000,000 s)
2022-06-15 10:59:07,958 INFO  - Processing DEN message (at simulation time 564.300,000,000 s)
2022-06-15 10:59:07,958 INFO  - Route already changed (at simulation time 564.300,000,000 s)
2022-06-15 10:59:07,997 INFO  - Received message from cell from WeatherServer (at simulation time 566.300,000,000 s)
2022-06-15 10:59:07,997 INFO  - Processing DEN message (at simulation time 566.300,000,000 s)
2022-06-15 10:59:07,997 INFO  - Route already changed (at simulation time 566.300,000,000 s)
2022-06-15 10:59:08,037 INFO  - Received message from cell from WeatherServer (at simulation time 568.300,000,000 s)
2022-06-15 10:59:08,037 INFO  - Processing DEN message (at simulation time 568.300,000,000 s)
2022-06-15 10:59:08,037 INFO  - Route already changed (at simulation time 568.300,000,000 s)
2022-06-15 10:59:08,077 INFO  - Received message from cell from WeatherServer (at simulation time 570.300,000,000 s)
2022-06-15 10:59:08,077 INFO  - Processing DEN message (at simulation time 570.300,000,000 s)
2022-06-15 10:59:08,077 INFO  - Route already changed (at simulation time 570.300,000,000 s)
2022-06-15 10:59:08,118 INFO  - Received message from cell from WeatherServer (at simulation time 572.300,000,000 s)
2022-06-15 10:59:08,118 INFO  - Processing DEN message (at simulation time 572.300,000,000 s)
2022-06-15 10:59:08,118 INFO  - Route already changed (at simulation time 572.300,000,000 s)
2022-06-15 10:59:08,160 INFO  - Received message from cell from WeatherServer (at simulation time 574.300,000,000 s)
2022-06-15 10:59:08,160 INFO  - Processing DEN message (at simulation time 574.300,000,000 s)
2022-06-15 10:59:08,160 INFO  - Route already changed (at simulation time 574.300,000,000 s)
2022-06-15 10:59:08,199 INFO  - Received message from cell from WeatherServer (at simulation time 576.300,000,000 s)
2022-06-15 10:59:08,199 INFO  - Processing DEN message (at simulation time 576.300,000,000 s)
2022-06-15 10:59:08,199 INFO  - Route already changed (at simulation time 576.300,000,000 s)
2022-06-15 10:59:08,238 INFO  - Received message from cell from WeatherServer (at simulation time 578.300,000,000 s)
2022-06-15 10:59:08,238 INFO  - Processing DEN message (at simulation time 578.300,000,000 s)
2022-06-15 10:59:08,238 INFO  - Route already changed (at simulation time 578.300,000,000 s)
2022-06-15 10:59:08,274 INFO  - Received message from cell from WeatherServer (at simulation time 580.300,000,000 s)
2022-06-15 10:59:08,274 INFO  - Processing DEN message (at simulation time 580.300,000,000 s)
2022-06-15 10:59:08,274 INFO  - Route already changed (at simulation time 580.300,000,000 s)
2022-06-15 10:59:08,310 INFO  - Received message from cell from WeatherServer (at simulation time 582.300,000,000 s)
2022-06-15 10:59:08,310 INFO  - Processing DEN message (at simulation time 582.300,000,000 s)
2022-06-15 10:59:08,310 INFO  - Route already changed (at simulation time 582.300,000,000 s)
2022-06-15 10:59:08,344 INFO  - Received message from cell from WeatherServer (at simulation time 584.300,000,000 s)
2022-06-15 10:59:08,344 INFO  - Processing DEN message (at simulation time 584.300,000,000 s)
2022-06-15 10:59:08,344 INFO  - Route already changed (at simulation time 584.300,000,000 s)
2022-06-15 10:59:08,373 INFO  - Received message from cell from WeatherServer (at simulation time 586.300,000,000 s)
2022-06-15 10:59:08,373 INFO  - Processing DEN message (at simulation time 586.300,000,000 s)
2022-06-15 10:59:08,373 INFO  - Route already changed (at simulation time 586.300,000,000 s)
2022-06-15 10:59:08,402 INFO  - Received message from cell from WeatherServer (at simulation time 588.300,000,000 s)
2022-06-15 10:59:08,402 INFO  - Processing DEN message (at simulation time 588.300,000,000 s)
2022-06-15 10:59:08,402 INFO  - Route already changed (at simulation time 588.300,000,000 s)
2022-06-15 10:59:08,430 INFO  - Received message from cell from WeatherServer (at simulation time 590.300,000,000 s)
2022-06-15 10:59:08,430 INFO  - Processing DEN message (at simulation time 590.300,000,000 s)
2022-06-15 10:59:08,430 INFO  - Route already changed (at simulation time 590.300,000,000 s)
2022-06-15 10:59:08,460 INFO  - Received message from cell from WeatherServer (at simulation time 592.300,000,000 s)
2022-06-15 10:59:08,460 INFO  - Processing DEN message (at simulation time 592.300,000,000 s)
2022-06-15 10:59:08,460 INFO  - Route already changed (at simulation time 592.300,000,000 s)
2022-06-15 10:59:08,489 INFO  - Received message from cell from WeatherServer (at simulation time 594.300,000,000 s)
2022-06-15 10:59:08,489 INFO  - Processing DEN message (at simulation time 594.300,000,000 s)
2022-06-15 10:59:08,489 INFO  - Route already changed (at simulation time 594.300,000,000 s)
2022-06-15 10:59:08,515 INFO  - Received message from cell from WeatherServer (at simulation time 596.300,000,000 s)
2022-06-15 10:59:08,515 INFO  - Processing DEN message (at simulation time 596.300,000,000 s)
2022-06-15 10:59:08,515 INFO  - Route already changed (at simulation time 596.300,000,000 s)
2022-06-15 10:59:08,540 INFO  - Received message from cell from WeatherServer (at simulation time 598.300,000,000 s)
2022-06-15 10:59:08,540 INFO  - Processing DEN message (at simulation time 598.300,000,000 s)
2022-06-15 10:59:08,540 INFO  - Route already changed (at simulation time 598.300,000,000 s)
2022-06-15 10:59:08,564 INFO  - Received message from cell from WeatherServer (at simulation time 600.300,000,000 s)
2022-06-15 10:59:08,564 INFO  - Processing DEN message (at simulation time 600.300,000,000 s)
2022-06-15 10:59:08,564 INFO  - Route already changed (at simulation time 600.300,000,000 s)
2022-06-15 10:59:08,588 INFO  - Received message from cell from WeatherServer (at simulation time 602.300,000,000 s)
2022-06-15 10:59:08,588 INFO  - Processing DEN message (at simulation time 602.300,000,000 s)
2022-06-15 10:59:08,588 INFO  - Route already changed (at simulation time 602.300,000,000 s)
2022-06-15 10:59:08,610 INFO  - Received message from cell from WeatherServer (at simulation time 604.300,000,000 s)
2022-06-15 10:59:08,610 INFO  - Processing DEN message (at simulation time 604.300,000,000 s)
2022-06-15 10:59:08,610 INFO  - Route already changed (at simulation time 604.300,000,000 s)
2022-06-15 10:59:08,629 INFO  - Received message from cell from WeatherServer (at simulation time 606.300,000,000 s)
2022-06-15 10:59:08,629 INFO  - Processing DEN message (at simulation time 606.300,000,000 s)
2022-06-15 10:59:08,629 INFO  - Route already changed (at simulation time 606.300,000,000 s)
2022-06-15 10:59:08,650 INFO  - Received message from cell from WeatherServer (at simulation time 608.300,000,000 s)
2022-06-15 10:59:08,650 INFO  - Processing DEN message (at simulation time 608.300,000,000 s)
2022-06-15 10:59:08,650 INFO  - Route already changed (at simulation time 608.300,000,000 s)
2022-06-15 10:59:08,668 INFO  - Received message from cell from WeatherServer (at simulation time 610.300,000,000 s)
2022-06-15 10:59:08,668 INFO  - Processing DEN message (at simulation time 610.300,000,000 s)
2022-06-15 10:59:08,668 INFO  - Route already changed (at simulation time 610.300,000,000 s)
2022-06-15 10:59:08,687 INFO  - Received message from cell from WeatherServer (at simulation time 612.300,000,000 s)
2022-06-15 10:59:08,687 INFO  - Processing DEN message (at simulation time 612.300,000,000 s)
2022-06-15 10:59:08,687 INFO  - Route already changed (at simulation time 612.300,000,000 s)
2022-06-15 10:59:08,703 INFO  - Received message from cell from WeatherServer (at simulation time 614.300,000,000 s)
2022-06-15 10:59:08,703 INFO  - Processing DEN message (at simulation time 614.300,000,000 s)
2022-06-15 10:59:08,703 INFO  - Route already changed (at simulation time 614.300,000,000 s)
2022-06-15 10:59:08,716 INFO  - Received message from cell from WeatherServer (at simulation time 616.300,000,000 s)
2022-06-15 10:59:08,716 INFO  - Processing DEN message (at simulation time 616.300,000,000 s)
2022-06-15 10:59:08,716 INFO  - Route already changed (at simulation time 616.300,000,000 s)
2022-06-15 10:59:08,727 INFO  - Received message from cell from WeatherServer (at simulation time 618.300,000,000 s)
2022-06-15 10:59:08,727 INFO  - Processing DEN message (at simulation time 618.300,000,000 s)
2022-06-15 10:59:08,727 INFO  - Route already changed (at simulation time 618.300,000,000 s)
2022-06-15 10:59:08,741 INFO  - Received message from cell from WeatherServer (at simulation time 620.300,000,000 s)
2022-06-15 10:59:08,741 INFO  - Processing DEN message (at simulation time 620.300,000,000 s)
2022-06-15 10:59:08,741 INFO  - Route already changed (at simulation time 620.300,000,000 s)
2022-06-15 10:59:08,753 INFO  - Received message from cell from WeatherServer (at simulation time 622.300,000,000 s)
2022-06-15 10:59:08,753 INFO  - Processing DEN message (at simulation time 622.300,000,000 s)
2022-06-15 10:59:08,753 INFO  - Route already changed (at simulation time 622.300,000,000 s)
2022-06-15 10:59:08,762 INFO  - Received message from cell from WeatherServer (at simulation time 624.300,000,000 s)
2022-06-15 10:59:08,762 INFO  - Processing DEN message (at simulation time 624.300,000,000 s)
2022-06-15 10:59:08,762 INFO  - Route already changed (at simulation time 624.300,000,000 s)
2022-06-15 10:59:08,770 INFO  - Received message from cell from WeatherServer (at simulation time 626.300,000,000 s)
2022-06-15 10:59:08,770 INFO  - Processing DEN message (at simulation time 626.300,000,000 s)
2022-06-15 10:59:08,770 INFO  - Route already changed (at simulation time 626.300,000,000 s)
2022-06-15 10:59:08,778 INFO  - Received message from cell from WeatherServer (at simulation time 628.300,000,000 s)
2022-06-15 10:59:08,778 INFO  - Processing DEN message (at simulation time 628.300,000,000 s)
2022-06-15 10:59:08,778 INFO  - Route already changed (at simulation time 628.300,000,000 s)
2022-06-15 10:59:08,786 INFO  - Received message from cell from WeatherServer (at simulation time 630.300,000,000 s)
2022-06-15 10:59:08,786 INFO  - Processing DEN message (at simulation time 630.300,000,000 s)
2022-06-15 10:59:08,786 INFO  - Route already changed (at simulation time 630.300,000,000 s)
2022-06-15 10:59:08,794 INFO  - Received message from cell from WeatherServer (at simulation time 632.300,000,000 s)
2022-06-15 10:59:08,794 INFO  - Processing DEN message (at simulation time 632.300,000,000 s)
2022-06-15 10:59:08,794 INFO  - Route already changed (at simulation time 632.300,000,000 s)
2022-06-15 10:59:08,802 INFO  - Received message from cell from WeatherServer (at simulation time 634.300,000,000 s)
2022-06-15 10:59:08,802 INFO  - Processing DEN message (at simulation time 634.300,000,000 s)
2022-06-15 10:59:08,802 INFO  - Route already changed (at simulation time 634.300,000,000 s)
2022-06-15 10:59:08,810 INFO  - Received message from cell from WeatherServer (at simulation time 636.300,000,000 s)
2022-06-15 10:59:08,810 INFO  - Processing DEN message (at simulation time 636.300,000,000 s)
2022-06-15 10:59:08,810 INFO  - Route already changed (at simulation time 636.300,000,000 s)
2022-06-15 10:59:08,818 INFO  - Received message from cell from WeatherServer (at simulation time 638.300,000,000 s)
2022-06-15 10:59:08,818 INFO  - Processing DEN message (at simulation time 638.300,000,000 s)
2022-06-15 10:59:08,818 INFO  - Route already changed (at simulation time 638.300,000,000 s)
2022-06-15 10:59:08,826 INFO  - Received message from cell from WeatherServer (at simulation time 640.300,000,000 s)
2022-06-15 10:59:08,826 INFO  - Processing DEN message (at simulation time 640.300,000,000 s)
2022-06-15 10:59:08,826 INFO  - Route already changed (at simulation time 640.300,000,000 s)
2022-06-15 10:59:08,834 INFO  - Received message from cell from WeatherServer (at simulation time 642.300,000,000 s)
2022-06-15 10:59:08,834 INFO  - Processing DEN message (at simulation time 642.300,000,000 s)
2022-06-15 10:59:08,834 INFO  - Route already changed (at simulation time 642.300,000,000 s)
2022-06-15 10:59:08,843 INFO  - Received message from cell from WeatherServer (at simulation time 644.300,000,000 s)
2022-06-15 10:59:08,843 INFO  - Processing DEN message (at simulation time 644.300,000,000 s)
2022-06-15 10:59:08,843 INFO  - Route already changed (at simulation time 644.300,000,000 s)
2022-06-15 10:59:08,851 INFO  - Received message from cell from WeatherServer (at simulation time 646.300,000,000 s)
2022-06-15 10:59:08,851 INFO  - Processing DEN message (at simulation time 646.300,000,000 s)
2022-06-15 10:59:08,851 INFO  - Route already changed (at simulation time 646.300,000,000 s)
2022-06-15 10:59:08,858 INFO  - Received message from cell from WeatherServer (at simulation time 648.300,000,000 s)
2022-06-15 10:59:08,858 INFO  - Processing DEN message (at simulation time 648.300,000,000 s)
2022-06-15 10:59:08,858 INFO  - Route already changed (at simulation time 648.300,000,000 s)
2022-06-15 10:59:08,866 INFO  - Received message from cell from WeatherServer (at simulation time 650.300,000,000 s)
2022-06-15 10:59:08,866 INFO  - Processing DEN message (at simulation time 650.300,000,000 s)
2022-06-15 10:59:08,866 INFO  - Route already changed (at simulation time 650.300,000,000 s)
2022-06-15 10:59:08,874 INFO  - Received message from cell from WeatherServer (at simulation time 652.300,000,000 s)
2022-06-15 10:59:08,874 INFO  - Processing DEN message (at simulation time 652.300,000,000 s)
2022-06-15 10:59:08,874 INFO  - Route already changed (at simulation time 652.300,000,000 s)
2022-06-15 10:59:08,881 INFO  - Received message from cell from WeatherServer (at simulation time 654.300,000,000 s)
2022-06-15 10:59:08,881 INFO  - Processing DEN message (at simulation time 654.300,000,000 s)
2022-06-15 10:59:08,881 INFO  - Route already changed (at simulation time 654.300,000,000 s)
2022-06-15 10:59:08,889 INFO  - Received message from cell from WeatherServer (at simulation time 656.300,000,000 s)
2022-06-15 10:59:08,889 INFO  - Processing DEN message (at simulation time 656.300,000,000 s)
2022-06-15 10:59:08,889 INFO  - Route already changed (at simulation time 656.300,000,000 s)
2022-06-15 10:59:08,896 INFO  - Received message from cell from WeatherServer (at simulation time 658.300,000,000 s)
2022-06-15 10:59:08,896 INFO  - Processing DEN message (at simulation time 658.300,000,000 s)
2022-06-15 10:59:08,896 INFO  - Route already changed (at simulation time 658.300,000,000 s)
2022-06-15 10:59:08,904 INFO  - Received message from cell from WeatherServer (at simulation time 660.300,000,000 s)
2022-06-15 10:59:08,904 INFO  - Processing DEN message (at simulation time 660.300,000,000 s)
2022-06-15 10:59:08,904 INFO  - Route already changed (at simulation time 660.300,000,000 s)
2022-06-15 10:59:08,911 INFO  - Received message from cell from WeatherServer (at simulation time 662.300,000,000 s)
2022-06-15 10:59:08,911 INFO  - Processing DEN message (at simulation time 662.300,000,000 s)
2022-06-15 10:59:08,911 INFO  - Route already changed (at simulation time 662.300,000,000 s)
2022-06-15 10:59:08,920 INFO  - Received message from cell from WeatherServer (at simulation time 664.300,000,000 s)
2022-06-15 10:59:08,920 INFO  - Processing DEN message (at simulation time 664.300,000,000 s)
2022-06-15 10:59:08,920 INFO  - Route already changed (at simulation time 664.300,000,000 s)
2022-06-15 10:59:08,928 INFO  - Received message from cell from WeatherServer (at simulation time 666.300,000,000 s)
2022-06-15 10:59:08,928 INFO  - Processing DEN message (at simulation time 666.300,000,000 s)
2022-06-15 10:59:08,928 INFO  - Route already changed (at simulation time 666.300,000,000 s)
2022-06-15 10:59:08,936 INFO  - Received message from cell from WeatherServer (at simulation time 668.300,000,000 s)
2022-06-15 10:59:08,936 INFO  - Processing DEN message (at simulation time 668.300,000,000 s)
2022-06-15 10:59:08,936 INFO  - Route already changed (at simulation time 668.300,000,000 s)
2022-06-15 10:59:08,943 INFO  - Received message from cell from WeatherServer (at simulation time 670.300,000,000 s)
2022-06-15 10:59:08,943 INFO  - Processing DEN message (at simulation time 670.300,000,000 s)
2022-06-15 10:59:08,943 INFO  - Route already changed (at simulation time 670.300,000,000 s)
2022-06-15 10:59:08,951 INFO  - Received message from cell from WeatherServer (at simulation time 672.300,000,000 s)
2022-06-15 10:59:08,951 INFO  - Processing DEN message (at simulation time 672.300,000,000 s)
2022-06-15 10:59:08,951 INFO  - Route already changed (at simulation time 672.300,000,000 s)
2022-06-15 10:59:08,958 INFO  - Received message from cell from WeatherServer (at simulation time 674.300,000,000 s)
2022-06-15 10:59:08,958 INFO  - Processing DEN message (at simulation time 674.300,000,000 s)
2022-06-15 10:59:08,958 INFO  - Route already changed (at simulation time 674.300,000,000 s)
2022-06-15 10:59:08,966 INFO  - Received message from cell from WeatherServer (at simulation time 676.300,000,000 s)
2022-06-15 10:59:08,966 INFO  - Processing DEN message (at simulation time 676.300,000,000 s)
2022-06-15 10:59:08,966 INFO  - Route already changed (at simulation time 676.300,000,000 s)
2022-06-15 10:59:08,974 INFO  - Received message from cell from WeatherServer (at simulation time 678.300,000,000 s)
2022-06-15 10:59:08,974 INFO  - Processing DEN message (at simulation time 678.300,000,000 s)
2022-06-15 10:59:08,974 INFO  - Route already changed (at simulation time 678.300,000,000 s)
2022-06-15 10:59:08,981 INFO  - Received message from cell from WeatherServer (at simulation time 680.300,000,000 s)
2022-06-15 10:59:08,981 INFO  - Processing DEN message (at simulation time 680.300,000,000 s)
2022-06-15 10:59:08,981 INFO  - Route already changed (at simulation time 680.300,000,000 s)
2022-06-15 10:59:08,988 INFO  - Received message from cell from WeatherServer (at simulation time 682.300,000,000 s)
2022-06-15 10:59:08,988 INFO  - Processing DEN message (at simulation time 682.300,000,000 s)
2022-06-15 10:59:08,988 INFO  - Route already changed (at simulation time 682.300,000,000 s)
2022-06-15 10:59:08,995 INFO  - Received message from cell from WeatherServer (at simulation time 684.300,000,000 s)
2022-06-15 10:59:08,995 INFO  - Processing DEN message (at simulation time 684.300,000,000 s)
2022-06-15 10:59:08,995 INFO  - Route already changed (at simulation time 684.300,000,000 s)
2022-06-15 10:59:09,002 INFO  - Received message from cell from WeatherServer (at simulation time 686.300,000,000 s)
2022-06-15 10:59:09,002 INFO  - Processing DEN message (at simulation time 686.300,000,000 s)
2022-06-15 10:59:09,002 INFO  - Route already changed (at simulation time 686.300,000,000 s)
2022-06-15 10:59:09,008 INFO  - Received message from cell from WeatherServer (at simulation time 688.300,000,000 s)
2022-06-15 10:59:09,008 INFO  - Processing DEN message (at simulation time 688.300,000,000 s)
2022-06-15 10:59:09,008 INFO  - Route already changed (at simulation time 688.300,000,000 s)
2022-06-15 10:59:09,015 INFO  - Received message from cell from WeatherServer (at simulation time 690.300,000,000 s)
2022-06-15 10:59:09,015 INFO  - Processing DEN message (at simulation time 690.300,000,000 s)
2022-06-15 10:59:09,015 INFO  - Route already changed (at simulation time 690.300,000,000 s)
2022-06-15 10:59:09,022 INFO  - Received message from cell from WeatherServer (at simulation time 692.300,000,000 s)
2022-06-15 10:59:09,022 INFO  - Processing DEN message (at simulation time 692.300,000,000 s)
2022-06-15 10:59:09,022 INFO  - Route already changed (at simulation time 692.300,000,000 s)
2022-06-15 10:59:09,028 INFO  - Received message from cell from WeatherServer (at simulation time 694.300,000,000 s)
2022-06-15 10:59:09,028 INFO  - Processing DEN message (at simulation time 694.300,000,000 s)
2022-06-15 10:59:09,028 INFO  - Route already changed (at simulation time 694.300,000,000 s)
2022-06-15 10:59:09,035 INFO  - Received message from cell from WeatherServer (at simulation time 696.300,000,000 s)
2022-06-15 10:59:09,035 INFO  - Processing DEN message (at simulation time 696.300,000,000 s)
2022-06-15 10:59:09,035 INFO  - Route already changed (at simulation time 696.300,000,000 s)
2022-06-15 10:59:09,042 INFO  - Received message from cell from WeatherServer (at simulation time 698.300,000,000 s)
2022-06-15 10:59:09,042 INFO  - Processing DEN message (at simulation time 698.300,000,000 s)
2022-06-15 10:59:09,042 INFO  - Route already changed (at simulation time 698.300,000,000 s)
2022-06-15 10:59:09,049 INFO  - Received message from cell from WeatherServer (at simulation time 700.300,000,000 s)
2022-06-15 10:59:09,049 INFO  - Processing DEN message (at simulation time 700.300,000,000 s)
2022-06-15 10:59:09,049 INFO  - Route already changed (at simulation time 700.300,000,000 s)
2022-06-15 10:59:09,056 INFO  - Received message from cell from WeatherServer (at simulation time 702.300,000,000 s)
2022-06-15 10:59:09,056 INFO  - Processing DEN message (at simulation time 702.300,000,000 s)
2022-06-15 10:59:09,056 INFO  - Route already changed (at simulation time 702.300,000,000 s)
2022-06-15 10:59:09,062 INFO  - Received message from cell from WeatherServer (at simulation time 704.300,000,000 s)
2022-06-15 10:59:09,062 INFO  - Processing DEN message (at simulation time 704.300,000,000 s)
2022-06-15 10:59:09,062 INFO  - Route already changed (at simulation time 704.300,000,000 s)
2022-06-15 10:59:09,069 INFO  - Received message from cell from WeatherServer (at simulation time 706.300,000,000 s)
2022-06-15 10:59:09,069 INFO  - Processing DEN message (at simulation time 706.300,000,000 s)
2022-06-15 10:59:09,069 INFO  - Route already changed (at simulation time 706.300,000,000 s)
2022-06-15 10:59:09,075 INFO  - Received message from cell from WeatherServer (at simulation time 708.300,000,000 s)
2022-06-15 10:59:09,075 INFO  - Processing DEN message (at simulation time 708.300,000,000 s)
2022-06-15 10:59:09,075 INFO  - Route already changed (at simulation time 708.300,000,000 s)
2022-06-15 10:59:09,082 INFO  - Received message from cell from WeatherServer (at simulation time 710.300,000,000 s)
2022-06-15 10:59:09,082 INFO  - Processing DEN message (at simulation time 710.300,000,000 s)
2022-06-15 10:59:09,082 INFO  - Route already changed (at simulation time 710.300,000,000 s)
2022-06-15 10:59:09,089 INFO  - Received message from cell from WeatherServer (at simulation time 712.300,000,000 s)
2022-06-15 10:59:09,089 INFO  - Processing DEN message (at simulation time 712.300,000,000 s)
2022-06-15 10:59:09,089 INFO  - Route already changed (at simulation time 712.300,000,000 s)
2022-06-15 10:59:09,095 INFO  - Received message from cell from WeatherServer (at simulation time 714.300,000,000 s)
2022-06-15 10:59:09,095 INFO  - Processing DEN message (at simulation time 714.300,000,000 s)
2022-06-15 10:59:09,095 INFO  - Route already changed (at simulation time 714.300,000,000 s)
2022-06-15 10:59:09,101 INFO  - Received message from cell from WeatherServer (at simulation time 716.300,000,000 s)
2022-06-15 10:59:09,101 INFO  - Processing DEN message (at simulation time 716.300,000,000 s)
2022-06-15 10:59:09,101 INFO  - Route already changed (at simulation time 716.300,000,000 s)
2022-06-15 10:59:09,108 INFO  - Received message from cell from WeatherServer (at simulation time 718.300,000,000 s)
2022-06-15 10:59:09,108 INFO  - Processing DEN message (at simulation time 718.300,000,000 s)
2022-06-15 10:59:09,108 INFO  - Route already changed (at simulation time 718.300,000,000 s)
2022-06-15 10:59:09,114 INFO  - Received message from cell from WeatherServer (at simulation time 720.300,000,000 s)
2022-06-15 10:59:09,114 INFO  - Processing DEN message (at simulation time 720.300,000,000 s)
2022-06-15 10:59:09,114 INFO  - Route already changed (at simulation time 720.300,000,000 s)
2022-06-15 10:59:09,120 INFO  - Received message from cell from WeatherServer (at simulation time 722.300,000,000 s)
2022-06-15 10:59:09,120 INFO  - Processing DEN message (at simulation time 722.300,000,000 s)
2022-06-15 10:59:09,120 INFO  - Route already changed (at simulation time 722.300,000,000 s)
2022-06-15 10:59:09,127 INFO  - Received message from cell from WeatherServer (at simulation time 724.300,000,000 s)
2022-06-15 10:59:09,127 INFO  - Processing DEN message (at simulation time 724.300,000,000 s)
2022-06-15 10:59:09,127 INFO  - Route already changed (at simulation time 724.300,000,000 s)
2022-06-15 10:59:09,133 INFO  - Received message from cell from WeatherServer (at simulation time 726.300,000,000 s)
2022-06-15 10:59:09,133 INFO  - Processing DEN message (at simulation time 726.300,000,000 s)
2022-06-15 10:59:09,133 INFO  - Route already changed (at simulation time 726.300,000,000 s)
2022-06-15 10:59:09,139 INFO  - Received message from cell from WeatherServer (at simulation time 728.300,000,000 s)
2022-06-15 10:59:09,139 INFO  - Processing DEN message (at simulation time 728.300,000,000 s)
2022-06-15 10:59:09,139 INFO  - Route already changed (at simulation time 728.300,000,000 s)
2022-06-15 10:59:09,146 INFO  - Received message from cell from WeatherServer (at simulation time 730.300,000,000 s)
2022-06-15 10:59:09,146 INFO  - Processing DEN message (at simulation time 730.300,000,000 s)
2022-06-15 10:59:09,146 INFO  - Route already changed (at simulation time 730.300,000,000 s)
2022-06-15 10:59:09,152 INFO  - Received message from cell from WeatherServer (at simulation time 732.300,000,000 s)
2022-06-15 10:59:09,152 INFO  - Processing DEN message (at simulation time 732.300,000,000 s)
2022-06-15 10:59:09,152 INFO  - Route already changed (at simulation time 732.300,000,000 s)
2022-06-15 10:59:09,161 INFO  - Received message from cell from WeatherServer (at simulation time 734.300,000,000 s)
2022-06-15 10:59:09,161 INFO  - Processing DEN message (at simulation time 734.300,000,000 s)
2022-06-15 10:59:09,161 INFO  - Route already changed (at simulation time 734.300,000,000 s)
2022-06-15 10:59:09,168 INFO  - Received message from cell from WeatherServer (at simulation time 736.300,000,000 s)
2022-06-15 10:59:09,168 INFO  - Processing DEN message (at simulation time 736.300,000,000 s)
2022-06-15 10:59:09,168 INFO  - Route already changed (at simulation time 736.300,000,000 s)
2022-06-15 10:59:09,174 INFO  - Received message from cell from WeatherServer (at simulation time 738.300,000,000 s)
2022-06-15 10:59:09,174 INFO  - Processing DEN message (at simulation time 738.300,000,000 s)
2022-06-15 10:59:09,174 INFO  - Route already changed (at simulation time 738.300,000,000 s)
2022-06-15 10:59:09,180 INFO  - Received message from cell from WeatherServer (at simulation time 740.300,000,000 s)
2022-06-15 10:59:09,180 INFO  - Processing DEN message (at simulation time 740.300,000,000 s)
2022-06-15 10:59:09,180 INFO  - Route already changed (at simulation time 740.300,000,000 s)
2022-06-15 10:59:09,186 INFO  - Received message from cell from WeatherServer (at simulation time 742.300,000,000 s)
2022-06-15 10:59:09,186 INFO  - Processing DEN message (at simulation time 742.300,000,000 s)
2022-06-15 10:59:09,186 INFO  - Route already changed (at simulation time 742.300,000,000 s)
2022-06-15 10:59:09,192 INFO  - Received message from cell from WeatherServer (at simulation time 744.300,000,000 s)
2022-06-15 10:59:09,192 INFO  - Processing DEN message (at simulation time 744.300,000,000 s)
2022-06-15 10:59:09,192 INFO  - Route already changed (at simulation time 744.300,000,000 s)
2022-06-15 10:59:09,198 INFO  - Received message from cell from WeatherServer (at simulation time 746.300,000,000 s)
2022-06-15 10:59:09,198 INFO  - Processing DEN message (at simulation time 746.300,000,000 s)
2022-06-15 10:59:09,198 INFO  - Route already changed (at simulation time 746.300,000,000 s)
2022-06-15 10:59:09,204 INFO  - Received message from cell from WeatherServer (at simulation time 748.300,000,000 s)
2022-06-15 10:59:09,204 INFO  - Processing DEN message (at simulation time 748.300,000,000 s)
2022-06-15 10:59:09,204 INFO  - Route already changed (at simulation time 748.300,000,000 s)
2022-06-15 10:59:09,210 INFO  - Received message from cell from WeatherServer (at simulation time 750.300,000,000 s)
2022-06-15 10:59:09,210 INFO  - Processing DEN message (at simulation time 750.300,000,000 s)
2022-06-15 10:59:09,210 INFO  - Route already changed (at simulation time 750.300,000,000 s)
2022-06-15 10:59:09,215 INFO  - Received message from cell from WeatherServer (at simulation time 752.300,000,000 s)
2022-06-15 10:59:09,215 INFO  - Processing DEN message (at simulation time 752.300,000,000 s)
2022-06-15 10:59:09,215 INFO  - Route already changed (at simulation time 752.300,000,000 s)
2022-06-15 10:59:09,221 INFO  - Received message from cell from WeatherServer (at simulation time 754.300,000,000 s)
2022-06-15 10:59:09,221 INFO  - Processing DEN message (at simulation time 754.300,000,000 s)
2022-06-15 10:59:09,221 INFO  - Route already changed (at simulation time 754.300,000,000 s)
2022-06-15 10:59:09,227 INFO  - Received message from cell from WeatherServer (at simulation time 756.300,000,000 s)
2022-06-15 10:59:09,227 INFO  - Processing DEN message (at simulation time 756.300,000,000 s)
2022-06-15 10:59:09,227 INFO  - Route already changed (at simulation time 756.300,000,000 s)
2022-06-15 10:59:09,233 INFO  - Received message from cell from WeatherServer (at simulation time 758.300,000,000 s)
2022-06-15 10:59:09,233 INFO  - Processing DEN message (at simulation time 758.300,000,000 s)
2022-06-15 10:59:09,233 INFO  - Route already changed (at simulation time 758.300,000,000 s)
2022-06-15 10:59:09,238 INFO  - Received message from cell from WeatherServer (at simulation time 760.300,000,000 s)
2022-06-15 10:59:09,238 INFO  - Processing DEN message (at simulation time 760.300,000,000 s)
2022-06-15 10:59:09,238 INFO  - Route already changed (at simulation time 760.300,000,000 s)
2022-06-15 10:59:09,243 INFO  - Received message from cell from WeatherServer (at simulation time 762.300,000,000 s)
2022-06-15 10:59:09,243 INFO  - Processing DEN message (at simulation time 762.300,000,000 s)
2022-06-15 10:59:09,243 INFO  - Route already changed (at simulation time 762.300,000,000 s)
2022-06-15 10:59:09,249 INFO  - Received message from cell from WeatherServer (at simulation time 764.300,000,000 s)
2022-06-15 10:59:09,249 INFO  - Processing DEN message (at simulation time 764.300,000,000 s)
2022-06-15 10:59:09,249 INFO  - Route already changed (at simulation time 764.300,000,000 s)
2022-06-15 10:59:09,254 INFO  - Received message from cell from WeatherServer (at simulation time 766.300,000,000 s)
2022-06-15 10:59:09,254 INFO  - Processing DEN message (at simulation time 766.300,000,000 s)
2022-06-15 10:59:09,254 INFO  - Route already changed (at simulation time 766.300,000,000 s)
2022-06-15 10:59:09,259 INFO  - Received message from cell from WeatherServer (at simulation time 768.300,000,000 s)
2022-06-15 10:59:09,259 INFO  - Processing DEN message (at simulation time 768.300,000,000 s)
2022-06-15 10:59:09,259 INFO  - Route already changed (at simulation time 768.300,000,000 s)
2022-06-15 10:59:09,264 INFO  - Received message from cell from WeatherServer (at simulation time 770.300,000,000 s)
2022-06-15 10:59:09,264 INFO  - Processing DEN message (at simulation time 770.300,000,000 s)
2022-06-15 10:59:09,264 INFO  - Route already changed (at simulation time 770.300,000,000 s)
2022-06-15 10:59:09,269 INFO  - Received message from cell from WeatherServer (at simulation time 772.300,000,000 s)
2022-06-15 10:59:09,269 INFO  - Processing DEN message (at simulation time 772.300,000,000 s)
2022-06-15 10:59:09,269 INFO  - Route already changed (at simulation time 772.300,000,000 s)
2022-06-15 10:59:09,274 INFO  - Received message from cell from WeatherServer (at simulation time 774.300,000,000 s)
2022-06-15 10:59:09,274 INFO  - Processing DEN message (at simulation time 774.300,000,000 s)
2022-06-15 10:59:09,274 INFO  - Route already changed (at simulation time 774.300,000,000 s)
2022-06-15 10:59:09,279 INFO  - Received message from cell from WeatherServer (at simulation time 776.300,000,000 s)
2022-06-15 10:59:09,279 INFO  - Processing DEN message (at simulation time 776.300,000,000 s)
2022-06-15 10:59:09,279 INFO  - Route already changed (at simulation time 776.300,000,000 s)
2022-06-15 10:59:09,284 INFO  - Received message from cell from WeatherServer (at simulation time 778.300,000,000 s)
2022-06-15 10:59:09,284 INFO  - Processing DEN message (at simulation time 778.300,000,000 s)
2022-06-15 10:59:09,284 INFO  - Route already changed (at simulation time 778.300,000,000 s)
2022-06-15 10:59:09,289 INFO  - Received message from cell from WeatherServer (at simulation time 780.300,000,000 s)
2022-06-15 10:59:09,289 INFO  - Processing DEN message (at simulation time 780.300,000,000 s)
2022-06-15 10:59:09,289 INFO  - Route already changed (at simulation time 780.300,000,000 s)
2022-06-15 10:59:09,294 INFO  - Received message from cell from WeatherServer (at simulation time 782.300,000,000 s)
2022-06-15 10:59:09,294 INFO  - Processing DEN message (at simulation time 782.300,000,000 s)
2022-06-15 10:59:09,294 INFO  - Route already changed (at simulation time 782.300,000,000 s)
2022-06-15 10:59:09,298 INFO  - Received message from cell from WeatherServer (at simulation time 784.300,000,000 s)
2022-06-15 10:59:09,298 INFO  - Processing DEN message (at simulation time 784.300,000,000 s)
2022-06-15 10:59:09,298 INFO  - Route already changed (at simulation time 784.300,000,000 s)
2022-06-15 10:59:09,303 INFO  - Received message from cell from WeatherServer (at simulation time 786.300,000,000 s)
2022-06-15 10:59:09,303 INFO  - Processing DEN message (at simulation time 786.300,000,000 s)
2022-06-15 10:59:09,303 INFO  - Route already changed (at simulation time 786.300,000,000 s)
2022-06-15 10:59:09,308 INFO  - Received message from cell from WeatherServer (at simulation time 788.300,000,000 s)
2022-06-15 10:59:09,308 INFO  - Processing DEN message (at simulation time 788.300,000,000 s)
2022-06-15 10:59:09,308 INFO  - Route already changed (at simulation time 788.300,000,000 s)
2022-06-15 10:59:09,313 INFO  - Received message from cell from WeatherServer (at simulation time 790.300,000,000 s)
2022-06-15 10:59:09,313 INFO  - Processing DEN message (at simulation time 790.300,000,000 s)
2022-06-15 10:59:09,313 INFO  - Route already changed (at simulation time 790.300,000,000 s)
2022-06-15 10:59:09,317 INFO  - Received message from cell from WeatherServer (at simulation time 792.300,000,000 s)
2022-06-15 10:59:09,317 INFO  - Processing DEN message (at simulation time 792.300,000,000 s)
2022-06-15 10:59:09,317 INFO  - Route already changed (at simulation time 792.300,000,000 s)
2022-06-15 10:59:09,321 INFO  - Received message from cell from WeatherServer (at simulation time 794.300,000,000 s)
2022-06-15 10:59:09,321 INFO  - Processing DEN message (at simulation time 794.300,000,000 s)
2022-06-15 10:59:09,321 INFO  - Route already changed (at simulation time 794.300,000,000 s)
2022-06-15 10:59:09,326 INFO  - Received message from cell from WeatherServer (at simulation time 796.300,000,000 s)
2022-06-15 10:59:09,326 INFO  - Processing DEN message (at simulation time 796.300,000,000 s)
2022-06-15 10:59:09,326 INFO  - Route already changed (at simulation time 796.300,000,000 s)
2022-06-15 10:59:09,330 INFO  - Received message from cell from WeatherServer (at simulation time 798.300,000,000 s)
2022-06-15 10:59:09,330 INFO  - Processing DEN message (at simulation time 798.300,000,000 s)
2022-06-15 10:59:09,330 INFO  - Route already changed (at simulation time 798.300,000,000 s)
2022-06-15 10:59:09,335 INFO  - Received message from cell from WeatherServer (at simulation time 800.300,000,000 s)
2022-06-15 10:59:09,335 INFO  - Processing DEN message (at simulation time 800.300,000,000 s)
2022-06-15 10:59:09,335 INFO  - Route already changed (at simulation time 800.300,000,000 s)
2022-06-15 10:59:09,340 INFO  - Received message from cell from WeatherServer (at simulation time 802.300,000,000 s)
2022-06-15 10:59:09,340 INFO  - Processing DEN message (at simulation time 802.300,000,000 s)
2022-06-15 10:59:09,340 INFO  - Route already changed (at simulation time 802.300,000,000 s)
2022-06-15 10:59:09,344 INFO  - Received message from cell from WeatherServer (at simulation time 804.300,000,000 s)
2022-06-15 10:59:09,344 INFO  - Processing DEN message (at simulation time 804.300,000,000 s)
2022-06-15 10:59:09,344 INFO  - Route already changed (at simulation time 804.300,000,000 s)
2022-06-15 10:59:09,349 INFO  - Received message from cell from WeatherServer (at simulation time 806.300,000,000 s)
2022-06-15 10:59:09,349 INFO  - Processing DEN message (at simulation time 806.300,000,000 s)
2022-06-15 10:59:09,349 INFO  - Route already changed (at simulation time 806.300,000,000 s)
2022-06-15 10:59:09,353 INFO  - Received message from cell from WeatherServer (at simulation time 808.300,000,000 s)
2022-06-15 10:59:09,353 INFO  - Processing DEN message (at simulation time 808.300,000,000 s)
2022-06-15 10:59:09,353 INFO  - Route already changed (at simulation time 808.300,000,000 s)
2022-06-15 10:59:09,358 INFO  - Received message from cell from WeatherServer (at simulation time 810.300,000,000 s)
2022-06-15 10:59:09,358 INFO  - Processing DEN message (at simulation time 810.300,000,000 s)
2022-06-15 10:59:09,358 INFO  - Route already changed (at simulation time 810.300,000,000 s)
2022-06-15 10:59:09,362 INFO  - Received message from cell from WeatherServer (at simulation time 812.300,000,000 s)
2022-06-15 10:59:09,362 INFO  - Processing DEN message (at simulation time 812.300,000,000 s)
2022-06-15 10:59:09,362 INFO  - Route already changed (at simulation time 812.300,000,000 s)
2022-06-15 10:59:09,367 INFO  - Received message from cell from WeatherServer (at simulation time 814.300,000,000 s)
2022-06-15 10:59:09,367 INFO  - Processing DEN message (at simulation time 814.300,000,000 s)
2022-06-15 10:59:09,367 INFO  - Route already changed (at simulation time 814.300,000,000 s)
2022-06-15 10:59:09,371 INFO  - Received message from cell from WeatherServer (at simulation time 816.300,000,000 s)
2022-06-15 10:59:09,371 INFO  - Processing DEN message (at simulation time 816.300,000,000 s)
2022-06-15 10:59:09,371 INFO  - Route already changed (at simulation time 816.300,000,000 s)
2022-06-15 10:59:09,375 INFO  - Received message from cell from WeatherServer (at simulation time 818.300,000,000 s)
2022-06-15 10:59:09,375 INFO  - Processing DEN message (at simulation time 818.300,000,000 s)
2022-06-15 10:59:09,375 INFO  - Route already changed (at simulation time 818.300,000,000 s)
2022-06-15 10:59:09,379 INFO  - Received message from cell from WeatherServer (at simulation time 820.300,000,000 s)
2022-06-15 10:59:09,379 INFO  - Processing DEN message (at simulation time 820.300,000,000 s)
2022-06-15 10:59:09,379 INFO  - Route already changed (at simulation time 820.300,000,000 s)
2022-06-15 10:59:09,383 INFO  - Received message from cell from WeatherServer (at simulation time 822.300,000,000 s)
2022-06-15 10:59:09,383 INFO  - Processing DEN message (at simulation time 822.300,000,000 s)
2022-06-15 10:59:09,383 INFO  - Route already changed (at simulation time 822.300,000,000 s)
2022-06-15 10:59:09,387 INFO  - Received message from cell from WeatherServer (at simulation time 824.300,000,000 s)
2022-06-15 10:59:09,387 INFO  - Processing DEN message (at simulation time 824.300,000,000 s)
2022-06-15 10:59:09,387 INFO  - Route already changed (at simulation time 824.300,000,000 s)
2022-06-15 10:59:09,391 INFO  - Received message from cell from WeatherServer (at simulation time 826.300,000,000 s)
2022-06-15 10:59:09,391 INFO  - Processing DEN message (at simulation time 826.300,000,000 s)
2022-06-15 10:59:09,391 INFO  - Route already changed (at simulation time 826.300,000,000 s)
2022-06-15 10:59:09,395 INFO  - Received message from cell from WeatherServer (at simulation time 828.300,000,000 s)
2022-06-15 10:59:09,395 INFO  - Processing DEN message (at simulation time 828.300,000,000 s)
2022-06-15 10:59:09,395 INFO  - Route already changed (at simulation time 828.300,000,000 s)
2022-06-15 10:59:09,400 INFO  - Received message from cell from WeatherServer (at simulation time 830.300,000,000 s)
2022-06-15 10:59:09,400 INFO  - Processing DEN message (at simulation time 830.300,000,000 s)
2022-06-15 10:59:09,400 INFO  - Route already changed (at simulation time 830.300,000,000 s)
2022-06-15 10:59:09,404 INFO  - Received message from cell from WeatherServer (at simulation time 832.300,000,000 s)
2022-06-15 10:59:09,404 INFO  - Processing DEN message (at simulation time 832.300,000,000 s)
2022-06-15 10:59:09,404 INFO  - Route already changed (at simulation time 832.300,000,000 s)
2022-06-15 10:59:09,409 INFO  - Received message from cell from WeatherServer (at simulation time 834.300,000,000 s)
2022-06-15 10:59:09,410 INFO  - Processing DEN message (at simulation time 834.300,000,000 s)
2022-06-15 10:59:09,410 INFO  - Route already changed (at simulation time 834.300,000,000 s)
2022-06-15 10:59:09,414 INFO  - Received message from cell from WeatherServer (at simulation time 836.300,000,000 s)
2022-06-15 10:59:09,414 INFO  - Processing DEN message (at simulation time 836.300,000,000 s)
2022-06-15 10:59:09,414 INFO  - Route already changed (at simulation time 836.300,000,000 s)
2022-06-15 10:59:09,418 INFO  - Received message from cell from WeatherServer (at simulation time 838.300,000,000 s)
2022-06-15 10:59:09,418 INFO  - Processing DEN message (at simulation time 838.300,000,000 s)
2022-06-15 10:59:09,418 INFO  - Route already changed (at simulation time 838.300,000,000 s)
2022-06-15 10:59:09,423 INFO  - Received message from cell from WeatherServer (at simulation time 840.300,000,000 s)
2022-06-15 10:59:09,423 INFO  - Processing DEN message (at simulation time 840.300,000,000 s)
2022-06-15 10:59:09,423 INFO  - Route already changed (at simulation time 840.300,000,000 s)
2022-06-15 10:59:09,428 INFO  - Received message from cell from WeatherServer (at simulation time 842.300,000,000 s)
2022-06-15 10:59:09,428 INFO  - Processing DEN message (at simulation time 842.300,000,000 s)
2022-06-15 10:59:09,428 INFO  - Route already changed (at simulation time 842.300,000,000 s)
2022-06-15 10:59:09,432 INFO  - Received message from cell from WeatherServer (at simulation time 844.300,000,000 s)
2022-06-15 10:59:09,432 INFO  - Processing DEN message (at simulation time 844.300,000,000 s)
2022-06-15 10:59:09,432 INFO  - Route already changed (at simulation time 844.300,000,000 s)
2022-06-15 10:59:09,436 INFO  - Received message from cell from WeatherServer (at simulation time 846.300,000,000 s)
2022-06-15 10:59:09,436 INFO  - Processing DEN message (at simulation time 846.300,000,000 s)
2022-06-15 10:59:09,436 INFO  - Route already changed (at simulation time 846.300,000,000 s)
2022-06-15 10:59:09,440 INFO  - Received message from cell from WeatherServer (at simulation time 848.300,000,000 s)
2022-06-15 10:59:09,440 INFO  - Processing DEN message (at simulation time 848.300,000,000 s)
2022-06-15 10:59:09,441 INFO  - Route already changed (at simulation time 848.300,000,000 s)
2022-06-15 10:59:09,445 INFO  - Received message from cell from WeatherServer (at simulation time 850.300,000,000 s)
2022-06-15 10:59:09,445 INFO  - Processing DEN message (at simulation time 850.300,000,000 s)
2022-06-15 10:59:09,445 INFO  - Route already changed (at simulation time 850.300,000,000 s)
2022-06-15 10:59:09,450 INFO  - Received message from cell from WeatherServer (at simulation time 852.300,000,000 s)
2022-06-15 10:59:09,450 INFO  - Processing DEN message (at simulation time 852.300,000,000 s)
2022-06-15 10:59:09,450 INFO  - Route already changed (at simulation time 852.300,000,000 s)
2022-06-15 10:59:09,456 INFO  - Received message from cell from WeatherServer (at simulation time 854.300,000,000 s)
2022-06-15 10:59:09,456 INFO  - Processing DEN message (at simulation time 854.300,000,000 s)
2022-06-15 10:59:09,456 INFO  - Route already changed (at simulation time 854.300,000,000 s)
2022-06-15 10:59:09,461 INFO  - Received message from cell from WeatherServer (at simulation time 856.300,000,000 s)
2022-06-15 10:59:09,461 INFO  - Processing DEN message (at simulation time 856.300,000,000 s)
2022-06-15 10:59:09,461 INFO  - Route already changed (at simulation time 856.300,000,000 s)
2022-06-15 10:59:09,466 INFO  - Received message from cell from WeatherServer (at simulation time 858.300,000,000 s)
2022-06-15 10:59:09,467 INFO  - Processing DEN message (at simulation time 858.300,000,000 s)
2022-06-15 10:59:09,467 INFO  - Route already changed (at simulation time 858.300,000,000 s)
2022-06-15 10:59:09,472 INFO  - Received message from cell from WeatherServer (at simulation time 860.300,000,000 s)
2022-06-15 10:59:09,472 INFO  - Processing DEN message (at simulation time 860.300,000,000 s)
2022-06-15 10:59:09,472 INFO  - Route already changed (at simulation time 860.300,000,000 s)
2022-06-15 10:59:09,477 INFO  - Received message from cell from WeatherServer (at simulation time 862.300,000,000 s)
2022-06-15 10:59:09,477 INFO  - Processing DEN message (at simulation time 862.300,000,000 s)
2022-06-15 10:59:09,477 INFO  - Route already changed (at simulation time 862.300,000,000 s)
2022-06-15 10:59:09,482 INFO  - Received message from cell from WeatherServer (at simulation time 864.300,000,000 s)
2022-06-15 10:59:09,482 INFO  - Processing DEN message (at simulation time 864.300,000,000 s)
2022-06-15 10:59:09,482 INFO  - Route already changed (at simulation time 864.300,000,000 s)
2022-06-15 10:59:09,487 INFO  - Received message from cell from WeatherServer (at simulation time 866.300,000,000 s)
2022-06-15 10:59:09,487 INFO  - Processing DEN message (at simulation time 866.300,000,000 s)
2022-06-15 10:59:09,487 INFO  - Route already changed (at simulation time 866.300,000,000 s)
2022-06-15 10:59:09,491 INFO  - Received message from cell from WeatherServer (at simulation time 868.300,000,000 s)
2022-06-15 10:59:09,491 INFO  - Processing DEN message (at simulation time 868.300,000,000 s)
2022-06-15 10:59:09,491 INFO  - Route already changed (at simulation time 868.300,000,000 s)
2022-06-15 10:59:09,496 INFO  - Received message from cell from WeatherServer (at simulation time 870.300,000,000 s)
2022-06-15 10:59:09,496 INFO  - Processing DEN message (at simulation time 870.300,000,000 s)
2022-06-15 10:59:09,496 INFO  - Route already changed (at simulation time 870.300,000,000 s)
2022-06-15 10:59:09,500 INFO  - Received message from cell from WeatherServer (at simulation time 872.300,000,000 s)
2022-06-15 10:59:09,500 INFO  - Processing DEN message (at simulation time 872.300,000,000 s)
2022-06-15 10:59:09,500 INFO  - Route already changed (at simulation time 872.300,000,000 s)
2022-06-15 10:59:09,504 INFO  - Received message from cell from WeatherServer (at simulation time 874.300,000,000 s)
2022-06-15 10:59:09,504 INFO  - Processing DEN message (at simulation time 874.300,000,000 s)
2022-06-15 10:59:09,504 INFO  - Route already changed (at simulation time 874.300,000,000 s)
2022-06-15 10:59:09,509 INFO  - Received message from cell from WeatherServer (at simulation time 876.300,000,000 s)
2022-06-15 10:59:09,509 INFO  - Processing DEN message (at simulation time 876.300,000,000 s)
2022-06-15 10:59:09,509 INFO  - Route already changed (at simulation time 876.300,000,000 s)
2022-06-15 10:59:09,513 INFO  - Received message from cell from WeatherServer (at simulation time 878.300,000,000 s)
2022-06-15 10:59:09,513 INFO  - Processing DEN message (at simulation time 878.300,000,000 s)
2022-06-15 10:59:09,513 INFO  - Route already changed (at simulation time 878.300,000,000 s)
2022-06-15 10:59:09,518 INFO  - Received message from cell from WeatherServer (at simulation time 880.300,000,000 s)
2022-06-15 10:59:09,518 INFO  - Processing DEN message (at simulation time 880.300,000,000 s)
2022-06-15 10:59:09,518 INFO  - Route already changed (at simulation time 880.300,000,000 s)
2022-06-15 10:59:09,522 INFO  - Received message from cell from WeatherServer (at simulation time 882.300,000,000 s)
2022-06-15 10:59:09,522 INFO  - Processing DEN message (at simulation time 882.300,000,000 s)
2022-06-15 10:59:09,522 INFO  - Route already changed (at simulation time 882.300,000,000 s)
2022-06-15 10:59:09,527 INFO  - Received message from cell from WeatherServer (at simulation time 884.300,000,000 s)
2022-06-15 10:59:09,527 INFO  - Processing DEN message (at simulation time 884.300,000,000 s)
2022-06-15 10:59:09,527 INFO  - Route already changed (at simulation time 884.300,000,000 s)
2022-06-15 10:59:09,531 INFO  - Received message from cell from WeatherServer (at simulation time 886.300,000,000 s)
2022-06-15 10:59:09,531 INFO  - Processing DEN message (at simulation time 886.300,000,000 s)
2022-06-15 10:59:09,531 INFO  - Route already changed (at simulation time 886.300,000,000 s)
2022-06-15 10:59:09,535 INFO  - Received message from cell from WeatherServer (at simulation time 888.300,000,000 s)
2022-06-15 10:59:09,535 INFO  - Processing DEN message (at simulation time 888.300,000,000 s)
2022-06-15 10:59:09,535 INFO  - Route already changed (at simulation time 888.300,000,000 s)
2022-06-15 10:59:09,538 INFO  - Received message from cell from WeatherServer (at simulation time 890.300,000,000 s)
2022-06-15 10:59:09,538 INFO  - Processing DEN message (at simulation time 890.300,000,000 s)
2022-06-15 10:59:09,538 INFO  - Route already changed (at simulation time 890.300,000,000 s)
2022-06-15 10:59:09,541 INFO  - Received message from cell from WeatherServer (at simulation time 892.300,000,000 s)
2022-06-15 10:59:09,541 INFO  - Processing DEN message (at simulation time 892.300,000,000 s)
2022-06-15 10:59:09,541 INFO  - Route already changed (at simulation time 892.300,000,000 s)
2022-06-15 10:59:09,544 INFO  - Received message from cell from WeatherServer (at simulation time 894.300,000,000 s)
2022-06-15 10:59:09,544 INFO  - Processing DEN message (at simulation time 894.300,000,000 s)
2022-06-15 10:59:09,544 INFO  - Route already changed (at simulation time 894.300,000,000 s)
2022-06-15 10:59:09,587 INFO  - Shutdown application (at simulation time 924.000,000,000 s)
