2022-06-15 10:59:00,999 INFO  - Initialize application (at simulation time 194.000,000,000 s)
2022-06-15 10:59:01,000 INFO  - Activated Cell Module (at simulation time 194.000,000,000 s)
2022-06-15 10:59:01,013 INFO  - Received message from cell from WeatherServer (at simulation time 194.300,000,000 s)
2022-06-15 10:59:01,013 INFO  - Processing DEN message (at simulation time 194.300,000,000 s)
2022-06-15 10:59:01,013 INFO  - The Event is on the vehicle's route 311964536_1313885442_2879911873 = 311964536_1313885442_2879911873 (at simulation time 194.300,000,000 s)
2022-06-15 10:59:01,015 INFO  - Sending Change Route Command at position: null (at simulation time 194.300,000,000 s)
2022-06-15 10:59:01,042 INFO  - Received message from cell from WeatherServer (at simulation time 196.300,000,000 s)
2022-06-15 10:59:01,042 INFO  - Processing DEN message (at simulation time 196.300,000,000 s)
2022-06-15 10:59:01,042 INFO  - Route already changed (at simulation time 196.300,000,000 s)
2022-06-15 10:59:01,067 INFO  - Received message from cell from WeatherServer (at simulation time 198.300,000,000 s)
2022-06-15 10:59:01,067 INFO  - Processing DEN message (at simulation time 198.300,000,000 s)
2022-06-15 10:59:01,067 INFO  - Route already changed (at simulation time 198.300,000,000 s)
2022-06-15 10:59:01,097 INFO  - Received message from cell from WeatherServer (at simulation time 200.300,000,000 s)
2022-06-15 10:59:01,097 INFO  - Processing DEN message (at simulation time 200.300,000,000 s)
2022-06-15 10:59:01,097 INFO  - Route already changed (at simulation time 200.300,000,000 s)
2022-06-15 10:59:01,126 INFO  - Received message from cell from WeatherServer (at simulation time 202.300,000,000 s)
2022-06-15 10:59:01,126 INFO  - Processing DEN message (at simulation time 202.300,000,000 s)
2022-06-15 10:59:01,126 INFO  - Route already changed (at simulation time 202.300,000,000 s)
2022-06-15 10:59:01,156 INFO  - Received message from cell from WeatherServer (at simulation time 204.300,000,000 s)
2022-06-15 10:59:01,156 INFO  - Processing DEN message (at simulation time 204.300,000,000 s)
2022-06-15 10:59:01,156 INFO  - Route already changed (at simulation time 204.300,000,000 s)
2022-06-15 10:59:01,186 INFO  - Received message from cell from WeatherServer (at simulation time 206.300,000,000 s)
2022-06-15 10:59:01,186 INFO  - Processing DEN message (at simulation time 206.300,000,000 s)
2022-06-15 10:59:01,186 INFO  - Route already changed (at simulation time 206.300,000,000 s)
2022-06-15 10:59:01,217 INFO  - Received message from cell from WeatherServer (at simulation time 208.300,000,000 s)
2022-06-15 10:59:01,217 INFO  - Processing DEN message (at simulation time 208.300,000,000 s)
2022-06-15 10:59:01,217 INFO  - Route already changed (at simulation time 208.300,000,000 s)
2022-06-15 10:59:01,248 INFO  - Received message from cell from WeatherServer (at simulation time 210.300,000,000 s)
2022-06-15 10:59:01,248 INFO  - Processing DEN message (at simulation time 210.300,000,000 s)
2022-06-15 10:59:01,248 INFO  - Route already changed (at simulation time 210.300,000,000 s)
2022-06-15 10:59:01,277 INFO  - Received message from cell from WeatherServer (at simulation time 212.300,000,000 s)
2022-06-15 10:59:01,277 INFO  - Processing DEN message (at simulation time 212.300,000,000 s)
2022-06-15 10:59:01,277 INFO  - Route already changed (at simulation time 212.300,000,000 s)
2022-06-15 10:59:01,311 INFO  - Received message from cell from WeatherServer (at simulation time 214.300,000,000 s)
2022-06-15 10:59:01,311 INFO  - Processing DEN message (at simulation time 214.300,000,000 s)
2022-06-15 10:59:01,311 INFO  - Route already changed (at simulation time 214.300,000,000 s)
2022-06-15 10:59:01,343 INFO  - Received message from cell from WeatherServer (at simulation time 216.300,000,000 s)
2022-06-15 10:59:01,343 INFO  - Processing DEN message (at simulation time 216.300,000,000 s)
2022-06-15 10:59:01,343 INFO  - Route already changed (at simulation time 216.300,000,000 s)
2022-06-15 10:59:01,370 INFO  - Received message from cell from WeatherServer (at simulation time 218.300,000,000 s)
2022-06-15 10:59:01,370 INFO  - Processing DEN message (at simulation time 218.300,000,000 s)
2022-06-15 10:59:01,370 INFO  - Route already changed (at simulation time 218.300,000,000 s)
2022-06-15 10:59:01,401 INFO  - Received message from cell from WeatherServer (at simulation time 220.300,000,000 s)
2022-06-15 10:59:01,401 INFO  - Processing DEN message (at simulation time 220.300,000,000 s)
2022-06-15 10:59:01,401 INFO  - Route already changed (at simulation time 220.300,000,000 s)
2022-06-15 10:59:01,432 INFO  - Received message from cell from WeatherServer (at simulation time 222.300,000,000 s)
2022-06-15 10:59:01,432 INFO  - Processing DEN message (at simulation time 222.300,000,000 s)
2022-06-15 10:59:01,432 INFO  - Route already changed (at simulation time 222.300,000,000 s)
2022-06-15 10:59:01,464 INFO  - Received message from cell from WeatherServer (at simulation time 224.300,000,000 s)
2022-06-15 10:59:01,464 INFO  - Processing DEN message (at simulation time 224.300,000,000 s)
2022-06-15 10:59:01,464 INFO  - Route already changed (at simulation time 224.300,000,000 s)
2022-06-15 10:59:01,499 INFO  - Received message from cell from WeatherServer (at simulation time 226.300,000,000 s)
2022-06-15 10:59:01,499 INFO  - Processing DEN message (at simulation time 226.300,000,000 s)
2022-06-15 10:59:01,499 INFO  - Route already changed (at simulation time 226.300,000,000 s)
2022-06-15 10:59:01,534 INFO  - Received message from cell from WeatherServer (at simulation time 228.300,000,000 s)
2022-06-15 10:59:01,534 INFO  - Processing DEN message (at simulation time 228.300,000,000 s)
2022-06-15 10:59:01,534 INFO  - Route already changed (at simulation time 228.300,000,000 s)
2022-06-15 10:59:01,566 INFO  - Received message from cell from WeatherServer (at simulation time 230.300,000,000 s)
2022-06-15 10:59:01,566 INFO  - Processing DEN message (at simulation time 230.300,000,000 s)
2022-06-15 10:59:01,566 INFO  - Route already changed (at simulation time 230.300,000,000 s)
2022-06-15 10:59:01,596 INFO  - Received message from cell from WeatherServer (at simulation time 232.300,000,000 s)
2022-06-15 10:59:01,596 INFO  - Processing DEN message (at simulation time 232.300,000,000 s)
2022-06-15 10:59:01,596 INFO  - Route already changed (at simulation time 232.300,000,000 s)
2022-06-15 10:59:01,633 INFO  - Received message from cell from WeatherServer (at simulation time 234.300,000,000 s)
2022-06-15 10:59:01,633 INFO  - Processing DEN message (at simulation time 234.300,000,000 s)
2022-06-15 10:59:01,633 INFO  - Route already changed (at simulation time 234.300,000,000 s)
2022-06-15 10:59:01,663 INFO  - Received message from cell from WeatherServer (at simulation time 236.300,000,000 s)
2022-06-15 10:59:01,663 INFO  - Processing DEN message (at simulation time 236.300,000,000 s)
2022-06-15 10:59:01,663 INFO  - Route already changed (at simulation time 236.300,000,000 s)
2022-06-15 10:59:01,696 INFO  - Received message from cell from WeatherServer (at simulation time 238.300,000,000 s)
2022-06-15 10:59:01,696 INFO  - Processing DEN message (at simulation time 238.300,000,000 s)
2022-06-15 10:59:01,696 INFO  - Route already changed (at simulation time 238.300,000,000 s)
2022-06-15 10:59:01,732 INFO  - Received message from cell from WeatherServer (at simulation time 240.300,000,000 s)
2022-06-15 10:59:01,732 INFO  - Processing DEN message (at simulation time 240.300,000,000 s)
2022-06-15 10:59:01,732 INFO  - Route already changed (at simulation time 240.300,000,000 s)
2022-06-15 10:59:01,766 INFO  - Received message from cell from WeatherServer (at simulation time 242.300,000,000 s)
2022-06-15 10:59:01,766 INFO  - Processing DEN message (at simulation time 242.300,000,000 s)
2022-06-15 10:59:01,766 INFO  - Route already changed (at simulation time 242.300,000,000 s)
2022-06-15 10:59:01,802 INFO  - Received message from cell from WeatherServer (at simulation time 244.300,000,000 s)
2022-06-15 10:59:01,802 INFO  - Processing DEN message (at simulation time 244.300,000,000 s)
2022-06-15 10:59:01,802 INFO  - Route already changed (at simulation time 244.300,000,000 s)
2022-06-15 10:59:01,837 INFO  - Received message from cell from WeatherServer (at simulation time 246.300,000,000 s)
2022-06-15 10:59:01,837 INFO  - Processing DEN message (at simulation time 246.300,000,000 s)
2022-06-15 10:59:01,837 INFO  - Route already changed (at simulation time 246.300,000,000 s)
2022-06-15 10:59:01,868 INFO  - Received message from cell from WeatherServer (at simulation time 248.300,000,000 s)
2022-06-15 10:59:01,868 INFO  - Processing DEN message (at simulation time 248.300,000,000 s)
2022-06-15 10:59:01,868 INFO  - Route already changed (at simulation time 248.300,000,000 s)
2022-06-15 10:59:01,902 INFO  - Received message from cell from WeatherServer (at simulation time 250.300,000,000 s)
2022-06-15 10:59:01,902 INFO  - Processing DEN message (at simulation time 250.300,000,000 s)
2022-06-15 10:59:01,902 INFO  - Route already changed (at simulation time 250.300,000,000 s)
2022-06-15 10:59:01,933 INFO  - Received message from cell from WeatherServer (at simulation time 252.300,000,000 s)
2022-06-15 10:59:01,933 INFO  - Processing DEN message (at simulation time 252.300,000,000 s)
2022-06-15 10:59:01,933 INFO  - Route already changed (at simulation time 252.300,000,000 s)
2022-06-15 10:59:01,969 INFO  - Received message from cell from WeatherServer (at simulation time 254.300,000,000 s)
2022-06-15 10:59:01,969 INFO  - Processing DEN message (at simulation time 254.300,000,000 s)
2022-06-15 10:59:01,969 INFO  - Route already changed (at simulation time 254.300,000,000 s)
2022-06-15 10:59:02,004 INFO  - Received message from cell from WeatherServer (at simulation time 256.300,000,000 s)
2022-06-15 10:59:02,004 INFO  - Processing DEN message (at simulation time 256.300,000,000 s)
2022-06-15 10:59:02,004 INFO  - Route already changed (at simulation time 256.300,000,000 s)
2022-06-15 10:59:02,036 INFO  - Received message from cell from WeatherServer (at simulation time 258.300,000,000 s)
2022-06-15 10:59:02,036 INFO  - Processing DEN message (at simulation time 258.300,000,000 s)
2022-06-15 10:59:02,036 INFO  - Route already changed (at simulation time 258.300,000,000 s)
2022-06-15 10:59:02,073 INFO  - Received message from cell from WeatherServer (at simulation time 260.300,000,000 s)
2022-06-15 10:59:02,073 INFO  - Processing DEN message (at simulation time 260.300,000,000 s)
2022-06-15 10:59:02,073 INFO  - Route already changed (at simulation time 260.300,000,000 s)
2022-06-15 10:59:02,106 INFO  - Received message from cell from WeatherServer (at simulation time 262.300,000,000 s)
2022-06-15 10:59:02,106 INFO  - Processing DEN message (at simulation time 262.300,000,000 s)
2022-06-15 10:59:02,106 INFO  - Route already changed (at simulation time 262.300,000,000 s)
2022-06-15 10:59:02,145 INFO  - Received message from cell from WeatherServer (at simulation time 264.300,000,000 s)
2022-06-15 10:59:02,145 INFO  - Processing DEN message (at simulation time 264.300,000,000 s)
2022-06-15 10:59:02,145 INFO  - Route already changed (at simulation time 264.300,000,000 s)
2022-06-15 10:59:02,183 INFO  - Received message from cell from WeatherServer (at simulation time 266.300,000,000 s)
2022-06-15 10:59:02,183 INFO  - Processing DEN message (at simulation time 266.300,000,000 s)
2022-06-15 10:59:02,183 INFO  - Route already changed (at simulation time 266.300,000,000 s)
2022-06-15 10:59:02,219 INFO  - Received message from cell from WeatherServer (at simulation time 268.300,000,000 s)
2022-06-15 10:59:02,219 INFO  - Processing DEN message (at simulation time 268.300,000,000 s)
2022-06-15 10:59:02,219 INFO  - Route already changed (at simulation time 268.300,000,000 s)
2022-06-15 10:59:02,256 INFO  - Received message from cell from WeatherServer (at simulation time 270.300,000,000 s)
2022-06-15 10:59:02,256 INFO  - Processing DEN message (at simulation time 270.300,000,000 s)
2022-06-15 10:59:02,256 INFO  - Route already changed (at simulation time 270.300,000,000 s)
2022-06-15 10:59:02,290 INFO  - Received message from cell from WeatherServer (at simulation time 272.300,000,000 s)
2022-06-15 10:59:02,290 INFO  - Processing DEN message (at simulation time 272.300,000,000 s)
2022-06-15 10:59:02,290 INFO  - Route already changed (at simulation time 272.300,000,000 s)
2022-06-15 10:59:02,329 INFO  - Received message from cell from WeatherServer (at simulation time 274.300,000,000 s)
2022-06-15 10:59:02,329 INFO  - Processing DEN message (at simulation time 274.300,000,000 s)
2022-06-15 10:59:02,329 INFO  - Route already changed (at simulation time 274.300,000,000 s)
2022-06-15 10:59:02,366 INFO  - Received message from cell from WeatherServer (at simulation time 276.300,000,000 s)
2022-06-15 10:59:02,366 INFO  - Processing DEN message (at simulation time 276.300,000,000 s)
2022-06-15 10:59:02,366 INFO  - Route already changed (at simulation time 276.300,000,000 s)
2022-06-15 10:59:02,398 INFO  - Received message from cell from WeatherServer (at simulation time 278.300,000,000 s)
2022-06-15 10:59:02,398 INFO  - Processing DEN message (at simulation time 278.300,000,000 s)
2022-06-15 10:59:02,398 INFO  - Route already changed (at simulation time 278.300,000,000 s)
2022-06-15 10:59:02,437 INFO  - Received message from cell from WeatherServer (at simulation time 280.300,000,000 s)
2022-06-15 10:59:02,437 INFO  - Processing DEN message (at simulation time 280.300,000,000 s)
2022-06-15 10:59:02,437 INFO  - Route already changed (at simulation time 280.300,000,000 s)
2022-06-15 10:59:02,472 INFO  - Received message from cell from WeatherServer (at simulation time 282.300,000,000 s)
2022-06-15 10:59:02,472 INFO  - Processing DEN message (at simulation time 282.300,000,000 s)
2022-06-15 10:59:02,472 INFO  - Route already changed (at simulation time 282.300,000,000 s)
2022-06-15 10:59:02,512 INFO  - Received message from cell from WeatherServer (at simulation time 284.300,000,000 s)
2022-06-15 10:59:02,512 INFO  - Processing DEN message (at simulation time 284.300,000,000 s)
2022-06-15 10:59:02,512 INFO  - Route already changed (at simulation time 284.300,000,000 s)
2022-06-15 10:59:02,546 INFO  - Received message from cell from WeatherServer (at simulation time 286.300,000,000 s)
2022-06-15 10:59:02,546 INFO  - Processing DEN message (at simulation time 286.300,000,000 s)
2022-06-15 10:59:02,546 INFO  - Route already changed (at simulation time 286.300,000,000 s)
2022-06-15 10:59:02,582 INFO  - Received message from cell from WeatherServer (at simulation time 288.300,000,000 s)
2022-06-15 10:59:02,582 INFO  - Processing DEN message (at simulation time 288.300,000,000 s)
2022-06-15 10:59:02,582 INFO  - Route already changed (at simulation time 288.300,000,000 s)
2022-06-15 10:59:02,615 INFO  - Received message from cell from WeatherServer (at simulation time 290.300,000,000 s)
2022-06-15 10:59:02,615 INFO  - Processing DEN message (at simulation time 290.300,000,000 s)
2022-06-15 10:59:02,615 INFO  - Route already changed (at simulation time 290.300,000,000 s)
2022-06-15 10:59:02,651 INFO  - Received message from cell from WeatherServer (at simulation time 292.300,000,000 s)
2022-06-15 10:59:02,652 INFO  - Processing DEN message (at simulation time 292.300,000,000 s)
2022-06-15 10:59:02,652 INFO  - Route already changed (at simulation time 292.300,000,000 s)
2022-06-15 10:59:02,689 INFO  - Received message from cell from WeatherServer (at simulation time 294.300,000,000 s)
2022-06-15 10:59:02,689 INFO  - Processing DEN message (at simulation time 294.300,000,000 s)
2022-06-15 10:59:02,689 INFO  - Route already changed (at simulation time 294.300,000,000 s)
2022-06-15 10:59:02,723 INFO  - Received message from cell from WeatherServer (at simulation time 296.300,000,000 s)
2022-06-15 10:59:02,723 INFO  - Processing DEN message (at simulation time 296.300,000,000 s)
2022-06-15 10:59:02,723 INFO  - Route already changed (at simulation time 296.300,000,000 s)
2022-06-15 10:59:02,756 INFO  - Received message from cell from WeatherServer (at simulation time 298.300,000,000 s)
2022-06-15 10:59:02,756 INFO  - Processing DEN message (at simulation time 298.300,000,000 s)
2022-06-15 10:59:02,756 INFO  - Route already changed (at simulation time 298.300,000,000 s)
2022-06-15 10:59:02,788 INFO  - Received message from cell from WeatherServer (at simulation time 300.300,000,000 s)
2022-06-15 10:59:02,788 INFO  - Processing DEN message (at simulation time 300.300,000,000 s)
2022-06-15 10:59:02,788 INFO  - Route already changed (at simulation time 300.300,000,000 s)
2022-06-15 10:59:02,820 INFO  - Received message from cell from WeatherServer (at simulation time 302.300,000,000 s)
2022-06-15 10:59:02,820 INFO  - Processing DEN message (at simulation time 302.300,000,000 s)
2022-06-15 10:59:02,820 INFO  - Route already changed (at simulation time 302.300,000,000 s)
2022-06-15 10:59:02,852 INFO  - Received message from cell from WeatherServer (at simulation time 304.300,000,000 s)
2022-06-15 10:59:02,852 INFO  - Processing DEN message (at simulation time 304.300,000,000 s)
2022-06-15 10:59:02,852 INFO  - Route already changed (at simulation time 304.300,000,000 s)
2022-06-15 10:59:02,879 INFO  - Received message from cell from WeatherServer (at simulation time 306.300,000,000 s)
2022-06-15 10:59:02,879 INFO  - Processing DEN message (at simulation time 306.300,000,000 s)
2022-06-15 10:59:02,879 INFO  - Route already changed (at simulation time 306.300,000,000 s)
2022-06-15 10:59:02,911 INFO  - Received message from cell from WeatherServer (at simulation time 308.300,000,000 s)
2022-06-15 10:59:02,911 INFO  - Processing DEN message (at simulation time 308.300,000,000 s)
2022-06-15 10:59:02,911 INFO  - Route already changed (at simulation time 308.300,000,000 s)
2022-06-15 10:59:02,936 INFO  - Received message from cell from WeatherServer (at simulation time 310.300,000,000 s)
2022-06-15 10:59:02,936 INFO  - Processing DEN message (at simulation time 310.300,000,000 s)
2022-06-15 10:59:02,936 INFO  - Route already changed (at simulation time 310.300,000,000 s)
2022-06-15 10:59:02,962 INFO  - Received message from cell from WeatherServer (at simulation time 312.300,000,000 s)
2022-06-15 10:59:02,962 INFO  - Processing DEN message (at simulation time 312.300,000,000 s)
2022-06-15 10:59:02,962 INFO  - Route already changed (at simulation time 312.300,000,000 s)
2022-06-15 10:59:02,995 INFO  - Received message from cell from WeatherServer (at simulation time 314.300,000,000 s)
2022-06-15 10:59:02,995 INFO  - Processing DEN message (at simulation time 314.300,000,000 s)
2022-06-15 10:59:02,995 INFO  - Route already changed (at simulation time 314.300,000,000 s)
2022-06-15 10:59:03,019 INFO  - Received message from cell from WeatherServer (at simulation time 316.300,000,000 s)
2022-06-15 10:59:03,019 INFO  - Processing DEN message (at simulation time 316.300,000,000 s)
2022-06-15 10:59:03,019 INFO  - Route already changed (at simulation time 316.300,000,000 s)
2022-06-15 10:59:03,041 INFO  - Received message from cell from WeatherServer (at simulation time 318.300,000,000 s)
2022-06-15 10:59:03,041 INFO  - Processing DEN message (at simulation time 318.300,000,000 s)
2022-06-15 10:59:03,041 INFO  - Route already changed (at simulation time 318.300,000,000 s)
2022-06-15 10:59:03,062 INFO  - Received message from cell from WeatherServer (at simulation time 320.300,000,000 s)
2022-06-15 10:59:03,062 INFO  - Processing DEN message (at simulation time 320.300,000,000 s)
2022-06-15 10:59:03,062 INFO  - Route already changed (at simulation time 320.300,000,000 s)
2022-06-15 10:59:03,083 INFO  - Received message from cell from WeatherServer (at simulation time 322.300,000,000 s)
2022-06-15 10:59:03,083 INFO  - Processing DEN message (at simulation time 322.300,000,000 s)
2022-06-15 10:59:03,083 INFO  - Route already changed (at simulation time 322.300,000,000 s)
2022-06-15 10:59:03,104 INFO  - Received message from cell from WeatherServer (at simulation time 324.300,000,000 s)
2022-06-15 10:59:03,104 INFO  - Processing DEN message (at simulation time 324.300,000,000 s)
2022-06-15 10:59:03,104 INFO  - Route already changed (at simulation time 324.300,000,000 s)
2022-06-15 10:59:03,121 INFO  - Received message from cell from WeatherServer (at simulation time 326.300,000,000 s)
2022-06-15 10:59:03,121 INFO  - Processing DEN message (at simulation time 326.300,000,000 s)
2022-06-15 10:59:03,121 INFO  - Route already changed (at simulation time 326.300,000,000 s)
2022-06-15 10:59:03,142 INFO  - Received message from cell from WeatherServer (at simulation time 328.300,000,000 s)
2022-06-15 10:59:03,142 INFO  - Processing DEN message (at simulation time 328.300,000,000 s)
2022-06-15 10:59:03,142 INFO  - Route already changed (at simulation time 328.300,000,000 s)
2022-06-15 10:59:03,155 INFO  - Received message from cell from WeatherServer (at simulation time 330.300,000,000 s)
2022-06-15 10:59:03,155 INFO  - Processing DEN message (at simulation time 330.300,000,000 s)
2022-06-15 10:59:03,155 INFO  - Route already changed (at simulation time 330.300,000,000 s)
2022-06-15 10:59:03,170 INFO  - Received message from cell from WeatherServer (at simulation time 332.300,000,000 s)
2022-06-15 10:59:03,170 INFO  - Processing DEN message (at simulation time 332.300,000,000 s)
2022-06-15 10:59:03,170 INFO  - Route already changed (at simulation time 332.300,000,000 s)
2022-06-15 10:59:03,186 INFO  - Received message from cell from WeatherServer (at simulation time 334.300,000,000 s)
2022-06-15 10:59:03,186 INFO  - Processing DEN message (at simulation time 334.300,000,000 s)
2022-06-15 10:59:03,186 INFO  - Route already changed (at simulation time 334.300,000,000 s)
2022-06-15 10:59:03,203 INFO  - Received message from cell from WeatherServer (at simulation time 336.300,000,000 s)
2022-06-15 10:59:03,203 INFO  - Processing DEN message (at simulation time 336.300,000,000 s)
2022-06-15 10:59:03,203 INFO  - Route already changed (at simulation time 336.300,000,000 s)
2022-06-15 10:59:03,218 INFO  - Received message from cell from WeatherServer (at simulation time 338.300,000,000 s)
2022-06-15 10:59:03,218 INFO  - Processing DEN message (at simulation time 338.300,000,000 s)
2022-06-15 10:59:03,218 INFO  - Route already changed (at simulation time 338.300,000,000 s)
2022-06-15 10:59:03,233 INFO  - Received message from cell from WeatherServer (at simulation time 340.300,000,000 s)
2022-06-15 10:59:03,233 INFO  - Processing DEN message (at simulation time 340.300,000,000 s)
2022-06-15 10:59:03,233 INFO  - Route already changed (at simulation time 340.300,000,000 s)
2022-06-15 10:59:03,252 INFO  - Received message from cell from WeatherServer (at simulation time 342.300,000,000 s)
2022-06-15 10:59:03,252 INFO  - Processing DEN message (at simulation time 342.300,000,000 s)
2022-06-15 10:59:03,252 INFO  - Route already changed (at simulation time 342.300,000,000 s)
2022-06-15 10:59:03,266 INFO  - Received message from cell from WeatherServer (at simulation time 344.300,000,000 s)
2022-06-15 10:59:03,266 INFO  - Processing DEN message (at simulation time 344.300,000,000 s)
2022-06-15 10:59:03,266 INFO  - Route already changed (at simulation time 344.300,000,000 s)
2022-06-15 10:59:03,282 INFO  - Received message from cell from WeatherServer (at simulation time 346.300,000,000 s)
2022-06-15 10:59:03,282 INFO  - Processing DEN message (at simulation time 346.300,000,000 s)
2022-06-15 10:59:03,282 INFO  - Route already changed (at simulation time 346.300,000,000 s)
2022-06-15 10:59:03,299 INFO  - Received message from cell from WeatherServer (at simulation time 348.300,000,000 s)
2022-06-15 10:59:03,299 INFO  - Processing DEN message (at simulation time 348.300,000,000 s)
2022-06-15 10:59:03,299 INFO  - Route already changed (at simulation time 348.300,000,000 s)
2022-06-15 10:59:03,313 INFO  - Received message from cell from WeatherServer (at simulation time 350.300,000,000 s)
2022-06-15 10:59:03,313 INFO  - Processing DEN message (at simulation time 350.300,000,000 s)
2022-06-15 10:59:03,313 INFO  - Route already changed (at simulation time 350.300,000,000 s)
2022-06-15 10:59:03,328 INFO  - Received message from cell from WeatherServer (at simulation time 352.300,000,000 s)
2022-06-15 10:59:03,328 INFO  - Processing DEN message (at simulation time 352.300,000,000 s)
2022-06-15 10:59:03,328 INFO  - Route already changed (at simulation time 352.300,000,000 s)
2022-06-15 10:59:03,344 INFO  - Received message from cell from WeatherServer (at simulation time 354.300,000,000 s)
2022-06-15 10:59:03,344 INFO  - Processing DEN message (at simulation time 354.300,000,000 s)
2022-06-15 10:59:03,344 INFO  - Route already changed (at simulation time 354.300,000,000 s)
2022-06-15 10:59:03,361 INFO  - Received message from cell from WeatherServer (at simulation time 356.300,000,000 s)
2022-06-15 10:59:03,361 INFO  - Processing DEN message (at simulation time 356.300,000,000 s)
2022-06-15 10:59:03,361 INFO  - Route already changed (at simulation time 356.300,000,000 s)
2022-06-15 10:59:03,375 INFO  - Received message from cell from WeatherServer (at simulation time 358.300,000,000 s)
2022-06-15 10:59:03,375 INFO  - Processing DEN message (at simulation time 358.300,000,000 s)
2022-06-15 10:59:03,375 INFO  - Route already changed (at simulation time 358.300,000,000 s)
2022-06-15 10:59:03,393 INFO  - Received message from cell from WeatherServer (at simulation time 360.300,000,000 s)
2022-06-15 10:59:03,393 INFO  - Processing DEN message (at simulation time 360.300,000,000 s)
2022-06-15 10:59:03,393 INFO  - Route already changed (at simulation time 360.300,000,000 s)
2022-06-15 10:59:03,411 INFO  - Received message from cell from WeatherServer (at simulation time 362.300,000,000 s)
2022-06-15 10:59:03,411 INFO  - Processing DEN message (at simulation time 362.300,000,000 s)
2022-06-15 10:59:03,411 INFO  - Route already changed (at simulation time 362.300,000,000 s)
2022-06-15 10:59:03,427 INFO  - Received message from cell from WeatherServer (at simulation time 364.300,000,000 s)
2022-06-15 10:59:03,427 INFO  - Processing DEN message (at simulation time 364.300,000,000 s)
2022-06-15 10:59:03,427 INFO  - Route already changed (at simulation time 364.300,000,000 s)
2022-06-15 10:59:03,446 INFO  - Received message from cell from WeatherServer (at simulation time 366.300,000,000 s)
2022-06-15 10:59:03,446 INFO  - Processing DEN message (at simulation time 366.300,000,000 s)
2022-06-15 10:59:03,446 INFO  - Route already changed (at simulation time 366.300,000,000 s)
2022-06-15 10:59:03,462 INFO  - Received message from cell from WeatherServer (at simulation time 368.300,000,000 s)
2022-06-15 10:59:03,462 INFO  - Processing DEN message (at simulation time 368.300,000,000 s)
2022-06-15 10:59:03,462 INFO  - Route already changed (at simulation time 368.300,000,000 s)
2022-06-15 10:59:03,477 INFO  - Received message from cell from WeatherServer (at simulation time 370.300,000,000 s)
2022-06-15 10:59:03,477 INFO  - Processing DEN message (at simulation time 370.300,000,000 s)
2022-06-15 10:59:03,477 INFO  - Route already changed (at simulation time 370.300,000,000 s)
2022-06-15 10:59:03,492 INFO  - Received message from cell from WeatherServer (at simulation time 372.300,000,000 s)
2022-06-15 10:59:03,492 INFO  - Processing DEN message (at simulation time 372.300,000,000 s)
2022-06-15 10:59:03,492 INFO  - Route already changed (at simulation time 372.300,000,000 s)
2022-06-15 10:59:03,511 INFO  - Received message from cell from WeatherServer (at simulation time 374.300,000,000 s)
2022-06-15 10:59:03,511 INFO  - Processing DEN message (at simulation time 374.300,000,000 s)
2022-06-15 10:59:03,511 INFO  - Route already changed (at simulation time 374.300,000,000 s)
2022-06-15 10:59:03,527 INFO  - Received message from cell from WeatherServer (at simulation time 376.300,000,000 s)
2022-06-15 10:59:03,527 INFO  - Processing DEN message (at simulation time 376.300,000,000 s)
2022-06-15 10:59:03,527 INFO  - Route already changed (at simulation time 376.300,000,000 s)
2022-06-15 10:59:03,584 INFO  - Received message from cell from WeatherServer (at simulation time 378.300,000,000 s)
2022-06-15 10:59:03,584 INFO  - Processing DEN message (at simulation time 378.300,000,000 s)
2022-06-15 10:59:03,584 INFO  - Route already changed (at simulation time 378.300,000,000 s)
2022-06-15 10:59:03,611 INFO  - Received message from cell from WeatherServer (at simulation time 380.300,000,000 s)
2022-06-15 10:59:03,611 INFO  - Processing DEN message (at simulation time 380.300,000,000 s)
2022-06-15 10:59:03,611 INFO  - Route already changed (at simulation time 380.300,000,000 s)
2022-06-15 10:59:03,644 INFO  - Received message from cell from WeatherServer (at simulation time 382.300,000,000 s)
2022-06-15 10:59:03,644 INFO  - Processing DEN message (at simulation time 382.300,000,000 s)
2022-06-15 10:59:03,644 INFO  - Route already changed (at simulation time 382.300,000,000 s)
2022-06-15 10:59:03,680 INFO  - Received message from cell from WeatherServer (at simulation time 384.300,000,000 s)
2022-06-15 10:59:03,680 INFO  - Processing DEN message (at simulation time 384.300,000,000 s)
2022-06-15 10:59:03,680 INFO  - Route already changed (at simulation time 384.300,000,000 s)
2022-06-15 10:59:03,717 INFO  - Received message from cell from WeatherServer (at simulation time 386.300,000,000 s)
2022-06-15 10:59:03,717 INFO  - Processing DEN message (at simulation time 386.300,000,000 s)
2022-06-15 10:59:03,717 INFO  - Route already changed (at simulation time 386.300,000,000 s)
2022-06-15 10:59:03,750 INFO  - Received message from cell from WeatherServer (at simulation time 388.300,000,000 s)
2022-06-15 10:59:03,750 INFO  - Processing DEN message (at simulation time 388.300,000,000 s)
2022-06-15 10:59:03,750 INFO  - Route already changed (at simulation time 388.300,000,000 s)
2022-06-15 10:59:03,784 INFO  - Received message from cell from WeatherServer (at simulation time 390.300,000,000 s)
2022-06-15 10:59:03,784 INFO  - Processing DEN message (at simulation time 390.300,000,000 s)
2022-06-15 10:59:03,784 INFO  - Route already changed (at simulation time 390.300,000,000 s)
2022-06-15 10:59:03,825 INFO  - Received message from cell from WeatherServer (at simulation time 392.300,000,000 s)
2022-06-15 10:59:03,825 INFO  - Processing DEN message (at simulation time 392.300,000,000 s)
2022-06-15 10:59:03,825 INFO  - Route already changed (at simulation time 392.300,000,000 s)
2022-06-15 10:59:03,867 INFO  - Received message from cell from WeatherServer (at simulation time 394.300,000,000 s)
2022-06-15 10:59:03,867 INFO  - Processing DEN message (at simulation time 394.300,000,000 s)
2022-06-15 10:59:03,867 INFO  - Route already changed (at simulation time 394.300,000,000 s)
2022-06-15 10:59:03,908 INFO  - Received message from cell from WeatherServer (at simulation time 396.300,000,000 s)
2022-06-15 10:59:03,908 INFO  - Processing DEN message (at simulation time 396.300,000,000 s)
2022-06-15 10:59:03,908 INFO  - Route already changed (at simulation time 396.300,000,000 s)
2022-06-15 10:59:03,951 INFO  - Received message from cell from WeatherServer (at simulation time 398.300,000,000 s)
2022-06-15 10:59:03,951 INFO  - Processing DEN message (at simulation time 398.300,000,000 s)
2022-06-15 10:59:03,951 INFO  - Route already changed (at simulation time 398.300,000,000 s)
2022-06-15 10:59:03,996 INFO  - Received message from cell from WeatherServer (at simulation time 400.300,000,000 s)
2022-06-15 10:59:03,996 INFO  - Processing DEN message (at simulation time 400.300,000,000 s)
2022-06-15 10:59:03,996 INFO  - Route already changed (at simulation time 400.300,000,000 s)
2022-06-15 10:59:04,050 INFO  - Received message from cell from WeatherServer (at simulation time 402.300,000,000 s)
2022-06-15 10:59:04,050 INFO  - Processing DEN message (at simulation time 402.300,000,000 s)
2022-06-15 10:59:04,050 INFO  - Route already changed (at simulation time 402.300,000,000 s)
2022-06-15 10:59:04,103 INFO  - Received message from cell from WeatherServer (at simulation time 404.300,000,000 s)
2022-06-15 10:59:04,103 INFO  - Processing DEN message (at simulation time 404.300,000,000 s)
2022-06-15 10:59:04,103 INFO  - Route already changed (at simulation time 404.300,000,000 s)
2022-06-15 10:59:04,157 INFO  - Received message from cell from WeatherServer (at simulation time 406.300,000,000 s)
2022-06-15 10:59:04,157 INFO  - Processing DEN message (at simulation time 406.300,000,000 s)
2022-06-15 10:59:04,157 INFO  - Route already changed (at simulation time 406.300,000,000 s)
2022-06-15 10:59:04,205 INFO  - Received message from cell from WeatherServer (at simulation time 408.300,000,000 s)
2022-06-15 10:59:04,205 INFO  - Processing DEN message (at simulation time 408.300,000,000 s)
2022-06-15 10:59:04,205 INFO  - Route already changed (at simulation time 408.300,000,000 s)
2022-06-15 10:59:04,257 INFO  - Received message from cell from WeatherServer (at simulation time 410.300,000,000 s)
2022-06-15 10:59:04,257 INFO  - Processing DEN message (at simulation time 410.300,000,000 s)
2022-06-15 10:59:04,257 INFO  - Route already changed (at simulation time 410.300,000,000 s)
2022-06-15 10:59:04,311 INFO  - Received message from cell from WeatherServer (at simulation time 412.300,000,000 s)
2022-06-15 10:59:04,311 INFO  - Processing DEN message (at simulation time 412.300,000,000 s)
2022-06-15 10:59:04,311 INFO  - Route already changed (at simulation time 412.300,000,000 s)
2022-06-15 10:59:04,365 INFO  - Received message from cell from WeatherServer (at simulation time 414.300,000,000 s)
2022-06-15 10:59:04,365 INFO  - Processing DEN message (at simulation time 414.300,000,000 s)
2022-06-15 10:59:04,365 INFO  - Route already changed (at simulation time 414.300,000,000 s)
2022-06-15 10:59:04,422 INFO  - Received message from cell from WeatherServer (at simulation time 416.300,000,000 s)
2022-06-15 10:59:04,422 INFO  - Processing DEN message (at simulation time 416.300,000,000 s)
2022-06-15 10:59:04,422 INFO  - Route already changed (at simulation time 416.300,000,000 s)
2022-06-15 10:59:04,478 INFO  - Received message from cell from WeatherServer (at simulation time 418.300,000,000 s)
2022-06-15 10:59:04,478 INFO  - Processing DEN message (at simulation time 418.300,000,000 s)
2022-06-15 10:59:04,478 INFO  - Route already changed (at simulation time 418.300,000,000 s)
2022-06-15 10:59:04,537 INFO  - Received message from cell from WeatherServer (at simulation time 420.300,000,000 s)
2022-06-15 10:59:04,537 INFO  - Processing DEN message (at simulation time 420.300,000,000 s)
2022-06-15 10:59:04,537 INFO  - Route already changed (at simulation time 420.300,000,000 s)
2022-06-15 10:59:04,598 INFO  - Received message from cell from WeatherServer (at simulation time 422.300,000,000 s)
2022-06-15 10:59:04,598 INFO  - Processing DEN message (at simulation time 422.300,000,000 s)
2022-06-15 10:59:04,598 INFO  - Route already changed (at simulation time 422.300,000,000 s)
2022-06-15 10:59:04,652 INFO  - Received message from cell from WeatherServer (at simulation time 424.300,000,000 s)
2022-06-15 10:59:04,652 INFO  - Processing DEN message (at simulation time 424.300,000,000 s)
2022-06-15 10:59:04,652 INFO  - Route already changed (at simulation time 424.300,000,000 s)
2022-06-15 10:59:04,714 INFO  - Received message from cell from WeatherServer (at simulation time 426.300,000,000 s)
2022-06-15 10:59:04,714 INFO  - Processing DEN message (at simulation time 426.300,000,000 s)
2022-06-15 10:59:04,714 INFO  - Route already changed (at simulation time 426.300,000,000 s)
2022-06-15 10:59:04,766 INFO  - Received message from cell from WeatherServer (at simulation time 428.300,000,000 s)
2022-06-15 10:59:04,766 INFO  - Processing DEN message (at simulation time 428.300,000,000 s)
2022-06-15 10:59:04,766 INFO  - Route already changed (at simulation time 428.300,000,000 s)
2022-06-15 10:59:04,819 INFO  - Received message from cell from WeatherServer (at simulation time 430.300,000,000 s)
2022-06-15 10:59:04,819 INFO  - Processing DEN message (at simulation time 430.300,000,000 s)
2022-06-15 10:59:04,819 INFO  - Route already changed (at simulation time 430.300,000,000 s)
2022-06-15 10:59:04,872 INFO  - Received message from cell from WeatherServer (at simulation time 432.300,000,000 s)
2022-06-15 10:59:04,872 INFO  - Processing DEN message (at simulation time 432.300,000,000 s)
2022-06-15 10:59:04,872 INFO  - Route already changed (at simulation time 432.300,000,000 s)
2022-06-15 10:59:04,924 INFO  - Received message from cell from WeatherServer (at simulation time 434.300,000,000 s)
2022-06-15 10:59:04,924 INFO  - Processing DEN message (at simulation time 434.300,000,000 s)
2022-06-15 10:59:04,924 INFO  - Route already changed (at simulation time 434.300,000,000 s)
2022-06-15 10:59:04,978 INFO  - Received message from cell from WeatherServer (at simulation time 436.300,000,000 s)
2022-06-15 10:59:04,978 INFO  - Processing DEN message (at simulation time 436.300,000,000 s)
2022-06-15 10:59:04,978 INFO  - Route already changed (at simulation time 436.300,000,000 s)
2022-06-15 10:59:05,033 INFO  - Received message from cell from WeatherServer (at simulation time 438.300,000,000 s)
2022-06-15 10:59:05,033 INFO  - Processing DEN message (at simulation time 438.300,000,000 s)
2022-06-15 10:59:05,033 INFO  - Route already changed (at simulation time 438.300,000,000 s)
2022-06-15 10:59:05,091 INFO  - Received message from cell from WeatherServer (at simulation time 440.300,000,000 s)
2022-06-15 10:59:05,091 INFO  - Processing DEN message (at simulation time 440.300,000,000 s)
2022-06-15 10:59:05,091 INFO  - Route already changed (at simulation time 440.300,000,000 s)
2022-06-15 10:59:05,142 INFO  - Received message from cell from WeatherServer (at simulation time 442.300,000,000 s)
2022-06-15 10:59:05,142 INFO  - Processing DEN message (at simulation time 442.300,000,000 s)
2022-06-15 10:59:05,142 INFO  - Route already changed (at simulation time 442.300,000,000 s)
2022-06-15 10:59:05,192 INFO  - Received message from cell from WeatherServer (at simulation time 444.300,000,000 s)
2022-06-15 10:59:05,192 INFO  - Processing DEN message (at simulation time 444.300,000,000 s)
2022-06-15 10:59:05,192 INFO  - Route already changed (at simulation time 444.300,000,000 s)
2022-06-15 10:59:05,242 INFO  - Received message from cell from WeatherServer (at simulation time 446.300,000,000 s)
2022-06-15 10:59:05,242 INFO  - Processing DEN message (at simulation time 446.300,000,000 s)
2022-06-15 10:59:05,242 INFO  - Route already changed (at simulation time 446.300,000,000 s)
2022-06-15 10:59:05,293 INFO  - Received message from cell from WeatherServer (at simulation time 448.300,000,000 s)
2022-06-15 10:59:05,293 INFO  - Processing DEN message (at simulation time 448.300,000,000 s)
2022-06-15 10:59:05,293 INFO  - Route already changed (at simulation time 448.300,000,000 s)
2022-06-15 10:59:05,343 INFO  - Received message from cell from WeatherServer (at simulation time 450.300,000,000 s)
2022-06-15 10:59:05,343 INFO  - Processing DEN message (at simulation time 450.300,000,000 s)
2022-06-15 10:59:05,343 INFO  - Route already changed (at simulation time 450.300,000,000 s)
2022-06-15 10:59:05,395 INFO  - Received message from cell from WeatherServer (at simulation time 452.300,000,000 s)
2022-06-15 10:59:05,395 INFO  - Processing DEN message (at simulation time 452.300,000,000 s)
2022-06-15 10:59:05,395 INFO  - Route already changed (at simulation time 452.300,000,000 s)
2022-06-15 10:59:05,447 INFO  - Received message from cell from WeatherServer (at simulation time 454.300,000,000 s)
2022-06-15 10:59:05,447 INFO  - Processing DEN message (at simulation time 454.300,000,000 s)
2022-06-15 10:59:05,447 INFO  - Route already changed (at simulation time 454.300,000,000 s)
2022-06-15 10:59:05,497 INFO  - Received message from cell from WeatherServer (at simulation time 456.300,000,000 s)
2022-06-15 10:59:05,497 INFO  - Processing DEN message (at simulation time 456.300,000,000 s)
2022-06-15 10:59:05,497 INFO  - Route already changed (at simulation time 456.300,000,000 s)
2022-06-15 10:59:05,548 INFO  - Received message from cell from WeatherServer (at simulation time 458.300,000,000 s)
2022-06-15 10:59:05,548 INFO  - Processing DEN message (at simulation time 458.300,000,000 s)
2022-06-15 10:59:05,548 INFO  - Route already changed (at simulation time 458.300,000,000 s)
2022-06-15 10:59:05,599 INFO  - Received message from cell from WeatherServer (at simulation time 460.300,000,000 s)
2022-06-15 10:59:05,599 INFO  - Processing DEN message (at simulation time 460.300,000,000 s)
2022-06-15 10:59:05,599 INFO  - Route already changed (at simulation time 460.300,000,000 s)
2022-06-15 10:59:05,651 INFO  - Received message from cell from WeatherServer (at simulation time 462.300,000,000 s)
2022-06-15 10:59:05,651 INFO  - Processing DEN message (at simulation time 462.300,000,000 s)
2022-06-15 10:59:05,651 INFO  - Route already changed (at simulation time 462.300,000,000 s)
2022-06-15 10:59:05,700 INFO  - Received message from cell from WeatherServer (at simulation time 464.300,000,000 s)
2022-06-15 10:59:05,700 INFO  - Processing DEN message (at simulation time 464.300,000,000 s)
2022-06-15 10:59:05,700 INFO  - Route already changed (at simulation time 464.300,000,000 s)
2022-06-15 10:59:05,750 INFO  - Received message from cell from WeatherServer (at simulation time 466.300,000,000 s)
2022-06-15 10:59:05,750 INFO  - Processing DEN message (at simulation time 466.300,000,000 s)
2022-06-15 10:59:05,750 INFO  - Route already changed (at simulation time 466.300,000,000 s)
2022-06-15 10:59:05,804 INFO  - Received message from cell from WeatherServer (at simulation time 468.300,000,000 s)
2022-06-15 10:59:05,804 INFO  - Processing DEN message (at simulation time 468.300,000,000 s)
2022-06-15 10:59:05,804 INFO  - Route already changed (at simulation time 468.300,000,000 s)
2022-06-15 10:59:05,856 INFO  - Received message from cell from WeatherServer (at simulation time 470.300,000,000 s)
2022-06-15 10:59:05,856 INFO  - Processing DEN message (at simulation time 470.300,000,000 s)
2022-06-15 10:59:05,856 INFO  - Route already changed (at simulation time 470.300,000,000 s)
2022-06-15 10:59:05,905 INFO  - Received message from cell from WeatherServer (at simulation time 472.300,000,000 s)
2022-06-15 10:59:05,905 INFO  - Processing DEN message (at simulation time 472.300,000,000 s)
2022-06-15 10:59:05,905 INFO  - Route already changed (at simulation time 472.300,000,000 s)
2022-06-15 10:59:05,954 INFO  - Received message from cell from WeatherServer (at simulation time 474.300,000,000 s)
2022-06-15 10:59:05,954 INFO  - Processing DEN message (at simulation time 474.300,000,000 s)
2022-06-15 10:59:05,954 INFO  - Route already changed (at simulation time 474.300,000,000 s)
2022-06-15 10:59:06,003 INFO  - Received message from cell from WeatherServer (at simulation time 476.300,000,000 s)
2022-06-15 10:59:06,003 INFO  - Processing DEN message (at simulation time 476.300,000,000 s)
2022-06-15 10:59:06,003 INFO  - Route already changed (at simulation time 476.300,000,000 s)
2022-06-15 10:59:06,053 INFO  - Received message from cell from WeatherServer (at simulation time 478.300,000,000 s)
2022-06-15 10:59:06,053 INFO  - Processing DEN message (at simulation time 478.300,000,000 s)
2022-06-15 10:59:06,053 INFO  - Route already changed (at simulation time 478.300,000,000 s)
2022-06-15 10:59:06,097 INFO  - Received message from cell from WeatherServer (at simulation time 480.300,000,000 s)
2022-06-15 10:59:06,097 INFO  - Processing DEN message (at simulation time 480.300,000,000 s)
2022-06-15 10:59:06,097 INFO  - Route already changed (at simulation time 480.300,000,000 s)
2022-06-15 10:59:06,145 INFO  - Received message from cell from WeatherServer (at simulation time 482.300,000,000 s)
2022-06-15 10:59:06,145 INFO  - Processing DEN message (at simulation time 482.300,000,000 s)
2022-06-15 10:59:06,145 INFO  - Route already changed (at simulation time 482.300,000,000 s)
2022-06-15 10:59:06,191 INFO  - Received message from cell from WeatherServer (at simulation time 484.300,000,000 s)
2022-06-15 10:59:06,191 INFO  - Processing DEN message (at simulation time 484.300,000,000 s)
2022-06-15 10:59:06,191 INFO  - Route already changed (at simulation time 484.300,000,000 s)
2022-06-15 10:59:06,241 INFO  - Received message from cell from WeatherServer (at simulation time 486.300,000,000 s)
2022-06-15 10:59:06,241 INFO  - Processing DEN message (at simulation time 486.300,000,000 s)
2022-06-15 10:59:06,241 INFO  - Route already changed (at simulation time 486.300,000,000 s)
2022-06-15 10:59:06,290 INFO  - Received message from cell from WeatherServer (at simulation time 488.300,000,000 s)
2022-06-15 10:59:06,290 INFO  - Processing DEN message (at simulation time 488.300,000,000 s)
2022-06-15 10:59:06,290 INFO  - Route already changed (at simulation time 488.300,000,000 s)
2022-06-15 10:59:06,339 INFO  - Received message from cell from WeatherServer (at simulation time 490.300,000,000 s)
2022-06-15 10:59:06,339 INFO  - Processing DEN message (at simulation time 490.300,000,000 s)
2022-06-15 10:59:06,339 INFO  - Route already changed (at simulation time 490.300,000,000 s)
2022-06-15 10:59:06,386 INFO  - Received message from cell from WeatherServer (at simulation time 492.300,000,000 s)
2022-06-15 10:59:06,386 INFO  - Processing DEN message (at simulation time 492.300,000,000 s)
2022-06-15 10:59:06,386 INFO  - Route already changed (at simulation time 492.300,000,000 s)
2022-06-15 10:59:06,433 INFO  - Received message from cell from WeatherServer (at simulation time 494.300,000,000 s)
2022-06-15 10:59:06,433 INFO  - Processing DEN message (at simulation time 494.300,000,000 s)
2022-06-15 10:59:06,433 INFO  - Route already changed (at simulation time 494.300,000,000 s)
2022-06-15 10:59:06,480 INFO  - Received message from cell from WeatherServer (at simulation time 496.300,000,000 s)
2022-06-15 10:59:06,480 INFO  - Processing DEN message (at simulation time 496.300,000,000 s)
2022-06-15 10:59:06,480 INFO  - Route already changed (at simulation time 496.300,000,000 s)
2022-06-15 10:59:06,527 INFO  - Received message from cell from WeatherServer (at simulation time 498.300,000,000 s)
2022-06-15 10:59:06,527 INFO  - Processing DEN message (at simulation time 498.300,000,000 s)
2022-06-15 10:59:06,527 INFO  - Route already changed (at simulation time 498.300,000,000 s)
2022-06-15 10:59:06,572 INFO  - Received message from cell from WeatherServer (at simulation time 500.300,000,000 s)
2022-06-15 10:59:06,572 INFO  - Processing DEN message (at simulation time 500.300,000,000 s)
2022-06-15 10:59:06,572 INFO  - Route already changed (at simulation time 500.300,000,000 s)
2022-06-15 10:59:06,616 INFO  - Received message from cell from WeatherServer (at simulation time 502.300,000,000 s)
2022-06-15 10:59:06,616 INFO  - Processing DEN message (at simulation time 502.300,000,000 s)
2022-06-15 10:59:06,616 INFO  - Route already changed (at simulation time 502.300,000,000 s)
2022-06-15 10:59:06,666 INFO  - Received message from cell from WeatherServer (at simulation time 504.300,000,000 s)
2022-06-15 10:59:06,666 INFO  - Processing DEN message (at simulation time 504.300,000,000 s)
2022-06-15 10:59:06,666 INFO  - Route already changed (at simulation time 504.300,000,000 s)
2022-06-15 10:59:06,711 INFO  - Received message from cell from WeatherServer (at simulation time 506.300,000,000 s)
2022-06-15 10:59:06,711 INFO  - Processing DEN message (at simulation time 506.300,000,000 s)
2022-06-15 10:59:06,711 INFO  - Route already changed (at simulation time 506.300,000,000 s)
2022-06-15 10:59:06,756 INFO  - Received message from cell from WeatherServer (at simulation time 508.300,000,000 s)
2022-06-15 10:59:06,756 INFO  - Processing DEN message (at simulation time 508.300,000,000 s)
2022-06-15 10:59:06,756 INFO  - Route already changed (at simulation time 508.300,000,000 s)
2022-06-15 10:59:06,802 INFO  - Received message from cell from WeatherServer (at simulation time 510.300,000,000 s)
2022-06-15 10:59:06,802 INFO  - Processing DEN message (at simulation time 510.300,000,000 s)
2022-06-15 10:59:06,802 INFO  - Route already changed (at simulation time 510.300,000,000 s)
2022-06-15 10:59:06,846 INFO  - Received message from cell from WeatherServer (at simulation time 512.300,000,000 s)
2022-06-15 10:59:06,846 INFO  - Processing DEN message (at simulation time 512.300,000,000 s)
2022-06-15 10:59:06,846 INFO  - Route already changed (at simulation time 512.300,000,000 s)
2022-06-15 10:59:06,895 INFO  - Received message from cell from WeatherServer (at simulation time 514.300,000,000 s)
2022-06-15 10:59:06,896 INFO  - Processing DEN message (at simulation time 514.300,000,000 s)
2022-06-15 10:59:06,896 INFO  - Route already changed (at simulation time 514.300,000,000 s)
2022-06-15 10:59:06,940 INFO  - Received message from cell from WeatherServer (at simulation time 516.300,000,000 s)
2022-06-15 10:59:06,940 INFO  - Processing DEN message (at simulation time 516.300,000,000 s)
2022-06-15 10:59:06,940 INFO  - Route already changed (at simulation time 516.300,000,000 s)
2022-06-15 10:59:06,983 INFO  - Received message from cell from WeatherServer (at simulation time 518.300,000,000 s)
2022-06-15 10:59:06,983 INFO  - Processing DEN message (at simulation time 518.300,000,000 s)
2022-06-15 10:59:06,983 INFO  - Route already changed (at simulation time 518.300,000,000 s)
2022-06-15 10:59:07,026 INFO  - Received message from cell from WeatherServer (at simulation time 520.300,000,000 s)
2022-06-15 10:59:07,026 INFO  - Processing DEN message (at simulation time 520.300,000,000 s)
2022-06-15 10:59:07,026 INFO  - Route already changed (at simulation time 520.300,000,000 s)
2022-06-15 10:59:07,071 INFO  - Received message from cell from WeatherServer (at simulation time 522.300,000,000 s)
2022-06-15 10:59:07,071 INFO  - Processing DEN message (at simulation time 522.300,000,000 s)
2022-06-15 10:59:07,071 INFO  - Route already changed (at simulation time 522.300,000,000 s)
2022-06-15 10:59:07,114 INFO  - Received message from cell from WeatherServer (at simulation time 524.300,000,000 s)
2022-06-15 10:59:07,114 INFO  - Processing DEN message (at simulation time 524.300,000,000 s)
2022-06-15 10:59:07,114 INFO  - Route already changed (at simulation time 524.300,000,000 s)
2022-06-15 10:59:07,158 INFO  - Received message from cell from WeatherServer (at simulation time 526.300,000,000 s)
2022-06-15 10:59:07,158 INFO  - Processing DEN message (at simulation time 526.300,000,000 s)
2022-06-15 10:59:07,158 INFO  - Route already changed (at simulation time 526.300,000,000 s)
2022-06-15 10:59:07,205 INFO  - Received message from cell from WeatherServer (at simulation time 528.300,000,000 s)
2022-06-15 10:59:07,205 INFO  - Processing DEN message (at simulation time 528.300,000,000 s)
2022-06-15 10:59:07,205 INFO  - Route already changed (at simulation time 528.300,000,000 s)
2022-06-15 10:59:07,248 INFO  - Received message from cell from WeatherServer (at simulation time 530.300,000,000 s)
2022-06-15 10:59:07,248 INFO  - Processing DEN message (at simulation time 530.300,000,000 s)
2022-06-15 10:59:07,248 INFO  - Route already changed (at simulation time 530.300,000,000 s)
2022-06-15 10:59:07,290 INFO  - Received message from cell from WeatherServer (at simulation time 532.300,000,000 s)
2022-06-15 10:59:07,290 INFO  - Processing DEN message (at simulation time 532.300,000,000 s)
2022-06-15 10:59:07,290 INFO  - Route already changed (at simulation time 532.300,000,000 s)
2022-06-15 10:59:07,333 INFO  - Received message from cell from WeatherServer (at simulation time 534.300,000,000 s)
2022-06-15 10:59:07,333 INFO  - Processing DEN message (at simulation time 534.300,000,000 s)
2022-06-15 10:59:07,333 INFO  - Route already changed (at simulation time 534.300,000,000 s)
2022-06-15 10:59:07,379 INFO  - Received message from cell from WeatherServer (at simulation time 536.300,000,000 s)
2022-06-15 10:59:07,379 INFO  - Processing DEN message (at simulation time 536.300,000,000 s)
2022-06-15 10:59:07,379 INFO  - Route already changed (at simulation time 536.300,000,000 s)
2022-06-15 10:59:07,421 INFO  - Received message from cell from WeatherServer (at simulation time 538.300,000,000 s)
2022-06-15 10:59:07,421 INFO  - Processing DEN message (at simulation time 538.300,000,000 s)
2022-06-15 10:59:07,421 INFO  - Route already changed (at simulation time 538.300,000,000 s)
2022-06-15 10:59:07,465 INFO  - Received message from cell from WeatherServer (at simulation time 540.300,000,000 s)
2022-06-15 10:59:07,465 INFO  - Processing DEN message (at simulation time 540.300,000,000 s)
2022-06-15 10:59:07,465 INFO  - Route already changed (at simulation time 540.300,000,000 s)
2022-06-15 10:59:07,507 INFO  - Received message from cell from WeatherServer (at simulation time 542.300,000,000 s)
2022-06-15 10:59:07,507 INFO  - Processing DEN message (at simulation time 542.300,000,000 s)
2022-06-15 10:59:07,507 INFO  - Route already changed (at simulation time 542.300,000,000 s)
2022-06-15 10:59:07,549 INFO  - Received message from cell from WeatherServer (at simulation time 544.300,000,000 s)
2022-06-15 10:59:07,549 INFO  - Processing DEN message (at simulation time 544.300,000,000 s)
2022-06-15 10:59:07,549 INFO  - Route already changed (at simulation time 544.300,000,000 s)
2022-06-15 10:59:07,589 INFO  - Received message from cell from WeatherServer (at simulation time 546.300,000,000 s)
2022-06-15 10:59:07,589 INFO  - Processing DEN message (at simulation time 546.300,000,000 s)
2022-06-15 10:59:07,589 INFO  - Route already changed (at simulation time 546.300,000,000 s)
2022-06-15 10:59:07,629 INFO  - Received message from cell from WeatherServer (at simulation time 548.300,000,000 s)
2022-06-15 10:59:07,629 INFO  - Processing DEN message (at simulation time 548.300,000,000 s)
2022-06-15 10:59:07,629 INFO  - Route already changed (at simulation time 548.300,000,000 s)
2022-06-15 10:59:07,670 INFO  - Received message from cell from WeatherServer (at simulation time 550.300,000,000 s)
2022-06-15 10:59:07,670 INFO  - Processing DEN message (at simulation time 550.300,000,000 s)
2022-06-15 10:59:07,670 INFO  - Route already changed (at simulation time 550.300,000,000 s)
2022-06-15 10:59:07,710 INFO  - Received message from cell from WeatherServer (at simulation time 552.300,000,000 s)
2022-06-15 10:59:07,710 INFO  - Processing DEN message (at simulation time 552.300,000,000 s)
2022-06-15 10:59:07,710 INFO  - Route already changed (at simulation time 552.300,000,000 s)
2022-06-15 10:59:07,752 INFO  - Received message from cell from WeatherServer (at simulation time 554.300,000,000 s)
2022-06-15 10:59:07,752 INFO  - Processing DEN message (at simulation time 554.300,000,000 s)
2022-06-15 10:59:07,752 INFO  - Route already changed (at simulation time 554.300,000,000 s)
2022-06-15 10:59:07,794 INFO  - Received message from cell from WeatherServer (at simulation time 556.300,000,000 s)
2022-06-15 10:59:07,794 INFO  - Processing DEN message (at simulation time 556.300,000,000 s)
2022-06-15 10:59:07,794 INFO  - Route already changed (at simulation time 556.300,000,000 s)
2022-06-15 10:59:07,834 INFO  - Received message from cell from WeatherServer (at simulation time 558.300,000,000 s)
2022-06-15 10:59:07,834 INFO  - Processing DEN message (at simulation time 558.300,000,000 s)
2022-06-15 10:59:07,834 INFO  - Route already changed (at simulation time 558.300,000,000 s)
2022-06-15 10:59:07,874 INFO  - Received message from cell from WeatherServer (at simulation time 560.300,000,000 s)
2022-06-15 10:59:07,874 INFO  - Processing DEN message (at simulation time 560.300,000,000 s)
2022-06-15 10:59:07,874 INFO  - Route already changed (at simulation time 560.300,000,000 s)
2022-06-15 10:59:07,917 INFO  - Received message from cell from WeatherServer (at simulation time 562.300,000,000 s)
2022-06-15 10:59:07,917 INFO  - Processing DEN message (at simulation time 562.300,000,000 s)
2022-06-15 10:59:07,917 INFO  - Route already changed (at simulation time 562.300,000,000 s)
2022-06-15 10:59:07,958 INFO  - Received message from cell from WeatherServer (at simulation time 564.300,000,000 s)
2022-06-15 10:59:07,958 INFO  - Processing DEN message (at simulation time 564.300,000,000 s)
2022-06-15 10:59:07,958 INFO  - Route already changed (at simulation time 564.300,000,000 s)
2022-06-15 10:59:07,997 INFO  - Received message from cell from WeatherServer (at simulation time 566.300,000,000 s)
2022-06-15 10:59:07,997 INFO  - Processing DEN message (at simulation time 566.300,000,000 s)
2022-06-15 10:59:07,997 INFO  - Route already changed (at simulation time 566.300,000,000 s)
2022-06-15 10:59:08,037 INFO  - Received message from cell from WeatherServer (at simulation time 568.300,000,000 s)
2022-06-15 10:59:08,037 INFO  - Processing DEN message (at simulation time 568.300,000,000 s)
2022-06-15 10:59:08,037 INFO  - Route already changed (at simulation time 568.300,000,000 s)
2022-06-15 10:59:08,077 INFO  - Received message from cell from WeatherServer (at simulation time 570.300,000,000 s)
2022-06-15 10:59:08,077 INFO  - Processing DEN message (at simulation time 570.300,000,000 s)
2022-06-15 10:59:08,077 INFO  - Route already changed (at simulation time 570.300,000,000 s)
2022-06-15 10:59:08,119 INFO  - Received message from cell from WeatherServer (at simulation time 572.300,000,000 s)
2022-06-15 10:59:08,119 INFO  - Processing DEN message (at simulation time 572.300,000,000 s)
2022-06-15 10:59:08,119 INFO  - Route already changed (at simulation time 572.300,000,000 s)
2022-06-15 10:59:08,160 INFO  - Received message from cell from WeatherServer (at simulation time 574.300,000,000 s)
2022-06-15 10:59:08,160 INFO  - Processing DEN message (at simulation time 574.300,000,000 s)
2022-06-15 10:59:08,160 INFO  - Route already changed (at simulation time 574.300,000,000 s)
2022-06-15 10:59:08,198 INFO  - Received message from cell from WeatherServer (at simulation time 576.300,000,000 s)
2022-06-15 10:59:08,198 INFO  - Processing DEN message (at simulation time 576.300,000,000 s)
2022-06-15 10:59:08,198 INFO  - Route already changed (at simulation time 576.300,000,000 s)
2022-06-15 10:59:08,238 INFO  - Received message from cell from WeatherServer (at simulation time 578.300,000,000 s)
2022-06-15 10:59:08,238 INFO  - Processing DEN message (at simulation time 578.300,000,000 s)
2022-06-15 10:59:08,238 INFO  - Route already changed (at simulation time 578.300,000,000 s)
2022-06-15 10:59:08,274 INFO  - Received message from cell from WeatherServer (at simulation time 580.300,000,000 s)
2022-06-15 10:59:08,274 INFO  - Processing DEN message (at simulation time 580.300,000,000 s)
2022-06-15 10:59:08,274 INFO  - Route already changed (at simulation time 580.300,000,000 s)
2022-06-15 10:59:08,310 INFO  - Received message from cell from WeatherServer (at simulation time 582.300,000,000 s)
2022-06-15 10:59:08,310 INFO  - Processing DEN message (at simulation time 582.300,000,000 s)
2022-06-15 10:59:08,310 INFO  - Route already changed (at simulation time 582.300,000,000 s)
2022-06-15 10:59:08,343 INFO  - Received message from cell from WeatherServer (at simulation time 584.300,000,000 s)
2022-06-15 10:59:08,343 INFO  - Processing DEN message (at simulation time 584.300,000,000 s)
2022-06-15 10:59:08,343 INFO  - Route already changed (at simulation time 584.300,000,000 s)
2022-06-15 10:59:08,372 INFO  - Received message from cell from WeatherServer (at simulation time 586.300,000,000 s)
2022-06-15 10:59:08,372 INFO  - Processing DEN message (at simulation time 586.300,000,000 s)
2022-06-15 10:59:08,372 INFO  - Route already changed (at simulation time 586.300,000,000 s)
2022-06-15 10:59:08,402 INFO  - Received message from cell from WeatherServer (at simulation time 588.300,000,000 s)
2022-06-15 10:59:08,402 INFO  - Processing DEN message (at simulation time 588.300,000,000 s)
2022-06-15 10:59:08,402 INFO  - Route already changed (at simulation time 588.300,000,000 s)
2022-06-15 10:59:08,430 INFO  - Received message from cell from WeatherServer (at simulation time 590.300,000,000 s)
2022-06-15 10:59:08,430 INFO  - Processing DEN message (at simulation time 590.300,000,000 s)
2022-06-15 10:59:08,430 INFO  - Route already changed (at simulation time 590.300,000,000 s)
2022-06-15 10:59:08,460 INFO  - Received message from cell from WeatherServer (at simulation time 592.300,000,000 s)
2022-06-15 10:59:08,460 INFO  - Processing DEN message (at simulation time 592.300,000,000 s)
2022-06-15 10:59:08,460 INFO  - Route already changed (at simulation time 592.300,000,000 s)
2022-06-15 10:59:08,490 INFO  - Received message from cell from WeatherServer (at simulation time 594.300,000,000 s)
2022-06-15 10:59:08,490 INFO  - Processing DEN message (at simulation time 594.300,000,000 s)
2022-06-15 10:59:08,490 INFO  - Route already changed (at simulation time 594.300,000,000 s)
2022-06-15 10:59:08,515 INFO  - Received message from cell from WeatherServer (at simulation time 596.300,000,000 s)
2022-06-15 10:59:08,515 INFO  - Processing DEN message (at simulation time 596.300,000,000 s)
2022-06-15 10:59:08,515 INFO  - Route already changed (at simulation time 596.300,000,000 s)
2022-06-15 10:59:08,540 INFO  - Received message from cell from WeatherServer (at simulation time 598.300,000,000 s)
2022-06-15 10:59:08,540 INFO  - Processing DEN message (at simulation time 598.300,000,000 s)
2022-06-15 10:59:08,540 INFO  - Route already changed (at simulation time 598.300,000,000 s)
2022-06-15 10:59:08,564 INFO  - Received message from cell from WeatherServer (at simulation time 600.300,000,000 s)
2022-06-15 10:59:08,564 INFO  - Processing DEN message (at simulation time 600.300,000,000 s)
2022-06-15 10:59:08,564 INFO  - Route already changed (at simulation time 600.300,000,000 s)
2022-06-15 10:59:08,588 INFO  - Received message from cell from WeatherServer (at simulation time 602.300,000,000 s)
2022-06-15 10:59:08,588 INFO  - Processing DEN message (at simulation time 602.300,000,000 s)
2022-06-15 10:59:08,588 INFO  - Route already changed (at simulation time 602.300,000,000 s)
2022-06-15 10:59:08,610 INFO  - Received message from cell from WeatherServer (at simulation time 604.300,000,000 s)
2022-06-15 10:59:08,610 INFO  - Processing DEN message (at simulation time 604.300,000,000 s)
2022-06-15 10:59:08,610 INFO  - Route already changed (at simulation time 604.300,000,000 s)
2022-06-15 10:59:08,629 INFO  - Received message from cell from WeatherServer (at simulation time 606.300,000,000 s)
2022-06-15 10:59:08,629 INFO  - Processing DEN message (at simulation time 606.300,000,000 s)
2022-06-15 10:59:08,629 INFO  - Route already changed (at simulation time 606.300,000,000 s)
2022-06-15 10:59:08,649 INFO  - Received message from cell from WeatherServer (at simulation time 608.300,000,000 s)
2022-06-15 10:59:08,649 INFO  - Processing DEN message (at simulation time 608.300,000,000 s)
2022-06-15 10:59:08,649 INFO  - Route already changed (at simulation time 608.300,000,000 s)
2022-06-15 10:59:08,668 INFO  - Received message from cell from WeatherServer (at simulation time 610.300,000,000 s)
2022-06-15 10:59:08,668 INFO  - Processing DEN message (at simulation time 610.300,000,000 s)
2022-06-15 10:59:08,668 INFO  - Route already changed (at simulation time 610.300,000,000 s)
2022-06-15 10:59:08,687 INFO  - Received message from cell from WeatherServer (at simulation time 612.300,000,000 s)
2022-06-15 10:59:08,687 INFO  - Processing DEN message (at simulation time 612.300,000,000 s)
2022-06-15 10:59:08,687 INFO  - Route already changed (at simulation time 612.300,000,000 s)
2022-06-15 10:59:08,703 INFO  - Received message from cell from WeatherServer (at simulation time 614.300,000,000 s)
2022-06-15 10:59:08,703 INFO  - Processing DEN message (at simulation time 614.300,000,000 s)
2022-06-15 10:59:08,703 INFO  - Route already changed (at simulation time 614.300,000,000 s)
2022-06-15 10:59:08,716 INFO  - Received message from cell from WeatherServer (at simulation time 616.300,000,000 s)
2022-06-15 10:59:08,716 INFO  - Processing DEN message (at simulation time 616.300,000,000 s)
2022-06-15 10:59:08,716 INFO  - Route already changed (at simulation time 616.300,000,000 s)
2022-06-15 10:59:08,727 INFO  - Received message from cell from WeatherServer (at simulation time 618.300,000,000 s)
2022-06-15 10:59:08,727 INFO  - Processing DEN message (at simulation time 618.300,000,000 s)
2022-06-15 10:59:08,727 INFO  - Route already changed (at simulation time 618.300,000,000 s)
2022-06-15 10:59:08,741 INFO  - Received message from cell from WeatherServer (at simulation time 620.300,000,000 s)
2022-06-15 10:59:08,741 INFO  - Processing DEN message (at simulation time 620.300,000,000 s)
2022-06-15 10:59:08,741 INFO  - Route already changed (at simulation time 620.300,000,000 s)
2022-06-15 10:59:08,753 INFO  - Received message from cell from WeatherServer (at simulation time 622.300,000,000 s)
2022-06-15 10:59:08,753 INFO  - Processing DEN message (at simulation time 622.300,000,000 s)
2022-06-15 10:59:08,753 INFO  - Route already changed (at simulation time 622.300,000,000 s)
2022-06-15 10:59:08,762 INFO  - Received message from cell from WeatherServer (at simulation time 624.300,000,000 s)
2022-06-15 10:59:08,762 INFO  - Processing DEN message (at simulation time 624.300,000,000 s)
2022-06-15 10:59:08,762 INFO  - Route already changed (at simulation time 624.300,000,000 s)
2022-06-15 10:59:08,770 INFO  - Received message from cell from WeatherServer (at simulation time 626.300,000,000 s)
2022-06-15 10:59:08,770 INFO  - Processing DEN message (at simulation time 626.300,000,000 s)
2022-06-15 10:59:08,770 INFO  - Route already changed (at simulation time 626.300,000,000 s)
2022-06-15 10:59:08,778 INFO  - Received message from cell from WeatherServer (at simulation time 628.300,000,000 s)
2022-06-15 10:59:08,778 INFO  - Processing DEN message (at simulation time 628.300,000,000 s)
2022-06-15 10:59:08,778 INFO  - Route already changed (at simulation time 628.300,000,000 s)
2022-06-15 10:59:08,786 INFO  - Received message from cell from WeatherServer (at simulation time 630.300,000,000 s)
2022-06-15 10:59:08,786 INFO  - Processing DEN message (at simulation time 630.300,000,000 s)
2022-06-15 10:59:08,786 INFO  - Route already changed (at simulation time 630.300,000,000 s)
2022-06-15 10:59:08,793 INFO  - Received message from cell from WeatherServer (at simulation time 632.300,000,000 s)
2022-06-15 10:59:08,794 INFO  - Processing DEN message (at simulation time 632.300,000,000 s)
2022-06-15 10:59:08,794 INFO  - Route already changed (at simulation time 632.300,000,000 s)
2022-06-15 10:59:08,801 INFO  - Received message from cell from WeatherServer (at simulation time 634.300,000,000 s)
2022-06-15 10:59:08,801 INFO  - Processing DEN message (at simulation time 634.300,000,000 s)
2022-06-15 10:59:08,801 INFO  - Route already changed (at simulation time 634.300,000,000 s)
2022-06-15 10:59:08,810 INFO  - Received message from cell from WeatherServer (at simulation time 636.300,000,000 s)
2022-06-15 10:59:08,810 INFO  - Processing DEN message (at simulation time 636.300,000,000 s)
2022-06-15 10:59:08,810 INFO  - Route already changed (at simulation time 636.300,000,000 s)
2022-06-15 10:59:08,818 INFO  - Received message from cell from WeatherServer (at simulation time 638.300,000,000 s)
2022-06-15 10:59:08,818 INFO  - Processing DEN message (at simulation time 638.300,000,000 s)
2022-06-15 10:59:08,818 INFO  - Route already changed (at simulation time 638.300,000,000 s)
2022-06-15 10:59:08,826 INFO  - Received message from cell from WeatherServer (at simulation time 640.300,000,000 s)
2022-06-15 10:59:08,826 INFO  - Processing DEN message (at simulation time 640.300,000,000 s)
2022-06-15 10:59:08,826 INFO  - Route already changed (at simulation time 640.300,000,000 s)
2022-06-15 10:59:08,834 INFO  - Received message from cell from WeatherServer (at simulation time 642.300,000,000 s)
2022-06-15 10:59:08,834 INFO  - Processing DEN message (at simulation time 642.300,000,000 s)
2022-06-15 10:59:08,834 INFO  - Route already changed (at simulation time 642.300,000,000 s)
2022-06-15 10:59:08,843 INFO  - Received message from cell from WeatherServer (at simulation time 644.300,000,000 s)
2022-06-15 10:59:08,843 INFO  - Processing DEN message (at simulation time 644.300,000,000 s)
2022-06-15 10:59:08,843 INFO  - Route already changed (at simulation time 644.300,000,000 s)
2022-06-15 10:59:08,851 INFO  - Received message from cell from WeatherServer (at simulation time 646.300,000,000 s)
2022-06-15 10:59:08,851 INFO  - Processing DEN message (at simulation time 646.300,000,000 s)
2022-06-15 10:59:08,851 INFO  - Route already changed (at simulation time 646.300,000,000 s)
2022-06-15 10:59:08,859 INFO  - Received message from cell from WeatherServer (at simulation time 648.300,000,000 s)
2022-06-15 10:59:08,859 INFO  - Processing DEN message (at simulation time 648.300,000,000 s)
2022-06-15 10:59:08,859 INFO  - Route already changed (at simulation time 648.300,000,000 s)
2022-06-15 10:59:08,866 INFO  - Received message from cell from WeatherServer (at simulation time 650.300,000,000 s)
2022-06-15 10:59:08,866 INFO  - Processing DEN message (at simulation time 650.300,000,000 s)
2022-06-15 10:59:08,866 INFO  - Route already changed (at simulation time 650.300,000,000 s)
2022-06-15 10:59:08,874 INFO  - Received message from cell from WeatherServer (at simulation time 652.300,000,000 s)
2022-06-15 10:59:08,874 INFO  - Processing DEN message (at simulation time 652.300,000,000 s)
2022-06-15 10:59:08,874 INFO  - Route already changed (at simulation time 652.300,000,000 s)
2022-06-15 10:59:08,881 INFO  - Received message from cell from WeatherServer (at simulation time 654.300,000,000 s)
2022-06-15 10:59:08,881 INFO  - Processing DEN message (at simulation time 654.300,000,000 s)
2022-06-15 10:59:08,881 INFO  - Route already changed (at simulation time 654.300,000,000 s)
2022-06-15 10:59:08,889 INFO  - Received message from cell from WeatherServer (at simulation time 656.300,000,000 s)
2022-06-15 10:59:08,889 INFO  - Processing DEN message (at simulation time 656.300,000,000 s)
2022-06-15 10:59:08,889 INFO  - Route already changed (at simulation time 656.300,000,000 s)
2022-06-15 10:59:08,896 INFO  - Received message from cell from WeatherServer (at simulation time 658.300,000,000 s)
2022-06-15 10:59:08,896 INFO  - Processing DEN message (at simulation time 658.300,000,000 s)
2022-06-15 10:59:08,896 INFO  - Route already changed (at simulation time 658.300,000,000 s)
2022-06-15 10:59:08,904 INFO  - Received message from cell from WeatherServer (at simulation time 660.300,000,000 s)
2022-06-15 10:59:08,904 INFO  - Processing DEN message (at simulation time 660.300,000,000 s)
2022-06-15 10:59:08,904 INFO  - Route already changed (at simulation time 660.300,000,000 s)
2022-06-15 10:59:08,911 INFO  - Received message from cell from WeatherServer (at simulation time 662.300,000,000 s)
2022-06-15 10:59:08,911 INFO  - Processing DEN message (at simulation time 662.300,000,000 s)
2022-06-15 10:59:08,911 INFO  - Route already changed (at simulation time 662.300,000,000 s)
2022-06-15 10:59:08,920 INFO  - Received message from cell from WeatherServer (at simulation time 664.300,000,000 s)
2022-06-15 10:59:08,920 INFO  - Processing DEN message (at simulation time 664.300,000,000 s)
2022-06-15 10:59:08,920 INFO  - Route already changed (at simulation time 664.300,000,000 s)
2022-06-15 10:59:08,928 INFO  - Received message from cell from WeatherServer (at simulation time 666.300,000,000 s)
2022-06-15 10:59:08,928 INFO  - Processing DEN message (at simulation time 666.300,000,000 s)
2022-06-15 10:59:08,928 INFO  - Route already changed (at simulation time 666.300,000,000 s)
2022-06-15 10:59:08,936 INFO  - Received message from cell from WeatherServer (at simulation time 668.300,000,000 s)
2022-06-15 10:59:08,936 INFO  - Processing DEN message (at simulation time 668.300,000,000 s)
2022-06-15 10:59:08,936 INFO  - Route already changed (at simulation time 668.300,000,000 s)
2022-06-15 10:59:08,943 INFO  - Received message from cell from WeatherServer (at simulation time 670.300,000,000 s)
2022-06-15 10:59:08,943 INFO  - Processing DEN message (at simulation time 670.300,000,000 s)
2022-06-15 10:59:08,943 INFO  - Route already changed (at simulation time 670.300,000,000 s)
2022-06-15 10:59:08,950 INFO  - Received message from cell from WeatherServer (at simulation time 672.300,000,000 s)
2022-06-15 10:59:08,950 INFO  - Processing DEN message (at simulation time 672.300,000,000 s)
2022-06-15 10:59:08,950 INFO  - Route already changed (at simulation time 672.300,000,000 s)
2022-06-15 10:59:08,958 INFO  - Received message from cell from WeatherServer (at simulation time 674.300,000,000 s)
2022-06-15 10:59:08,958 INFO  - Processing DEN message (at simulation time 674.300,000,000 s)
2022-06-15 10:59:08,958 INFO  - Route already changed (at simulation time 674.300,000,000 s)
2022-06-15 10:59:08,966 INFO  - Received message from cell from WeatherServer (at simulation time 676.300,000,000 s)
2022-06-15 10:59:08,966 INFO  - Processing DEN message (at simulation time 676.300,000,000 s)
2022-06-15 10:59:08,966 INFO  - Route already changed (at simulation time 676.300,000,000 s)
2022-06-15 10:59:08,974 INFO  - Received message from cell from WeatherServer (at simulation time 678.300,000,000 s)
2022-06-15 10:59:08,974 INFO  - Processing DEN message (at simulation time 678.300,000,000 s)
2022-06-15 10:59:08,974 INFO  - Route already changed (at simulation time 678.300,000,000 s)
2022-06-15 10:59:08,981 INFO  - Received message from cell from WeatherServer (at simulation time 680.300,000,000 s)
2022-06-15 10:59:08,981 INFO  - Processing DEN message (at simulation time 680.300,000,000 s)
2022-06-15 10:59:08,981 INFO  - Route already changed (at simulation time 680.300,000,000 s)
2022-06-15 10:59:08,988 INFO  - Received message from cell from WeatherServer (at simulation time 682.300,000,000 s)
2022-06-15 10:59:08,988 INFO  - Processing DEN message (at simulation time 682.300,000,000 s)
2022-06-15 10:59:08,988 INFO  - Route already changed (at simulation time 682.300,000,000 s)
2022-06-15 10:59:08,995 INFO  - Received message from cell from WeatherServer (at simulation time 684.300,000,000 s)
2022-06-15 10:59:08,995 INFO  - Processing DEN message (at simulation time 684.300,000,000 s)
2022-06-15 10:59:08,995 INFO  - Route already changed (at simulation time 684.300,000,000 s)
2022-06-15 10:59:09,002 INFO  - Received message from cell from WeatherServer (at simulation time 686.300,000,000 s)
2022-06-15 10:59:09,002 INFO  - Processing DEN message (at simulation time 686.300,000,000 s)
2022-06-15 10:59:09,002 INFO  - Route already changed (at simulation time 686.300,000,000 s)
2022-06-15 10:59:09,008 INFO  - Received message from cell from WeatherServer (at simulation time 688.300,000,000 s)
2022-06-15 10:59:09,008 INFO  - Processing DEN message (at simulation time 688.300,000,000 s)
2022-06-15 10:59:09,008 INFO  - Route already changed (at simulation time 688.300,000,000 s)
2022-06-15 10:59:09,015 INFO  - Received message from cell from WeatherServer (at simulation time 690.300,000,000 s)
2022-06-15 10:59:09,015 INFO  - Processing DEN message (at simulation time 690.300,000,000 s)
2022-06-15 10:59:09,015 INFO  - Route already changed (at simulation time 690.300,000,000 s)
2022-06-15 10:59:09,022 INFO  - Received message from cell from WeatherServer (at simulation time 692.300,000,000 s)
2022-06-15 10:59:09,022 INFO  - Processing DEN message (at simulation time 692.300,000,000 s)
2022-06-15 10:59:09,022 INFO  - Route already changed (at simulation time 692.300,000,000 s)
2022-06-15 10:59:09,029 INFO  - Received message from cell from WeatherServer (at simulation time 694.300,000,000 s)
2022-06-15 10:59:09,029 INFO  - Processing DEN message (at simulation time 694.300,000,000 s)
2022-06-15 10:59:09,029 INFO  - Route already changed (at simulation time 694.300,000,000 s)
2022-06-15 10:59:09,035 INFO  - Received message from cell from WeatherServer (at simulation time 696.300,000,000 s)
2022-06-15 10:59:09,035 INFO  - Processing DEN message (at simulation time 696.300,000,000 s)
2022-06-15 10:59:09,035 INFO  - Route already changed (at simulation time 696.300,000,000 s)
2022-06-15 10:59:09,043 INFO  - Received message from cell from WeatherServer (at simulation time 698.300,000,000 s)
2022-06-15 10:59:09,043 INFO  - Processing DEN message (at simulation time 698.300,000,000 s)
2022-06-15 10:59:09,043 INFO  - Route already changed (at simulation time 698.300,000,000 s)
2022-06-15 10:59:09,049 INFO  - Received message from cell from WeatherServer (at simulation time 700.300,000,000 s)
2022-06-15 10:59:09,049 INFO  - Processing DEN message (at simulation time 700.300,000,000 s)
2022-06-15 10:59:09,049 INFO  - Route already changed (at simulation time 700.300,000,000 s)
2022-06-15 10:59:09,056 INFO  - Received message from cell from WeatherServer (at simulation time 702.300,000,000 s)
2022-06-15 10:59:09,056 INFO  - Processing DEN message (at simulation time 702.300,000,000 s)
2022-06-15 10:59:09,056 INFO  - Route already changed (at simulation time 702.300,000,000 s)
2022-06-15 10:59:09,155 INFO  - Shutdown application (at simulation time 733.000,000,000 s)
