2022-06-15 10:58:59,544 INFO  - Initialize application (at simulation time 82.000,000,000 s)
2022-06-15 10:58:59,545 INFO  - Activated Cell Module (at simulation time 82.000,000,000 s)
2022-06-15 10:58:59,546 INFO  - Received message from cell from WeatherServer (at simulation time 82.300,000,000 s)
2022-06-15 10:58:59,546 INFO  - Processing DEN message (at simulation time 82.300,000,000 s)
2022-06-15 10:58:59,546 INFO  - The Event is on the vehicle's route 311964536_1313885442_2879911873 = 311964536_1313885442_2879911873 (at simulation time 82.300,000,000 s)
2022-06-15 10:58:59,548 INFO  - Sending Change Route Command at position: null (at simulation time 82.300,000,000 s)
2022-06-15 10:58:59,621 INFO  - Received message from cell from WeatherServer (at simulation time 84.300,000,000 s)
2022-06-15 10:58:59,621 INFO  - Processing DEN message (at simulation time 84.300,000,000 s)
2022-06-15 10:58:59,621 INFO  - Route already changed (at simulation time 84.300,000,000 s)
2022-06-15 10:58:59,640 INFO  - Received message from cell from WeatherServer (at simulation time 86.300,000,000 s)
2022-06-15 10:58:59,640 INFO  - Processing DEN message (at simulation time 86.300,000,000 s)
2022-06-15 10:58:59,640 INFO  - Route already changed (at simulation time 86.300,000,000 s)
2022-06-15 10:58:59,656 INFO  - Received message from cell from WeatherServer (at simulation time 88.300,000,000 s)
2022-06-15 10:58:59,656 INFO  - Processing DEN message (at simulation time 88.300,000,000 s)
2022-06-15 10:58:59,656 INFO  - Route already changed (at simulation time 88.300,000,000 s)
2022-06-15 10:58:59,672 INFO  - Received message from cell from WeatherServer (at simulation time 90.300,000,000 s)
2022-06-15 10:58:59,672 INFO  - Processing DEN message (at simulation time 90.300,000,000 s)
2022-06-15 10:58:59,672 INFO  - Route already changed (at simulation time 90.300,000,000 s)
2022-06-15 10:58:59,687 INFO  - Received message from cell from WeatherServer (at simulation time 92.300,000,000 s)
2022-06-15 10:58:59,687 INFO  - Processing DEN message (at simulation time 92.300,000,000 s)
2022-06-15 10:58:59,687 INFO  - Route already changed (at simulation time 92.300,000,000 s)
2022-06-15 10:58:59,708 INFO  - Received message from cell from WeatherServer (at simulation time 94.300,000,000 s)
2022-06-15 10:58:59,708 INFO  - Processing DEN message (at simulation time 94.300,000,000 s)
2022-06-15 10:58:59,708 INFO  - Route already changed (at simulation time 94.300,000,000 s)
2022-06-15 10:58:59,727 INFO  - Received message from cell from WeatherServer (at simulation time 96.300,000,000 s)
2022-06-15 10:58:59,727 INFO  - Processing DEN message (at simulation time 96.300,000,000 s)
2022-06-15 10:58:59,727 INFO  - Route already changed (at simulation time 96.300,000,000 s)
2022-06-15 10:58:59,745 INFO  - Received message from cell from WeatherServer (at simulation time 98.300,000,000 s)
2022-06-15 10:58:59,745 INFO  - Processing DEN message (at simulation time 98.300,000,000 s)
2022-06-15 10:58:59,745 INFO  - Route already changed (at simulation time 98.300,000,000 s)
2022-06-15 10:58:59,763 INFO  - Received message from cell from WeatherServer (at simulation time 100.300,000,000 s)
2022-06-15 10:58:59,763 INFO  - Processing DEN message (at simulation time 100.300,000,000 s)
2022-06-15 10:58:59,763 INFO  - Route already changed (at simulation time 100.300,000,000 s)
2022-06-15 10:58:59,786 INFO  - Received message from cell from WeatherServer (at simulation time 102.300,000,000 s)
2022-06-15 10:58:59,786 INFO  - Processing DEN message (at simulation time 102.300,000,000 s)
2022-06-15 10:58:59,786 INFO  - Route already changed (at simulation time 102.300,000,000 s)
2022-06-15 10:58:59,806 INFO  - Received message from cell from WeatherServer (at simulation time 104.300,000,000 s)
2022-06-15 10:58:59,806 INFO  - Processing DEN message (at simulation time 104.300,000,000 s)
2022-06-15 10:58:59,806 INFO  - Route already changed (at simulation time 104.300,000,000 s)
2022-06-15 10:58:59,832 INFO  - Received message from cell from WeatherServer (at simulation time 106.300,000,000 s)
2022-06-15 10:58:59,832 INFO  - Processing DEN message (at simulation time 106.300,000,000 s)
2022-06-15 10:58:59,832 INFO  - Route already changed (at simulation time 106.300,000,000 s)
2022-06-15 10:58:59,851 INFO  - Received message from cell from WeatherServer (at simulation time 108.300,000,000 s)
2022-06-15 10:58:59,851 INFO  - Processing DEN message (at simulation time 108.300,000,000 s)
2022-06-15 10:58:59,851 INFO  - Route already changed (at simulation time 108.300,000,000 s)
2022-06-15 10:58:59,872 INFO  - Received message from cell from WeatherServer (at simulation time 110.300,000,000 s)
2022-06-15 10:58:59,872 INFO  - Processing DEN message (at simulation time 110.300,000,000 s)
2022-06-15 10:58:59,872 INFO  - Route already changed (at simulation time 110.300,000,000 s)
2022-06-15 10:58:59,894 INFO  - Received message from cell from WeatherServer (at simulation time 112.300,000,000 s)
2022-06-15 10:58:59,894 INFO  - Processing DEN message (at simulation time 112.300,000,000 s)
2022-06-15 10:58:59,894 INFO  - Route already changed (at simulation time 112.300,000,000 s)
2022-06-15 10:58:59,920 INFO  - Received message from cell from WeatherServer (at simulation time 114.300,000,000 s)
2022-06-15 10:58:59,920 INFO  - Processing DEN message (at simulation time 114.300,000,000 s)
2022-06-15 10:58:59,920 INFO  - Route already changed (at simulation time 114.300,000,000 s)
2022-06-15 10:58:59,944 INFO  - Received message from cell from WeatherServer (at simulation time 116.300,000,000 s)
2022-06-15 10:58:59,944 INFO  - Processing DEN message (at simulation time 116.300,000,000 s)
2022-06-15 10:58:59,944 INFO  - Route already changed (at simulation time 116.300,000,000 s)
2022-06-15 10:58:59,968 INFO  - Received message from cell from WeatherServer (at simulation time 118.300,000,000 s)
2022-06-15 10:58:59,968 INFO  - Processing DEN message (at simulation time 118.300,000,000 s)
2022-06-15 10:58:59,968 INFO  - Route already changed (at simulation time 118.300,000,000 s)
2022-06-15 10:58:59,995 INFO  - Received message from cell from WeatherServer (at simulation time 120.300,000,000 s)
2022-06-15 10:58:59,995 INFO  - Processing DEN message (at simulation time 120.300,000,000 s)
2022-06-15 10:58:59,995 INFO  - Route already changed (at simulation time 120.300,000,000 s)
2022-06-15 10:59:00,034 INFO  - Received message from cell from WeatherServer (at simulation time 122.300,000,000 s)
2022-06-15 10:59:00,034 INFO  - Processing DEN message (at simulation time 122.300,000,000 s)
2022-06-15 10:59:00,034 INFO  - Route already changed (at simulation time 122.300,000,000 s)
2022-06-15 10:59:00,060 INFO  - Received message from cell from WeatherServer (at simulation time 124.300,000,000 s)
2022-06-15 10:59:00,060 INFO  - Processing DEN message (at simulation time 124.300,000,000 s)
2022-06-15 10:59:00,060 INFO  - Route already changed (at simulation time 124.300,000,000 s)
2022-06-15 10:59:00,093 INFO  - Received message from cell from WeatherServer (at simulation time 126.300,000,000 s)
2022-06-15 10:59:00,093 INFO  - Processing DEN message (at simulation time 126.300,000,000 s)
2022-06-15 10:59:00,093 INFO  - Route already changed (at simulation time 126.300,000,000 s)
2022-06-15 10:59:00,118 INFO  - Received message from cell from WeatherServer (at simulation time 128.300,000,000 s)
2022-06-15 10:59:00,118 INFO  - Processing DEN message (at simulation time 128.300,000,000 s)
2022-06-15 10:59:00,118 INFO  - Route already changed (at simulation time 128.300,000,000 s)
2022-06-15 10:59:00,148 INFO  - Received message from cell from WeatherServer (at simulation time 130.300,000,000 s)
2022-06-15 10:59:00,148 INFO  - Processing DEN message (at simulation time 130.300,000,000 s)
2022-06-15 10:59:00,148 INFO  - Route already changed (at simulation time 130.300,000,000 s)
2022-06-15 10:59:00,170 INFO  - Received message from cell from WeatherServer (at simulation time 132.300,000,000 s)
2022-06-15 10:59:00,170 INFO  - Processing DEN message (at simulation time 132.300,000,000 s)
2022-06-15 10:59:00,170 INFO  - Route already changed (at simulation time 132.300,000,000 s)
2022-06-15 10:59:00,199 INFO  - Received message from cell from WeatherServer (at simulation time 134.300,000,000 s)
2022-06-15 10:59:00,199 INFO  - Processing DEN message (at simulation time 134.300,000,000 s)
2022-06-15 10:59:00,199 INFO  - Route already changed (at simulation time 134.300,000,000 s)
2022-06-15 10:59:00,222 INFO  - Received message from cell from WeatherServer (at simulation time 136.300,000,000 s)
2022-06-15 10:59:00,222 INFO  - Processing DEN message (at simulation time 136.300,000,000 s)
2022-06-15 10:59:00,222 INFO  - Route already changed (at simulation time 136.300,000,000 s)
2022-06-15 10:59:00,245 INFO  - Received message from cell from WeatherServer (at simulation time 138.300,000,000 s)
2022-06-15 10:59:00,245 INFO  - Processing DEN message (at simulation time 138.300,000,000 s)
2022-06-15 10:59:00,245 INFO  - Route already changed (at simulation time 138.300,000,000 s)
2022-06-15 10:59:00,266 INFO  - Received message from cell from WeatherServer (at simulation time 140.300,000,000 s)
2022-06-15 10:59:00,266 INFO  - Processing DEN message (at simulation time 140.300,000,000 s)
2022-06-15 10:59:00,266 INFO  - Route already changed (at simulation time 140.300,000,000 s)
2022-06-15 10:59:00,295 INFO  - Received message from cell from WeatherServer (at simulation time 142.300,000,000 s)
2022-06-15 10:59:00,295 INFO  - Processing DEN message (at simulation time 142.300,000,000 s)
2022-06-15 10:59:00,295 INFO  - Route already changed (at simulation time 142.300,000,000 s)
2022-06-15 10:59:00,318 INFO  - Received message from cell from WeatherServer (at simulation time 144.300,000,000 s)
2022-06-15 10:59:00,318 INFO  - Processing DEN message (at simulation time 144.300,000,000 s)
2022-06-15 10:59:00,318 INFO  - Route already changed (at simulation time 144.300,000,000 s)
2022-06-15 10:59:00,344 INFO  - Received message from cell from WeatherServer (at simulation time 146.300,000,000 s)
2022-06-15 10:59:00,344 INFO  - Processing DEN message (at simulation time 146.300,000,000 s)
2022-06-15 10:59:00,344 INFO  - Route already changed (at simulation time 146.300,000,000 s)
2022-06-15 10:59:00,368 INFO  - Received message from cell from WeatherServer (at simulation time 148.300,000,000 s)
2022-06-15 10:59:00,368 INFO  - Processing DEN message (at simulation time 148.300,000,000 s)
2022-06-15 10:59:00,368 INFO  - Route already changed (at simulation time 148.300,000,000 s)
2022-06-15 10:59:00,394 INFO  - Received message from cell from WeatherServer (at simulation time 150.300,000,000 s)
2022-06-15 10:59:00,394 INFO  - Processing DEN message (at simulation time 150.300,000,000 s)
2022-06-15 10:59:00,394 INFO  - Route already changed (at simulation time 150.300,000,000 s)
2022-06-15 10:59:00,417 INFO  - Received message from cell from WeatherServer (at simulation time 152.300,000,000 s)
2022-06-15 10:59:00,417 INFO  - Processing DEN message (at simulation time 152.300,000,000 s)
2022-06-15 10:59:00,417 INFO  - Route already changed (at simulation time 152.300,000,000 s)
2022-06-15 10:59:00,449 INFO  - Received message from cell from WeatherServer (at simulation time 154.300,000,000 s)
2022-06-15 10:59:00,449 INFO  - Processing DEN message (at simulation time 154.300,000,000 s)
2022-06-15 10:59:00,449 INFO  - Route already changed (at simulation time 154.300,000,000 s)
2022-06-15 10:59:00,472 INFO  - Received message from cell from WeatherServer (at simulation time 156.300,000,000 s)
2022-06-15 10:59:00,472 INFO  - Processing DEN message (at simulation time 156.300,000,000 s)
2022-06-15 10:59:00,472 INFO  - Route already changed (at simulation time 156.300,000,000 s)
2022-06-15 10:59:00,497 INFO  - Received message from cell from WeatherServer (at simulation time 158.300,000,000 s)
2022-06-15 10:59:00,497 INFO  - Processing DEN message (at simulation time 158.300,000,000 s)
2022-06-15 10:59:00,497 INFO  - Route already changed (at simulation time 158.300,000,000 s)
2022-06-15 10:59:00,521 INFO  - Received message from cell from WeatherServer (at simulation time 160.300,000,000 s)
2022-06-15 10:59:00,521 INFO  - Processing DEN message (at simulation time 160.300,000,000 s)
2022-06-15 10:59:00,521 INFO  - Route already changed (at simulation time 160.300,000,000 s)
2022-06-15 10:59:00,552 INFO  - Received message from cell from WeatherServer (at simulation time 162.300,000,000 s)
2022-06-15 10:59:00,552 INFO  - Processing DEN message (at simulation time 162.300,000,000 s)
2022-06-15 10:59:00,552 INFO  - Route already changed (at simulation time 162.300,000,000 s)
2022-06-15 10:59:00,578 INFO  - Received message from cell from WeatherServer (at simulation time 164.300,000,000 s)
2022-06-15 10:59:00,578 INFO  - Processing DEN message (at simulation time 164.300,000,000 s)
2022-06-15 10:59:00,578 INFO  - Route already changed (at simulation time 164.300,000,000 s)
2022-06-15 10:59:00,610 INFO  - Received message from cell from WeatherServer (at simulation time 166.300,000,000 s)
2022-06-15 10:59:00,610 INFO  - Processing DEN message (at simulation time 166.300,000,000 s)
2022-06-15 10:59:00,610 INFO  - Route already changed (at simulation time 166.300,000,000 s)
2022-06-15 10:59:00,640 INFO  - Received message from cell from WeatherServer (at simulation time 168.300,000,000 s)
2022-06-15 10:59:00,640 INFO  - Processing DEN message (at simulation time 168.300,000,000 s)
2022-06-15 10:59:00,640 INFO  - Route already changed (at simulation time 168.300,000,000 s)
2022-06-15 10:59:00,667 INFO  - Received message from cell from WeatherServer (at simulation time 170.300,000,000 s)
2022-06-15 10:59:00,667 INFO  - Processing DEN message (at simulation time 170.300,000,000 s)
2022-06-15 10:59:00,667 INFO  - Route already changed (at simulation time 170.300,000,000 s)
2022-06-15 10:59:00,694 INFO  - Received message from cell from WeatherServer (at simulation time 172.300,000,000 s)
2022-06-15 10:59:00,694 INFO  - Processing DEN message (at simulation time 172.300,000,000 s)
2022-06-15 10:59:00,694 INFO  - Route already changed (at simulation time 172.300,000,000 s)
2022-06-15 10:59:00,729 INFO  - Received message from cell from WeatherServer (at simulation time 174.300,000,000 s)
2022-06-15 10:59:00,729 INFO  - Processing DEN message (at simulation time 174.300,000,000 s)
2022-06-15 10:59:00,729 INFO  - Route already changed (at simulation time 174.300,000,000 s)
2022-06-15 10:59:00,756 INFO  - Received message from cell from WeatherServer (at simulation time 176.300,000,000 s)
2022-06-15 10:59:00,756 INFO  - Processing DEN message (at simulation time 176.300,000,000 s)
2022-06-15 10:59:00,756 INFO  - Route already changed (at simulation time 176.300,000,000 s)
2022-06-15 10:59:00,781 INFO  - Received message from cell from WeatherServer (at simulation time 178.300,000,000 s)
2022-06-15 10:59:00,781 INFO  - Processing DEN message (at simulation time 178.300,000,000 s)
2022-06-15 10:59:00,781 INFO  - Route already changed (at simulation time 178.300,000,000 s)
2022-06-15 10:59:00,811 INFO  - Received message from cell from WeatherServer (at simulation time 180.300,000,000 s)
2022-06-15 10:59:00,811 INFO  - Processing DEN message (at simulation time 180.300,000,000 s)
2022-06-15 10:59:00,811 INFO  - Route already changed (at simulation time 180.300,000,000 s)
2022-06-15 10:59:00,840 INFO  - Received message from cell from WeatherServer (at simulation time 182.300,000,000 s)
2022-06-15 10:59:00,840 INFO  - Processing DEN message (at simulation time 182.300,000,000 s)
2022-06-15 10:59:00,840 INFO  - Route already changed (at simulation time 182.300,000,000 s)
2022-06-15 10:59:00,871 INFO  - Received message from cell from WeatherServer (at simulation time 184.300,000,000 s)
2022-06-15 10:59:00,871 INFO  - Processing DEN message (at simulation time 184.300,000,000 s)
2022-06-15 10:59:00,871 INFO  - Route already changed (at simulation time 184.300,000,000 s)
2022-06-15 10:59:00,901 INFO  - Received message from cell from WeatherServer (at simulation time 186.300,000,000 s)
2022-06-15 10:59:00,901 INFO  - Processing DEN message (at simulation time 186.300,000,000 s)
2022-06-15 10:59:00,901 INFO  - Route already changed (at simulation time 186.300,000,000 s)
2022-06-15 10:59:00,928 INFO  - Received message from cell from WeatherServer (at simulation time 188.300,000,000 s)
2022-06-15 10:59:00,928 INFO  - Processing DEN message (at simulation time 188.300,000,000 s)
2022-06-15 10:59:00,928 INFO  - Route already changed (at simulation time 188.300,000,000 s)
2022-06-15 10:59:00,957 INFO  - Received message from cell from WeatherServer (at simulation time 190.300,000,000 s)
2022-06-15 10:59:00,957 INFO  - Processing DEN message (at simulation time 190.300,000,000 s)
2022-06-15 10:59:00,957 INFO  - Route already changed (at simulation time 190.300,000,000 s)
2022-06-15 10:59:00,982 INFO  - Received message from cell from WeatherServer (at simulation time 192.300,000,000 s)
2022-06-15 10:59:00,982 INFO  - Processing DEN message (at simulation time 192.300,000,000 s)
2022-06-15 10:59:00,982 INFO  - Route already changed (at simulation time 192.300,000,000 s)
2022-06-15 10:59:01,015 INFO  - Received message from cell from WeatherServer (at simulation time 194.300,000,000 s)
2022-06-15 10:59:01,015 INFO  - Processing DEN message (at simulation time 194.300,000,000 s)
2022-06-15 10:59:01,015 INFO  - Route already changed (at simulation time 194.300,000,000 s)
2022-06-15 10:59:01,042 INFO  - Received message from cell from WeatherServer (at simulation time 196.300,000,000 s)
2022-06-15 10:59:01,042 INFO  - Processing DEN message (at simulation time 196.300,000,000 s)
2022-06-15 10:59:01,042 INFO  - Route already changed (at simulation time 196.300,000,000 s)
2022-06-15 10:59:01,067 INFO  - Received message from cell from WeatherServer (at simulation time 198.300,000,000 s)
2022-06-15 10:59:01,067 INFO  - Processing DEN message (at simulation time 198.300,000,000 s)
2022-06-15 10:59:01,067 INFO  - Route already changed (at simulation time 198.300,000,000 s)
2022-06-15 10:59:01,097 INFO  - Received message from cell from WeatherServer (at simulation time 200.300,000,000 s)
2022-06-15 10:59:01,097 INFO  - Processing DEN message (at simulation time 200.300,000,000 s)
2022-06-15 10:59:01,097 INFO  - Route already changed (at simulation time 200.300,000,000 s)
2022-06-15 10:59:01,124 INFO  - Received message from cell from WeatherServer (at simulation time 202.300,000,000 s)
2022-06-15 10:59:01,124 INFO  - Processing DEN message (at simulation time 202.300,000,000 s)
2022-06-15 10:59:01,124 INFO  - Route already changed (at simulation time 202.300,000,000 s)
2022-06-15 10:59:01,156 INFO  - Received message from cell from WeatherServer (at simulation time 204.300,000,000 s)
2022-06-15 10:59:01,157 INFO  - Processing DEN message (at simulation time 204.300,000,000 s)
2022-06-15 10:59:01,157 INFO  - Route already changed (at simulation time 204.300,000,000 s)
2022-06-15 10:59:01,185 INFO  - Received message from cell from WeatherServer (at simulation time 206.300,000,000 s)
2022-06-15 10:59:01,185 INFO  - Processing DEN message (at simulation time 206.300,000,000 s)
2022-06-15 10:59:01,185 INFO  - Route already changed (at simulation time 206.300,000,000 s)
2022-06-15 10:59:01,217 INFO  - Received message from cell from WeatherServer (at simulation time 208.300,000,000 s)
2022-06-15 10:59:01,217 INFO  - Processing DEN message (at simulation time 208.300,000,000 s)
2022-06-15 10:59:01,217 INFO  - Route already changed (at simulation time 208.300,000,000 s)
2022-06-15 10:59:01,248 INFO  - Received message from cell from WeatherServer (at simulation time 210.300,000,000 s)
2022-06-15 10:59:01,248 INFO  - Processing DEN message (at simulation time 210.300,000,000 s)
2022-06-15 10:59:01,248 INFO  - Route already changed (at simulation time 210.300,000,000 s)
2022-06-15 10:59:01,277 INFO  - Received message from cell from WeatherServer (at simulation time 212.300,000,000 s)
2022-06-15 10:59:01,277 INFO  - Processing DEN message (at simulation time 212.300,000,000 s)
2022-06-15 10:59:01,277 INFO  - Route already changed (at simulation time 212.300,000,000 s)
2022-06-15 10:59:01,313 INFO  - Received message from cell from WeatherServer (at simulation time 214.300,000,000 s)
2022-06-15 10:59:01,313 INFO  - Processing DEN message (at simulation time 214.300,000,000 s)
2022-06-15 10:59:01,313 INFO  - Route already changed (at simulation time 214.300,000,000 s)
2022-06-15 10:59:01,343 INFO  - Received message from cell from WeatherServer (at simulation time 216.300,000,000 s)
2022-06-15 10:59:01,343 INFO  - Processing DEN message (at simulation time 216.300,000,000 s)
2022-06-15 10:59:01,343 INFO  - Route already changed (at simulation time 216.300,000,000 s)
2022-06-15 10:59:01,370 INFO  - Received message from cell from WeatherServer (at simulation time 218.300,000,000 s)
2022-06-15 10:59:01,370 INFO  - Processing DEN message (at simulation time 218.300,000,000 s)
2022-06-15 10:59:01,370 INFO  - Route already changed (at simulation time 218.300,000,000 s)
2022-06-15 10:59:01,401 INFO  - Received message from cell from WeatherServer (at simulation time 220.300,000,000 s)
2022-06-15 10:59:01,401 INFO  - Processing DEN message (at simulation time 220.300,000,000 s)
2022-06-15 10:59:01,401 INFO  - Route already changed (at simulation time 220.300,000,000 s)
2022-06-15 10:59:01,430 INFO  - Received message from cell from WeatherServer (at simulation time 222.300,000,000 s)
2022-06-15 10:59:01,430 INFO  - Processing DEN message (at simulation time 222.300,000,000 s)
2022-06-15 10:59:01,430 INFO  - Route already changed (at simulation time 222.300,000,000 s)
2022-06-15 10:59:01,463 INFO  - Received message from cell from WeatherServer (at simulation time 224.300,000,000 s)
2022-06-15 10:59:01,463 INFO  - Processing DEN message (at simulation time 224.300,000,000 s)
2022-06-15 10:59:01,463 INFO  - Route already changed (at simulation time 224.300,000,000 s)
2022-06-15 10:59:01,502 INFO  - Received message from cell from WeatherServer (at simulation time 226.300,000,000 s)
2022-06-15 10:59:01,502 INFO  - Processing DEN message (at simulation time 226.300,000,000 s)
2022-06-15 10:59:01,502 INFO  - Route already changed (at simulation time 226.300,000,000 s)
2022-06-15 10:59:01,534 INFO  - Received message from cell from WeatherServer (at simulation time 228.300,000,000 s)
2022-06-15 10:59:01,534 INFO  - Processing DEN message (at simulation time 228.300,000,000 s)
2022-06-15 10:59:01,534 INFO  - Route already changed (at simulation time 228.300,000,000 s)
2022-06-15 10:59:01,566 INFO  - Received message from cell from WeatherServer (at simulation time 230.300,000,000 s)
2022-06-15 10:59:01,566 INFO  - Processing DEN message (at simulation time 230.300,000,000 s)
2022-06-15 10:59:01,566 INFO  - Route already changed (at simulation time 230.300,000,000 s)
2022-06-15 10:59:01,596 INFO  - Received message from cell from WeatherServer (at simulation time 232.300,000,000 s)
2022-06-15 10:59:01,596 INFO  - Processing DEN message (at simulation time 232.300,000,000 s)
2022-06-15 10:59:01,596 INFO  - Route already changed (at simulation time 232.300,000,000 s)
2022-06-15 10:59:01,633 INFO  - Received message from cell from WeatherServer (at simulation time 234.300,000,000 s)
2022-06-15 10:59:01,633 INFO  - Processing DEN message (at simulation time 234.300,000,000 s)
2022-06-15 10:59:01,633 INFO  - Route already changed (at simulation time 234.300,000,000 s)
2022-06-15 10:59:01,664 INFO  - Received message from cell from WeatherServer (at simulation time 236.300,000,000 s)
2022-06-15 10:59:01,664 INFO  - Processing DEN message (at simulation time 236.300,000,000 s)
2022-06-15 10:59:01,664 INFO  - Route already changed (at simulation time 236.300,000,000 s)
2022-06-15 10:59:01,696 INFO  - Received message from cell from WeatherServer (at simulation time 238.300,000,000 s)
2022-06-15 10:59:01,696 INFO  - Processing DEN message (at simulation time 238.300,000,000 s)
2022-06-15 10:59:01,696 INFO  - Route already changed (at simulation time 238.300,000,000 s)
2022-06-15 10:59:01,733 INFO  - Received message from cell from WeatherServer (at simulation time 240.300,000,000 s)
2022-06-15 10:59:01,733 INFO  - Processing DEN message (at simulation time 240.300,000,000 s)
2022-06-15 10:59:01,733 INFO  - Route already changed (at simulation time 240.300,000,000 s)
2022-06-15 10:59:01,766 INFO  - Received message from cell from WeatherServer (at simulation time 242.300,000,000 s)
2022-06-15 10:59:01,766 INFO  - Processing DEN message (at simulation time 242.300,000,000 s)
2022-06-15 10:59:01,766 INFO  - Route already changed (at simulation time 242.300,000,000 s)
2022-06-15 10:59:01,804 INFO  - Received message from cell from WeatherServer (at simulation time 244.300,000,000 s)
2022-06-15 10:59:01,804 INFO  - Processing DEN message (at simulation time 244.300,000,000 s)
2022-06-15 10:59:01,804 INFO  - Route already changed (at simulation time 244.300,000,000 s)
2022-06-15 10:59:01,835 INFO  - Received message from cell from WeatherServer (at simulation time 246.300,000,000 s)
2022-06-15 10:59:01,835 INFO  - Processing DEN message (at simulation time 246.300,000,000 s)
2022-06-15 10:59:01,835 INFO  - Route already changed (at simulation time 246.300,000,000 s)
2022-06-15 10:59:01,868 INFO  - Received message from cell from WeatherServer (at simulation time 248.300,000,000 s)
2022-06-15 10:59:01,868 INFO  - Processing DEN message (at simulation time 248.300,000,000 s)
2022-06-15 10:59:01,868 INFO  - Route already changed (at simulation time 248.300,000,000 s)
2022-06-15 10:59:01,902 INFO  - Received message from cell from WeatherServer (at simulation time 250.300,000,000 s)
2022-06-15 10:59:01,902 INFO  - Processing DEN message (at simulation time 250.300,000,000 s)
2022-06-15 10:59:01,902 INFO  - Route already changed (at simulation time 250.300,000,000 s)
2022-06-15 10:59:01,933 INFO  - Received message from cell from WeatherServer (at simulation time 252.300,000,000 s)
2022-06-15 10:59:01,933 INFO  - Processing DEN message (at simulation time 252.300,000,000 s)
2022-06-15 10:59:01,933 INFO  - Route already changed (at simulation time 252.300,000,000 s)
2022-06-15 10:59:01,971 INFO  - Received message from cell from WeatherServer (at simulation time 254.300,000,000 s)
2022-06-15 10:59:01,971 INFO  - Processing DEN message (at simulation time 254.300,000,000 s)
2022-06-15 10:59:01,971 INFO  - Route already changed (at simulation time 254.300,000,000 s)
2022-06-15 10:59:02,004 INFO  - Received message from cell from WeatherServer (at simulation time 256.300,000,000 s)
2022-06-15 10:59:02,004 INFO  - Processing DEN message (at simulation time 256.300,000,000 s)
2022-06-15 10:59:02,004 INFO  - Route already changed (at simulation time 256.300,000,000 s)
2022-06-15 10:59:02,036 INFO  - Received message from cell from WeatherServer (at simulation time 258.300,000,000 s)
2022-06-15 10:59:02,036 INFO  - Processing DEN message (at simulation time 258.300,000,000 s)
2022-06-15 10:59:02,036 INFO  - Route already changed (at simulation time 258.300,000,000 s)
2022-06-15 10:59:02,073 INFO  - Received message from cell from WeatherServer (at simulation time 260.300,000,000 s)
2022-06-15 10:59:02,073 INFO  - Processing DEN message (at simulation time 260.300,000,000 s)
2022-06-15 10:59:02,073 INFO  - Route already changed (at simulation time 260.300,000,000 s)
2022-06-15 10:59:02,108 INFO  - Received message from cell from WeatherServer (at simulation time 262.300,000,000 s)
2022-06-15 10:59:02,108 INFO  - Processing DEN message (at simulation time 262.300,000,000 s)
2022-06-15 10:59:02,108 INFO  - Route already changed (at simulation time 262.300,000,000 s)
2022-06-15 10:59:02,144 INFO  - Received message from cell from WeatherServer (at simulation time 264.300,000,000 s)
2022-06-15 10:59:02,144 INFO  - Processing DEN message (at simulation time 264.300,000,000 s)
2022-06-15 10:59:02,144 INFO  - Route already changed (at simulation time 264.300,000,000 s)
2022-06-15 10:59:02,183 INFO  - Received message from cell from WeatherServer (at simulation time 266.300,000,000 s)
2022-06-15 10:59:02,183 INFO  - Processing DEN message (at simulation time 266.300,000,000 s)
2022-06-15 10:59:02,183 INFO  - Route already changed (at simulation time 266.300,000,000 s)
2022-06-15 10:59:02,219 INFO  - Received message from cell from WeatherServer (at simulation time 268.300,000,000 s)
2022-06-15 10:59:02,219 INFO  - Processing DEN message (at simulation time 268.300,000,000 s)
2022-06-15 10:59:02,219 INFO  - Route already changed (at simulation time 268.300,000,000 s)
2022-06-15 10:59:02,256 INFO  - Received message from cell from WeatherServer (at simulation time 270.300,000,000 s)
2022-06-15 10:59:02,256 INFO  - Processing DEN message (at simulation time 270.300,000,000 s)
2022-06-15 10:59:02,256 INFO  - Route already changed (at simulation time 270.300,000,000 s)
2022-06-15 10:59:02,290 INFO  - Received message from cell from WeatherServer (at simulation time 272.300,000,000 s)
2022-06-15 10:59:02,290 INFO  - Processing DEN message (at simulation time 272.300,000,000 s)
2022-06-15 10:59:02,290 INFO  - Route already changed (at simulation time 272.300,000,000 s)
2022-06-15 10:59:02,331 INFO  - Received message from cell from WeatherServer (at simulation time 274.300,000,000 s)
2022-06-15 10:59:02,331 INFO  - Processing DEN message (at simulation time 274.300,000,000 s)
2022-06-15 10:59:02,331 INFO  - Route already changed (at simulation time 274.300,000,000 s)
2022-06-15 10:59:02,366 INFO  - Received message from cell from WeatherServer (at simulation time 276.300,000,000 s)
2022-06-15 10:59:02,366 INFO  - Processing DEN message (at simulation time 276.300,000,000 s)
2022-06-15 10:59:02,366 INFO  - Route already changed (at simulation time 276.300,000,000 s)
2022-06-15 10:59:02,398 INFO  - Received message from cell from WeatherServer (at simulation time 278.300,000,000 s)
2022-06-15 10:59:02,398 INFO  - Processing DEN message (at simulation time 278.300,000,000 s)
2022-06-15 10:59:02,398 INFO  - Route already changed (at simulation time 278.300,000,000 s)
2022-06-15 10:59:02,437 INFO  - Received message from cell from WeatherServer (at simulation time 280.300,000,000 s)
2022-06-15 10:59:02,437 INFO  - Processing DEN message (at simulation time 280.300,000,000 s)
2022-06-15 10:59:02,437 INFO  - Route already changed (at simulation time 280.300,000,000 s)
2022-06-15 10:59:02,475 INFO  - Received message from cell from WeatherServer (at simulation time 282.300,000,000 s)
2022-06-15 10:59:02,475 INFO  - Processing DEN message (at simulation time 282.300,000,000 s)
2022-06-15 10:59:02,475 INFO  - Route already changed (at simulation time 282.300,000,000 s)
2022-06-15 10:59:02,512 INFO  - Received message from cell from WeatherServer (at simulation time 284.300,000,000 s)
2022-06-15 10:59:02,512 INFO  - Processing DEN message (at simulation time 284.300,000,000 s)
2022-06-15 10:59:02,512 INFO  - Route already changed (at simulation time 284.300,000,000 s)
2022-06-15 10:59:02,546 INFO  - Received message from cell from WeatherServer (at simulation time 286.300,000,000 s)
2022-06-15 10:59:02,546 INFO  - Processing DEN message (at simulation time 286.300,000,000 s)
2022-06-15 10:59:02,546 INFO  - Route already changed (at simulation time 286.300,000,000 s)
2022-06-15 10:59:02,582 INFO  - Received message from cell from WeatherServer (at simulation time 288.300,000,000 s)
2022-06-15 10:59:02,582 INFO  - Processing DEN message (at simulation time 288.300,000,000 s)
2022-06-15 10:59:02,582 INFO  - Route already changed (at simulation time 288.300,000,000 s)
2022-06-15 10:59:02,615 INFO  - Received message from cell from WeatherServer (at simulation time 290.300,000,000 s)
2022-06-15 10:59:02,615 INFO  - Processing DEN message (at simulation time 290.300,000,000 s)
2022-06-15 10:59:02,615 INFO  - Route already changed (at simulation time 290.300,000,000 s)
2022-06-15 10:59:02,651 INFO  - Received message from cell from WeatherServer (at simulation time 292.300,000,000 s)
2022-06-15 10:59:02,651 INFO  - Processing DEN message (at simulation time 292.300,000,000 s)
2022-06-15 10:59:02,651 INFO  - Route already changed (at simulation time 292.300,000,000 s)
2022-06-15 10:59:02,691 INFO  - Received message from cell from WeatherServer (at simulation time 294.300,000,000 s)
2022-06-15 10:59:02,691 INFO  - Processing DEN message (at simulation time 294.300,000,000 s)
2022-06-15 10:59:02,691 INFO  - Route already changed (at simulation time 294.300,000,000 s)
2022-06-15 10:59:02,723 INFO  - Received message from cell from WeatherServer (at simulation time 296.300,000,000 s)
2022-06-15 10:59:02,723 INFO  - Processing DEN message (at simulation time 296.300,000,000 s)
2022-06-15 10:59:02,723 INFO  - Route already changed (at simulation time 296.300,000,000 s)
2022-06-15 10:59:02,756 INFO  - Received message from cell from WeatherServer (at simulation time 298.300,000,000 s)
2022-06-15 10:59:02,756 INFO  - Processing DEN message (at simulation time 298.300,000,000 s)
2022-06-15 10:59:02,756 INFO  - Route already changed (at simulation time 298.300,000,000 s)
2022-06-15 10:59:02,787 INFO  - Received message from cell from WeatherServer (at simulation time 300.300,000,000 s)
2022-06-15 10:59:02,787 INFO  - Processing DEN message (at simulation time 300.300,000,000 s)
2022-06-15 10:59:02,787 INFO  - Route already changed (at simulation time 300.300,000,000 s)
2022-06-15 10:59:02,822 INFO  - Received message from cell from WeatherServer (at simulation time 302.300,000,000 s)
2022-06-15 10:59:02,822 INFO  - Processing DEN message (at simulation time 302.300,000,000 s)
2022-06-15 10:59:02,822 INFO  - Route already changed (at simulation time 302.300,000,000 s)
2022-06-15 10:59:02,852 INFO  - Received message from cell from WeatherServer (at simulation time 304.300,000,000 s)
2022-06-15 10:59:02,852 INFO  - Processing DEN message (at simulation time 304.300,000,000 s)
2022-06-15 10:59:02,852 INFO  - Route already changed (at simulation time 304.300,000,000 s)
2022-06-15 10:59:02,879 INFO  - Received message from cell from WeatherServer (at simulation time 306.300,000,000 s)
2022-06-15 10:59:02,879 INFO  - Processing DEN message (at simulation time 306.300,000,000 s)
2022-06-15 10:59:02,879 INFO  - Route already changed (at simulation time 306.300,000,000 s)
2022-06-15 10:59:02,911 INFO  - Received message from cell from WeatherServer (at simulation time 308.300,000,000 s)
2022-06-15 10:59:02,911 INFO  - Processing DEN message (at simulation time 308.300,000,000 s)
2022-06-15 10:59:02,911 INFO  - Route already changed (at simulation time 308.300,000,000 s)
2022-06-15 10:59:02,936 INFO  - Received message from cell from WeatherServer (at simulation time 310.300,000,000 s)
2022-06-15 10:59:02,936 INFO  - Processing DEN message (at simulation time 310.300,000,000 s)
2022-06-15 10:59:02,936 INFO  - Route already changed (at simulation time 310.300,000,000 s)
2022-06-15 10:59:02,962 INFO  - Received message from cell from WeatherServer (at simulation time 312.300,000,000 s)
2022-06-15 10:59:02,962 INFO  - Processing DEN message (at simulation time 312.300,000,000 s)
2022-06-15 10:59:02,962 INFO  - Route already changed (at simulation time 312.300,000,000 s)
2022-06-15 10:59:02,996 INFO  - Received message from cell from WeatherServer (at simulation time 314.300,000,000 s)
2022-06-15 10:59:02,996 INFO  - Processing DEN message (at simulation time 314.300,000,000 s)
2022-06-15 10:59:02,996 INFO  - Route already changed (at simulation time 314.300,000,000 s)
2022-06-15 10:59:03,019 INFO  - Received message from cell from WeatherServer (at simulation time 316.300,000,000 s)
2022-06-15 10:59:03,019 INFO  - Processing DEN message (at simulation time 316.300,000,000 s)
2022-06-15 10:59:03,019 INFO  - Route already changed (at simulation time 316.300,000,000 s)
2022-06-15 10:59:03,041 INFO  - Received message from cell from WeatherServer (at simulation time 318.300,000,000 s)
2022-06-15 10:59:03,041 INFO  - Processing DEN message (at simulation time 318.300,000,000 s)
2022-06-15 10:59:03,041 INFO  - Route already changed (at simulation time 318.300,000,000 s)
2022-06-15 10:59:03,062 INFO  - Received message from cell from WeatherServer (at simulation time 320.300,000,000 s)
2022-06-15 10:59:03,062 INFO  - Processing DEN message (at simulation time 320.300,000,000 s)
2022-06-15 10:59:03,062 INFO  - Route already changed (at simulation time 320.300,000,000 s)
2022-06-15 10:59:03,081 INFO  - Received message from cell from WeatherServer (at simulation time 322.300,000,000 s)
2022-06-15 10:59:03,081 INFO  - Processing DEN message (at simulation time 322.300,000,000 s)
2022-06-15 10:59:03,081 INFO  - Route already changed (at simulation time 322.300,000,000 s)
2022-06-15 10:59:03,104 INFO  - Received message from cell from WeatherServer (at simulation time 324.300,000,000 s)
2022-06-15 10:59:03,104 INFO  - Processing DEN message (at simulation time 324.300,000,000 s)
2022-06-15 10:59:03,104 INFO  - Route already changed (at simulation time 324.300,000,000 s)
2022-06-15 10:59:03,121 INFO  - Received message from cell from WeatherServer (at simulation time 326.300,000,000 s)
2022-06-15 10:59:03,121 INFO  - Processing DEN message (at simulation time 326.300,000,000 s)
2022-06-15 10:59:03,121 INFO  - Route already changed (at simulation time 326.300,000,000 s)
2022-06-15 10:59:03,142 INFO  - Received message from cell from WeatherServer (at simulation time 328.300,000,000 s)
2022-06-15 10:59:03,142 INFO  - Processing DEN message (at simulation time 328.300,000,000 s)
2022-06-15 10:59:03,142 INFO  - Route already changed (at simulation time 328.300,000,000 s)
2022-06-15 10:59:03,156 INFO  - Received message from cell from WeatherServer (at simulation time 330.300,000,000 s)
2022-06-15 10:59:03,156 INFO  - Processing DEN message (at simulation time 330.300,000,000 s)
2022-06-15 10:59:03,156 INFO  - Route already changed (at simulation time 330.300,000,000 s)
2022-06-15 10:59:03,171 INFO  - Received message from cell from WeatherServer (at simulation time 332.300,000,000 s)
2022-06-15 10:59:03,171 INFO  - Processing DEN message (at simulation time 332.300,000,000 s)
2022-06-15 10:59:03,171 INFO  - Route already changed (at simulation time 332.300,000,000 s)
2022-06-15 10:59:03,188 INFO  - Received message from cell from WeatherServer (at simulation time 334.300,000,000 s)
2022-06-15 10:59:03,188 INFO  - Processing DEN message (at simulation time 334.300,000,000 s)
2022-06-15 10:59:03,188 INFO  - Route already changed (at simulation time 334.300,000,000 s)
2022-06-15 10:59:03,203 INFO  - Received message from cell from WeatherServer (at simulation time 336.300,000,000 s)
2022-06-15 10:59:03,203 INFO  - Processing DEN message (at simulation time 336.300,000,000 s)
2022-06-15 10:59:03,203 INFO  - Route already changed (at simulation time 336.300,000,000 s)
2022-06-15 10:59:03,217 INFO  - Received message from cell from WeatherServer (at simulation time 338.300,000,000 s)
2022-06-15 10:59:03,217 INFO  - Processing DEN message (at simulation time 338.300,000,000 s)
2022-06-15 10:59:03,217 INFO  - Route already changed (at simulation time 338.300,000,000 s)
2022-06-15 10:59:03,232 INFO  - Received message from cell from WeatherServer (at simulation time 340.300,000,000 s)
2022-06-15 10:59:03,232 INFO  - Processing DEN message (at simulation time 340.300,000,000 s)
2022-06-15 10:59:03,232 INFO  - Route already changed (at simulation time 340.300,000,000 s)
2022-06-15 10:59:03,250 INFO  - Received message from cell from WeatherServer (at simulation time 342.300,000,000 s)
2022-06-15 10:59:03,250 INFO  - Processing DEN message (at simulation time 342.300,000,000 s)
2022-06-15 10:59:03,250 INFO  - Route already changed (at simulation time 342.300,000,000 s)
2022-06-15 10:59:03,266 INFO  - Received message from cell from WeatherServer (at simulation time 344.300,000,000 s)
2022-06-15 10:59:03,266 INFO  - Processing DEN message (at simulation time 344.300,000,000 s)
2022-06-15 10:59:03,266 INFO  - Route already changed (at simulation time 344.300,000,000 s)
2022-06-15 10:59:03,282 INFO  - Received message from cell from WeatherServer (at simulation time 346.300,000,000 s)
2022-06-15 10:59:03,282 INFO  - Processing DEN message (at simulation time 346.300,000,000 s)
2022-06-15 10:59:03,282 INFO  - Route already changed (at simulation time 346.300,000,000 s)
2022-06-15 10:59:03,299 INFO  - Received message from cell from WeatherServer (at simulation time 348.300,000,000 s)
2022-06-15 10:59:03,299 INFO  - Processing DEN message (at simulation time 348.300,000,000 s)
2022-06-15 10:59:03,299 INFO  - Route already changed (at simulation time 348.300,000,000 s)
2022-06-15 10:59:03,313 INFO  - Received message from cell from WeatherServer (at simulation time 350.300,000,000 s)
2022-06-15 10:59:03,313 INFO  - Processing DEN message (at simulation time 350.300,000,000 s)
2022-06-15 10:59:03,313 INFO  - Route already changed (at simulation time 350.300,000,000 s)
2022-06-15 10:59:03,328 INFO  - Received message from cell from WeatherServer (at simulation time 352.300,000,000 s)
2022-06-15 10:59:03,328 INFO  - Processing DEN message (at simulation time 352.300,000,000 s)
2022-06-15 10:59:03,328 INFO  - Route already changed (at simulation time 352.300,000,000 s)
2022-06-15 10:59:03,344 INFO  - Received message from cell from WeatherServer (at simulation time 354.300,000,000 s)
2022-06-15 10:59:03,344 INFO  - Processing DEN message (at simulation time 354.300,000,000 s)
2022-06-15 10:59:03,344 INFO  - Route already changed (at simulation time 354.300,000,000 s)
2022-06-15 10:59:03,361 INFO  - Received message from cell from WeatherServer (at simulation time 356.300,000,000 s)
2022-06-15 10:59:03,361 INFO  - Processing DEN message (at simulation time 356.300,000,000 s)
2022-06-15 10:59:03,361 INFO  - Route already changed (at simulation time 356.300,000,000 s)
2022-06-15 10:59:03,375 INFO  - Received message from cell from WeatherServer (at simulation time 358.300,000,000 s)
2022-06-15 10:59:03,375 INFO  - Processing DEN message (at simulation time 358.300,000,000 s)
2022-06-15 10:59:03,375 INFO  - Route already changed (at simulation time 358.300,000,000 s)
2022-06-15 10:59:03,393 INFO  - Received message from cell from WeatherServer (at simulation time 360.300,000,000 s)
2022-06-15 10:59:03,393 INFO  - Processing DEN message (at simulation time 360.300,000,000 s)
2022-06-15 10:59:03,393 INFO  - Route already changed (at simulation time 360.300,000,000 s)
2022-06-15 10:59:03,411 INFO  - Received message from cell from WeatherServer (at simulation time 362.300,000,000 s)
2022-06-15 10:59:03,411 INFO  - Processing DEN message (at simulation time 362.300,000,000 s)
2022-06-15 10:59:03,411 INFO  - Route already changed (at simulation time 362.300,000,000 s)
2022-06-15 10:59:03,427 INFO  - Received message from cell from WeatherServer (at simulation time 364.300,000,000 s)
2022-06-15 10:59:03,427 INFO  - Processing DEN message (at simulation time 364.300,000,000 s)
2022-06-15 10:59:03,427 INFO  - Route already changed (at simulation time 364.300,000,000 s)
2022-06-15 10:59:03,443 INFO  - Received message from cell from WeatherServer (at simulation time 366.300,000,000 s)
2022-06-15 10:59:03,443 INFO  - Processing DEN message (at simulation time 366.300,000,000 s)
2022-06-15 10:59:03,443 INFO  - Route already changed (at simulation time 366.300,000,000 s)
2022-06-15 10:59:03,463 INFO  - Received message from cell from WeatherServer (at simulation time 368.300,000,000 s)
2022-06-15 10:59:03,463 INFO  - Processing DEN message (at simulation time 368.300,000,000 s)
2022-06-15 10:59:03,463 INFO  - Route already changed (at simulation time 368.300,000,000 s)
2022-06-15 10:59:03,477 INFO  - Received message from cell from WeatherServer (at simulation time 370.300,000,000 s)
2022-06-15 10:59:03,477 INFO  - Processing DEN message (at simulation time 370.300,000,000 s)
2022-06-15 10:59:03,477 INFO  - Route already changed (at simulation time 370.300,000,000 s)
2022-06-15 10:59:03,492 INFO  - Received message from cell from WeatherServer (at simulation time 372.300,000,000 s)
2022-06-15 10:59:03,492 INFO  - Processing DEN message (at simulation time 372.300,000,000 s)
2022-06-15 10:59:03,492 INFO  - Route already changed (at simulation time 372.300,000,000 s)
2022-06-15 10:59:03,511 INFO  - Received message from cell from WeatherServer (at simulation time 374.300,000,000 s)
2022-06-15 10:59:03,511 INFO  - Processing DEN message (at simulation time 374.300,000,000 s)
2022-06-15 10:59:03,511 INFO  - Route already changed (at simulation time 374.300,000,000 s)
2022-06-15 10:59:03,527 INFO  - Received message from cell from WeatherServer (at simulation time 376.300,000,000 s)
2022-06-15 10:59:03,527 INFO  - Processing DEN message (at simulation time 376.300,000,000 s)
2022-06-15 10:59:03,527 INFO  - Route already changed (at simulation time 376.300,000,000 s)
2022-06-15 10:59:03,584 INFO  - Received message from cell from WeatherServer (at simulation time 378.300,000,000 s)
2022-06-15 10:59:03,584 INFO  - Processing DEN message (at simulation time 378.300,000,000 s)
2022-06-15 10:59:03,584 INFO  - Route already changed (at simulation time 378.300,000,000 s)
2022-06-15 10:59:03,611 INFO  - Received message from cell from WeatherServer (at simulation time 380.300,000,000 s)
2022-06-15 10:59:03,611 INFO  - Processing DEN message (at simulation time 380.300,000,000 s)
2022-06-15 10:59:03,611 INFO  - Route already changed (at simulation time 380.300,000,000 s)
2022-06-15 10:59:03,644 INFO  - Received message from cell from WeatherServer (at simulation time 382.300,000,000 s)
2022-06-15 10:59:03,644 INFO  - Processing DEN message (at simulation time 382.300,000,000 s)
2022-06-15 10:59:03,644 INFO  - Route already changed (at simulation time 382.300,000,000 s)
2022-06-15 10:59:03,679 INFO  - Received message from cell from WeatherServer (at simulation time 384.300,000,000 s)
2022-06-15 10:59:03,679 INFO  - Processing DEN message (at simulation time 384.300,000,000 s)
2022-06-15 10:59:03,679 INFO  - Route already changed (at simulation time 384.300,000,000 s)
2022-06-15 10:59:03,717 INFO  - Received message from cell from WeatherServer (at simulation time 386.300,000,000 s)
2022-06-15 10:59:03,717 INFO  - Processing DEN message (at simulation time 386.300,000,000 s)
2022-06-15 10:59:03,717 INFO  - Route already changed (at simulation time 386.300,000,000 s)
2022-06-15 10:59:03,750 INFO  - Received message from cell from WeatherServer (at simulation time 388.300,000,000 s)
2022-06-15 10:59:03,750 INFO  - Processing DEN message (at simulation time 388.300,000,000 s)
2022-06-15 10:59:03,750 INFO  - Route already changed (at simulation time 388.300,000,000 s)
2022-06-15 10:59:03,785 INFO  - Received message from cell from WeatherServer (at simulation time 390.300,000,000 s)
2022-06-15 10:59:03,785 INFO  - Processing DEN message (at simulation time 390.300,000,000 s)
2022-06-15 10:59:03,785 INFO  - Route already changed (at simulation time 390.300,000,000 s)
2022-06-15 10:59:03,826 INFO  - Received message from cell from WeatherServer (at simulation time 392.300,000,000 s)
2022-06-15 10:59:03,826 INFO  - Processing DEN message (at simulation time 392.300,000,000 s)
2022-06-15 10:59:03,826 INFO  - Route already changed (at simulation time 392.300,000,000 s)
2022-06-15 10:59:03,867 INFO  - Received message from cell from WeatherServer (at simulation time 394.300,000,000 s)
2022-06-15 10:59:03,867 INFO  - Processing DEN message (at simulation time 394.300,000,000 s)
2022-06-15 10:59:03,867 INFO  - Route already changed (at simulation time 394.300,000,000 s)
2022-06-15 10:59:03,908 INFO  - Received message from cell from WeatherServer (at simulation time 396.300,000,000 s)
2022-06-15 10:59:03,908 INFO  - Processing DEN message (at simulation time 396.300,000,000 s)
2022-06-15 10:59:03,908 INFO  - Route already changed (at simulation time 396.300,000,000 s)
2022-06-15 10:59:03,951 INFO  - Received message from cell from WeatherServer (at simulation time 398.300,000,000 s)
2022-06-15 10:59:03,951 INFO  - Processing DEN message (at simulation time 398.300,000,000 s)
2022-06-15 10:59:03,951 INFO  - Route already changed (at simulation time 398.300,000,000 s)
2022-06-15 10:59:03,996 INFO  - Received message from cell from WeatherServer (at simulation time 400.300,000,000 s)
2022-06-15 10:59:03,996 INFO  - Processing DEN message (at simulation time 400.300,000,000 s)
2022-06-15 10:59:03,996 INFO  - Route already changed (at simulation time 400.300,000,000 s)
2022-06-15 10:59:04,050 INFO  - Received message from cell from WeatherServer (at simulation time 402.300,000,000 s)
2022-06-15 10:59:04,050 INFO  - Processing DEN message (at simulation time 402.300,000,000 s)
2022-06-15 10:59:04,050 INFO  - Route already changed (at simulation time 402.300,000,000 s)
2022-06-15 10:59:04,103 INFO  - Received message from cell from WeatherServer (at simulation time 404.300,000,000 s)
2022-06-15 10:59:04,103 INFO  - Processing DEN message (at simulation time 404.300,000,000 s)
2022-06-15 10:59:04,103 INFO  - Route already changed (at simulation time 404.300,000,000 s)
2022-06-15 10:59:04,157 INFO  - Received message from cell from WeatherServer (at simulation time 406.300,000,000 s)
2022-06-15 10:59:04,157 INFO  - Processing DEN message (at simulation time 406.300,000,000 s)
2022-06-15 10:59:04,157 INFO  - Route already changed (at simulation time 406.300,000,000 s)
2022-06-15 10:59:04,205 INFO  - Received message from cell from WeatherServer (at simulation time 408.300,000,000 s)
2022-06-15 10:59:04,205 INFO  - Processing DEN message (at simulation time 408.300,000,000 s)
2022-06-15 10:59:04,205 INFO  - Route already changed (at simulation time 408.300,000,000 s)
2022-06-15 10:59:04,257 INFO  - Received message from cell from WeatherServer (at simulation time 410.300,000,000 s)
2022-06-15 10:59:04,257 INFO  - Processing DEN message (at simulation time 410.300,000,000 s)
2022-06-15 10:59:04,257 INFO  - Route already changed (at simulation time 410.300,000,000 s)
2022-06-15 10:59:04,311 INFO  - Received message from cell from WeatherServer (at simulation time 412.300,000,000 s)
2022-06-15 10:59:04,311 INFO  - Processing DEN message (at simulation time 412.300,000,000 s)
2022-06-15 10:59:04,311 INFO  - Route already changed (at simulation time 412.300,000,000 s)
2022-06-15 10:59:04,365 INFO  - Received message from cell from WeatherServer (at simulation time 414.300,000,000 s)
2022-06-15 10:59:04,365 INFO  - Processing DEN message (at simulation time 414.300,000,000 s)
2022-06-15 10:59:04,365 INFO  - Route already changed (at simulation time 414.300,000,000 s)
2022-06-15 10:59:04,422 INFO  - Received message from cell from WeatherServer (at simulation time 416.300,000,000 s)
2022-06-15 10:59:04,422 INFO  - Processing DEN message (at simulation time 416.300,000,000 s)
2022-06-15 10:59:04,422 INFO  - Route already changed (at simulation time 416.300,000,000 s)
2022-06-15 10:59:04,478 INFO  - Received message from cell from WeatherServer (at simulation time 418.300,000,000 s)
2022-06-15 10:59:04,478 INFO  - Processing DEN message (at simulation time 418.300,000,000 s)
2022-06-15 10:59:04,478 INFO  - Route already changed (at simulation time 418.300,000,000 s)
2022-06-15 10:59:04,537 INFO  - Received message from cell from WeatherServer (at simulation time 420.300,000,000 s)
2022-06-15 10:59:04,537 INFO  - Processing DEN message (at simulation time 420.300,000,000 s)
2022-06-15 10:59:04,537 INFO  - Route already changed (at simulation time 420.300,000,000 s)
2022-06-15 10:59:04,597 INFO  - Received message from cell from WeatherServer (at simulation time 422.300,000,000 s)
2022-06-15 10:59:04,597 INFO  - Processing DEN message (at simulation time 422.300,000,000 s)
2022-06-15 10:59:04,597 INFO  - Route already changed (at simulation time 422.300,000,000 s)
2022-06-15 10:59:04,652 INFO  - Received message from cell from WeatherServer (at simulation time 424.300,000,000 s)
2022-06-15 10:59:04,652 INFO  - Processing DEN message (at simulation time 424.300,000,000 s)
2022-06-15 10:59:04,652 INFO  - Route already changed (at simulation time 424.300,000,000 s)
2022-06-15 10:59:04,713 INFO  - Received message from cell from WeatherServer (at simulation time 426.300,000,000 s)
2022-06-15 10:59:04,713 INFO  - Processing DEN message (at simulation time 426.300,000,000 s)
2022-06-15 10:59:04,713 INFO  - Route already changed (at simulation time 426.300,000,000 s)
2022-06-15 10:59:04,765 INFO  - Received message from cell from WeatherServer (at simulation time 428.300,000,000 s)
2022-06-15 10:59:04,765 INFO  - Processing DEN message (at simulation time 428.300,000,000 s)
2022-06-15 10:59:04,765 INFO  - Route already changed (at simulation time 428.300,000,000 s)
2022-06-15 10:59:04,820 INFO  - Received message from cell from WeatherServer (at simulation time 430.300,000,000 s)
2022-06-15 10:59:04,820 INFO  - Processing DEN message (at simulation time 430.300,000,000 s)
2022-06-15 10:59:04,820 INFO  - Route already changed (at simulation time 430.300,000,000 s)
2022-06-15 10:59:04,872 INFO  - Received message from cell from WeatherServer (at simulation time 432.300,000,000 s)
2022-06-15 10:59:04,872 INFO  - Processing DEN message (at simulation time 432.300,000,000 s)
2022-06-15 10:59:04,872 INFO  - Route already changed (at simulation time 432.300,000,000 s)
2022-06-15 10:59:04,924 INFO  - Received message from cell from WeatherServer (at simulation time 434.300,000,000 s)
2022-06-15 10:59:04,924 INFO  - Processing DEN message (at simulation time 434.300,000,000 s)
2022-06-15 10:59:04,924 INFO  - Route already changed (at simulation time 434.300,000,000 s)
2022-06-15 10:59:04,978 INFO  - Received message from cell from WeatherServer (at simulation time 436.300,000,000 s)
2022-06-15 10:59:04,978 INFO  - Processing DEN message (at simulation time 436.300,000,000 s)
2022-06-15 10:59:04,978 INFO  - Route already changed (at simulation time 436.300,000,000 s)
2022-06-15 10:59:05,033 INFO  - Received message from cell from WeatherServer (at simulation time 438.300,000,000 s)
2022-06-15 10:59:05,033 INFO  - Processing DEN message (at simulation time 438.300,000,000 s)
2022-06-15 10:59:05,033 INFO  - Route already changed (at simulation time 438.300,000,000 s)
2022-06-15 10:59:05,091 INFO  - Received message from cell from WeatherServer (at simulation time 440.300,000,000 s)
2022-06-15 10:59:05,091 INFO  - Processing DEN message (at simulation time 440.300,000,000 s)
2022-06-15 10:59:05,091 INFO  - Route already changed (at simulation time 440.300,000,000 s)
2022-06-15 10:59:05,142 INFO  - Received message from cell from WeatherServer (at simulation time 442.300,000,000 s)
2022-06-15 10:59:05,142 INFO  - Processing DEN message (at simulation time 442.300,000,000 s)
2022-06-15 10:59:05,142 INFO  - Route already changed (at simulation time 442.300,000,000 s)
2022-06-15 10:59:05,192 INFO  - Received message from cell from WeatherServer (at simulation time 444.300,000,000 s)
2022-06-15 10:59:05,192 INFO  - Processing DEN message (at simulation time 444.300,000,000 s)
2022-06-15 10:59:05,192 INFO  - Route already changed (at simulation time 444.300,000,000 s)
2022-06-15 10:59:05,242 INFO  - Received message from cell from WeatherServer (at simulation time 446.300,000,000 s)
2022-06-15 10:59:05,242 INFO  - Processing DEN message (at simulation time 446.300,000,000 s)
2022-06-15 10:59:05,242 INFO  - Route already changed (at simulation time 446.300,000,000 s)
2022-06-15 10:59:05,293 INFO  - Received message from cell from WeatherServer (at simulation time 448.300,000,000 s)
2022-06-15 10:59:05,293 INFO  - Processing DEN message (at simulation time 448.300,000,000 s)
2022-06-15 10:59:05,293 INFO  - Route already changed (at simulation time 448.300,000,000 s)
2022-06-15 10:59:05,342 INFO  - Received message from cell from WeatherServer (at simulation time 450.300,000,000 s)
2022-06-15 10:59:05,342 INFO  - Processing DEN message (at simulation time 450.300,000,000 s)
2022-06-15 10:59:05,342 INFO  - Route already changed (at simulation time 450.300,000,000 s)
2022-06-15 10:59:05,395 INFO  - Received message from cell from WeatherServer (at simulation time 452.300,000,000 s)
2022-06-15 10:59:05,395 INFO  - Processing DEN message (at simulation time 452.300,000,000 s)
2022-06-15 10:59:05,395 INFO  - Route already changed (at simulation time 452.300,000,000 s)
2022-06-15 10:59:05,446 INFO  - Received message from cell from WeatherServer (at simulation time 454.300,000,000 s)
2022-06-15 10:59:05,446 INFO  - Processing DEN message (at simulation time 454.300,000,000 s)
2022-06-15 10:59:05,446 INFO  - Route already changed (at simulation time 454.300,000,000 s)
2022-06-15 10:59:05,497 INFO  - Received message from cell from WeatherServer (at simulation time 456.300,000,000 s)
2022-06-15 10:59:05,497 INFO  - Processing DEN message (at simulation time 456.300,000,000 s)
2022-06-15 10:59:05,497 INFO  - Route already changed (at simulation time 456.300,000,000 s)
2022-06-15 10:59:05,548 INFO  - Received message from cell from WeatherServer (at simulation time 458.300,000,000 s)
2022-06-15 10:59:05,548 INFO  - Processing DEN message (at simulation time 458.300,000,000 s)
2022-06-15 10:59:05,548 INFO  - Route already changed (at simulation time 458.300,000,000 s)
2022-06-15 10:59:05,599 INFO  - Received message from cell from WeatherServer (at simulation time 460.300,000,000 s)
2022-06-15 10:59:05,599 INFO  - Processing DEN message (at simulation time 460.300,000,000 s)
2022-06-15 10:59:05,599 INFO  - Route already changed (at simulation time 460.300,000,000 s)
2022-06-15 10:59:05,652 INFO  - Received message from cell from WeatherServer (at simulation time 462.300,000,000 s)
2022-06-15 10:59:05,652 INFO  - Processing DEN message (at simulation time 462.300,000,000 s)
2022-06-15 10:59:05,652 INFO  - Route already changed (at simulation time 462.300,000,000 s)
2022-06-15 10:59:05,700 INFO  - Received message from cell from WeatherServer (at simulation time 464.300,000,000 s)
2022-06-15 10:59:05,700 INFO  - Processing DEN message (at simulation time 464.300,000,000 s)
2022-06-15 10:59:05,700 INFO  - Route already changed (at simulation time 464.300,000,000 s)
2022-06-15 10:59:05,750 INFO  - Received message from cell from WeatherServer (at simulation time 466.300,000,000 s)
2022-06-15 10:59:05,750 INFO  - Processing DEN message (at simulation time 466.300,000,000 s)
2022-06-15 10:59:05,750 INFO  - Route already changed (at simulation time 466.300,000,000 s)
2022-06-15 10:59:06,485 INFO  - Shutdown application (at simulation time 497.000,000,000 s)
