2022-06-15 10:58:59,303 INFO  - Initialize application (at simulation time 26.000,000,000 s)
2022-06-15 10:58:59,304 INFO  - Activated Cell Module (at simulation time 26.000,000,000 s)
2022-06-15 10:58:59,306 INFO  - Received message from cell from WeatherServer (at simulation time 26.300,000,000 s)
2022-06-15 10:58:59,306 INFO  - Processing DEN message (at simulation time 26.300,000,000 s)
2022-06-15 10:58:59,306 INFO  - The Event is on the vehicle's route 311964536_1313885442_2879911873 = 311964536_1313885442_2879911873 (at simulation time 26.300,000,000 s)
2022-06-15 10:58:59,308 INFO  - Sending Change Route Command at position: null (at simulation time 26.300,000,000 s)
2022-06-15 10:58:59,318 INFO  - Received message from cell from WeatherServer (at simulation time 28.300,000,000 s)
2022-06-15 10:58:59,318 INFO  - Processing DEN message (at simulation time 28.300,000,000 s)
2022-06-15 10:58:59,318 INFO  - Route already changed (at simulation time 28.300,000,000 s)
2022-06-15 10:58:59,326 INFO  - Received message from cell from WeatherServer (at simulation time 30.300,000,000 s)
2022-06-15 10:58:59,326 INFO  - Processing DEN message (at simulation time 30.300,000,000 s)
2022-06-15 10:58:59,326 INFO  - Route already changed (at simulation time 30.300,000,000 s)
2022-06-15 10:58:59,335 INFO  - Received message from cell from WeatherServer (at simulation time 32.300,000,000 s)
2022-06-15 10:58:59,335 INFO  - Processing DEN message (at simulation time 32.300,000,000 s)
2022-06-15 10:58:59,335 INFO  - Route already changed (at simulation time 32.300,000,000 s)
2022-06-15 10:58:59,346 INFO  - Received message from cell from WeatherServer (at simulation time 34.300,000,000 s)
2022-06-15 10:58:59,346 INFO  - Processing DEN message (at simulation time 34.300,000,000 s)
2022-06-15 10:58:59,346 INFO  - Route already changed (at simulation time 34.300,000,000 s)
2022-06-15 10:58:59,355 INFO  - Received message from cell from WeatherServer (at simulation time 36.300,000,000 s)
2022-06-15 10:58:59,355 INFO  - Processing DEN message (at simulation time 36.300,000,000 s)
2022-06-15 10:58:59,355 INFO  - Route already changed (at simulation time 36.300,000,000 s)
2022-06-15 10:58:59,361 INFO  - Received message from cell from WeatherServer (at simulation time 38.300,000,000 s)
2022-06-15 10:58:59,361 INFO  - Processing DEN message (at simulation time 38.300,000,000 s)
2022-06-15 10:58:59,361 INFO  - Route already changed (at simulation time 38.300,000,000 s)
2022-06-15 10:58:59,368 INFO  - Received message from cell from WeatherServer (at simulation time 40.300,000,000 s)
2022-06-15 10:58:59,368 INFO  - Processing DEN message (at simulation time 40.300,000,000 s)
2022-06-15 10:58:59,368 INFO  - Route already changed (at simulation time 40.300,000,000 s)
2022-06-15 10:58:59,378 INFO  - Received message from cell from WeatherServer (at simulation time 42.300,000,000 s)
2022-06-15 10:58:59,378 INFO  - Processing DEN message (at simulation time 42.300,000,000 s)
2022-06-15 10:58:59,378 INFO  - Route already changed (at simulation time 42.300,000,000 s)
2022-06-15 10:58:59,386 INFO  - Received message from cell from WeatherServer (at simulation time 44.300,000,000 s)
2022-06-15 10:58:59,386 INFO  - Processing DEN message (at simulation time 44.300,000,000 s)
2022-06-15 10:58:59,386 INFO  - Route already changed (at simulation time 44.300,000,000 s)
2022-06-15 10:58:59,399 INFO  - Received message from cell from WeatherServer (at simulation time 46.300,000,000 s)
2022-06-15 10:58:59,399 INFO  - Processing DEN message (at simulation time 46.300,000,000 s)
2022-06-15 10:58:59,399 INFO  - Route already changed (at simulation time 46.300,000,000 s)
2022-06-15 10:58:59,408 INFO  - Received message from cell from WeatherServer (at simulation time 48.300,000,000 s)
2022-06-15 10:58:59,408 INFO  - Processing DEN message (at simulation time 48.300,000,000 s)
2022-06-15 10:58:59,408 INFO  - Route already changed (at simulation time 48.300,000,000 s)
2022-06-15 10:58:59,414 INFO  - Received message from cell from WeatherServer (at simulation time 50.300,000,000 s)
2022-06-15 10:58:59,414 INFO  - Processing DEN message (at simulation time 50.300,000,000 s)
2022-06-15 10:58:59,414 INFO  - Route already changed (at simulation time 50.300,000,000 s)
2022-06-15 10:58:59,422 INFO  - Received message from cell from WeatherServer (at simulation time 52.300,000,000 s)
2022-06-15 10:58:59,422 INFO  - Processing DEN message (at simulation time 52.300,000,000 s)
2022-06-15 10:58:59,422 INFO  - Route already changed (at simulation time 52.300,000,000 s)
2022-06-15 10:58:59,430 INFO  - Received message from cell from WeatherServer (at simulation time 54.300,000,000 s)
2022-06-15 10:58:59,430 INFO  - Processing DEN message (at simulation time 54.300,000,000 s)
2022-06-15 10:58:59,430 INFO  - Route already changed (at simulation time 54.300,000,000 s)
2022-06-15 10:58:59,440 INFO  - Received message from cell from WeatherServer (at simulation time 56.300,000,000 s)
2022-06-15 10:58:59,440 INFO  - Processing DEN message (at simulation time 56.300,000,000 s)
2022-06-15 10:58:59,440 INFO  - Route already changed (at simulation time 56.300,000,000 s)
2022-06-15 10:58:59,445 INFO  - Received message from cell from WeatherServer (at simulation time 58.300,000,000 s)
2022-06-15 10:58:59,445 INFO  - Processing DEN message (at simulation time 58.300,000,000 s)
2022-06-15 10:58:59,445 INFO  - Route already changed (at simulation time 58.300,000,000 s)
2022-06-15 10:58:59,452 INFO  - Received message from cell from WeatherServer (at simulation time 60.300,000,000 s)
2022-06-15 10:58:59,452 INFO  - Processing DEN message (at simulation time 60.300,000,000 s)
2022-06-15 10:58:59,452 INFO  - Route already changed (at simulation time 60.300,000,000 s)
2022-06-15 10:58:59,463 INFO  - Received message from cell from WeatherServer (at simulation time 62.300,000,000 s)
2022-06-15 10:58:59,463 INFO  - Processing DEN message (at simulation time 62.300,000,000 s)
2022-06-15 10:58:59,463 INFO  - Route already changed (at simulation time 62.300,000,000 s)
2022-06-15 10:58:59,470 INFO  - Received message from cell from WeatherServer (at simulation time 64.300,000,000 s)
2022-06-15 10:58:59,470 INFO  - Processing DEN message (at simulation time 64.300,000,000 s)
2022-06-15 10:58:59,470 INFO  - Route already changed (at simulation time 64.300,000,000 s)
2022-06-15 10:58:59,478 INFO  - Received message from cell from WeatherServer (at simulation time 66.300,000,000 s)
2022-06-15 10:58:59,478 INFO  - Processing DEN message (at simulation time 66.300,000,000 s)
2022-06-15 10:58:59,478 INFO  - Route already changed (at simulation time 66.300,000,000 s)
2022-06-15 10:58:59,489 INFO  - Received message from cell from WeatherServer (at simulation time 68.300,000,000 s)
2022-06-15 10:58:59,489 INFO  - Processing DEN message (at simulation time 68.300,000,000 s)
2022-06-15 10:58:59,489 INFO  - Route already changed (at simulation time 68.300,000,000 s)
2022-06-15 10:58:59,495 INFO  - Received message from cell from WeatherServer (at simulation time 70.300,000,000 s)
2022-06-15 10:58:59,495 INFO  - Processing DEN message (at simulation time 70.300,000,000 s)
2022-06-15 10:58:59,495 INFO  - Route already changed (at simulation time 70.300,000,000 s)
2022-06-15 10:58:59,503 INFO  - Received message from cell from WeatherServer (at simulation time 72.300,000,000 s)
2022-06-15 10:58:59,503 INFO  - Processing DEN message (at simulation time 72.300,000,000 s)
2022-06-15 10:58:59,503 INFO  - Route already changed (at simulation time 72.300,000,000 s)
2022-06-15 10:58:59,511 INFO  - Received message from cell from WeatherServer (at simulation time 74.300,000,000 s)
2022-06-15 10:58:59,511 INFO  - Processing DEN message (at simulation time 74.300,000,000 s)
2022-06-15 10:58:59,511 INFO  - Route already changed (at simulation time 74.300,000,000 s)
2022-06-15 10:58:59,521 INFO  - Received message from cell from WeatherServer (at simulation time 76.300,000,000 s)
2022-06-15 10:58:59,521 INFO  - Processing DEN message (at simulation time 76.300,000,000 s)
2022-06-15 10:58:59,521 INFO  - Route already changed (at simulation time 76.300,000,000 s)
2022-06-15 10:58:59,527 INFO  - Received message from cell from WeatherServer (at simulation time 78.300,000,000 s)
2022-06-15 10:58:59,527 INFO  - Processing DEN message (at simulation time 78.300,000,000 s)
2022-06-15 10:58:59,527 INFO  - Route already changed (at simulation time 78.300,000,000 s)
2022-06-15 10:58:59,537 INFO  - Received message from cell from WeatherServer (at simulation time 80.300,000,000 s)
2022-06-15 10:58:59,537 INFO  - Processing DEN message (at simulation time 80.300,000,000 s)
2022-06-15 10:58:59,537 INFO  - Route already changed (at simulation time 80.300,000,000 s)
2022-06-15 10:58:59,546 INFO  - Received message from cell from WeatherServer (at simulation time 82.300,000,000 s)
2022-06-15 10:58:59,546 INFO  - Processing DEN message (at simulation time 82.300,000,000 s)
2022-06-15 10:58:59,546 INFO  - Route already changed (at simulation time 82.300,000,000 s)
2022-06-15 10:58:59,621 INFO  - Received message from cell from WeatherServer (at simulation time 84.300,000,000 s)
2022-06-15 10:58:59,621 INFO  - Processing DEN message (at simulation time 84.300,000,000 s)
2022-06-15 10:58:59,621 INFO  - Route already changed (at simulation time 84.300,000,000 s)
2022-06-15 10:58:59,640 INFO  - Received message from cell from WeatherServer (at simulation time 86.300,000,000 s)
2022-06-15 10:58:59,641 INFO  - Processing DEN message (at simulation time 86.300,000,000 s)
2022-06-15 10:58:59,641 INFO  - Route already changed (at simulation time 86.300,000,000 s)
2022-06-15 10:58:59,656 INFO  - Received message from cell from WeatherServer (at simulation time 88.300,000,000 s)
2022-06-15 10:58:59,656 INFO  - Processing DEN message (at simulation time 88.300,000,000 s)
2022-06-15 10:58:59,656 INFO  - Route already changed (at simulation time 88.300,000,000 s)
2022-06-15 10:58:59,672 INFO  - Received message from cell from WeatherServer (at simulation time 90.300,000,000 s)
2022-06-15 10:58:59,672 INFO  - Processing DEN message (at simulation time 90.300,000,000 s)
2022-06-15 10:58:59,672 INFO  - Route already changed (at simulation time 90.300,000,000 s)
2022-06-15 10:58:59,687 INFO  - Received message from cell from WeatherServer (at simulation time 92.300,000,000 s)
2022-06-15 10:58:59,687 INFO  - Processing DEN message (at simulation time 92.300,000,000 s)
2022-06-15 10:58:59,687 INFO  - Route already changed (at simulation time 92.300,000,000 s)
2022-06-15 10:58:59,708 INFO  - Received message from cell from WeatherServer (at simulation time 94.300,000,000 s)
2022-06-15 10:58:59,708 INFO  - Processing DEN message (at simulation time 94.300,000,000 s)
2022-06-15 10:58:59,708 INFO  - Route already changed (at simulation time 94.300,000,000 s)
2022-06-15 10:58:59,727 INFO  - Received message from cell from WeatherServer (at simulation time 96.300,000,000 s)
2022-06-15 10:58:59,727 INFO  - Processing DEN message (at simulation time 96.300,000,000 s)
2022-06-15 10:58:59,727 INFO  - Route already changed (at simulation time 96.300,000,000 s)
2022-06-15 10:58:59,745 INFO  - Received message from cell from WeatherServer (at simulation time 98.300,000,000 s)
2022-06-15 10:58:59,745 INFO  - Processing DEN message (at simulation time 98.300,000,000 s)
2022-06-15 10:58:59,745 INFO  - Route already changed (at simulation time 98.300,000,000 s)
2022-06-15 10:58:59,763 INFO  - Received message from cell from WeatherServer (at simulation time 100.300,000,000 s)
2022-06-15 10:58:59,763 INFO  - Processing DEN message (at simulation time 100.300,000,000 s)
2022-06-15 10:58:59,763 INFO  - Route already changed (at simulation time 100.300,000,000 s)
2022-06-15 10:58:59,786 INFO  - Received message from cell from WeatherServer (at simulation time 102.300,000,000 s)
2022-06-15 10:58:59,786 INFO  - Processing DEN message (at simulation time 102.300,000,000 s)
2022-06-15 10:58:59,786 INFO  - Route already changed (at simulation time 102.300,000,000 s)
2022-06-15 10:58:59,806 INFO  - Received message from cell from WeatherServer (at simulation time 104.300,000,000 s)
2022-06-15 10:58:59,806 INFO  - Processing DEN message (at simulation time 104.300,000,000 s)
2022-06-15 10:58:59,806 INFO  - Route already changed (at simulation time 104.300,000,000 s)
2022-06-15 10:58:59,832 INFO  - Received message from cell from WeatherServer (at simulation time 106.300,000,000 s)
2022-06-15 10:58:59,832 INFO  - Processing DEN message (at simulation time 106.300,000,000 s)
2022-06-15 10:58:59,832 INFO  - Route already changed (at simulation time 106.300,000,000 s)
2022-06-15 10:58:59,851 INFO  - Received message from cell from WeatherServer (at simulation time 108.300,000,000 s)
2022-06-15 10:58:59,851 INFO  - Processing DEN message (at simulation time 108.300,000,000 s)
2022-06-15 10:58:59,851 INFO  - Route already changed (at simulation time 108.300,000,000 s)
2022-06-15 10:58:59,872 INFO  - Received message from cell from WeatherServer (at simulation time 110.300,000,000 s)
2022-06-15 10:58:59,872 INFO  - Processing DEN message (at simulation time 110.300,000,000 s)
2022-06-15 10:58:59,872 INFO  - Route already changed (at simulation time 110.300,000,000 s)
2022-06-15 10:58:59,894 INFO  - Received message from cell from WeatherServer (at simulation time 112.300,000,000 s)
2022-06-15 10:58:59,894 INFO  - Processing DEN message (at simulation time 112.300,000,000 s)
2022-06-15 10:58:59,894 INFO  - Route already changed (at simulation time 112.300,000,000 s)
2022-06-15 10:58:59,920 INFO  - Received message from cell from WeatherServer (at simulation time 114.300,000,000 s)
2022-06-15 10:58:59,920 INFO  - Processing DEN message (at simulation time 114.300,000,000 s)
2022-06-15 10:58:59,920 INFO  - Route already changed (at simulation time 114.300,000,000 s)
2022-06-15 10:58:59,944 INFO  - Received message from cell from WeatherServer (at simulation time 116.300,000,000 s)
2022-06-15 10:58:59,944 INFO  - Processing DEN message (at simulation time 116.300,000,000 s)
2022-06-15 10:58:59,944 INFO  - Route already changed (at simulation time 116.300,000,000 s)
2022-06-15 10:58:59,968 INFO  - Received message from cell from WeatherServer (at simulation time 118.300,000,000 s)
2022-06-15 10:58:59,968 INFO  - Processing DEN message (at simulation time 118.300,000,000 s)
2022-06-15 10:58:59,968 INFO  - Route already changed (at simulation time 118.300,000,000 s)
2022-06-15 10:58:59,995 INFO  - Received message from cell from WeatherServer (at simulation time 120.300,000,000 s)
2022-06-15 10:58:59,995 INFO  - Processing DEN message (at simulation time 120.300,000,000 s)
2022-06-15 10:58:59,995 INFO  - Route already changed (at simulation time 120.300,000,000 s)
2022-06-15 10:59:00,031 INFO  - Received message from cell from WeatherServer (at simulation time 122.300,000,000 s)
2022-06-15 10:59:00,031 INFO  - Processing DEN message (at simulation time 122.300,000,000 s)
2022-06-15 10:59:00,031 INFO  - Route already changed (at simulation time 122.300,000,000 s)
2022-06-15 10:59:00,060 INFO  - Received message from cell from WeatherServer (at simulation time 124.300,000,000 s)
2022-06-15 10:59:00,060 INFO  - Processing DEN message (at simulation time 124.300,000,000 s)
2022-06-15 10:59:00,060 INFO  - Route already changed (at simulation time 124.300,000,000 s)
2022-06-15 10:59:00,092 INFO  - Received message from cell from WeatherServer (at simulation time 126.300,000,000 s)
2022-06-15 10:59:00,092 INFO  - Processing DEN message (at simulation time 126.300,000,000 s)
2022-06-15 10:59:00,092 INFO  - Route already changed (at simulation time 126.300,000,000 s)
2022-06-15 10:59:00,118 INFO  - Received message from cell from WeatherServer (at simulation time 128.300,000,000 s)
2022-06-15 10:59:00,118 INFO  - Processing DEN message (at simulation time 128.300,000,000 s)
2022-06-15 10:59:00,118 INFO  - Route already changed (at simulation time 128.300,000,000 s)
2022-06-15 10:59:00,148 INFO  - Received message from cell from WeatherServer (at simulation time 130.300,000,000 s)
2022-06-15 10:59:00,148 INFO  - Processing DEN message (at simulation time 130.300,000,000 s)
2022-06-15 10:59:00,148 INFO  - Route already changed (at simulation time 130.300,000,000 s)
2022-06-15 10:59:00,170 INFO  - Received message from cell from WeatherServer (at simulation time 132.300,000,000 s)
2022-06-15 10:59:00,170 INFO  - Processing DEN message (at simulation time 132.300,000,000 s)
2022-06-15 10:59:00,170 INFO  - Route already changed (at simulation time 132.300,000,000 s)
2022-06-15 10:59:00,199 INFO  - Received message from cell from WeatherServer (at simulation time 134.300,000,000 s)
2022-06-15 10:59:00,199 INFO  - Processing DEN message (at simulation time 134.300,000,000 s)
2022-06-15 10:59:00,199 INFO  - Route already changed (at simulation time 134.300,000,000 s)
2022-06-15 10:59:00,221 INFO  - Received message from cell from WeatherServer (at simulation time 136.300,000,000 s)
2022-06-15 10:59:00,221 INFO  - Processing DEN message (at simulation time 136.300,000,000 s)
2022-06-15 10:59:00,221 INFO  - Route already changed (at simulation time 136.300,000,000 s)
2022-06-15 10:59:00,245 INFO  - Received message from cell from WeatherServer (at simulation time 138.300,000,000 s)
2022-06-15 10:59:00,245 INFO  - Processing DEN message (at simulation time 138.300,000,000 s)
2022-06-15 10:59:00,245 INFO  - Route already changed (at simulation time 138.300,000,000 s)
2022-06-15 10:59:00,266 INFO  - Received message from cell from WeatherServer (at simulation time 140.300,000,000 s)
2022-06-15 10:59:00,266 INFO  - Processing DEN message (at simulation time 140.300,000,000 s)
2022-06-15 10:59:00,266 INFO  - Route already changed (at simulation time 140.300,000,000 s)
2022-06-15 10:59:00,293 INFO  - Received message from cell from WeatherServer (at simulation time 142.300,000,000 s)
2022-06-15 10:59:00,293 INFO  - Processing DEN message (at simulation time 142.300,000,000 s)
2022-06-15 10:59:00,293 INFO  - Route already changed (at simulation time 142.300,000,000 s)
2022-06-15 10:59:00,318 INFO  - Received message from cell from WeatherServer (at simulation time 144.300,000,000 s)
2022-06-15 10:59:00,318 INFO  - Processing DEN message (at simulation time 144.300,000,000 s)
2022-06-15 10:59:00,318 INFO  - Route already changed (at simulation time 144.300,000,000 s)
2022-06-15 10:59:00,346 INFO  - Received message from cell from WeatherServer (at simulation time 146.300,000,000 s)
2022-06-15 10:59:00,346 INFO  - Processing DEN message (at simulation time 146.300,000,000 s)
2022-06-15 10:59:00,346 INFO  - Route already changed (at simulation time 146.300,000,000 s)
2022-06-15 10:59:00,368 INFO  - Received message from cell from WeatherServer (at simulation time 148.300,000,000 s)
2022-06-15 10:59:00,368 INFO  - Processing DEN message (at simulation time 148.300,000,000 s)
2022-06-15 10:59:00,368 INFO  - Route already changed (at simulation time 148.300,000,000 s)
2022-06-15 10:59:00,394 INFO  - Received message from cell from WeatherServer (at simulation time 150.300,000,000 s)
2022-06-15 10:59:00,394 INFO  - Processing DEN message (at simulation time 150.300,000,000 s)
2022-06-15 10:59:00,394 INFO  - Route already changed (at simulation time 150.300,000,000 s)
2022-06-15 10:59:00,417 INFO  - Received message from cell from WeatherServer (at simulation time 152.300,000,000 s)
2022-06-15 10:59:00,417 INFO  - Processing DEN message (at simulation time 152.300,000,000 s)
2022-06-15 10:59:00,417 INFO  - Route already changed (at simulation time 152.300,000,000 s)
2022-06-15 10:59:00,449 INFO  - Received message from cell from WeatherServer (at simulation time 154.300,000,000 s)
2022-06-15 10:59:00,449 INFO  - Processing DEN message (at simulation time 154.300,000,000 s)
2022-06-15 10:59:00,449 INFO  - Route already changed (at simulation time 154.300,000,000 s)
2022-06-15 10:59:00,472 INFO  - Received message from cell from WeatherServer (at simulation time 156.300,000,000 s)
2022-06-15 10:59:00,472 INFO  - Processing DEN message (at simulation time 156.300,000,000 s)
2022-06-15 10:59:00,472 INFO  - Route already changed (at simulation time 156.300,000,000 s)
2022-06-15 10:59:00,497 INFO  - Received message from cell from WeatherServer (at simulation time 158.300,000,000 s)
2022-06-15 10:59:00,497 INFO  - Processing DEN message (at simulation time 158.300,000,000 s)
2022-06-15 10:59:00,497 INFO  - Route already changed (at simulation time 158.300,000,000 s)
2022-06-15 10:59:00,521 INFO  - Received message from cell from WeatherServer (at simulation time 160.300,000,000 s)
2022-06-15 10:59:00,521 INFO  - Processing DEN message (at simulation time 160.300,000,000 s)
2022-06-15 10:59:00,521 INFO  - Route already changed (at simulation time 160.300,000,000 s)
2022-06-15 10:59:00,552 INFO  - Received message from cell from WeatherServer (at simulation time 162.300,000,000 s)
2022-06-15 10:59:00,552 INFO  - Processing DEN message (at simulation time 162.300,000,000 s)
2022-06-15 10:59:00,552 INFO  - Route already changed (at simulation time 162.300,000,000 s)
2022-06-15 10:59:00,578 INFO  - Received message from cell from WeatherServer (at simulation time 164.300,000,000 s)
2022-06-15 10:59:00,578 INFO  - Processing DEN message (at simulation time 164.300,000,000 s)
2022-06-15 10:59:00,578 INFO  - Route already changed (at simulation time 164.300,000,000 s)
2022-06-15 10:59:00,611 INFO  - Received message from cell from WeatherServer (at simulation time 166.300,000,000 s)
2022-06-15 10:59:00,611 INFO  - Processing DEN message (at simulation time 166.300,000,000 s)
2022-06-15 10:59:00,611 INFO  - Route already changed (at simulation time 166.300,000,000 s)
2022-06-15 10:59:00,640 INFO  - Received message from cell from WeatherServer (at simulation time 168.300,000,000 s)
2022-06-15 10:59:00,640 INFO  - Processing DEN message (at simulation time 168.300,000,000 s)
2022-06-15 10:59:00,640 INFO  - Route already changed (at simulation time 168.300,000,000 s)
2022-06-15 10:59:00,668 INFO  - Received message from cell from WeatherServer (at simulation time 170.300,000,000 s)
2022-06-15 10:59:00,668 INFO  - Processing DEN message (at simulation time 170.300,000,000 s)
2022-06-15 10:59:00,668 INFO  - Route already changed (at simulation time 170.300,000,000 s)
2022-06-15 10:59:00,695 INFO  - Received message from cell from WeatherServer (at simulation time 172.300,000,000 s)
2022-06-15 10:59:00,695 INFO  - Processing DEN message (at simulation time 172.300,000,000 s)
2022-06-15 10:59:00,695 INFO  - Route already changed (at simulation time 172.300,000,000 s)
2022-06-15 10:59:00,729 INFO  - Received message from cell from WeatherServer (at simulation time 174.300,000,000 s)
2022-06-15 10:59:00,729 INFO  - Processing DEN message (at simulation time 174.300,000,000 s)
2022-06-15 10:59:00,729 INFO  - Route already changed (at simulation time 174.300,000,000 s)
2022-06-15 10:59:00,756 INFO  - Received message from cell from WeatherServer (at simulation time 176.300,000,000 s)
2022-06-15 10:59:00,756 INFO  - Processing DEN message (at simulation time 176.300,000,000 s)
2022-06-15 10:59:00,756 INFO  - Route already changed (at simulation time 176.300,000,000 s)
2022-06-15 10:59:00,782 INFO  - Received message from cell from WeatherServer (at simulation time 178.300,000,000 s)
2022-06-15 10:59:00,782 INFO  - Processing DEN message (at simulation time 178.300,000,000 s)
2022-06-15 10:59:00,782 INFO  - Route already changed (at simulation time 178.300,000,000 s)
2022-06-15 10:59:00,811 INFO  - Received message from cell from WeatherServer (at simulation time 180.300,000,000 s)
2022-06-15 10:59:00,811 INFO  - Processing DEN message (at simulation time 180.300,000,000 s)
2022-06-15 10:59:00,811 INFO  - Route already changed (at simulation time 180.300,000,000 s)
2022-06-15 10:59:00,840 INFO  - Received message from cell from WeatherServer (at simulation time 182.300,000,000 s)
2022-06-15 10:59:00,840 INFO  - Processing DEN message (at simulation time 182.300,000,000 s)
2022-06-15 10:59:00,840 INFO  - Route already changed (at simulation time 182.300,000,000 s)
2022-06-15 10:59:00,871 INFO  - Received message from cell from WeatherServer (at simulation time 184.300,000,000 s)
2022-06-15 10:59:00,871 INFO  - Processing DEN message (at simulation time 184.300,000,000 s)
2022-06-15 10:59:00,871 INFO  - Route already changed (at simulation time 184.300,000,000 s)
2022-06-15 10:59:00,901 INFO  - Received message from cell from WeatherServer (at simulation time 186.300,000,000 s)
2022-06-15 10:59:00,901 INFO  - Processing DEN message (at simulation time 186.300,000,000 s)
2022-06-15 10:59:00,901 INFO  - Route already changed (at simulation time 186.300,000,000 s)
2022-06-15 10:59:00,928 INFO  - Received message from cell from WeatherServer (at simulation time 188.300,000,000 s)
2022-06-15 10:59:00,928 INFO  - Processing DEN message (at simulation time 188.300,000,000 s)
2022-06-15 10:59:00,928 INFO  - Route already changed (at simulation time 188.300,000,000 s)
2022-06-15 10:59:00,957 INFO  - Received message from cell from WeatherServer (at simulation time 190.300,000,000 s)
2022-06-15 10:59:00,957 INFO  - Processing DEN message (at simulation time 190.300,000,000 s)
2022-06-15 10:59:00,957 INFO  - Route already changed (at simulation time 190.300,000,000 s)
2022-06-15 10:59:00,982 INFO  - Received message from cell from WeatherServer (at simulation time 192.300,000,000 s)
2022-06-15 10:59:00,982 INFO  - Processing DEN message (at simulation time 192.300,000,000 s)
2022-06-15 10:59:00,982 INFO  - Route already changed (at simulation time 192.300,000,000 s)
2022-06-15 10:59:01,015 INFO  - Received message from cell from WeatherServer (at simulation time 194.300,000,000 s)
2022-06-15 10:59:01,015 INFO  - Processing DEN message (at simulation time 194.300,000,000 s)
2022-06-15 10:59:01,015 INFO  - Route already changed (at simulation time 194.300,000,000 s)
2022-06-15 10:59:01,042 INFO  - Received message from cell from WeatherServer (at simulation time 196.300,000,000 s)
2022-06-15 10:59:01,042 INFO  - Processing DEN message (at simulation time 196.300,000,000 s)
2022-06-15 10:59:01,042 INFO  - Route already changed (at simulation time 196.300,000,000 s)
2022-06-15 10:59:01,067 INFO  - Received message from cell from WeatherServer (at simulation time 198.300,000,000 s)
2022-06-15 10:59:01,067 INFO  - Processing DEN message (at simulation time 198.300,000,000 s)
2022-06-15 10:59:01,067 INFO  - Route already changed (at simulation time 198.300,000,000 s)
2022-06-15 10:59:01,097 INFO  - Received message from cell from WeatherServer (at simulation time 200.300,000,000 s)
2022-06-15 10:59:01,097 INFO  - Processing DEN message (at simulation time 200.300,000,000 s)
2022-06-15 10:59:01,097 INFO  - Route already changed (at simulation time 200.300,000,000 s)
2022-06-15 10:59:01,125 INFO  - Received message from cell from WeatherServer (at simulation time 202.300,000,000 s)
2022-06-15 10:59:01,125 INFO  - Processing DEN message (at simulation time 202.300,000,000 s)
2022-06-15 10:59:01,125 INFO  - Route already changed (at simulation time 202.300,000,000 s)
2022-06-15 10:59:01,157 INFO  - Received message from cell from WeatherServer (at simulation time 204.300,000,000 s)
2022-06-15 10:59:01,157 INFO  - Processing DEN message (at simulation time 204.300,000,000 s)
2022-06-15 10:59:01,157 INFO  - Route already changed (at simulation time 204.300,000,000 s)
2022-06-15 10:59:01,186 INFO  - Received message from cell from WeatherServer (at simulation time 206.300,000,000 s)
2022-06-15 10:59:01,186 INFO  - Processing DEN message (at simulation time 206.300,000,000 s)
2022-06-15 10:59:01,187 INFO  - Route already changed (at simulation time 206.300,000,000 s)
2022-06-15 10:59:01,216 INFO  - Received message from cell from WeatherServer (at simulation time 208.300,000,000 s)
2022-06-15 10:59:01,216 INFO  - Processing DEN message (at simulation time 208.300,000,000 s)
2022-06-15 10:59:01,216 INFO  - Route already changed (at simulation time 208.300,000,000 s)
2022-06-15 10:59:01,248 INFO  - Received message from cell from WeatherServer (at simulation time 210.300,000,000 s)
2022-06-15 10:59:01,248 INFO  - Processing DEN message (at simulation time 210.300,000,000 s)
2022-06-15 10:59:01,248 INFO  - Route already changed (at simulation time 210.300,000,000 s)
2022-06-15 10:59:01,277 INFO  - Received message from cell from WeatherServer (at simulation time 212.300,000,000 s)
2022-06-15 10:59:01,277 INFO  - Processing DEN message (at simulation time 212.300,000,000 s)
2022-06-15 10:59:01,277 INFO  - Route already changed (at simulation time 212.300,000,000 s)
2022-06-15 10:59:01,311 INFO  - Received message from cell from WeatherServer (at simulation time 214.300,000,000 s)
2022-06-15 10:59:01,311 INFO  - Processing DEN message (at simulation time 214.300,000,000 s)
2022-06-15 10:59:01,311 INFO  - Route already changed (at simulation time 214.300,000,000 s)
2022-06-15 10:59:01,343 INFO  - Received message from cell from WeatherServer (at simulation time 216.300,000,000 s)
2022-06-15 10:59:01,343 INFO  - Processing DEN message (at simulation time 216.300,000,000 s)
2022-06-15 10:59:01,343 INFO  - Route already changed (at simulation time 216.300,000,000 s)
2022-06-15 10:59:01,370 INFO  - Received message from cell from WeatherServer (at simulation time 218.300,000,000 s)
2022-06-15 10:59:01,370 INFO  - Processing DEN message (at simulation time 218.300,000,000 s)
2022-06-15 10:59:01,370 INFO  - Route already changed (at simulation time 218.300,000,000 s)
2022-06-15 10:59:01,401 INFO  - Received message from cell from WeatherServer (at simulation time 220.300,000,000 s)
2022-06-15 10:59:01,401 INFO  - Processing DEN message (at simulation time 220.300,000,000 s)
2022-06-15 10:59:01,401 INFO  - Route already changed (at simulation time 220.300,000,000 s)
2022-06-15 10:59:01,430 INFO  - Received message from cell from WeatherServer (at simulation time 222.300,000,000 s)
2022-06-15 10:59:01,430 INFO  - Processing DEN message (at simulation time 222.300,000,000 s)
2022-06-15 10:59:01,430 INFO  - Route already changed (at simulation time 222.300,000,000 s)
2022-06-15 10:59:01,463 INFO  - Received message from cell from WeatherServer (at simulation time 224.300,000,000 s)
2022-06-15 10:59:01,463 INFO  - Processing DEN message (at simulation time 224.300,000,000 s)
2022-06-15 10:59:01,463 INFO  - Route already changed (at simulation time 224.300,000,000 s)
2022-06-15 10:59:01,499 INFO  - Received message from cell from WeatherServer (at simulation time 226.300,000,000 s)
2022-06-15 10:59:01,499 INFO  - Processing DEN message (at simulation time 226.300,000,000 s)
2022-06-15 10:59:01,499 INFO  - Route already changed (at simulation time 226.300,000,000 s)
2022-06-15 10:59:01,534 INFO  - Received message from cell from WeatherServer (at simulation time 228.300,000,000 s)
2022-06-15 10:59:01,534 INFO  - Processing DEN message (at simulation time 228.300,000,000 s)
2022-06-15 10:59:01,534 INFO  - Route already changed (at simulation time 228.300,000,000 s)
2022-06-15 10:59:01,566 INFO  - Received message from cell from WeatherServer (at simulation time 230.300,000,000 s)
2022-06-15 10:59:01,566 INFO  - Processing DEN message (at simulation time 230.300,000,000 s)
2022-06-15 10:59:01,566 INFO  - Route already changed (at simulation time 230.300,000,000 s)
2022-06-15 10:59:01,596 INFO  - Received message from cell from WeatherServer (at simulation time 232.300,000,000 s)
2022-06-15 10:59:01,596 INFO  - Processing DEN message (at simulation time 232.300,000,000 s)
2022-06-15 10:59:01,596 INFO  - Route already changed (at simulation time 232.300,000,000 s)
2022-06-15 10:59:01,633 INFO  - Received message from cell from WeatherServer (at simulation time 234.300,000,000 s)
2022-06-15 10:59:01,633 INFO  - Processing DEN message (at simulation time 234.300,000,000 s)
2022-06-15 10:59:01,633 INFO  - Route already changed (at simulation time 234.300,000,000 s)
2022-06-15 10:59:01,663 INFO  - Received message from cell from WeatherServer (at simulation time 236.300,000,000 s)
2022-06-15 10:59:01,663 INFO  - Processing DEN message (at simulation time 236.300,000,000 s)
2022-06-15 10:59:01,663 INFO  - Route already changed (at simulation time 236.300,000,000 s)
2022-06-15 10:59:01,696 INFO  - Received message from cell from WeatherServer (at simulation time 238.300,000,000 s)
2022-06-15 10:59:01,696 INFO  - Processing DEN message (at simulation time 238.300,000,000 s)
2022-06-15 10:59:01,696 INFO  - Route already changed (at simulation time 238.300,000,000 s)
2022-06-15 10:59:01,732 INFO  - Received message from cell from WeatherServer (at simulation time 240.300,000,000 s)
2022-06-15 10:59:01,732 INFO  - Processing DEN message (at simulation time 240.300,000,000 s)
2022-06-15 10:59:01,732 INFO  - Route already changed (at simulation time 240.300,000,000 s)
2022-06-15 10:59:01,766 INFO  - Received message from cell from WeatherServer (at simulation time 242.300,000,000 s)
2022-06-15 10:59:01,766 INFO  - Processing DEN message (at simulation time 242.300,000,000 s)
2022-06-15 10:59:01,766 INFO  - Route already changed (at simulation time 242.300,000,000 s)
2022-06-15 10:59:01,802 INFO  - Received message from cell from WeatherServer (at simulation time 244.300,000,000 s)
2022-06-15 10:59:01,802 INFO  - Processing DEN message (at simulation time 244.300,000,000 s)
2022-06-15 10:59:01,802 INFO  - Route already changed (at simulation time 244.300,000,000 s)
2022-06-15 10:59:01,835 INFO  - Received message from cell from WeatherServer (at simulation time 246.300,000,000 s)
2022-06-15 10:59:01,835 INFO  - Processing DEN message (at simulation time 246.300,000,000 s)
2022-06-15 10:59:01,835 INFO  - Route already changed (at simulation time 246.300,000,000 s)
2022-06-15 10:59:01,869 INFO  - Received message from cell from WeatherServer (at simulation time 248.300,000,000 s)
2022-06-15 10:59:01,869 INFO  - Processing DEN message (at simulation time 248.300,000,000 s)
2022-06-15 10:59:01,869 INFO  - Route already changed (at simulation time 248.300,000,000 s)
2022-06-15 10:59:01,902 INFO  - Received message from cell from WeatherServer (at simulation time 250.300,000,000 s)
2022-06-15 10:59:01,902 INFO  - Processing DEN message (at simulation time 250.300,000,000 s)
2022-06-15 10:59:01,902 INFO  - Route already changed (at simulation time 250.300,000,000 s)
2022-06-15 10:59:01,933 INFO  - Received message from cell from WeatherServer (at simulation time 252.300,000,000 s)
2022-06-15 10:59:01,933 INFO  - Processing DEN message (at simulation time 252.300,000,000 s)
2022-06-15 10:59:01,933 INFO  - Route already changed (at simulation time 252.300,000,000 s)
2022-06-15 10:59:01,971 INFO  - Received message from cell from WeatherServer (at simulation time 254.300,000,000 s)
2022-06-15 10:59:01,971 INFO  - Processing DEN message (at simulation time 254.300,000,000 s)
2022-06-15 10:59:01,971 INFO  - Route already changed (at simulation time 254.300,000,000 s)
2022-06-15 10:59:02,004 INFO  - Received message from cell from WeatherServer (at simulation time 256.300,000,000 s)
2022-06-15 10:59:02,004 INFO  - Processing DEN message (at simulation time 256.300,000,000 s)
2022-06-15 10:59:02,004 INFO  - Route already changed (at simulation time 256.300,000,000 s)
2022-06-15 10:59:02,035 INFO  - Received message from cell from WeatherServer (at simulation time 258.300,000,000 s)
2022-06-15 10:59:02,035 INFO  - Processing DEN message (at simulation time 258.300,000,000 s)
2022-06-15 10:59:02,035 INFO  - Route already changed (at simulation time 258.300,000,000 s)
2022-06-15 10:59:02,073 INFO  - Received message from cell from WeatherServer (at simulation time 260.300,000,000 s)
2022-06-15 10:59:02,073 INFO  - Processing DEN message (at simulation time 260.300,000,000 s)
2022-06-15 10:59:02,073 INFO  - Route already changed (at simulation time 260.300,000,000 s)
2022-06-15 10:59:02,106 INFO  - Received message from cell from WeatherServer (at simulation time 262.300,000,000 s)
2022-06-15 10:59:02,106 INFO  - Processing DEN message (at simulation time 262.300,000,000 s)
2022-06-15 10:59:02,106 INFO  - Route already changed (at simulation time 262.300,000,000 s)
2022-06-15 10:59:02,145 INFO  - Received message from cell from WeatherServer (at simulation time 264.300,000,000 s)
2022-06-15 10:59:02,145 INFO  - Processing DEN message (at simulation time 264.300,000,000 s)
2022-06-15 10:59:02,145 INFO  - Route already changed (at simulation time 264.300,000,000 s)
2022-06-15 10:59:02,183 INFO  - Received message from cell from WeatherServer (at simulation time 266.300,000,000 s)
2022-06-15 10:59:02,183 INFO  - Processing DEN message (at simulation time 266.300,000,000 s)
2022-06-15 10:59:02,183 INFO  - Route already changed (at simulation time 266.300,000,000 s)
2022-06-15 10:59:02,219 INFO  - Received message from cell from WeatherServer (at simulation time 268.300,000,000 s)
2022-06-15 10:59:02,219 INFO  - Processing DEN message (at simulation time 268.300,000,000 s)
2022-06-15 10:59:02,219 INFO  - Route already changed (at simulation time 268.300,000,000 s)
2022-06-15 10:59:02,255 INFO  - Received message from cell from WeatherServer (at simulation time 270.300,000,000 s)
2022-06-15 10:59:02,255 INFO  - Processing DEN message (at simulation time 270.300,000,000 s)
2022-06-15 10:59:02,256 INFO  - Route already changed (at simulation time 270.300,000,000 s)
2022-06-15 10:59:02,290 INFO  - Received message from cell from WeatherServer (at simulation time 272.300,000,000 s)
2022-06-15 10:59:02,290 INFO  - Processing DEN message (at simulation time 272.300,000,000 s)
2022-06-15 10:59:02,290 INFO  - Route already changed (at simulation time 272.300,000,000 s)
2022-06-15 10:59:02,329 INFO  - Received message from cell from WeatherServer (at simulation time 274.300,000,000 s)
2022-06-15 10:59:02,329 INFO  - Processing DEN message (at simulation time 274.300,000,000 s)
2022-06-15 10:59:02,329 INFO  - Route already changed (at simulation time 274.300,000,000 s)
2022-06-15 10:59:02,366 INFO  - Received message from cell from WeatherServer (at simulation time 276.300,000,000 s)
2022-06-15 10:59:02,366 INFO  - Processing DEN message (at simulation time 276.300,000,000 s)
2022-06-15 10:59:02,366 INFO  - Route already changed (at simulation time 276.300,000,000 s)
2022-06-15 10:59:02,398 INFO  - Received message from cell from WeatherServer (at simulation time 278.300,000,000 s)
2022-06-15 10:59:02,398 INFO  - Processing DEN message (at simulation time 278.300,000,000 s)
2022-06-15 10:59:02,398 INFO  - Route already changed (at simulation time 278.300,000,000 s)
2022-06-15 10:59:02,437 INFO  - Received message from cell from WeatherServer (at simulation time 280.300,000,000 s)
2022-06-15 10:59:02,437 INFO  - Processing DEN message (at simulation time 280.300,000,000 s)
2022-06-15 10:59:02,437 INFO  - Route already changed (at simulation time 280.300,000,000 s)
2022-06-15 10:59:02,475 INFO  - Received message from cell from WeatherServer (at simulation time 282.300,000,000 s)
2022-06-15 10:59:02,475 INFO  - Processing DEN message (at simulation time 282.300,000,000 s)
2022-06-15 10:59:02,475 INFO  - Route already changed (at simulation time 282.300,000,000 s)
2022-06-15 10:59:02,512 INFO  - Received message from cell from WeatherServer (at simulation time 284.300,000,000 s)
2022-06-15 10:59:02,512 INFO  - Processing DEN message (at simulation time 284.300,000,000 s)
2022-06-15 10:59:02,512 INFO  - Route already changed (at simulation time 284.300,000,000 s)
2022-06-15 10:59:02,548 INFO  - Received message from cell from WeatherServer (at simulation time 286.300,000,000 s)
2022-06-15 10:59:02,548 INFO  - Processing DEN message (at simulation time 286.300,000,000 s)
2022-06-15 10:59:02,548 INFO  - Route already changed (at simulation time 286.300,000,000 s)
2022-06-15 10:59:02,582 INFO  - Received message from cell from WeatherServer (at simulation time 288.300,000,000 s)
2022-06-15 10:59:02,582 INFO  - Processing DEN message (at simulation time 288.300,000,000 s)
2022-06-15 10:59:02,582 INFO  - Route already changed (at simulation time 288.300,000,000 s)
2022-06-15 10:59:02,616 INFO  - Received message from cell from WeatherServer (at simulation time 290.300,000,000 s)
2022-06-15 10:59:02,616 INFO  - Processing DEN message (at simulation time 290.300,000,000 s)
2022-06-15 10:59:02,616 INFO  - Route already changed (at simulation time 290.300,000,000 s)
2022-06-15 10:59:02,651 INFO  - Received message from cell from WeatherServer (at simulation time 292.300,000,000 s)
2022-06-15 10:59:02,651 INFO  - Processing DEN message (at simulation time 292.300,000,000 s)
2022-06-15 10:59:02,651 INFO  - Route already changed (at simulation time 292.300,000,000 s)
2022-06-15 10:59:02,691 INFO  - Received message from cell from WeatherServer (at simulation time 294.300,000,000 s)
2022-06-15 10:59:02,691 INFO  - Processing DEN message (at simulation time 294.300,000,000 s)
2022-06-15 10:59:02,691 INFO  - Route already changed (at simulation time 294.300,000,000 s)
2022-06-15 10:59:02,724 INFO  - Received message from cell from WeatherServer (at simulation time 296.300,000,000 s)
2022-06-15 10:59:02,724 INFO  - Processing DEN message (at simulation time 296.300,000,000 s)
2022-06-15 10:59:02,724 INFO  - Route already changed (at simulation time 296.300,000,000 s)
2022-06-15 10:59:02,757 INFO  - Received message from cell from WeatherServer (at simulation time 298.300,000,000 s)
2022-06-15 10:59:02,757 INFO  - Processing DEN message (at simulation time 298.300,000,000 s)
2022-06-15 10:59:02,757 INFO  - Route already changed (at simulation time 298.300,000,000 s)
2022-06-15 10:59:02,788 INFO  - Received message from cell from WeatherServer (at simulation time 300.300,000,000 s)
2022-06-15 10:59:02,788 INFO  - Processing DEN message (at simulation time 300.300,000,000 s)
2022-06-15 10:59:02,788 INFO  - Route already changed (at simulation time 300.300,000,000 s)
2022-06-15 10:59:02,820 INFO  - Received message from cell from WeatherServer (at simulation time 302.300,000,000 s)
2022-06-15 10:59:02,820 INFO  - Processing DEN message (at simulation time 302.300,000,000 s)
2022-06-15 10:59:02,820 INFO  - Route already changed (at simulation time 302.300,000,000 s)
2022-06-15 10:59:02,852 INFO  - Received message from cell from WeatherServer (at simulation time 304.300,000,000 s)
2022-06-15 10:59:02,852 INFO  - Processing DEN message (at simulation time 304.300,000,000 s)
2022-06-15 10:59:02,852 INFO  - Route already changed (at simulation time 304.300,000,000 s)
2022-06-15 10:59:02,881 INFO  - Received message from cell from WeatherServer (at simulation time 306.300,000,000 s)
2022-06-15 10:59:02,881 INFO  - Processing DEN message (at simulation time 306.300,000,000 s)
2022-06-15 10:59:02,881 INFO  - Route already changed (at simulation time 306.300,000,000 s)
2022-06-15 10:59:02,911 INFO  - Received message from cell from WeatherServer (at simulation time 308.300,000,000 s)
2022-06-15 10:59:02,911 INFO  - Processing DEN message (at simulation time 308.300,000,000 s)
2022-06-15 10:59:02,911 INFO  - Route already changed (at simulation time 308.300,000,000 s)
2022-06-15 10:59:02,936 INFO  - Received message from cell from WeatherServer (at simulation time 310.300,000,000 s)
2022-06-15 10:59:02,936 INFO  - Processing DEN message (at simulation time 310.300,000,000 s)
2022-06-15 10:59:02,936 INFO  - Route already changed (at simulation time 310.300,000,000 s)
2022-06-15 10:59:02,962 INFO  - Received message from cell from WeatherServer (at simulation time 312.300,000,000 s)
2022-06-15 10:59:02,962 INFO  - Processing DEN message (at simulation time 312.300,000,000 s)
2022-06-15 10:59:02,962 INFO  - Route already changed (at simulation time 312.300,000,000 s)
2022-06-15 10:59:02,995 INFO  - Received message from cell from WeatherServer (at simulation time 314.300,000,000 s)
2022-06-15 10:59:02,995 INFO  - Processing DEN message (at simulation time 314.300,000,000 s)
2022-06-15 10:59:02,995 INFO  - Route already changed (at simulation time 314.300,000,000 s)
2022-06-15 10:59:03,020 INFO  - Received message from cell from WeatherServer (at simulation time 316.300,000,000 s)
2022-06-15 10:59:03,020 INFO  - Processing DEN message (at simulation time 316.300,000,000 s)
2022-06-15 10:59:03,020 INFO  - Route already changed (at simulation time 316.300,000,000 s)
2022-06-15 10:59:03,042 INFO  - Received message from cell from WeatherServer (at simulation time 318.300,000,000 s)
2022-06-15 10:59:03,042 INFO  - Processing DEN message (at simulation time 318.300,000,000 s)
2022-06-15 10:59:03,042 INFO  - Route already changed (at simulation time 318.300,000,000 s)
2022-06-15 10:59:03,062 INFO  - Received message from cell from WeatherServer (at simulation time 320.300,000,000 s)
2022-06-15 10:59:03,062 INFO  - Processing DEN message (at simulation time 320.300,000,000 s)
2022-06-15 10:59:03,062 INFO  - Route already changed (at simulation time 320.300,000,000 s)
2022-06-15 10:59:03,081 INFO  - Received message from cell from WeatherServer (at simulation time 322.300,000,000 s)
2022-06-15 10:59:03,081 INFO  - Processing DEN message (at simulation time 322.300,000,000 s)
2022-06-15 10:59:03,081 INFO  - Route already changed (at simulation time 322.300,000,000 s)
2022-06-15 10:59:03,104 INFO  - Received message from cell from WeatherServer (at simulation time 324.300,000,000 s)
2022-06-15 10:59:03,104 INFO  - Processing DEN message (at simulation time 324.300,000,000 s)
2022-06-15 10:59:03,104 INFO  - Route already changed (at simulation time 324.300,000,000 s)
2022-06-15 10:59:03,124 INFO  - Received message from cell from WeatherServer (at simulation time 326.300,000,000 s)
2022-06-15 10:59:03,124 INFO  - Processing DEN message (at simulation time 326.300,000,000 s)
2022-06-15 10:59:03,124 INFO  - Route already changed (at simulation time 326.300,000,000 s)
2022-06-15 10:59:03,142 INFO  - Received message from cell from WeatherServer (at simulation time 328.300,000,000 s)
2022-06-15 10:59:03,142 INFO  - Processing DEN message (at simulation time 328.300,000,000 s)
2022-06-15 10:59:03,142 INFO  - Route already changed (at simulation time 328.300,000,000 s)
2022-06-15 10:59:03,155 INFO  - Received message from cell from WeatherServer (at simulation time 330.300,000,000 s)
2022-06-15 10:59:03,155 INFO  - Processing DEN message (at simulation time 330.300,000,000 s)
2022-06-15 10:59:03,155 INFO  - Route already changed (at simulation time 330.300,000,000 s)
2022-06-15 10:59:03,170 INFO  - Received message from cell from WeatherServer (at simulation time 332.300,000,000 s)
2022-06-15 10:59:03,170 INFO  - Processing DEN message (at simulation time 332.300,000,000 s)
2022-06-15 10:59:03,170 INFO  - Route already changed (at simulation time 332.300,000,000 s)
2022-06-15 10:59:03,188 INFO  - Received message from cell from WeatherServer (at simulation time 334.300,000,000 s)
2022-06-15 10:59:03,188 INFO  - Processing DEN message (at simulation time 334.300,000,000 s)
2022-06-15 10:59:03,188 INFO  - Route already changed (at simulation time 334.300,000,000 s)
2022-06-15 10:59:03,203 INFO  - Received message from cell from WeatherServer (at simulation time 336.300,000,000 s)
2022-06-15 10:59:03,203 INFO  - Processing DEN message (at simulation time 336.300,000,000 s)
2022-06-15 10:59:03,203 INFO  - Route already changed (at simulation time 336.300,000,000 s)
2022-06-15 10:59:03,218 INFO  - Received message from cell from WeatherServer (at simulation time 338.300,000,000 s)
2022-06-15 10:59:03,218 INFO  - Processing DEN message (at simulation time 338.300,000,000 s)
2022-06-15 10:59:03,218 INFO  - Route already changed (at simulation time 338.300,000,000 s)
2022-06-15 10:59:03,232 INFO  - Received message from cell from WeatherServer (at simulation time 340.300,000,000 s)
2022-06-15 10:59:03,232 INFO  - Processing DEN message (at simulation time 340.300,000,000 s)
2022-06-15 10:59:03,232 INFO  - Route already changed (at simulation time 340.300,000,000 s)
2022-06-15 10:59:03,251 INFO  - Received message from cell from WeatherServer (at simulation time 342.300,000,000 s)
2022-06-15 10:59:03,251 INFO  - Processing DEN message (at simulation time 342.300,000,000 s)
2022-06-15 10:59:03,251 INFO  - Route already changed (at simulation time 342.300,000,000 s)
2022-06-15 10:59:03,267 INFO  - Received message from cell from WeatherServer (at simulation time 344.300,000,000 s)
2022-06-15 10:59:03,267 INFO  - Processing DEN message (at simulation time 344.300,000,000 s)
2022-06-15 10:59:03,267 INFO  - Route already changed (at simulation time 344.300,000,000 s)
2022-06-15 10:59:03,516 INFO  - Shutdown application (at simulation time 375.000,000,000 s)
