2022-06-15 10:59:03,854 INFO  - Initialize application (at simulation time 394.000,000,000 s)
2022-06-15 10:59:03,855 INFO  - Activated Cell Module (at simulation time 394.000,000,000 s)
2022-06-15 10:59:03,867 INFO  - Received message from cell from WeatherServer (at simulation time 394.300,000,000 s)
2022-06-15 10:59:03,867 INFO  - Processing DEN message (at simulation time 394.300,000,000 s)
2022-06-15 10:59:03,867 INFO  - The Event is on the vehicle's route 311964536_1313885442_2879911873 = 311964536_1313885442_2879911873 (at simulation time 394.300,000,000 s)
2022-06-15 10:59:03,868 INFO  - Sending Change Route Command at position: null (at simulation time 394.300,000,000 s)
2022-06-15 10:59:03,908 INFO  - Received message from cell from WeatherServer (at simulation time 396.300,000,000 s)
2022-06-15 10:59:03,908 INFO  - Processing DEN message (at simulation time 396.300,000,000 s)
2022-06-15 10:59:03,908 INFO  - Route already changed (at simulation time 396.300,000,000 s)
2022-06-15 10:59:03,951 INFO  - Received message from cell from WeatherServer (at simulation time 398.300,000,000 s)
2022-06-15 10:59:03,951 INFO  - Processing DEN message (at simulation time 398.300,000,000 s)
2022-06-15 10:59:03,951 INFO  - Route already changed (at simulation time 398.300,000,000 s)
2022-06-15 10:59:03,996 INFO  - Received message from cell from WeatherServer (at simulation time 400.300,000,000 s)
2022-06-15 10:59:03,996 INFO  - Processing DEN message (at simulation time 400.300,000,000 s)
2022-06-15 10:59:03,996 INFO  - Route already changed (at simulation time 400.300,000,000 s)
2022-06-15 10:59:04,050 INFO  - Received message from cell from WeatherServer (at simulation time 402.300,000,000 s)
2022-06-15 10:59:04,050 INFO  - Processing DEN message (at simulation time 402.300,000,000 s)
2022-06-15 10:59:04,050 INFO  - Route already changed (at simulation time 402.300,000,000 s)
2022-06-15 10:59:04,103 INFO  - Received message from cell from WeatherServer (at simulation time 404.300,000,000 s)
2022-06-15 10:59:04,103 INFO  - Processing DEN message (at simulation time 404.300,000,000 s)
2022-06-15 10:59:04,103 INFO  - Route already changed (at simulation time 404.300,000,000 s)
2022-06-15 10:59:04,157 INFO  - Received message from cell from WeatherServer (at simulation time 406.300,000,000 s)
2022-06-15 10:59:04,157 INFO  - Processing DEN message (at simulation time 406.300,000,000 s)
2022-06-15 10:59:04,157 INFO  - Route already changed (at simulation time 406.300,000,000 s)
2022-06-15 10:59:04,206 INFO  - Received message from cell from WeatherServer (at simulation time 408.300,000,000 s)
2022-06-15 10:59:04,206 INFO  - Processing DEN message (at simulation time 408.300,000,000 s)
2022-06-15 10:59:04,206 INFO  - Route already changed (at simulation time 408.300,000,000 s)
2022-06-15 10:59:04,257 INFO  - Received message from cell from WeatherServer (at simulation time 410.300,000,000 s)
2022-06-15 10:59:04,257 INFO  - Processing DEN message (at simulation time 410.300,000,000 s)
2022-06-15 10:59:04,257 INFO  - Route already changed (at simulation time 410.300,000,000 s)
2022-06-15 10:59:04,311 INFO  - Received message from cell from WeatherServer (at simulation time 412.300,000,000 s)
2022-06-15 10:59:04,311 INFO  - Processing DEN message (at simulation time 412.300,000,000 s)
2022-06-15 10:59:04,311 INFO  - Route already changed (at simulation time 412.300,000,000 s)
2022-06-15 10:59:04,364 INFO  - Received message from cell from WeatherServer (at simulation time 414.300,000,000 s)
2022-06-15 10:59:04,364 INFO  - Processing DEN message (at simulation time 414.300,000,000 s)
2022-06-15 10:59:04,364 INFO  - Route already changed (at simulation time 414.300,000,000 s)
2022-06-15 10:59:04,422 INFO  - Received message from cell from WeatherServer (at simulation time 416.300,000,000 s)
2022-06-15 10:59:04,422 INFO  - Processing DEN message (at simulation time 416.300,000,000 s)
2022-06-15 10:59:04,422 INFO  - Route already changed (at simulation time 416.300,000,000 s)
2022-06-15 10:59:04,477 INFO  - Received message from cell from WeatherServer (at simulation time 418.300,000,000 s)
2022-06-15 10:59:04,477 INFO  - Processing DEN message (at simulation time 418.300,000,000 s)
2022-06-15 10:59:04,477 INFO  - Route already changed (at simulation time 418.300,000,000 s)
2022-06-15 10:59:04,537 INFO  - Received message from cell from WeatherServer (at simulation time 420.300,000,000 s)
2022-06-15 10:59:04,537 INFO  - Processing DEN message (at simulation time 420.300,000,000 s)
2022-06-15 10:59:04,537 INFO  - Route already changed (at simulation time 420.300,000,000 s)
2022-06-15 10:59:04,597 INFO  - Received message from cell from WeatherServer (at simulation time 422.300,000,000 s)
2022-06-15 10:59:04,598 INFO  - Processing DEN message (at simulation time 422.300,000,000 s)
2022-06-15 10:59:04,598 INFO  - Route already changed (at simulation time 422.300,000,000 s)
2022-06-15 10:59:04,652 INFO  - Received message from cell from WeatherServer (at simulation time 424.300,000,000 s)
2022-06-15 10:59:04,652 INFO  - Processing DEN message (at simulation time 424.300,000,000 s)
2022-06-15 10:59:04,652 INFO  - Route already changed (at simulation time 424.300,000,000 s)
2022-06-15 10:59:04,713 INFO  - Received message from cell from WeatherServer (at simulation time 426.300,000,000 s)
2022-06-15 10:59:04,713 INFO  - Processing DEN message (at simulation time 426.300,000,000 s)
2022-06-15 10:59:04,713 INFO  - Route already changed (at simulation time 426.300,000,000 s)
2022-06-15 10:59:04,765 INFO  - Received message from cell from WeatherServer (at simulation time 428.300,000,000 s)
2022-06-15 10:59:04,765 INFO  - Processing DEN message (at simulation time 428.300,000,000 s)
2022-06-15 10:59:04,765 INFO  - Route already changed (at simulation time 428.300,000,000 s)
2022-06-15 10:59:04,820 INFO  - Received message from cell from WeatherServer (at simulation time 430.300,000,000 s)
2022-06-15 10:59:04,820 INFO  - Processing DEN message (at simulation time 430.300,000,000 s)
2022-06-15 10:59:04,820 INFO  - Route already changed (at simulation time 430.300,000,000 s)
2022-06-15 10:59:04,872 INFO  - Received message from cell from WeatherServer (at simulation time 432.300,000,000 s)
2022-06-15 10:59:04,872 INFO  - Processing DEN message (at simulation time 432.300,000,000 s)
2022-06-15 10:59:04,872 INFO  - Route already changed (at simulation time 432.300,000,000 s)
2022-06-15 10:59:04,924 INFO  - Received message from cell from WeatherServer (at simulation time 434.300,000,000 s)
2022-06-15 10:59:04,924 INFO  - Processing DEN message (at simulation time 434.300,000,000 s)
2022-06-15 10:59:04,924 INFO  - Route already changed (at simulation time 434.300,000,000 s)
2022-06-15 10:59:04,978 INFO  - Received message from cell from WeatherServer (at simulation time 436.300,000,000 s)
2022-06-15 10:59:04,978 INFO  - Processing DEN message (at simulation time 436.300,000,000 s)
2022-06-15 10:59:04,978 INFO  - Route already changed (at simulation time 436.300,000,000 s)
2022-06-15 10:59:05,033 INFO  - Received message from cell from WeatherServer (at simulation time 438.300,000,000 s)
2022-06-15 10:59:05,033 INFO  - Processing DEN message (at simulation time 438.300,000,000 s)
2022-06-15 10:59:05,033 INFO  - Route already changed (at simulation time 438.300,000,000 s)
2022-06-15 10:59:05,091 INFO  - Received message from cell from WeatherServer (at simulation time 440.300,000,000 s)
2022-06-15 10:59:05,091 INFO  - Processing DEN message (at simulation time 440.300,000,000 s)
2022-06-15 10:59:05,091 INFO  - Route already changed (at simulation time 440.300,000,000 s)
2022-06-15 10:59:05,142 INFO  - Received message from cell from WeatherServer (at simulation time 442.300,000,000 s)
2022-06-15 10:59:05,142 INFO  - Processing DEN message (at simulation time 442.300,000,000 s)
2022-06-15 10:59:05,142 INFO  - Route already changed (at simulation time 442.300,000,000 s)
2022-06-15 10:59:05,192 INFO  - Received message from cell from WeatherServer (at simulation time 444.300,000,000 s)
2022-06-15 10:59:05,192 INFO  - Processing DEN message (at simulation time 444.300,000,000 s)
2022-06-15 10:59:05,192 INFO  - Route already changed (at simulation time 444.300,000,000 s)
2022-06-15 10:59:05,242 INFO  - Received message from cell from WeatherServer (at simulation time 446.300,000,000 s)
2022-06-15 10:59:05,242 INFO  - Processing DEN message (at simulation time 446.300,000,000 s)
2022-06-15 10:59:05,242 INFO  - Route already changed (at simulation time 446.300,000,000 s)
2022-06-15 10:59:05,293 INFO  - Received message from cell from WeatherServer (at simulation time 448.300,000,000 s)
2022-06-15 10:59:05,293 INFO  - Processing DEN message (at simulation time 448.300,000,000 s)
2022-06-15 10:59:05,293 INFO  - Route already changed (at simulation time 448.300,000,000 s)
2022-06-15 10:59:05,342 INFO  - Received message from cell from WeatherServer (at simulation time 450.300,000,000 s)
2022-06-15 10:59:05,342 INFO  - Processing DEN message (at simulation time 450.300,000,000 s)
2022-06-15 10:59:05,342 INFO  - Route already changed (at simulation time 450.300,000,000 s)
2022-06-15 10:59:05,395 INFO  - Received message from cell from WeatherServer (at simulation time 452.300,000,000 s)
2022-06-15 10:59:05,395 INFO  - Processing DEN message (at simulation time 452.300,000,000 s)
2022-06-15 10:59:05,395 INFO  - Route already changed (at simulation time 452.300,000,000 s)
2022-06-15 10:59:05,446 INFO  - Received message from cell from WeatherServer (at simulation time 454.300,000,000 s)
2022-06-15 10:59:05,446 INFO  - Processing DEN message (at simulation time 454.300,000,000 s)
2022-06-15 10:59:05,446 INFO  - Route already changed (at simulation time 454.300,000,000 s)
2022-06-15 10:59:05,496 INFO  - Received message from cell from WeatherServer (at simulation time 456.300,000,000 s)
2022-06-15 10:59:05,496 INFO  - Processing DEN message (at simulation time 456.300,000,000 s)
2022-06-15 10:59:05,496 INFO  - Route already changed (at simulation time 456.300,000,000 s)
2022-06-15 10:59:05,548 INFO  - Received message from cell from WeatherServer (at simulation time 458.300,000,000 s)
2022-06-15 10:59:05,548 INFO  - Processing DEN message (at simulation time 458.300,000,000 s)
2022-06-15 10:59:05,548 INFO  - Route already changed (at simulation time 458.300,000,000 s)
2022-06-15 10:59:05,599 INFO  - Received message from cell from WeatherServer (at simulation time 460.300,000,000 s)
2022-06-15 10:59:05,599 INFO  - Processing DEN message (at simulation time 460.300,000,000 s)
2022-06-15 10:59:05,599 INFO  - Route already changed (at simulation time 460.300,000,000 s)
2022-06-15 10:59:05,652 INFO  - Received message from cell from WeatherServer (at simulation time 462.300,000,000 s)
2022-06-15 10:59:05,652 INFO  - Processing DEN message (at simulation time 462.300,000,000 s)
2022-06-15 10:59:05,652 INFO  - Route already changed (at simulation time 462.300,000,000 s)
2022-06-15 10:59:05,700 INFO  - Received message from cell from WeatherServer (at simulation time 464.300,000,000 s)
2022-06-15 10:59:05,700 INFO  - Processing DEN message (at simulation time 464.300,000,000 s)
2022-06-15 10:59:05,700 INFO  - Route already changed (at simulation time 464.300,000,000 s)
2022-06-15 10:59:05,750 INFO  - Received message from cell from WeatherServer (at simulation time 466.300,000,000 s)
2022-06-15 10:59:05,750 INFO  - Processing DEN message (at simulation time 466.300,000,000 s)
2022-06-15 10:59:05,750 INFO  - Route already changed (at simulation time 466.300,000,000 s)
2022-06-15 10:59:05,804 INFO  - Received message from cell from WeatherServer (at simulation time 468.300,000,000 s)
2022-06-15 10:59:05,804 INFO  - Processing DEN message (at simulation time 468.300,000,000 s)
2022-06-15 10:59:05,804 INFO  - Route already changed (at simulation time 468.300,000,000 s)
2022-06-15 10:59:05,856 INFO  - Received message from cell from WeatherServer (at simulation time 470.300,000,000 s)
2022-06-15 10:59:05,856 INFO  - Processing DEN message (at simulation time 470.300,000,000 s)
2022-06-15 10:59:05,856 INFO  - Route already changed (at simulation time 470.300,000,000 s)
2022-06-15 10:59:05,905 INFO  - Received message from cell from WeatherServer (at simulation time 472.300,000,000 s)
2022-06-15 10:59:05,905 INFO  - Processing DEN message (at simulation time 472.300,000,000 s)
2022-06-15 10:59:05,905 INFO  - Route already changed (at simulation time 472.300,000,000 s)
2022-06-15 10:59:05,953 INFO  - Received message from cell from WeatherServer (at simulation time 474.300,000,000 s)
2022-06-15 10:59:05,954 INFO  - Processing DEN message (at simulation time 474.300,000,000 s)
2022-06-15 10:59:05,954 INFO  - Route already changed (at simulation time 474.300,000,000 s)
2022-06-15 10:59:06,003 INFO  - Received message from cell from WeatherServer (at simulation time 476.300,000,000 s)
2022-06-15 10:59:06,003 INFO  - Processing DEN message (at simulation time 476.300,000,000 s)
2022-06-15 10:59:06,003 INFO  - Route already changed (at simulation time 476.300,000,000 s)
2022-06-15 10:59:06,052 INFO  - Received message from cell from WeatherServer (at simulation time 478.300,000,000 s)
2022-06-15 10:59:06,052 INFO  - Processing DEN message (at simulation time 478.300,000,000 s)
2022-06-15 10:59:06,052 INFO  - Route already changed (at simulation time 478.300,000,000 s)
2022-06-15 10:59:06,097 INFO  - Received message from cell from WeatherServer (at simulation time 480.300,000,000 s)
2022-06-15 10:59:06,097 INFO  - Processing DEN message (at simulation time 480.300,000,000 s)
2022-06-15 10:59:06,097 INFO  - Route already changed (at simulation time 480.300,000,000 s)
2022-06-15 10:59:06,145 INFO  - Received message from cell from WeatherServer (at simulation time 482.300,000,000 s)
2022-06-15 10:59:06,145 INFO  - Processing DEN message (at simulation time 482.300,000,000 s)
2022-06-15 10:59:06,145 INFO  - Route already changed (at simulation time 482.300,000,000 s)
2022-06-15 10:59:06,191 INFO  - Received message from cell from WeatherServer (at simulation time 484.300,000,000 s)
2022-06-15 10:59:06,191 INFO  - Processing DEN message (at simulation time 484.300,000,000 s)
2022-06-15 10:59:06,191 INFO  - Route already changed (at simulation time 484.300,000,000 s)
2022-06-15 10:59:06,240 INFO  - Received message from cell from WeatherServer (at simulation time 486.300,000,000 s)
2022-06-15 10:59:06,240 INFO  - Processing DEN message (at simulation time 486.300,000,000 s)
2022-06-15 10:59:06,240 INFO  - Route already changed (at simulation time 486.300,000,000 s)
2022-06-15 10:59:06,289 INFO  - Received message from cell from WeatherServer (at simulation time 488.300,000,000 s)
2022-06-15 10:59:06,289 INFO  - Processing DEN message (at simulation time 488.300,000,000 s)
2022-06-15 10:59:06,289 INFO  - Route already changed (at simulation time 488.300,000,000 s)
2022-06-15 10:59:06,339 INFO  - Received message from cell from WeatherServer (at simulation time 490.300,000,000 s)
2022-06-15 10:59:06,339 INFO  - Processing DEN message (at simulation time 490.300,000,000 s)
2022-06-15 10:59:06,339 INFO  - Route already changed (at simulation time 490.300,000,000 s)
2022-06-15 10:59:06,386 INFO  - Received message from cell from WeatherServer (at simulation time 492.300,000,000 s)
2022-06-15 10:59:06,386 INFO  - Processing DEN message (at simulation time 492.300,000,000 s)
2022-06-15 10:59:06,386 INFO  - Route already changed (at simulation time 492.300,000,000 s)
2022-06-15 10:59:06,433 INFO  - Received message from cell from WeatherServer (at simulation time 494.300,000,000 s)
2022-06-15 10:59:06,433 INFO  - Processing DEN message (at simulation time 494.300,000,000 s)
2022-06-15 10:59:06,433 INFO  - Route already changed (at simulation time 494.300,000,000 s)
2022-06-15 10:59:06,479 INFO  - Received message from cell from WeatherServer (at simulation time 496.300,000,000 s)
2022-06-15 10:59:06,479 INFO  - Processing DEN message (at simulation time 496.300,000,000 s)
2022-06-15 10:59:06,479 INFO  - Route already changed (at simulation time 496.300,000,000 s)
2022-06-15 10:59:06,528 INFO  - Received message from cell from WeatherServer (at simulation time 498.300,000,000 s)
2022-06-15 10:59:06,528 INFO  - Processing DEN message (at simulation time 498.300,000,000 s)
2022-06-15 10:59:06,528 INFO  - Route already changed (at simulation time 498.300,000,000 s)
2022-06-15 10:59:06,572 INFO  - Received message from cell from WeatherServer (at simulation time 500.300,000,000 s)
2022-06-15 10:59:06,572 INFO  - Processing DEN message (at simulation time 500.300,000,000 s)
2022-06-15 10:59:06,572 INFO  - Route already changed (at simulation time 500.300,000,000 s)
2022-06-15 10:59:06,617 INFO  - Received message from cell from WeatherServer (at simulation time 502.300,000,000 s)
2022-06-15 10:59:06,617 INFO  - Processing DEN message (at simulation time 502.300,000,000 s)
2022-06-15 10:59:06,617 INFO  - Route already changed (at simulation time 502.300,000,000 s)
2022-06-15 10:59:06,666 INFO  - Received message from cell from WeatherServer (at simulation time 504.300,000,000 s)
2022-06-15 10:59:06,666 INFO  - Processing DEN message (at simulation time 504.300,000,000 s)
2022-06-15 10:59:06,666 INFO  - Route already changed (at simulation time 504.300,000,000 s)
2022-06-15 10:59:06,711 INFO  - Received message from cell from WeatherServer (at simulation time 506.300,000,000 s)
2022-06-15 10:59:06,711 INFO  - Processing DEN message (at simulation time 506.300,000,000 s)
2022-06-15 10:59:06,711 INFO  - Route already changed (at simulation time 506.300,000,000 s)
2022-06-15 10:59:06,756 INFO  - Received message from cell from WeatherServer (at simulation time 508.300,000,000 s)
2022-06-15 10:59:06,756 INFO  - Processing DEN message (at simulation time 508.300,000,000 s)
2022-06-15 10:59:06,756 INFO  - Route already changed (at simulation time 508.300,000,000 s)
2022-06-15 10:59:06,802 INFO  - Received message from cell from WeatherServer (at simulation time 510.300,000,000 s)
2022-06-15 10:59:06,802 INFO  - Processing DEN message (at simulation time 510.300,000,000 s)
2022-06-15 10:59:06,802 INFO  - Route already changed (at simulation time 510.300,000,000 s)
2022-06-15 10:59:06,846 INFO  - Received message from cell from WeatherServer (at simulation time 512.300,000,000 s)
2022-06-15 10:59:06,846 INFO  - Processing DEN message (at simulation time 512.300,000,000 s)
2022-06-15 10:59:06,846 INFO  - Route already changed (at simulation time 512.300,000,000 s)
2022-06-15 10:59:06,895 INFO  - Received message from cell from WeatherServer (at simulation time 514.300,000,000 s)
2022-06-15 10:59:06,895 INFO  - Processing DEN message (at simulation time 514.300,000,000 s)
2022-06-15 10:59:06,895 INFO  - Route already changed (at simulation time 514.300,000,000 s)
2022-06-15 10:59:06,940 INFO  - Received message from cell from WeatherServer (at simulation time 516.300,000,000 s)
2022-06-15 10:59:06,940 INFO  - Processing DEN message (at simulation time 516.300,000,000 s)
2022-06-15 10:59:06,940 INFO  - Route already changed (at simulation time 516.300,000,000 s)
2022-06-15 10:59:06,984 INFO  - Received message from cell from WeatherServer (at simulation time 518.300,000,000 s)
2022-06-15 10:59:06,984 INFO  - Processing DEN message (at simulation time 518.300,000,000 s)
2022-06-15 10:59:06,984 INFO  - Route already changed (at simulation time 518.300,000,000 s)
2022-06-15 10:59:07,026 INFO  - Received message from cell from WeatherServer (at simulation time 520.300,000,000 s)
2022-06-15 10:59:07,026 INFO  - Processing DEN message (at simulation time 520.300,000,000 s)
2022-06-15 10:59:07,026 INFO  - Route already changed (at simulation time 520.300,000,000 s)
2022-06-15 10:59:07,071 INFO  - Received message from cell from WeatherServer (at simulation time 522.300,000,000 s)
2022-06-15 10:59:07,071 INFO  - Processing DEN message (at simulation time 522.300,000,000 s)
2022-06-15 10:59:07,071 INFO  - Route already changed (at simulation time 522.300,000,000 s)
2022-06-15 10:59:07,114 INFO  - Received message from cell from WeatherServer (at simulation time 524.300,000,000 s)
2022-06-15 10:59:07,114 INFO  - Processing DEN message (at simulation time 524.300,000,000 s)
2022-06-15 10:59:07,114 INFO  - Route already changed (at simulation time 524.300,000,000 s)
2022-06-15 10:59:07,157 INFO  - Received message from cell from WeatherServer (at simulation time 526.300,000,000 s)
2022-06-15 10:59:07,157 INFO  - Processing DEN message (at simulation time 526.300,000,000 s)
2022-06-15 10:59:07,157 INFO  - Route already changed (at simulation time 526.300,000,000 s)
2022-06-15 10:59:07,205 INFO  - Received message from cell from WeatherServer (at simulation time 528.300,000,000 s)
2022-06-15 10:59:07,205 INFO  - Processing DEN message (at simulation time 528.300,000,000 s)
2022-06-15 10:59:07,205 INFO  - Route already changed (at simulation time 528.300,000,000 s)
2022-06-15 10:59:07,248 INFO  - Received message from cell from WeatherServer (at simulation time 530.300,000,000 s)
2022-06-15 10:59:07,248 INFO  - Processing DEN message (at simulation time 530.300,000,000 s)
2022-06-15 10:59:07,248 INFO  - Route already changed (at simulation time 530.300,000,000 s)
2022-06-15 10:59:07,290 INFO  - Received message from cell from WeatherServer (at simulation time 532.300,000,000 s)
2022-06-15 10:59:07,290 INFO  - Processing DEN message (at simulation time 532.300,000,000 s)
2022-06-15 10:59:07,290 INFO  - Route already changed (at simulation time 532.300,000,000 s)
2022-06-15 10:59:07,333 INFO  - Received message from cell from WeatherServer (at simulation time 534.300,000,000 s)
2022-06-15 10:59:07,333 INFO  - Processing DEN message (at simulation time 534.300,000,000 s)
2022-06-15 10:59:07,333 INFO  - Route already changed (at simulation time 534.300,000,000 s)
2022-06-15 10:59:07,379 INFO  - Received message from cell from WeatherServer (at simulation time 536.300,000,000 s)
2022-06-15 10:59:07,379 INFO  - Processing DEN message (at simulation time 536.300,000,000 s)
2022-06-15 10:59:07,379 INFO  - Route already changed (at simulation time 536.300,000,000 s)
2022-06-15 10:59:07,422 INFO  - Received message from cell from WeatherServer (at simulation time 538.300,000,000 s)
2022-06-15 10:59:07,422 INFO  - Processing DEN message (at simulation time 538.300,000,000 s)
2022-06-15 10:59:07,422 INFO  - Route already changed (at simulation time 538.300,000,000 s)
2022-06-15 10:59:07,465 INFO  - Received message from cell from WeatherServer (at simulation time 540.300,000,000 s)
2022-06-15 10:59:07,465 INFO  - Processing DEN message (at simulation time 540.300,000,000 s)
2022-06-15 10:59:07,465 INFO  - Route already changed (at simulation time 540.300,000,000 s)
2022-06-15 10:59:07,508 INFO  - Received message from cell from WeatherServer (at simulation time 542.300,000,000 s)
2022-06-15 10:59:07,508 INFO  - Processing DEN message (at simulation time 542.300,000,000 s)
2022-06-15 10:59:07,508 INFO  - Route already changed (at simulation time 542.300,000,000 s)
2022-06-15 10:59:07,549 INFO  - Received message from cell from WeatherServer (at simulation time 544.300,000,000 s)
2022-06-15 10:59:07,549 INFO  - Processing DEN message (at simulation time 544.300,000,000 s)
2022-06-15 10:59:07,549 INFO  - Route already changed (at simulation time 544.300,000,000 s)
2022-06-15 10:59:07,590 INFO  - Received message from cell from WeatherServer (at simulation time 546.300,000,000 s)
2022-06-15 10:59:07,590 INFO  - Processing DEN message (at simulation time 546.300,000,000 s)
2022-06-15 10:59:07,590 INFO  - Route already changed (at simulation time 546.300,000,000 s)
2022-06-15 10:59:07,630 INFO  - Received message from cell from WeatherServer (at simulation time 548.300,000,000 s)
2022-06-15 10:59:07,630 INFO  - Processing DEN message (at simulation time 548.300,000,000 s)
2022-06-15 10:59:07,630 INFO  - Route already changed (at simulation time 548.300,000,000 s)
2022-06-15 10:59:07,670 INFO  - Received message from cell from WeatherServer (at simulation time 550.300,000,000 s)
2022-06-15 10:59:07,670 INFO  - Processing DEN message (at simulation time 550.300,000,000 s)
2022-06-15 10:59:07,670 INFO  - Route already changed (at simulation time 550.300,000,000 s)
2022-06-15 10:59:07,710 INFO  - Received message from cell from WeatherServer (at simulation time 552.300,000,000 s)
2022-06-15 10:59:07,710 INFO  - Processing DEN message (at simulation time 552.300,000,000 s)
2022-06-15 10:59:07,710 INFO  - Route already changed (at simulation time 552.300,000,000 s)
2022-06-15 10:59:07,752 INFO  - Received message from cell from WeatherServer (at simulation time 554.300,000,000 s)
2022-06-15 10:59:07,752 INFO  - Processing DEN message (at simulation time 554.300,000,000 s)
2022-06-15 10:59:07,752 INFO  - Route already changed (at simulation time 554.300,000,000 s)
2022-06-15 10:59:07,794 INFO  - Received message from cell from WeatherServer (at simulation time 556.300,000,000 s)
2022-06-15 10:59:07,794 INFO  - Processing DEN message (at simulation time 556.300,000,000 s)
2022-06-15 10:59:07,794 INFO  - Route already changed (at simulation time 556.300,000,000 s)
2022-06-15 10:59:07,834 INFO  - Received message from cell from WeatherServer (at simulation time 558.300,000,000 s)
2022-06-15 10:59:07,834 INFO  - Processing DEN message (at simulation time 558.300,000,000 s)
2022-06-15 10:59:07,834 INFO  - Route already changed (at simulation time 558.300,000,000 s)
2022-06-15 10:59:07,873 INFO  - Received message from cell from WeatherServer (at simulation time 560.300,000,000 s)
2022-06-15 10:59:07,873 INFO  - Processing DEN message (at simulation time 560.300,000,000 s)
2022-06-15 10:59:07,873 INFO  - Route already changed (at simulation time 560.300,000,000 s)
2022-06-15 10:59:07,917 INFO  - Received message from cell from WeatherServer (at simulation time 562.300,000,000 s)
2022-06-15 10:59:07,917 INFO  - Processing DEN message (at simulation time 562.300,000,000 s)
2022-06-15 10:59:07,917 INFO  - Route already changed (at simulation time 562.300,000,000 s)
2022-06-15 10:59:07,958 INFO  - Received message from cell from WeatherServer (at simulation time 564.300,000,000 s)
2022-06-15 10:59:07,958 INFO  - Processing DEN message (at simulation time 564.300,000,000 s)
2022-06-15 10:59:07,958 INFO  - Route already changed (at simulation time 564.300,000,000 s)
2022-06-15 10:59:07,997 INFO  - Received message from cell from WeatherServer (at simulation time 566.300,000,000 s)
2022-06-15 10:59:07,997 INFO  - Processing DEN message (at simulation time 566.300,000,000 s)
2022-06-15 10:59:07,997 INFO  - Route already changed (at simulation time 566.300,000,000 s)
2022-06-15 10:59:08,037 INFO  - Received message from cell from WeatherServer (at simulation time 568.300,000,000 s)
2022-06-15 10:59:08,037 INFO  - Processing DEN message (at simulation time 568.300,000,000 s)
2022-06-15 10:59:08,037 INFO  - Route already changed (at simulation time 568.300,000,000 s)
2022-06-15 10:59:08,077 INFO  - Received message from cell from WeatherServer (at simulation time 570.300,000,000 s)
2022-06-15 10:59:08,077 INFO  - Processing DEN message (at simulation time 570.300,000,000 s)
2022-06-15 10:59:08,077 INFO  - Route already changed (at simulation time 570.300,000,000 s)
2022-06-15 10:59:08,119 INFO  - Received message from cell from WeatherServer (at simulation time 572.300,000,000 s)
2022-06-15 10:59:08,119 INFO  - Processing DEN message (at simulation time 572.300,000,000 s)
2022-06-15 10:59:08,119 INFO  - Route already changed (at simulation time 572.300,000,000 s)
2022-06-15 10:59:08,160 INFO  - Received message from cell from WeatherServer (at simulation time 574.300,000,000 s)
2022-06-15 10:59:08,160 INFO  - Processing DEN message (at simulation time 574.300,000,000 s)
2022-06-15 10:59:08,160 INFO  - Route already changed (at simulation time 574.300,000,000 s)
2022-06-15 10:59:08,199 INFO  - Received message from cell from WeatherServer (at simulation time 576.300,000,000 s)
2022-06-15 10:59:08,199 INFO  - Processing DEN message (at simulation time 576.300,000,000 s)
2022-06-15 10:59:08,199 INFO  - Route already changed (at simulation time 576.300,000,000 s)
2022-06-15 10:59:08,238 INFO  - Received message from cell from WeatherServer (at simulation time 578.300,000,000 s)
2022-06-15 10:59:08,238 INFO  - Processing DEN message (at simulation time 578.300,000,000 s)
2022-06-15 10:59:08,238 INFO  - Route already changed (at simulation time 578.300,000,000 s)
2022-06-15 10:59:08,274 INFO  - Received message from cell from WeatherServer (at simulation time 580.300,000,000 s)
2022-06-15 10:59:08,274 INFO  - Processing DEN message (at simulation time 580.300,000,000 s)
2022-06-15 10:59:08,274 INFO  - Route already changed (at simulation time 580.300,000,000 s)
2022-06-15 10:59:08,310 INFO  - Received message from cell from WeatherServer (at simulation time 582.300,000,000 s)
2022-06-15 10:59:08,310 INFO  - Processing DEN message (at simulation time 582.300,000,000 s)
2022-06-15 10:59:08,310 INFO  - Route already changed (at simulation time 582.300,000,000 s)
2022-06-15 10:59:08,343 INFO  - Received message from cell from WeatherServer (at simulation time 584.300,000,000 s)
2022-06-15 10:59:08,344 INFO  - Processing DEN message (at simulation time 584.300,000,000 s)
2022-06-15 10:59:08,344 INFO  - Route already changed (at simulation time 584.300,000,000 s)
2022-06-15 10:59:08,373 INFO  - Received message from cell from WeatherServer (at simulation time 586.300,000,000 s)
2022-06-15 10:59:08,373 INFO  - Processing DEN message (at simulation time 586.300,000,000 s)
2022-06-15 10:59:08,373 INFO  - Route already changed (at simulation time 586.300,000,000 s)
2022-06-15 10:59:08,402 INFO  - Received message from cell from WeatherServer (at simulation time 588.300,000,000 s)
2022-06-15 10:59:08,402 INFO  - Processing DEN message (at simulation time 588.300,000,000 s)
2022-06-15 10:59:08,402 INFO  - Route already changed (at simulation time 588.300,000,000 s)
2022-06-15 10:59:08,430 INFO  - Received message from cell from WeatherServer (at simulation time 590.300,000,000 s)
2022-06-15 10:59:08,430 INFO  - Processing DEN message (at simulation time 590.300,000,000 s)
2022-06-15 10:59:08,430 INFO  - Route already changed (at simulation time 590.300,000,000 s)
2022-06-15 10:59:08,460 INFO  - Received message from cell from WeatherServer (at simulation time 592.300,000,000 s)
2022-06-15 10:59:08,460 INFO  - Processing DEN message (at simulation time 592.300,000,000 s)
2022-06-15 10:59:08,460 INFO  - Route already changed (at simulation time 592.300,000,000 s)
2022-06-15 10:59:08,490 INFO  - Received message from cell from WeatherServer (at simulation time 594.300,000,000 s)
2022-06-15 10:59:08,490 INFO  - Processing DEN message (at simulation time 594.300,000,000 s)
2022-06-15 10:59:08,490 INFO  - Route already changed (at simulation time 594.300,000,000 s)
2022-06-15 10:59:08,515 INFO  - Received message from cell from WeatherServer (at simulation time 596.300,000,000 s)
2022-06-15 10:59:08,515 INFO  - Processing DEN message (at simulation time 596.300,000,000 s)
2022-06-15 10:59:08,515 INFO  - Route already changed (at simulation time 596.300,000,000 s)
2022-06-15 10:59:08,540 INFO  - Received message from cell from WeatherServer (at simulation time 598.300,000,000 s)
2022-06-15 10:59:08,540 INFO  - Processing DEN message (at simulation time 598.300,000,000 s)
2022-06-15 10:59:08,540 INFO  - Route already changed (at simulation time 598.300,000,000 s)
2022-06-15 10:59:08,564 INFO  - Received message from cell from WeatherServer (at simulation time 600.300,000,000 s)
2022-06-15 10:59:08,564 INFO  - Processing DEN message (at simulation time 600.300,000,000 s)
2022-06-15 10:59:08,564 INFO  - Route already changed (at simulation time 600.300,000,000 s)
2022-06-15 10:59:08,588 INFO  - Received message from cell from WeatherServer (at simulation time 602.300,000,000 s)
2022-06-15 10:59:08,588 INFO  - Processing DEN message (at simulation time 602.300,000,000 s)
2022-06-15 10:59:08,588 INFO  - Route already changed (at simulation time 602.300,000,000 s)
2022-06-15 10:59:08,610 INFO  - Received message from cell from WeatherServer (at simulation time 604.300,000,000 s)
2022-06-15 10:59:08,610 INFO  - Processing DEN message (at simulation time 604.300,000,000 s)
2022-06-15 10:59:08,610 INFO  - Route already changed (at simulation time 604.300,000,000 s)
2022-06-15 10:59:08,629 INFO  - Received message from cell from WeatherServer (at simulation time 606.300,000,000 s)
2022-06-15 10:59:08,629 INFO  - Processing DEN message (at simulation time 606.300,000,000 s)
2022-06-15 10:59:08,629 INFO  - Route already changed (at simulation time 606.300,000,000 s)
2022-06-15 10:59:08,650 INFO  - Received message from cell from WeatherServer (at simulation time 608.300,000,000 s)
2022-06-15 10:59:08,650 INFO  - Processing DEN message (at simulation time 608.300,000,000 s)
2022-06-15 10:59:08,650 INFO  - Route already changed (at simulation time 608.300,000,000 s)
2022-06-15 10:59:08,669 INFO  - Received message from cell from WeatherServer (at simulation time 610.300,000,000 s)
2022-06-15 10:59:08,669 INFO  - Processing DEN message (at simulation time 610.300,000,000 s)
2022-06-15 10:59:08,669 INFO  - Route already changed (at simulation time 610.300,000,000 s)
2022-06-15 10:59:08,687 INFO  - Received message from cell from WeatherServer (at simulation time 612.300,000,000 s)
2022-06-15 10:59:08,687 INFO  - Processing DEN message (at simulation time 612.300,000,000 s)
2022-06-15 10:59:08,687 INFO  - Route already changed (at simulation time 612.300,000,000 s)
2022-06-15 10:59:08,702 INFO  - Received message from cell from WeatherServer (at simulation time 614.300,000,000 s)
2022-06-15 10:59:08,702 INFO  - Processing DEN message (at simulation time 614.300,000,000 s)
2022-06-15 10:59:08,702 INFO  - Route already changed (at simulation time 614.300,000,000 s)
2022-06-15 10:59:08,716 INFO  - Received message from cell from WeatherServer (at simulation time 616.300,000,000 s)
2022-06-15 10:59:08,716 INFO  - Processing DEN message (at simulation time 616.300,000,000 s)
2022-06-15 10:59:08,716 INFO  - Route already changed (at simulation time 616.300,000,000 s)
2022-06-15 10:59:08,727 INFO  - Received message from cell from WeatherServer (at simulation time 618.300,000,000 s)
2022-06-15 10:59:08,727 INFO  - Processing DEN message (at simulation time 618.300,000,000 s)
2022-06-15 10:59:08,727 INFO  - Route already changed (at simulation time 618.300,000,000 s)
2022-06-15 10:59:08,741 INFO  - Received message from cell from WeatherServer (at simulation time 620.300,000,000 s)
2022-06-15 10:59:08,741 INFO  - Processing DEN message (at simulation time 620.300,000,000 s)
2022-06-15 10:59:08,741 INFO  - Route already changed (at simulation time 620.300,000,000 s)
2022-06-15 10:59:08,753 INFO  - Received message from cell from WeatherServer (at simulation time 622.300,000,000 s)
2022-06-15 10:59:08,753 INFO  - Processing DEN message (at simulation time 622.300,000,000 s)
2022-06-15 10:59:08,753 INFO  - Route already changed (at simulation time 622.300,000,000 s)
2022-06-15 10:59:08,762 INFO  - Received message from cell from WeatherServer (at simulation time 624.300,000,000 s)
2022-06-15 10:59:08,762 INFO  - Processing DEN message (at simulation time 624.300,000,000 s)
2022-06-15 10:59:08,762 INFO  - Route already changed (at simulation time 624.300,000,000 s)
2022-06-15 10:59:08,770 INFO  - Received message from cell from WeatherServer (at simulation time 626.300,000,000 s)
2022-06-15 10:59:08,770 INFO  - Processing DEN message (at simulation time 626.300,000,000 s)
2022-06-15 10:59:08,770 INFO  - Route already changed (at simulation time 626.300,000,000 s)
2022-06-15 10:59:08,778 INFO  - Received message from cell from WeatherServer (at simulation time 628.300,000,000 s)
2022-06-15 10:59:08,778 INFO  - Processing DEN message (at simulation time 628.300,000,000 s)
2022-06-15 10:59:08,778 INFO  - Route already changed (at simulation time 628.300,000,000 s)
2022-06-15 10:59:08,786 INFO  - Received message from cell from WeatherServer (at simulation time 630.300,000,000 s)
2022-06-15 10:59:08,786 INFO  - Processing DEN message (at simulation time 630.300,000,000 s)
2022-06-15 10:59:08,786 INFO  - Route already changed (at simulation time 630.300,000,000 s)
2022-06-15 10:59:08,794 INFO  - Received message from cell from WeatherServer (at simulation time 632.300,000,000 s)
2022-06-15 10:59:08,794 INFO  - Processing DEN message (at simulation time 632.300,000,000 s)
2022-06-15 10:59:08,794 INFO  - Route already changed (at simulation time 632.300,000,000 s)
2022-06-15 10:59:08,802 INFO  - Received message from cell from WeatherServer (at simulation time 634.300,000,000 s)
2022-06-15 10:59:08,802 INFO  - Processing DEN message (at simulation time 634.300,000,000 s)
2022-06-15 10:59:08,802 INFO  - Route already changed (at simulation time 634.300,000,000 s)
2022-06-15 10:59:08,810 INFO  - Received message from cell from WeatherServer (at simulation time 636.300,000,000 s)
2022-06-15 10:59:08,810 INFO  - Processing DEN message (at simulation time 636.300,000,000 s)
2022-06-15 10:59:08,810 INFO  - Route already changed (at simulation time 636.300,000,000 s)
2022-06-15 10:59:08,817 INFO  - Received message from cell from WeatherServer (at simulation time 638.300,000,000 s)
2022-06-15 10:59:08,817 INFO  - Processing DEN message (at simulation time 638.300,000,000 s)
2022-06-15 10:59:08,817 INFO  - Route already changed (at simulation time 638.300,000,000 s)
2022-06-15 10:59:08,826 INFO  - Received message from cell from WeatherServer (at simulation time 640.300,000,000 s)
2022-06-15 10:59:08,826 INFO  - Processing DEN message (at simulation time 640.300,000,000 s)
2022-06-15 10:59:08,826 INFO  - Route already changed (at simulation time 640.300,000,000 s)
2022-06-15 10:59:08,834 INFO  - Received message from cell from WeatherServer (at simulation time 642.300,000,000 s)
2022-06-15 10:59:08,834 INFO  - Processing DEN message (at simulation time 642.300,000,000 s)
2022-06-15 10:59:08,834 INFO  - Route already changed (at simulation time 642.300,000,000 s)
2022-06-15 10:59:08,843 INFO  - Received message from cell from WeatherServer (at simulation time 644.300,000,000 s)
2022-06-15 10:59:08,843 INFO  - Processing DEN message (at simulation time 644.300,000,000 s)
2022-06-15 10:59:08,843 INFO  - Route already changed (at simulation time 644.300,000,000 s)
2022-06-15 10:59:08,851 INFO  - Received message from cell from WeatherServer (at simulation time 646.300,000,000 s)
2022-06-15 10:59:08,851 INFO  - Processing DEN message (at simulation time 646.300,000,000 s)
2022-06-15 10:59:08,851 INFO  - Route already changed (at simulation time 646.300,000,000 s)
2022-06-15 10:59:08,858 INFO  - Received message from cell from WeatherServer (at simulation time 648.300,000,000 s)
2022-06-15 10:59:08,858 INFO  - Processing DEN message (at simulation time 648.300,000,000 s)
2022-06-15 10:59:08,858 INFO  - Route already changed (at simulation time 648.300,000,000 s)
2022-06-15 10:59:08,866 INFO  - Received message from cell from WeatherServer (at simulation time 650.300,000,000 s)
2022-06-15 10:59:08,866 INFO  - Processing DEN message (at simulation time 650.300,000,000 s)
2022-06-15 10:59:08,866 INFO  - Route already changed (at simulation time 650.300,000,000 s)
2022-06-15 10:59:08,874 INFO  - Received message from cell from WeatherServer (at simulation time 652.300,000,000 s)
2022-06-15 10:59:08,874 INFO  - Processing DEN message (at simulation time 652.300,000,000 s)
2022-06-15 10:59:08,874 INFO  - Route already changed (at simulation time 652.300,000,000 s)
2022-06-15 10:59:08,881 INFO  - Received message from cell from WeatherServer (at simulation time 654.300,000,000 s)
2022-06-15 10:59:08,881 INFO  - Processing DEN message (at simulation time 654.300,000,000 s)
2022-06-15 10:59:08,881 INFO  - Route already changed (at simulation time 654.300,000,000 s)
2022-06-15 10:59:08,889 INFO  - Received message from cell from WeatherServer (at simulation time 656.300,000,000 s)
2022-06-15 10:59:08,889 INFO  - Processing DEN message (at simulation time 656.300,000,000 s)
2022-06-15 10:59:08,889 INFO  - Route already changed (at simulation time 656.300,000,000 s)
2022-06-15 10:59:08,896 INFO  - Received message from cell from WeatherServer (at simulation time 658.300,000,000 s)
2022-06-15 10:59:08,896 INFO  - Processing DEN message (at simulation time 658.300,000,000 s)
2022-06-15 10:59:08,896 INFO  - Route already changed (at simulation time 658.300,000,000 s)
2022-06-15 10:59:08,904 INFO  - Received message from cell from WeatherServer (at simulation time 660.300,000,000 s)
2022-06-15 10:59:08,904 INFO  - Processing DEN message (at simulation time 660.300,000,000 s)
2022-06-15 10:59:08,904 INFO  - Route already changed (at simulation time 660.300,000,000 s)
2022-06-15 10:59:08,911 INFO  - Received message from cell from WeatherServer (at simulation time 662.300,000,000 s)
2022-06-15 10:59:08,911 INFO  - Processing DEN message (at simulation time 662.300,000,000 s)
2022-06-15 10:59:08,911 INFO  - Route already changed (at simulation time 662.300,000,000 s)
2022-06-15 10:59:08,920 INFO  - Received message from cell from WeatherServer (at simulation time 664.300,000,000 s)
2022-06-15 10:59:08,920 INFO  - Processing DEN message (at simulation time 664.300,000,000 s)
2022-06-15 10:59:08,920 INFO  - Route already changed (at simulation time 664.300,000,000 s)
2022-06-15 10:59:08,928 INFO  - Received message from cell from WeatherServer (at simulation time 666.300,000,000 s)
2022-06-15 10:59:08,928 INFO  - Processing DEN message (at simulation time 666.300,000,000 s)
2022-06-15 10:59:08,928 INFO  - Route already changed (at simulation time 666.300,000,000 s)
2022-06-15 10:59:08,936 INFO  - Received message from cell from WeatherServer (at simulation time 668.300,000,000 s)
2022-06-15 10:59:08,936 INFO  - Processing DEN message (at simulation time 668.300,000,000 s)
2022-06-15 10:59:08,936 INFO  - Route already changed (at simulation time 668.300,000,000 s)
2022-06-15 10:59:08,943 INFO  - Received message from cell from WeatherServer (at simulation time 670.300,000,000 s)
2022-06-15 10:59:08,943 INFO  - Processing DEN message (at simulation time 670.300,000,000 s)
2022-06-15 10:59:08,943 INFO  - Route already changed (at simulation time 670.300,000,000 s)
2022-06-15 10:59:08,951 INFO  - Received message from cell from WeatherServer (at simulation time 672.300,000,000 s)
2022-06-15 10:59:08,951 INFO  - Processing DEN message (at simulation time 672.300,000,000 s)
2022-06-15 10:59:08,951 INFO  - Route already changed (at simulation time 672.300,000,000 s)
2022-06-15 10:59:08,958 INFO  - Received message from cell from WeatherServer (at simulation time 674.300,000,000 s)
2022-06-15 10:59:08,958 INFO  - Processing DEN message (at simulation time 674.300,000,000 s)
2022-06-15 10:59:08,958 INFO  - Route already changed (at simulation time 674.300,000,000 s)
2022-06-15 10:59:08,966 INFO  - Received message from cell from WeatherServer (at simulation time 676.300,000,000 s)
2022-06-15 10:59:08,966 INFO  - Processing DEN message (at simulation time 676.300,000,000 s)
2022-06-15 10:59:08,966 INFO  - Route already changed (at simulation time 676.300,000,000 s)
2022-06-15 10:59:08,974 INFO  - Received message from cell from WeatherServer (at simulation time 678.300,000,000 s)
2022-06-15 10:59:08,974 INFO  - Processing DEN message (at simulation time 678.300,000,000 s)
2022-06-15 10:59:08,974 INFO  - Route already changed (at simulation time 678.300,000,000 s)
2022-06-15 10:59:08,981 INFO  - Received message from cell from WeatherServer (at simulation time 680.300,000,000 s)
2022-06-15 10:59:08,981 INFO  - Processing DEN message (at simulation time 680.300,000,000 s)
2022-06-15 10:59:08,981 INFO  - Route already changed (at simulation time 680.300,000,000 s)
2022-06-15 10:59:08,988 INFO  - Received message from cell from WeatherServer (at simulation time 682.300,000,000 s)
2022-06-15 10:59:08,988 INFO  - Processing DEN message (at simulation time 682.300,000,000 s)
2022-06-15 10:59:08,988 INFO  - Route already changed (at simulation time 682.300,000,000 s)
2022-06-15 10:59:08,995 INFO  - Received message from cell from WeatherServer (at simulation time 684.300,000,000 s)
2022-06-15 10:59:08,995 INFO  - Processing DEN message (at simulation time 684.300,000,000 s)
2022-06-15 10:59:08,995 INFO  - Route already changed (at simulation time 684.300,000,000 s)
2022-06-15 10:59:09,002 INFO  - Received message from cell from WeatherServer (at simulation time 686.300,000,000 s)
2022-06-15 10:59:09,002 INFO  - Processing DEN message (at simulation time 686.300,000,000 s)
2022-06-15 10:59:09,002 INFO  - Route already changed (at simulation time 686.300,000,000 s)
2022-06-15 10:59:09,008 INFO  - Received message from cell from WeatherServer (at simulation time 688.300,000,000 s)
2022-06-15 10:59:09,008 INFO  - Processing DEN message (at simulation time 688.300,000,000 s)
2022-06-15 10:59:09,008 INFO  - Route already changed (at simulation time 688.300,000,000 s)
2022-06-15 10:59:09,015 INFO  - Received message from cell from WeatherServer (at simulation time 690.300,000,000 s)
2022-06-15 10:59:09,015 INFO  - Processing DEN message (at simulation time 690.300,000,000 s)
2022-06-15 10:59:09,015 INFO  - Route already changed (at simulation time 690.300,000,000 s)
2022-06-15 10:59:09,022 INFO  - Received message from cell from WeatherServer (at simulation time 692.300,000,000 s)
2022-06-15 10:59:09,022 INFO  - Processing DEN message (at simulation time 692.300,000,000 s)
2022-06-15 10:59:09,022 INFO  - Route already changed (at simulation time 692.300,000,000 s)
2022-06-15 10:59:09,028 INFO  - Received message from cell from WeatherServer (at simulation time 694.300,000,000 s)
2022-06-15 10:59:09,028 INFO  - Processing DEN message (at simulation time 694.300,000,000 s)
2022-06-15 10:59:09,028 INFO  - Route already changed (at simulation time 694.300,000,000 s)
2022-06-15 10:59:09,035 INFO  - Received message from cell from WeatherServer (at simulation time 696.300,000,000 s)
2022-06-15 10:59:09,035 INFO  - Processing DEN message (at simulation time 696.300,000,000 s)
2022-06-15 10:59:09,035 INFO  - Route already changed (at simulation time 696.300,000,000 s)
2022-06-15 10:59:09,042 INFO  - Received message from cell from WeatherServer (at simulation time 698.300,000,000 s)
2022-06-15 10:59:09,042 INFO  - Processing DEN message (at simulation time 698.300,000,000 s)
2022-06-15 10:59:09,042 INFO  - Route already changed (at simulation time 698.300,000,000 s)
2022-06-15 10:59:09,049 INFO  - Received message from cell from WeatherServer (at simulation time 700.300,000,000 s)
2022-06-15 10:59:09,049 INFO  - Processing DEN message (at simulation time 700.300,000,000 s)
2022-06-15 10:59:09,049 INFO  - Route already changed (at simulation time 700.300,000,000 s)
2022-06-15 10:59:09,056 INFO  - Received message from cell from WeatherServer (at simulation time 702.300,000,000 s)
2022-06-15 10:59:09,056 INFO  - Processing DEN message (at simulation time 702.300,000,000 s)
2022-06-15 10:59:09,056 INFO  - Route already changed (at simulation time 702.300,000,000 s)
2022-06-15 10:59:09,062 INFO  - Received message from cell from WeatherServer (at simulation time 704.300,000,000 s)
2022-06-15 10:59:09,062 INFO  - Processing DEN message (at simulation time 704.300,000,000 s)
2022-06-15 10:59:09,062 INFO  - Route already changed (at simulation time 704.300,000,000 s)
2022-06-15 10:59:09,069 INFO  - Received message from cell from WeatherServer (at simulation time 706.300,000,000 s)
2022-06-15 10:59:09,069 INFO  - Processing DEN message (at simulation time 706.300,000,000 s)
2022-06-15 10:59:09,069 INFO  - Route already changed (at simulation time 706.300,000,000 s)
2022-06-15 10:59:09,075 INFO  - Received message from cell from WeatherServer (at simulation time 708.300,000,000 s)
2022-06-15 10:59:09,075 INFO  - Processing DEN message (at simulation time 708.300,000,000 s)
2022-06-15 10:59:09,075 INFO  - Route already changed (at simulation time 708.300,000,000 s)
2022-06-15 10:59:09,082 INFO  - Received message from cell from WeatherServer (at simulation time 710.300,000,000 s)
2022-06-15 10:59:09,082 INFO  - Processing DEN message (at simulation time 710.300,000,000 s)
2022-06-15 10:59:09,082 INFO  - Route already changed (at simulation time 710.300,000,000 s)
2022-06-15 10:59:09,089 INFO  - Received message from cell from WeatherServer (at simulation time 712.300,000,000 s)
2022-06-15 10:59:09,089 INFO  - Processing DEN message (at simulation time 712.300,000,000 s)
2022-06-15 10:59:09,089 INFO  - Route already changed (at simulation time 712.300,000,000 s)
2022-06-15 10:59:09,095 INFO  - Received message from cell from WeatherServer (at simulation time 714.300,000,000 s)
2022-06-15 10:59:09,095 INFO  - Processing DEN message (at simulation time 714.300,000,000 s)
2022-06-15 10:59:09,095 INFO  - Route already changed (at simulation time 714.300,000,000 s)
2022-06-15 10:59:09,102 INFO  - Received message from cell from WeatherServer (at simulation time 716.300,000,000 s)
2022-06-15 10:59:09,102 INFO  - Processing DEN message (at simulation time 716.300,000,000 s)
2022-06-15 10:59:09,102 INFO  - Route already changed (at simulation time 716.300,000,000 s)
2022-06-15 10:59:09,108 INFO  - Received message from cell from WeatherServer (at simulation time 718.300,000,000 s)
2022-06-15 10:59:09,108 INFO  - Processing DEN message (at simulation time 718.300,000,000 s)
2022-06-15 10:59:09,108 INFO  - Route already changed (at simulation time 718.300,000,000 s)
2022-06-15 10:59:09,114 INFO  - Received message from cell from WeatherServer (at simulation time 720.300,000,000 s)
2022-06-15 10:59:09,114 INFO  - Processing DEN message (at simulation time 720.300,000,000 s)
2022-06-15 10:59:09,114 INFO  - Route already changed (at simulation time 720.300,000,000 s)
2022-06-15 10:59:09,120 INFO  - Received message from cell from WeatherServer (at simulation time 722.300,000,000 s)
2022-06-15 10:59:09,120 INFO  - Processing DEN message (at simulation time 722.300,000,000 s)
2022-06-15 10:59:09,120 INFO  - Route already changed (at simulation time 722.300,000,000 s)
2022-06-15 10:59:09,126 INFO  - Received message from cell from WeatherServer (at simulation time 724.300,000,000 s)
2022-06-15 10:59:09,126 INFO  - Processing DEN message (at simulation time 724.300,000,000 s)
2022-06-15 10:59:09,126 INFO  - Route already changed (at simulation time 724.300,000,000 s)
2022-06-15 10:59:09,133 INFO  - Received message from cell from WeatherServer (at simulation time 726.300,000,000 s)
2022-06-15 10:59:09,133 INFO  - Processing DEN message (at simulation time 726.300,000,000 s)
2022-06-15 10:59:09,133 INFO  - Route already changed (at simulation time 726.300,000,000 s)
2022-06-15 10:59:09,140 INFO  - Received message from cell from WeatherServer (at simulation time 728.300,000,000 s)
2022-06-15 10:59:09,140 INFO  - Processing DEN message (at simulation time 728.300,000,000 s)
2022-06-15 10:59:09,140 INFO  - Route already changed (at simulation time 728.300,000,000 s)
2022-06-15 10:59:09,146 INFO  - Received message from cell from WeatherServer (at simulation time 730.300,000,000 s)
2022-06-15 10:59:09,146 INFO  - Processing DEN message (at simulation time 730.300,000,000 s)
2022-06-15 10:59:09,146 INFO  - Route already changed (at simulation time 730.300,000,000 s)
2022-06-15 10:59:09,152 INFO  - Received message from cell from WeatherServer (at simulation time 732.300,000,000 s)
2022-06-15 10:59:09,152 INFO  - Processing DEN message (at simulation time 732.300,000,000 s)
2022-06-15 10:59:09,152 INFO  - Route already changed (at simulation time 732.300,000,000 s)
2022-06-15 10:59:09,161 INFO  - Received message from cell from WeatherServer (at simulation time 734.300,000,000 s)
2022-06-15 10:59:09,161 INFO  - Processing DEN message (at simulation time 734.300,000,000 s)
2022-06-15 10:59:09,161 INFO  - Route already changed (at simulation time 734.300,000,000 s)
2022-06-15 10:59:09,168 INFO  - Received message from cell from WeatherServer (at simulation time 736.300,000,000 s)
2022-06-15 10:59:09,168 INFO  - Processing DEN message (at simulation time 736.300,000,000 s)
2022-06-15 10:59:09,168 INFO  - Route already changed (at simulation time 736.300,000,000 s)
2022-06-15 10:59:09,174 INFO  - Received message from cell from WeatherServer (at simulation time 738.300,000,000 s)
2022-06-15 10:59:09,174 INFO  - Processing DEN message (at simulation time 738.300,000,000 s)
2022-06-15 10:59:09,174 INFO  - Route already changed (at simulation time 738.300,000,000 s)
2022-06-15 10:59:09,180 INFO  - Received message from cell from WeatherServer (at simulation time 740.300,000,000 s)
2022-06-15 10:59:09,180 INFO  - Processing DEN message (at simulation time 740.300,000,000 s)
2022-06-15 10:59:09,180 INFO  - Route already changed (at simulation time 740.300,000,000 s)
2022-06-15 10:59:09,186 INFO  - Received message from cell from WeatherServer (at simulation time 742.300,000,000 s)
2022-06-15 10:59:09,186 INFO  - Processing DEN message (at simulation time 742.300,000,000 s)
2022-06-15 10:59:09,186 INFO  - Route already changed (at simulation time 742.300,000,000 s)
2022-06-15 10:59:09,192 INFO  - Received message from cell from WeatherServer (at simulation time 744.300,000,000 s)
2022-06-15 10:59:09,192 INFO  - Processing DEN message (at simulation time 744.300,000,000 s)
2022-06-15 10:59:09,192 INFO  - Route already changed (at simulation time 744.300,000,000 s)
2022-06-15 10:59:09,198 INFO  - Received message from cell from WeatherServer (at simulation time 746.300,000,000 s)
2022-06-15 10:59:09,198 INFO  - Processing DEN message (at simulation time 746.300,000,000 s)
2022-06-15 10:59:09,198 INFO  - Route already changed (at simulation time 746.300,000,000 s)
2022-06-15 10:59:09,204 INFO  - Received message from cell from WeatherServer (at simulation time 748.300,000,000 s)
2022-06-15 10:59:09,204 INFO  - Processing DEN message (at simulation time 748.300,000,000 s)
2022-06-15 10:59:09,204 INFO  - Route already changed (at simulation time 748.300,000,000 s)
2022-06-15 10:59:09,210 INFO  - Received message from cell from WeatherServer (at simulation time 750.300,000,000 s)
2022-06-15 10:59:09,210 INFO  - Processing DEN message (at simulation time 750.300,000,000 s)
2022-06-15 10:59:09,210 INFO  - Route already changed (at simulation time 750.300,000,000 s)
2022-06-15 10:59:09,216 INFO  - Received message from cell from WeatherServer (at simulation time 752.300,000,000 s)
2022-06-15 10:59:09,216 INFO  - Processing DEN message (at simulation time 752.300,000,000 s)
2022-06-15 10:59:09,216 INFO  - Route already changed (at simulation time 752.300,000,000 s)
2022-06-15 10:59:09,221 INFO  - Received message from cell from WeatherServer (at simulation time 754.300,000,000 s)
2022-06-15 10:59:09,221 INFO  - Processing DEN message (at simulation time 754.300,000,000 s)
2022-06-15 10:59:09,221 INFO  - Route already changed (at simulation time 754.300,000,000 s)
2022-06-15 10:59:09,227 INFO  - Received message from cell from WeatherServer (at simulation time 756.300,000,000 s)
2022-06-15 10:59:09,227 INFO  - Processing DEN message (at simulation time 756.300,000,000 s)
2022-06-15 10:59:09,227 INFO  - Route already changed (at simulation time 756.300,000,000 s)
2022-06-15 10:59:09,233 INFO  - Received message from cell from WeatherServer (at simulation time 758.300,000,000 s)
2022-06-15 10:59:09,233 INFO  - Processing DEN message (at simulation time 758.300,000,000 s)
2022-06-15 10:59:09,233 INFO  - Route already changed (at simulation time 758.300,000,000 s)
2022-06-15 10:59:09,238 INFO  - Received message from cell from WeatherServer (at simulation time 760.300,000,000 s)
2022-06-15 10:59:09,238 INFO  - Processing DEN message (at simulation time 760.300,000,000 s)
2022-06-15 10:59:09,238 INFO  - Route already changed (at simulation time 760.300,000,000 s)
2022-06-15 10:59:09,243 INFO  - Received message from cell from WeatherServer (at simulation time 762.300,000,000 s)
2022-06-15 10:59:09,243 INFO  - Processing DEN message (at simulation time 762.300,000,000 s)
2022-06-15 10:59:09,243 INFO  - Route already changed (at simulation time 762.300,000,000 s)
2022-06-15 10:59:09,249 INFO  - Received message from cell from WeatherServer (at simulation time 764.300,000,000 s)
2022-06-15 10:59:09,249 INFO  - Processing DEN message (at simulation time 764.300,000,000 s)
2022-06-15 10:59:09,249 INFO  - Route already changed (at simulation time 764.300,000,000 s)
2022-06-15 10:59:09,254 INFO  - Received message from cell from WeatherServer (at simulation time 766.300,000,000 s)
2022-06-15 10:59:09,254 INFO  - Processing DEN message (at simulation time 766.300,000,000 s)
2022-06-15 10:59:09,254 INFO  - Route already changed (at simulation time 766.300,000,000 s)
2022-06-15 10:59:09,258 INFO  - Received message from cell from WeatherServer (at simulation time 768.300,000,000 s)
2022-06-15 10:59:09,258 INFO  - Processing DEN message (at simulation time 768.300,000,000 s)
2022-06-15 10:59:09,258 INFO  - Route already changed (at simulation time 768.300,000,000 s)
2022-06-15 10:59:09,264 INFO  - Received message from cell from WeatherServer (at simulation time 770.300,000,000 s)
2022-06-15 10:59:09,264 INFO  - Processing DEN message (at simulation time 770.300,000,000 s)
2022-06-15 10:59:09,264 INFO  - Route already changed (at simulation time 770.300,000,000 s)
2022-06-15 10:59:09,269 INFO  - Received message from cell from WeatherServer (at simulation time 772.300,000,000 s)
2022-06-15 10:59:09,269 INFO  - Processing DEN message (at simulation time 772.300,000,000 s)
2022-06-15 10:59:09,269 INFO  - Route already changed (at simulation time 772.300,000,000 s)
2022-06-15 10:59:09,274 INFO  - Received message from cell from WeatherServer (at simulation time 774.300,000,000 s)
2022-06-15 10:59:09,274 INFO  - Processing DEN message (at simulation time 774.300,000,000 s)
2022-06-15 10:59:09,274 INFO  - Route already changed (at simulation time 774.300,000,000 s)
2022-06-15 10:59:09,279 INFO  - Received message from cell from WeatherServer (at simulation time 776.300,000,000 s)
2022-06-15 10:59:09,279 INFO  - Processing DEN message (at simulation time 776.300,000,000 s)
2022-06-15 10:59:09,279 INFO  - Route already changed (at simulation time 776.300,000,000 s)
2022-06-15 10:59:09,284 INFO  - Received message from cell from WeatherServer (at simulation time 778.300,000,000 s)
2022-06-15 10:59:09,284 INFO  - Processing DEN message (at simulation time 778.300,000,000 s)
2022-06-15 10:59:09,284 INFO  - Route already changed (at simulation time 778.300,000,000 s)
2022-06-15 10:59:09,289 INFO  - Received message from cell from WeatherServer (at simulation time 780.300,000,000 s)
2022-06-15 10:59:09,289 INFO  - Processing DEN message (at simulation time 780.300,000,000 s)
2022-06-15 10:59:09,289 INFO  - Route already changed (at simulation time 780.300,000,000 s)
2022-06-15 10:59:09,293 INFO  - Received message from cell from WeatherServer (at simulation time 782.300,000,000 s)
2022-06-15 10:59:09,293 INFO  - Processing DEN message (at simulation time 782.300,000,000 s)
2022-06-15 10:59:09,293 INFO  - Route already changed (at simulation time 782.300,000,000 s)
2022-06-15 10:59:09,298 INFO  - Received message from cell from WeatherServer (at simulation time 784.300,000,000 s)
2022-06-15 10:59:09,298 INFO  - Processing DEN message (at simulation time 784.300,000,000 s)
2022-06-15 10:59:09,298 INFO  - Route already changed (at simulation time 784.300,000,000 s)
2022-06-15 10:59:09,303 INFO  - Received message from cell from WeatherServer (at simulation time 786.300,000,000 s)
2022-06-15 10:59:09,303 INFO  - Processing DEN message (at simulation time 786.300,000,000 s)
2022-06-15 10:59:09,303 INFO  - Route already changed (at simulation time 786.300,000,000 s)
2022-06-15 10:59:09,308 INFO  - Received message from cell from WeatherServer (at simulation time 788.300,000,000 s)
2022-06-15 10:59:09,308 INFO  - Processing DEN message (at simulation time 788.300,000,000 s)
2022-06-15 10:59:09,308 INFO  - Route already changed (at simulation time 788.300,000,000 s)
2022-06-15 10:59:09,313 INFO  - Received message from cell from WeatherServer (at simulation time 790.300,000,000 s)
2022-06-15 10:59:09,313 INFO  - Processing DEN message (at simulation time 790.300,000,000 s)
2022-06-15 10:59:09,313 INFO  - Route already changed (at simulation time 790.300,000,000 s)
2022-06-15 10:59:09,317 INFO  - Received message from cell from WeatherServer (at simulation time 792.300,000,000 s)
2022-06-15 10:59:09,317 INFO  - Processing DEN message (at simulation time 792.300,000,000 s)
2022-06-15 10:59:09,317 INFO  - Route already changed (at simulation time 792.300,000,000 s)
2022-06-15 10:59:09,322 INFO  - Received message from cell from WeatherServer (at simulation time 794.300,000,000 s)
2022-06-15 10:59:09,322 INFO  - Processing DEN message (at simulation time 794.300,000,000 s)
2022-06-15 10:59:09,322 INFO  - Route already changed (at simulation time 794.300,000,000 s)
2022-06-15 10:59:09,326 INFO  - Received message from cell from WeatherServer (at simulation time 796.300,000,000 s)
2022-06-15 10:59:09,326 INFO  - Processing DEN message (at simulation time 796.300,000,000 s)
2022-06-15 10:59:09,326 INFO  - Route already changed (at simulation time 796.300,000,000 s)
2022-06-15 10:59:09,330 INFO  - Received message from cell from WeatherServer (at simulation time 798.300,000,000 s)
2022-06-15 10:59:09,330 INFO  - Processing DEN message (at simulation time 798.300,000,000 s)
2022-06-15 10:59:09,330 INFO  - Route already changed (at simulation time 798.300,000,000 s)
2022-06-15 10:59:09,335 INFO  - Received message from cell from WeatherServer (at simulation time 800.300,000,000 s)
2022-06-15 10:59:09,335 INFO  - Processing DEN message (at simulation time 800.300,000,000 s)
2022-06-15 10:59:09,335 INFO  - Route already changed (at simulation time 800.300,000,000 s)
2022-06-15 10:59:09,339 INFO  - Received message from cell from WeatherServer (at simulation time 802.300,000,000 s)
2022-06-15 10:59:09,339 INFO  - Processing DEN message (at simulation time 802.300,000,000 s)
2022-06-15 10:59:09,339 INFO  - Route already changed (at simulation time 802.300,000,000 s)
2022-06-15 10:59:09,344 INFO  - Received message from cell from WeatherServer (at simulation time 804.300,000,000 s)
2022-06-15 10:59:09,344 INFO  - Processing DEN message (at simulation time 804.300,000,000 s)
2022-06-15 10:59:09,344 INFO  - Route already changed (at simulation time 804.300,000,000 s)
2022-06-15 10:59:09,348 INFO  - Received message from cell from WeatherServer (at simulation time 806.300,000,000 s)
2022-06-15 10:59:09,348 INFO  - Processing DEN message (at simulation time 806.300,000,000 s)
2022-06-15 10:59:09,348 INFO  - Route already changed (at simulation time 806.300,000,000 s)
2022-06-15 10:59:09,353 INFO  - Received message from cell from WeatherServer (at simulation time 808.300,000,000 s)
2022-06-15 10:59:09,353 INFO  - Processing DEN message (at simulation time 808.300,000,000 s)
2022-06-15 10:59:09,353 INFO  - Route already changed (at simulation time 808.300,000,000 s)
2022-06-15 10:59:09,358 INFO  - Received message from cell from WeatherServer (at simulation time 810.300,000,000 s)
2022-06-15 10:59:09,358 INFO  - Processing DEN message (at simulation time 810.300,000,000 s)
2022-06-15 10:59:09,358 INFO  - Route already changed (at simulation time 810.300,000,000 s)
2022-06-15 10:59:09,362 INFO  - Received message from cell from WeatherServer (at simulation time 812.300,000,000 s)
2022-06-15 10:59:09,362 INFO  - Processing DEN message (at simulation time 812.300,000,000 s)
2022-06-15 10:59:09,362 INFO  - Route already changed (at simulation time 812.300,000,000 s)
2022-06-15 10:59:09,367 INFO  - Received message from cell from WeatherServer (at simulation time 814.300,000,000 s)
2022-06-15 10:59:09,367 INFO  - Processing DEN message (at simulation time 814.300,000,000 s)
2022-06-15 10:59:09,367 INFO  - Route already changed (at simulation time 814.300,000,000 s)
2022-06-15 10:59:09,371 INFO  - Received message from cell from WeatherServer (at simulation time 816.300,000,000 s)
2022-06-15 10:59:09,371 INFO  - Processing DEN message (at simulation time 816.300,000,000 s)
2022-06-15 10:59:09,371 INFO  - Route already changed (at simulation time 816.300,000,000 s)
2022-06-15 10:59:09,375 INFO  - Received message from cell from WeatherServer (at simulation time 818.300,000,000 s)
2022-06-15 10:59:09,375 INFO  - Processing DEN message (at simulation time 818.300,000,000 s)
2022-06-15 10:59:09,375 INFO  - Route already changed (at simulation time 818.300,000,000 s)
2022-06-15 10:59:09,379 INFO  - Received message from cell from WeatherServer (at simulation time 820.300,000,000 s)
2022-06-15 10:59:09,379 INFO  - Processing DEN message (at simulation time 820.300,000,000 s)
2022-06-15 10:59:09,379 INFO  - Route already changed (at simulation time 820.300,000,000 s)
2022-06-15 10:59:09,383 INFO  - Received message from cell from WeatherServer (at simulation time 822.300,000,000 s)
2022-06-15 10:59:09,383 INFO  - Processing DEN message (at simulation time 822.300,000,000 s)
2022-06-15 10:59:09,383 INFO  - Route already changed (at simulation time 822.300,000,000 s)
2022-06-15 10:59:09,387 INFO  - Received message from cell from WeatherServer (at simulation time 824.300,000,000 s)
2022-06-15 10:59:09,387 INFO  - Processing DEN message (at simulation time 824.300,000,000 s)
2022-06-15 10:59:09,387 INFO  - Route already changed (at simulation time 824.300,000,000 s)
2022-06-15 10:59:09,391 INFO  - Received message from cell from WeatherServer (at simulation time 826.300,000,000 s)
2022-06-15 10:59:09,391 INFO  - Processing DEN message (at simulation time 826.300,000,000 s)
2022-06-15 10:59:09,391 INFO  - Route already changed (at simulation time 826.300,000,000 s)
2022-06-15 10:59:09,395 INFO  - Received message from cell from WeatherServer (at simulation time 828.300,000,000 s)
2022-06-15 10:59:09,395 INFO  - Processing DEN message (at simulation time 828.300,000,000 s)
2022-06-15 10:59:09,395 INFO  - Route already changed (at simulation time 828.300,000,000 s)
2022-06-15 10:59:09,400 INFO  - Received message from cell from WeatherServer (at simulation time 830.300,000,000 s)
2022-06-15 10:59:09,400 INFO  - Processing DEN message (at simulation time 830.300,000,000 s)
2022-06-15 10:59:09,400 INFO  - Route already changed (at simulation time 830.300,000,000 s)
2022-06-15 10:59:09,404 INFO  - Received message from cell from WeatherServer (at simulation time 832.300,000,000 s)
2022-06-15 10:59:09,404 INFO  - Processing DEN message (at simulation time 832.300,000,000 s)
2022-06-15 10:59:09,404 INFO  - Route already changed (at simulation time 832.300,000,000 s)
2022-06-15 10:59:09,409 INFO  - Received message from cell from WeatherServer (at simulation time 834.300,000,000 s)
2022-06-15 10:59:09,409 INFO  - Processing DEN message (at simulation time 834.300,000,000 s)
2022-06-15 10:59:09,409 INFO  - Route already changed (at simulation time 834.300,000,000 s)
2022-06-15 10:59:09,414 INFO  - Received message from cell from WeatherServer (at simulation time 836.300,000,000 s)
2022-06-15 10:59:09,414 INFO  - Processing DEN message (at simulation time 836.300,000,000 s)
2022-06-15 10:59:09,414 INFO  - Route already changed (at simulation time 836.300,000,000 s)
2022-06-15 10:59:09,419 INFO  - Received message from cell from WeatherServer (at simulation time 838.300,000,000 s)
2022-06-15 10:59:09,419 INFO  - Processing DEN message (at simulation time 838.300,000,000 s)
2022-06-15 10:59:09,419 INFO  - Route already changed (at simulation time 838.300,000,000 s)
2022-06-15 10:59:09,422 INFO  - Received message from cell from WeatherServer (at simulation time 840.300,000,000 s)
2022-06-15 10:59:09,422 INFO  - Processing DEN message (at simulation time 840.300,000,000 s)
2022-06-15 10:59:09,422 INFO  - Route already changed (at simulation time 840.300,000,000 s)
2022-06-15 10:59:09,428 INFO  - Received message from cell from WeatherServer (at simulation time 842.300,000,000 s)
2022-06-15 10:59:09,428 INFO  - Processing DEN message (at simulation time 842.300,000,000 s)
2022-06-15 10:59:09,428 INFO  - Route already changed (at simulation time 842.300,000,000 s)
2022-06-15 10:59:09,432 INFO  - Received message from cell from WeatherServer (at simulation time 844.300,000,000 s)
2022-06-15 10:59:09,432 INFO  - Processing DEN message (at simulation time 844.300,000,000 s)
2022-06-15 10:59:09,432 INFO  - Route already changed (at simulation time 844.300,000,000 s)
2022-06-15 10:59:09,436 INFO  - Received message from cell from WeatherServer (at simulation time 846.300,000,000 s)
2022-06-15 10:59:09,436 INFO  - Processing DEN message (at simulation time 846.300,000,000 s)
2022-06-15 10:59:09,436 INFO  - Route already changed (at simulation time 846.300,000,000 s)
2022-06-15 10:59:09,440 INFO  - Received message from cell from WeatherServer (at simulation time 848.300,000,000 s)
2022-06-15 10:59:09,440 INFO  - Processing DEN message (at simulation time 848.300,000,000 s)
2022-06-15 10:59:09,440 INFO  - Route already changed (at simulation time 848.300,000,000 s)
2022-06-15 10:59:09,445 INFO  - Received message from cell from WeatherServer (at simulation time 850.300,000,000 s)
2022-06-15 10:59:09,445 INFO  - Processing DEN message (at simulation time 850.300,000,000 s)
2022-06-15 10:59:09,445 INFO  - Route already changed (at simulation time 850.300,000,000 s)
2022-06-15 10:59:09,450 INFO  - Received message from cell from WeatherServer (at simulation time 852.300,000,000 s)
2022-06-15 10:59:09,450 INFO  - Processing DEN message (at simulation time 852.300,000,000 s)
2022-06-15 10:59:09,450 INFO  - Route already changed (at simulation time 852.300,000,000 s)
2022-06-15 10:59:09,456 INFO  - Received message from cell from WeatherServer (at simulation time 854.300,000,000 s)
2022-06-15 10:59:09,456 INFO  - Processing DEN message (at simulation time 854.300,000,000 s)
2022-06-15 10:59:09,456 INFO  - Route already changed (at simulation time 854.300,000,000 s)
2022-06-15 10:59:09,461 INFO  - Received message from cell from WeatherServer (at simulation time 856.300,000,000 s)
2022-06-15 10:59:09,461 INFO  - Processing DEN message (at simulation time 856.300,000,000 s)
2022-06-15 10:59:09,461 INFO  - Route already changed (at simulation time 856.300,000,000 s)
2022-06-15 10:59:09,466 INFO  - Received message from cell from WeatherServer (at simulation time 858.300,000,000 s)
2022-06-15 10:59:09,466 INFO  - Processing DEN message (at simulation time 858.300,000,000 s)
2022-06-15 10:59:09,466 INFO  - Route already changed (at simulation time 858.300,000,000 s)
2022-06-15 10:59:09,472 INFO  - Received message from cell from WeatherServer (at simulation time 860.300,000,000 s)
2022-06-15 10:59:09,472 INFO  - Processing DEN message (at simulation time 860.300,000,000 s)
2022-06-15 10:59:09,472 INFO  - Route already changed (at simulation time 860.300,000,000 s)
2022-06-15 10:59:09,477 INFO  - Received message from cell from WeatherServer (at simulation time 862.300,000,000 s)
2022-06-15 10:59:09,477 INFO  - Processing DEN message (at simulation time 862.300,000,000 s)
2022-06-15 10:59:09,477 INFO  - Route already changed (at simulation time 862.300,000,000 s)
2022-06-15 10:59:09,482 INFO  - Received message from cell from WeatherServer (at simulation time 864.300,000,000 s)
2022-06-15 10:59:09,482 INFO  - Processing DEN message (at simulation time 864.300,000,000 s)
2022-06-15 10:59:09,482 INFO  - Route already changed (at simulation time 864.300,000,000 s)
2022-06-15 10:59:09,486 INFO  - Received message from cell from WeatherServer (at simulation time 866.300,000,000 s)
2022-06-15 10:59:09,486 INFO  - Processing DEN message (at simulation time 866.300,000,000 s)
2022-06-15 10:59:09,486 INFO  - Route already changed (at simulation time 866.300,000,000 s)
2022-06-15 10:59:09,491 INFO  - Received message from cell from WeatherServer (at simulation time 868.300,000,000 s)
2022-06-15 10:59:09,491 INFO  - Processing DEN message (at simulation time 868.300,000,000 s)
2022-06-15 10:59:09,491 INFO  - Route already changed (at simulation time 868.300,000,000 s)
2022-06-15 10:59:09,495 INFO  - Received message from cell from WeatherServer (at simulation time 870.300,000,000 s)
2022-06-15 10:59:09,495 INFO  - Processing DEN message (at simulation time 870.300,000,000 s)
2022-06-15 10:59:09,495 INFO  - Route already changed (at simulation time 870.300,000,000 s)
2022-06-15 10:59:09,500 INFO  - Received message from cell from WeatherServer (at simulation time 872.300,000,000 s)
2022-06-15 10:59:09,500 INFO  - Processing DEN message (at simulation time 872.300,000,000 s)
2022-06-15 10:59:09,500 INFO  - Route already changed (at simulation time 872.300,000,000 s)
2022-06-15 10:59:09,504 INFO  - Received message from cell from WeatherServer (at simulation time 874.300,000,000 s)
2022-06-15 10:59:09,504 INFO  - Processing DEN message (at simulation time 874.300,000,000 s)
2022-06-15 10:59:09,504 INFO  - Route already changed (at simulation time 874.300,000,000 s)
2022-06-15 10:59:09,508 INFO  - Received message from cell from WeatherServer (at simulation time 876.300,000,000 s)
2022-06-15 10:59:09,508 INFO  - Processing DEN message (at simulation time 876.300,000,000 s)
2022-06-15 10:59:09,508 INFO  - Route already changed (at simulation time 876.300,000,000 s)
2022-06-15 10:59:09,513 INFO  - Received message from cell from WeatherServer (at simulation time 878.300,000,000 s)
2022-06-15 10:59:09,513 INFO  - Processing DEN message (at simulation time 878.300,000,000 s)
2022-06-15 10:59:09,513 INFO  - Route already changed (at simulation time 878.300,000,000 s)
2022-06-15 10:59:09,518 INFO  - Received message from cell from WeatherServer (at simulation time 880.300,000,000 s)
2022-06-15 10:59:09,518 INFO  - Processing DEN message (at simulation time 880.300,000,000 s)
2022-06-15 10:59:09,518 INFO  - Route already changed (at simulation time 880.300,000,000 s)
2022-06-15 10:59:09,522 INFO  - Received message from cell from WeatherServer (at simulation time 882.300,000,000 s)
2022-06-15 10:59:09,522 INFO  - Processing DEN message (at simulation time 882.300,000,000 s)
2022-06-15 10:59:09,522 INFO  - Route already changed (at simulation time 882.300,000,000 s)
2022-06-15 10:59:09,527 INFO  - Received message from cell from WeatherServer (at simulation time 884.300,000,000 s)
2022-06-15 10:59:09,527 INFO  - Processing DEN message (at simulation time 884.300,000,000 s)
2022-06-15 10:59:09,527 INFO  - Route already changed (at simulation time 884.300,000,000 s)
2022-06-15 10:59:09,531 INFO  - Received message from cell from WeatherServer (at simulation time 886.300,000,000 s)
2022-06-15 10:59:09,531 INFO  - Processing DEN message (at simulation time 886.300,000,000 s)
2022-06-15 10:59:09,531 INFO  - Route already changed (at simulation time 886.300,000,000 s)
2022-06-15 10:59:09,534 INFO  - Received message from cell from WeatherServer (at simulation time 888.300,000,000 s)
2022-06-15 10:59:09,534 INFO  - Processing DEN message (at simulation time 888.300,000,000 s)
2022-06-15 10:59:09,534 INFO  - Route already changed (at simulation time 888.300,000,000 s)
2022-06-15 10:59:09,538 INFO  - Received message from cell from WeatherServer (at simulation time 890.300,000,000 s)
2022-06-15 10:59:09,538 INFO  - Processing DEN message (at simulation time 890.300,000,000 s)
2022-06-15 10:59:09,538 INFO  - Route already changed (at simulation time 890.300,000,000 s)
2022-06-15 10:59:09,541 INFO  - Received message from cell from WeatherServer (at simulation time 892.300,000,000 s)
2022-06-15 10:59:09,541 INFO  - Processing DEN message (at simulation time 892.300,000,000 s)
2022-06-15 10:59:09,541 INFO  - Route already changed (at simulation time 892.300,000,000 s)
2022-06-15 10:59:09,544 INFO  - Received message from cell from WeatherServer (at simulation time 894.300,000,000 s)
2022-06-15 10:59:09,544 INFO  - Processing DEN message (at simulation time 894.300,000,000 s)
2022-06-15 10:59:09,544 INFO  - Route already changed (at simulation time 894.300,000,000 s)
2022-06-15 10:59:09,547 INFO  - Received message from cell from WeatherServer (at simulation time 896.300,000,000 s)
2022-06-15 10:59:09,547 INFO  - Processing DEN message (at simulation time 896.300,000,000 s)
2022-06-15 10:59:09,547 INFO  - Route already changed (at simulation time 896.300,000,000 s)
2022-06-15 10:59:09,551 INFO  - Received message from cell from WeatherServer (at simulation time 898.300,000,000 s)
2022-06-15 10:59:09,551 INFO  - Processing DEN message (at simulation time 898.300,000,000 s)
2022-06-15 10:59:09,551 INFO  - Route already changed (at simulation time 898.300,000,000 s)
2022-06-15 10:59:09,554 INFO  - Received message from cell from WeatherServer (at simulation time 900.300,000,000 s)
2022-06-15 10:59:09,554 INFO  - Processing DEN message (at simulation time 900.300,000,000 s)
2022-06-15 10:59:09,554 INFO  - Route already changed (at simulation time 900.300,000,000 s)
2022-06-15 10:59:09,556 INFO  - Received message from cell from WeatherServer (at simulation time 902.300,000,000 s)
2022-06-15 10:59:09,556 INFO  - Processing DEN message (at simulation time 902.300,000,000 s)
2022-06-15 10:59:09,556 INFO  - Route already changed (at simulation time 902.300,000,000 s)
2022-06-15 10:59:09,560 INFO  - Received message from cell from WeatherServer (at simulation time 904.300,000,000 s)
2022-06-15 10:59:09,560 INFO  - Processing DEN message (at simulation time 904.300,000,000 s)
2022-06-15 10:59:09,560 INFO  - Route already changed (at simulation time 904.300,000,000 s)
2022-06-15 10:59:09,563 INFO  - Received message from cell from WeatherServer (at simulation time 906.300,000,000 s)
2022-06-15 10:59:09,563 INFO  - Processing DEN message (at simulation time 906.300,000,000 s)
2022-06-15 10:59:09,563 INFO  - Route already changed (at simulation time 906.300,000,000 s)
2022-06-15 10:59:09,566 INFO  - Received message from cell from WeatherServer (at simulation time 908.300,000,000 s)
2022-06-15 10:59:09,566 INFO  - Processing DEN message (at simulation time 908.300,000,000 s)
2022-06-15 10:59:09,566 INFO  - Route already changed (at simulation time 908.300,000,000 s)
2022-06-15 10:59:09,569 INFO  - Received message from cell from WeatherServer (at simulation time 910.300,000,000 s)
2022-06-15 10:59:09,569 INFO  - Processing DEN message (at simulation time 910.300,000,000 s)
2022-06-15 10:59:09,569 INFO  - Route already changed (at simulation time 910.300,000,000 s)
2022-06-15 10:59:09,572 INFO  - Received message from cell from WeatherServer (at simulation time 912.300,000,000 s)
2022-06-15 10:59:09,572 INFO  - Processing DEN message (at simulation time 912.300,000,000 s)
2022-06-15 10:59:09,572 INFO  - Route already changed (at simulation time 912.300,000,000 s)
2022-06-15 10:59:09,574 INFO  - Received message from cell from WeatherServer (at simulation time 914.300,000,000 s)
2022-06-15 10:59:09,574 INFO  - Processing DEN message (at simulation time 914.300,000,000 s)
2022-06-15 10:59:09,574 INFO  - Route already changed (at simulation time 914.300,000,000 s)
2022-06-15 10:59:09,577 INFO  - Received message from cell from WeatherServer (at simulation time 916.300,000,000 s)
2022-06-15 10:59:09,577 INFO  - Processing DEN message (at simulation time 916.300,000,000 s)
2022-06-15 10:59:09,577 INFO  - Route already changed (at simulation time 916.300,000,000 s)
2022-06-15 10:59:09,579 INFO  - Received message from cell from WeatherServer (at simulation time 918.300,000,000 s)
2022-06-15 10:59:09,579 INFO  - Processing DEN message (at simulation time 918.300,000,000 s)
2022-06-15 10:59:09,579 INFO  - Route already changed (at simulation time 918.300,000,000 s)
2022-06-15 10:59:09,582 INFO  - Received message from cell from WeatherServer (at simulation time 920.300,000,000 s)
2022-06-15 10:59:09,582 INFO  - Processing DEN message (at simulation time 920.300,000,000 s)
2022-06-15 10:59:09,582 INFO  - Route already changed (at simulation time 920.300,000,000 s)
2022-06-15 10:59:09,585 INFO  - Received message from cell from WeatherServer (at simulation time 922.300,000,000 s)
2022-06-15 10:59:09,585 INFO  - Processing DEN message (at simulation time 922.300,000,000 s)
2022-06-15 10:59:09,585 INFO  - Route already changed (at simulation time 922.300,000,000 s)
2022-06-15 10:59:09,587 INFO  - Received message from cell from WeatherServer (at simulation time 924.300,000,000 s)
2022-06-15 10:59:09,587 INFO  - Processing DEN message (at simulation time 924.300,000,000 s)
2022-06-15 10:59:09,587 INFO  - Route already changed (at simulation time 924.300,000,000 s)
2022-06-15 10:59:09,589 INFO  - Received message from cell from WeatherServer (at simulation time 926.300,000,000 s)
2022-06-15 10:59:09,589 INFO  - Processing DEN message (at simulation time 926.300,000,000 s)
2022-06-15 10:59:09,589 INFO  - Route already changed (at simulation time 926.300,000,000 s)
2022-06-15 10:59:09,592 INFO  - Received message from cell from WeatherServer (at simulation time 928.300,000,000 s)
2022-06-15 10:59:09,592 INFO  - Processing DEN message (at simulation time 928.300,000,000 s)
2022-06-15 10:59:09,592 INFO  - Route already changed (at simulation time 928.300,000,000 s)
2022-06-15 10:59:09,594 INFO  - Received message from cell from WeatherServer (at simulation time 930.300,000,000 s)
2022-06-15 10:59:09,594 INFO  - Processing DEN message (at simulation time 930.300,000,000 s)
2022-06-15 10:59:09,594 INFO  - Route already changed (at simulation time 930.300,000,000 s)
2022-06-15 10:59:09,596 INFO  - Received message from cell from WeatherServer (at simulation time 932.300,000,000 s)
2022-06-15 10:59:09,596 INFO  - Processing DEN message (at simulation time 932.300,000,000 s)
2022-06-15 10:59:09,596 INFO  - Route already changed (at simulation time 932.300,000,000 s)
2022-06-15 10:59:09,598 INFO  - Received message from cell from WeatherServer (at simulation time 934.300,000,000 s)
2022-06-15 10:59:09,598 INFO  - Processing DEN message (at simulation time 934.300,000,000 s)
2022-06-15 10:59:09,598 INFO  - Route already changed (at simulation time 934.300,000,000 s)
2022-06-15 10:59:09,600 INFO  - Received message from cell from WeatherServer (at simulation time 936.300,000,000 s)
2022-06-15 10:59:09,600 INFO  - Processing DEN message (at simulation time 936.300,000,000 s)
2022-06-15 10:59:09,600 INFO  - Route already changed (at simulation time 936.300,000,000 s)
2022-06-15 10:59:09,604 INFO  - Received message from cell from WeatherServer (at simulation time 938.300,000,000 s)
2022-06-15 10:59:09,604 INFO  - Processing DEN message (at simulation time 938.300,000,000 s)
2022-06-15 10:59:09,604 INFO  - Route already changed (at simulation time 938.300,000,000 s)
2022-06-15 10:59:09,606 INFO  - Received message from cell from WeatherServer (at simulation time 940.300,000,000 s)
2022-06-15 10:59:09,606 INFO  - Processing DEN message (at simulation time 940.300,000,000 s)
2022-06-15 10:59:09,606 INFO  - Route already changed (at simulation time 940.300,000,000 s)
2022-06-15 10:59:09,608 INFO  - Received message from cell from WeatherServer (at simulation time 942.300,000,000 s)
2022-06-15 10:59:09,608 INFO  - Processing DEN message (at simulation time 942.300,000,000 s)
2022-06-15 10:59:09,608 INFO  - Route already changed (at simulation time 942.300,000,000 s)
2022-06-15 10:59:09,610 INFO  - Received message from cell from WeatherServer (at simulation time 944.300,000,000 s)
2022-06-15 10:59:09,610 INFO  - Processing DEN message (at simulation time 944.300,000,000 s)
2022-06-15 10:59:09,610 INFO  - Route already changed (at simulation time 944.300,000,000 s)
2022-06-15 10:59:09,613 INFO  - Received message from cell from WeatherServer (at simulation time 946.300,000,000 s)
2022-06-15 10:59:09,613 INFO  - Processing DEN message (at simulation time 946.300,000,000 s)
2022-06-15 10:59:09,613 INFO  - Route already changed (at simulation time 946.300,000,000 s)
2022-06-15 10:59:09,615 INFO  - Received message from cell from WeatherServer (at simulation time 948.300,000,000 s)
2022-06-15 10:59:09,615 INFO  - Processing DEN message (at simulation time 948.300,000,000 s)
2022-06-15 10:59:09,615 INFO  - Route already changed (at simulation time 948.300,000,000 s)
2022-06-15 10:59:09,617 INFO  - Received message from cell from WeatherServer (at simulation time 950.300,000,000 s)
2022-06-15 10:59:09,617 INFO  - Processing DEN message (at simulation time 950.300,000,000 s)
2022-06-15 10:59:09,617 INFO  - Route already changed (at simulation time 950.300,000,000 s)
2022-06-15 10:59:09,618 INFO  - Received message from cell from WeatherServer (at simulation time 952.300,000,000 s)
2022-06-15 10:59:09,618 INFO  - Processing DEN message (at simulation time 952.300,000,000 s)
2022-06-15 10:59:09,618 INFO  - Route already changed (at simulation time 952.300,000,000 s)
2022-06-15 10:59:09,620 INFO  - Received message from cell from WeatherServer (at simulation time 954.300,000,000 s)
2022-06-15 10:59:09,620 INFO  - Processing DEN message (at simulation time 954.300,000,000 s)
2022-06-15 10:59:09,620 INFO  - Route already changed (at simulation time 954.300,000,000 s)
2022-06-15 10:59:09,622 INFO  - Received message from cell from WeatherServer (at simulation time 956.300,000,000 s)
2022-06-15 10:59:09,622 INFO  - Processing DEN message (at simulation time 956.300,000,000 s)
2022-06-15 10:59:09,622 INFO  - Route already changed (at simulation time 956.300,000,000 s)
2022-06-15 10:59:09,623 INFO  - Received message from cell from WeatherServer (at simulation time 958.300,000,000 s)
2022-06-15 10:59:09,623 INFO  - Processing DEN message (at simulation time 958.300,000,000 s)
2022-06-15 10:59:09,623 INFO  - Route already changed (at simulation time 958.300,000,000 s)
2022-06-15 10:59:09,625 INFO  - Received message from cell from WeatherServer (at simulation time 960.300,000,000 s)
2022-06-15 10:59:09,625 INFO  - Processing DEN message (at simulation time 960.300,000,000 s)
2022-06-15 10:59:09,625 INFO  - Route already changed (at simulation time 960.300,000,000 s)
2022-06-15 10:59:09,627 INFO  - Received message from cell from WeatherServer (at simulation time 962.300,000,000 s)
2022-06-15 10:59:09,627 INFO  - Processing DEN message (at simulation time 962.300,000,000 s)
2022-06-15 10:59:09,627 INFO  - Route already changed (at simulation time 962.300,000,000 s)
2022-06-15 10:59:09,631 INFO  - Received message from cell from WeatherServer (at simulation time 964.300,000,000 s)
2022-06-15 10:59:09,631 INFO  - Processing DEN message (at simulation time 964.300,000,000 s)
2022-06-15 10:59:09,631 INFO  - Route already changed (at simulation time 964.300,000,000 s)
2022-06-15 10:59:09,633 INFO  - Received message from cell from WeatherServer (at simulation time 966.300,000,000 s)
2022-06-15 10:59:09,633 INFO  - Processing DEN message (at simulation time 966.300,000,000 s)
2022-06-15 10:59:09,633 INFO  - Route already changed (at simulation time 966.300,000,000 s)
2022-06-15 10:59:09,635 INFO  - Received message from cell from WeatherServer (at simulation time 968.300,000,000 s)
2022-06-15 10:59:09,635 INFO  - Processing DEN message (at simulation time 968.300,000,000 s)
2022-06-15 10:59:09,635 INFO  - Route already changed (at simulation time 968.300,000,000 s)
2022-06-15 10:59:09,637 INFO  - Received message from cell from WeatherServer (at simulation time 970.300,000,000 s)
2022-06-15 10:59:09,637 INFO  - Processing DEN message (at simulation time 970.300,000,000 s)
2022-06-15 10:59:09,637 INFO  - Route already changed (at simulation time 970.300,000,000 s)
2022-06-15 10:59:09,638 INFO  - Received message from cell from WeatherServer (at simulation time 972.300,000,000 s)
2022-06-15 10:59:09,638 INFO  - Processing DEN message (at simulation time 972.300,000,000 s)
2022-06-15 10:59:09,638 INFO  - Route already changed (at simulation time 972.300,000,000 s)
2022-06-15 10:59:09,640 INFO  - Received message from cell from WeatherServer (at simulation time 974.300,000,000 s)
2022-06-15 10:59:09,640 INFO  - Processing DEN message (at simulation time 974.300,000,000 s)
2022-06-15 10:59:09,640 INFO  - Route already changed (at simulation time 974.300,000,000 s)
2022-06-15 10:59:09,642 INFO  - Received message from cell from WeatherServer (at simulation time 976.300,000,000 s)
2022-06-15 10:59:09,642 INFO  - Processing DEN message (at simulation time 976.300,000,000 s)
2022-06-15 10:59:09,642 INFO  - Route already changed (at simulation time 976.300,000,000 s)
2022-06-15 10:59:09,643 INFO  - Received message from cell from WeatherServer (at simulation time 978.300,000,000 s)
2022-06-15 10:59:09,643 INFO  - Processing DEN message (at simulation time 978.300,000,000 s)
2022-06-15 10:59:09,643 INFO  - Route already changed (at simulation time 978.300,000,000 s)
2022-06-15 10:59:09,645 INFO  - Received message from cell from WeatherServer (at simulation time 980.300,000,000 s)
2022-06-15 10:59:09,645 INFO  - Processing DEN message (at simulation time 980.300,000,000 s)
2022-06-15 10:59:09,645 INFO  - Route already changed (at simulation time 980.300,000,000 s)
2022-06-15 10:59:09,646 INFO  - Received message from cell from WeatherServer (at simulation time 982.300,000,000 s)
2022-06-15 10:59:09,646 INFO  - Processing DEN message (at simulation time 982.300,000,000 s)
2022-06-15 10:59:09,646 INFO  - Route already changed (at simulation time 982.300,000,000 s)
2022-06-15 10:59:09,648 INFO  - Received message from cell from WeatherServer (at simulation time 984.300,000,000 s)
2022-06-15 10:59:09,648 INFO  - Processing DEN message (at simulation time 984.300,000,000 s)
2022-06-15 10:59:09,648 INFO  - Route already changed (at simulation time 984.300,000,000 s)
2022-06-15 10:59:09,649 INFO  - Received message from cell from WeatherServer (at simulation time 986.300,000,000 s)
2022-06-15 10:59:09,649 INFO  - Processing DEN message (at simulation time 986.300,000,000 s)
2022-06-15 10:59:09,649 INFO  - Route already changed (at simulation time 986.300,000,000 s)
2022-06-15 10:59:09,651 INFO  - Received message from cell from WeatherServer (at simulation time 988.300,000,000 s)
2022-06-15 10:59:09,651 INFO  - Processing DEN message (at simulation time 988.300,000,000 s)
2022-06-15 10:59:09,651 INFO  - Route already changed (at simulation time 988.300,000,000 s)
2022-06-15 10:59:09,652 INFO  - Received message from cell from WeatherServer (at simulation time 990.300,000,000 s)
2022-06-15 10:59:09,652 INFO  - Processing DEN message (at simulation time 990.300,000,000 s)
2022-06-15 10:59:09,652 INFO  - Route already changed (at simulation time 990.300,000,000 s)
2022-06-15 10:59:09,804 INFO  - Shutdown application (at simulation time 1000.000,000,000 s)
