2022-06-15 10:58:59,126 INFO  - Initialize WeatherServer application (at simulation time 0.000,000,000 s)
2022-06-15 10:58:59,130 INFO  - Setup weather server server_0 at time 0 (at simulation time 0.000,000,000 s)
2022-06-15 10:58:59,130 INFO  - Activated Cell Module (at simulation time 0.000,000,000 s)
2022-06-15 10:58:59,131 INFO  - Sent DENM (at simulation time 0.000,000,000 s)
2022-06-15 10:58:59,138 INFO  - Sent DENM (at simulation time 2.000,000,000 s)
2022-06-15 10:58:59,140 INFO  - Sent DENM (at simulation time 4.000,000,000 s)
2022-06-15 10:58:59,156 INFO  - Sent DENM (at simulation time 6.000,000,000 s)
2022-06-15 10:58:59,190 INFO  - Sent DENM (at simulation time 8.000,000,000 s)
2022-06-15 10:58:59,199 INFO  - Sent DENM (at simulation time 10.000,000,000 s)
2022-06-15 10:58:59,212 INFO  - Sent DENM (at simulation time 12.000,000,000 s)
2022-06-15 10:58:59,225 INFO  - Sent DENM (at simulation time 14.000,000,000 s)
2022-06-15 10:58:59,243 INFO  - Sent DENM (at simulation time 16.000,000,000 s)
2022-06-15 10:58:59,253 INFO  - Sent DENM (at simulation time 18.000,000,000 s)
2022-06-15 10:58:59,263 INFO  - Sent DENM (at simulation time 20.000,000,000 s)
2022-06-15 10:58:59,277 INFO  - Sent DENM (at simulation time 22.000,000,000 s)
2022-06-15 10:58:59,294 INFO  - Sent DENM (at simulation time 24.000,000,000 s)
2022-06-15 10:58:59,304 INFO  - Sent DENM (at simulation time 26.000,000,000 s)
2022-06-15 10:58:59,317 INFO  - Sent DENM (at simulation time 28.000,000,000 s)
2022-06-15 10:58:59,323 INFO  - Sent DENM (at simulation time 30.000,000,000 s)
2022-06-15 10:58:59,333 INFO  - Sent DENM (at simulation time 32.000,000,000 s)
2022-06-15 10:58:59,342 INFO  - Sent DENM (at simulation time 34.000,000,000 s)
2022-06-15 10:58:59,354 INFO  - Sent DENM (at simulation time 36.000,000,000 s)
2022-06-15 10:58:59,360 INFO  - Sent DENM (at simulation time 38.000,000,000 s)
2022-06-15 10:58:59,367 INFO  - Sent DENM (at simulation time 40.000,000,000 s)
2022-06-15 10:58:59,375 INFO  - Sent DENM (at simulation time 42.000,000,000 s)
2022-06-15 10:58:59,385 INFO  - Sent DENM (at simulation time 44.000,000,000 s)
2022-06-15 10:58:59,394 INFO  - Sent DENM (at simulation time 46.000,000,000 s)
2022-06-15 10:58:59,407 INFO  - Sent DENM (at simulation time 48.000,000,000 s)
2022-06-15 10:58:59,413 INFO  - Sent DENM (at simulation time 50.000,000,000 s)
2022-06-15 10:58:59,420 INFO  - Sent DENM (at simulation time 52.000,000,000 s)
2022-06-15 10:58:59,429 INFO  - Sent DENM (at simulation time 54.000,000,000 s)
2022-06-15 10:58:59,439 INFO  - Sent DENM (at simulation time 56.000,000,000 s)
2022-06-15 10:58:59,444 INFO  - Sent DENM (at simulation time 58.000,000,000 s)
2022-06-15 10:58:59,451 INFO  - Sent DENM (at simulation time 60.000,000,000 s)
2022-06-15 10:58:59,459 INFO  - Sent DENM (at simulation time 62.000,000,000 s)
2022-06-15 10:58:59,469 INFO  - Sent DENM (at simulation time 64.000,000,000 s)
2022-06-15 10:58:59,477 INFO  - Sent DENM (at simulation time 66.000,000,000 s)
2022-06-15 10:58:59,487 INFO  - Sent DENM (at simulation time 68.000,000,000 s)
2022-06-15 10:58:59,494 INFO  - Sent DENM (at simulation time 70.000,000,000 s)
2022-06-15 10:58:59,502 INFO  - Sent DENM (at simulation time 72.000,000,000 s)
2022-06-15 10:58:59,510 INFO  - Sent DENM (at simulation time 74.000,000,000 s)
2022-06-15 10:58:59,519 INFO  - Sent DENM (at simulation time 76.000,000,000 s)
2022-06-15 10:58:59,526 INFO  - Sent DENM (at simulation time 78.000,000,000 s)
2022-06-15 10:58:59,535 INFO  - Sent DENM (at simulation time 80.000,000,000 s)
2022-06-15 10:58:59,545 INFO  - Sent DENM (at simulation time 82.000,000,000 s)
2022-06-15 10:58:59,617 INFO  - Sent DENM (at simulation time 84.000,000,000 s)
2022-06-15 10:58:59,637 INFO  - Sent DENM (at simulation time 86.000,000,000 s)
2022-06-15 10:58:59,653 INFO  - Sent DENM (at simulation time 88.000,000,000 s)
2022-06-15 10:58:59,669 INFO  - Sent DENM (at simulation time 90.000,000,000 s)
2022-06-15 10:58:59,683 INFO  - Sent DENM (at simulation time 92.000,000,000 s)
2022-06-15 10:58:59,704 INFO  - Sent DENM (at simulation time 94.000,000,000 s)
2022-06-15 10:58:59,723 INFO  - Sent DENM (at simulation time 96.000,000,000 s)
2022-06-15 10:58:59,741 INFO  - Sent DENM (at simulation time 98.000,000,000 s)
2022-06-15 10:58:59,758 INFO  - Sent DENM (at simulation time 100.000,000,000 s)
2022-06-15 10:58:59,780 INFO  - Sent DENM (at simulation time 102.000,000,000 s)
2022-06-15 10:58:59,801 INFO  - Sent DENM (at simulation time 104.000,000,000 s)
2022-06-15 10:58:59,825 INFO  - Sent DENM (at simulation time 106.000,000,000 s)
2022-06-15 10:58:59,845 INFO  - Sent DENM (at simulation time 108.000,000,000 s)
2022-06-15 10:58:59,866 INFO  - Sent DENM (at simulation time 110.000,000,000 s)
2022-06-15 10:58:59,887 INFO  - Sent DENM (at simulation time 112.000,000,000 s)
2022-06-15 10:58:59,914 INFO  - Sent DENM (at simulation time 114.000,000,000 s)
2022-06-15 10:58:59,937 INFO  - Sent DENM (at simulation time 116.000,000,000 s)
2022-06-15 10:58:59,962 INFO  - Sent DENM (at simulation time 118.000,000,000 s)
2022-06-15 10:58:59,986 INFO  - Sent DENM (at simulation time 120.000,000,000 s)
2022-06-15 10:59:00,019 INFO  - Sent DENM (at simulation time 122.000,000,000 s)
2022-06-15 10:59:00,051 INFO  - Sent DENM (at simulation time 124.000,000,000 s)
2022-06-15 10:59:00,082 INFO  - Sent DENM (at simulation time 126.000,000,000 s)
2022-06-15 10:59:00,110 INFO  - Sent DENM (at simulation time 128.000,000,000 s)
2022-06-15 10:59:00,136 INFO  - Sent DENM (at simulation time 130.000,000,000 s)
2022-06-15 10:59:00,163 INFO  - Sent DENM (at simulation time 132.000,000,000 s)
2022-06-15 10:59:00,190 INFO  - Sent DENM (at simulation time 134.000,000,000 s)
2022-06-15 10:59:00,215 INFO  - Sent DENM (at simulation time 136.000,000,000 s)
2022-06-15 10:59:00,238 INFO  - Sent DENM (at simulation time 138.000,000,000 s)
2022-06-15 10:59:00,259 INFO  - Sent DENM (at simulation time 140.000,000,000 s)
2022-06-15 10:59:00,285 INFO  - Sent DENM (at simulation time 142.000,000,000 s)
2022-06-15 10:59:00,311 INFO  - Sent DENM (at simulation time 144.000,000,000 s)
2022-06-15 10:59:00,337 INFO  - Sent DENM (at simulation time 146.000,000,000 s)
2022-06-15 10:59:00,361 INFO  - Sent DENM (at simulation time 148.000,000,000 s)
2022-06-15 10:59:00,385 INFO  - Sent DENM (at simulation time 150.000,000,000 s)
2022-06-15 10:59:00,410 INFO  - Sent DENM (at simulation time 152.000,000,000 s)
2022-06-15 10:59:00,439 INFO  - Sent DENM (at simulation time 154.000,000,000 s)
2022-06-15 10:59:00,465 INFO  - Sent DENM (at simulation time 156.000,000,000 s)
2022-06-15 10:59:00,489 INFO  - Sent DENM (at simulation time 158.000,000,000 s)
2022-06-15 10:59:00,512 INFO  - Sent DENM (at simulation time 160.000,000,000 s)
2022-06-15 10:59:00,542 INFO  - Sent DENM (at simulation time 162.000,000,000 s)
2022-06-15 10:59:00,569 INFO  - Sent DENM (at simulation time 164.000,000,000 s)
2022-06-15 10:59:00,601 INFO  - Sent DENM (at simulation time 166.000,000,000 s)
2022-06-15 10:59:00,631 INFO  - Sent DENM (at simulation time 168.000,000,000 s)
2022-06-15 10:59:00,659 INFO  - Sent DENM (at simulation time 170.000,000,000 s)
2022-06-15 10:59:00,684 INFO  - Sent DENM (at simulation time 172.000,000,000 s)
2022-06-15 10:59:00,716 INFO  - Sent DENM (at simulation time 174.000,000,000 s)
2022-06-15 10:59:00,748 INFO  - Sent DENM (at simulation time 176.000,000,000 s)
2022-06-15 10:59:00,772 INFO  - Sent DENM (at simulation time 178.000,000,000 s)
2022-06-15 10:59:00,802 INFO  - Sent DENM (at simulation time 180.000,000,000 s)
2022-06-15 10:59:00,831 INFO  - Sent DENM (at simulation time 182.000,000,000 s)
2022-06-15 10:59:00,859 INFO  - Sent DENM (at simulation time 184.000,000,000 s)
2022-06-15 10:59:00,890 INFO  - Sent DENM (at simulation time 186.000,000,000 s)
2022-06-15 10:59:00,919 INFO  - Sent DENM (at simulation time 188.000,000,000 s)
2022-06-15 10:59:00,949 INFO  - Sent DENM (at simulation time 190.000,000,000 s)
2022-06-15 10:59:00,973 INFO  - Sent DENM (at simulation time 192.000,000,000 s)
2022-06-15 10:59:01,000 INFO  - Sent DENM (at simulation time 194.000,000,000 s)
2022-06-15 10:59:01,033 INFO  - Sent DENM (at simulation time 196.000,000,000 s)
2022-06-15 10:59:01,058 INFO  - Sent DENM (at simulation time 198.000,000,000 s)
2022-06-15 10:59:01,088 INFO  - Sent DENM (at simulation time 200.000,000,000 s)
2022-06-15 10:59:01,115 INFO  - Sent DENM (at simulation time 202.000,000,000 s)
2022-06-15 10:59:01,143 INFO  - Sent DENM (at simulation time 204.000,000,000 s)
2022-06-15 10:59:01,176 INFO  - Sent DENM (at simulation time 206.000,000,000 s)
2022-06-15 10:59:01,204 INFO  - Sent DENM (at simulation time 208.000,000,000 s)
2022-06-15 10:59:01,239 INFO  - Sent DENM (at simulation time 210.000,000,000 s)
2022-06-15 10:59:01,267 INFO  - Sent DENM (at simulation time 212.000,000,000 s)
2022-06-15 10:59:01,298 INFO  - Sent DENM (at simulation time 214.000,000,000 s)
2022-06-15 10:59:01,333 INFO  - Sent DENM (at simulation time 216.000,000,000 s)
2022-06-15 10:59:01,361 INFO  - Sent DENM (at simulation time 218.000,000,000 s)
2022-06-15 10:59:01,392 INFO  - Sent DENM (at simulation time 220.000,000,000 s)
2022-06-15 10:59:01,420 INFO  - Sent DENM (at simulation time 222.000,000,000 s)
2022-06-15 10:59:01,451 INFO  - Sent DENM (at simulation time 224.000,000,000 s)
2022-06-15 10:59:01,486 INFO  - Sent DENM (at simulation time 226.000,000,000 s)
2022-06-15 10:59:01,524 INFO  - Sent DENM (at simulation time 228.000,000,000 s)
2022-06-15 10:59:01,555 INFO  - Sent DENM (at simulation time 230.000,000,000 s)
2022-06-15 10:59:01,585 INFO  - Sent DENM (at simulation time 232.000,000,000 s)
2022-06-15 10:59:01,618 INFO  - Sent DENM (at simulation time 234.000,000,000 s)
2022-06-15 10:59:01,653 INFO  - Sent DENM (at simulation time 236.000,000,000 s)
2022-06-15 10:59:01,682 INFO  - Sent DENM (at simulation time 238.000,000,000 s)
2022-06-15 10:59:01,721 INFO  - Sent DENM (at simulation time 240.000,000,000 s)
2022-06-15 10:59:01,754 INFO  - Sent DENM (at simulation time 242.000,000,000 s)
2022-06-15 10:59:01,789 INFO  - Sent DENM (at simulation time 244.000,000,000 s)
2022-06-15 10:59:01,824 INFO  - Sent DENM (at simulation time 246.000,000,000 s)
2022-06-15 10:59:01,858 INFO  - Sent DENM (at simulation time 248.000,000,000 s)
2022-06-15 10:59:01,891 INFO  - Sent DENM (at simulation time 250.000,000,000 s)
2022-06-15 10:59:01,922 INFO  - Sent DENM (at simulation time 252.000,000,000 s)
2022-06-15 10:59:01,955 INFO  - Sent DENM (at simulation time 254.000,000,000 s)
2022-06-15 10:59:01,993 INFO  - Sent DENM (at simulation time 256.000,000,000 s)
2022-06-15 10:59:02,025 INFO  - Sent DENM (at simulation time 258.000,000,000 s)
2022-06-15 10:59:02,061 INFO  - Sent DENM (at simulation time 260.000,000,000 s)
2022-06-15 10:59:02,095 INFO  - Sent DENM (at simulation time 262.000,000,000 s)
2022-06-15 10:59:02,130 INFO  - Sent DENM (at simulation time 264.000,000,000 s)
2022-06-15 10:59:02,172 INFO  - Sent DENM (at simulation time 266.000,000,000 s)
2022-06-15 10:59:02,207 INFO  - Sent DENM (at simulation time 268.000,000,000 s)
2022-06-15 10:59:02,244 INFO  - Sent DENM (at simulation time 270.000,000,000 s)
2022-06-15 10:59:02,278 INFO  - Sent DENM (at simulation time 272.000,000,000 s)
2022-06-15 10:59:02,313 INFO  - Sent DENM (at simulation time 274.000,000,000 s)
2022-06-15 10:59:02,355 INFO  - Sent DENM (at simulation time 276.000,000,000 s)
2022-06-15 10:59:02,387 INFO  - Sent DENM (at simulation time 278.000,000,000 s)
2022-06-15 10:59:02,425 INFO  - Sent DENM (at simulation time 280.000,000,000 s)
2022-06-15 10:59:02,461 INFO  - Sent DENM (at simulation time 282.000,000,000 s)
2022-06-15 10:59:02,497 INFO  - Sent DENM (at simulation time 284.000,000,000 s)
2022-06-15 10:59:02,535 INFO  - Sent DENM (at simulation time 286.000,000,000 s)
2022-06-15 10:59:02,571 INFO  - Sent DENM (at simulation time 288.000,000,000 s)
2022-06-15 10:59:02,605 INFO  - Sent DENM (at simulation time 290.000,000,000 s)
2022-06-15 10:59:02,641 INFO  - Sent DENM (at simulation time 292.000,000,000 s)
2022-06-15 10:59:02,675 INFO  - Sent DENM (at simulation time 294.000,000,000 s)
2022-06-15 10:59:02,714 INFO  - Sent DENM (at simulation time 296.000,000,000 s)
2022-06-15 10:59:02,744 INFO  - Sent DENM (at simulation time 298.000,000,000 s)
2022-06-15 10:59:02,778 INFO  - Sent DENM (at simulation time 300.000,000,000 s)
2022-06-15 10:59:02,811 INFO  - Sent DENM (at simulation time 302.000,000,000 s)
2022-06-15 10:59:02,845 INFO  - Sent DENM (at simulation time 304.000,000,000 s)
2022-06-15 10:59:02,871 INFO  - Sent DENM (at simulation time 306.000,000,000 s)
2022-06-15 10:59:02,901 INFO  - Sent DENM (at simulation time 308.000,000,000 s)
2022-06-15 10:59:02,930 INFO  - Sent DENM (at simulation time 310.000,000,000 s)
2022-06-15 10:59:02,955 INFO  - Sent DENM (at simulation time 312.000,000,000 s)
2022-06-15 10:59:02,987 INFO  - Sent DENM (at simulation time 314.000,000,000 s)
2022-06-15 10:59:03,015 INFO  - Sent DENM (at simulation time 316.000,000,000 s)
2022-06-15 10:59:03,034 INFO  - Sent DENM (at simulation time 318.000,000,000 s)
2022-06-15 10:59:03,057 INFO  - Sent DENM (at simulation time 320.000,000,000 s)
2022-06-15 10:59:03,078 INFO  - Sent DENM (at simulation time 322.000,000,000 s)
2022-06-15 10:59:03,101 INFO  - Sent DENM (at simulation time 324.000,000,000 s)
2022-06-15 10:59:03,119 INFO  - Sent DENM (at simulation time 326.000,000,000 s)
2022-06-15 10:59:03,140 INFO  - Sent DENM (at simulation time 328.000,000,000 s)
2022-06-15 10:59:03,154 INFO  - Sent DENM (at simulation time 330.000,000,000 s)
2022-06-15 10:59:03,169 INFO  - Sent DENM (at simulation time 332.000,000,000 s)
2022-06-15 10:59:03,185 INFO  - Sent DENM (at simulation time 334.000,000,000 s)
2022-06-15 10:59:03,201 INFO  - Sent DENM (at simulation time 336.000,000,000 s)
2022-06-15 10:59:03,216 INFO  - Sent DENM (at simulation time 338.000,000,000 s)
2022-06-15 10:59:03,231 INFO  - Sent DENM (at simulation time 340.000,000,000 s)
2022-06-15 10:59:03,248 INFO  - Sent DENM (at simulation time 342.000,000,000 s)
2022-06-15 10:59:03,265 INFO  - Sent DENM (at simulation time 344.000,000,000 s)
2022-06-15 10:59:03,281 INFO  - Sent DENM (at simulation time 346.000,000,000 s)
2022-06-15 10:59:03,298 INFO  - Sent DENM (at simulation time 348.000,000,000 s)
2022-06-15 10:59:03,311 INFO  - Sent DENM (at simulation time 350.000,000,000 s)
2022-06-15 10:59:03,326 INFO  - Sent DENM (at simulation time 352.000,000,000 s)
2022-06-15 10:59:03,343 INFO  - Sent DENM (at simulation time 354.000,000,000 s)
2022-06-15 10:59:03,359 INFO  - Sent DENM (at simulation time 356.000,000,000 s)
2022-06-15 10:59:03,373 INFO  - Sent DENM (at simulation time 358.000,000,000 s)
2022-06-15 10:59:03,390 INFO  - Sent DENM (at simulation time 360.000,000,000 s)
2022-06-15 10:59:03,407 INFO  - Sent DENM (at simulation time 362.000,000,000 s)
2022-06-15 10:59:03,425 INFO  - Sent DENM (at simulation time 364.000,000,000 s)
2022-06-15 10:59:03,442 INFO  - Sent DENM (at simulation time 366.000,000,000 s)
2022-06-15 10:59:03,461 INFO  - Sent DENM (at simulation time 368.000,000,000 s)
2022-06-15 10:59:03,476 INFO  - Sent DENM (at simulation time 370.000,000,000 s)
2022-06-15 10:59:03,491 INFO  - Sent DENM (at simulation time 372.000,000,000 s)
2022-06-15 10:59:03,507 INFO  - Sent DENM (at simulation time 374.000,000,000 s)
2022-06-15 10:59:03,525 INFO  - Sent DENM (at simulation time 376.000,000,000 s)
2022-06-15 10:59:03,540 INFO  - Sent DENM (at simulation time 378.000,000,000 s)
2022-06-15 10:59:03,604 INFO  - Sent DENM (at simulation time 380.000,000,000 s)
2022-06-15 10:59:03,635 INFO  - Sent DENM (at simulation time 382.000,000,000 s)
2022-06-15 10:59:03,671 INFO  - Sent DENM (at simulation time 384.000,000,000 s)
2022-06-15 10:59:03,706 INFO  - Sent DENM (at simulation time 386.000,000,000 s)
2022-06-15 10:59:03,740 INFO  - Sent DENM (at simulation time 388.000,000,000 s)
2022-06-15 10:59:03,775 INFO  - Sent DENM (at simulation time 390.000,000,000 s)
2022-06-15 10:59:03,814 INFO  - Sent DENM (at simulation time 392.000,000,000 s)
2022-06-15 10:59:03,855 INFO  - Sent DENM (at simulation time 394.000,000,000 s)
2022-06-15 10:59:03,895 INFO  - Sent DENM (at simulation time 396.000,000,000 s)
2022-06-15 10:59:03,938 INFO  - Sent DENM (at simulation time 398.000,000,000 s)
2022-06-15 10:59:03,980 INFO  - Sent DENM (at simulation time 400.000,000,000 s)
2022-06-15 10:59:04,031 INFO  - Sent DENM (at simulation time 402.000,000,000 s)
2022-06-15 10:59:04,085 INFO  - Sent DENM (at simulation time 404.000,000,000 s)
2022-06-15 10:59:04,140 INFO  - Sent DENM (at simulation time 406.000,000,000 s)
2022-06-15 10:59:04,186 INFO  - Sent DENM (at simulation time 408.000,000,000 s)
2022-06-15 10:59:04,237 INFO  - Sent DENM (at simulation time 410.000,000,000 s)
2022-06-15 10:59:04,291 INFO  - Sent DENM (at simulation time 412.000,000,000 s)
2022-06-15 10:59:04,344 INFO  - Sent DENM (at simulation time 414.000,000,000 s)
2022-06-15 10:59:04,399 INFO  - Sent DENM (at simulation time 416.000,000,000 s)
2022-06-15 10:59:04,457 INFO  - Sent DENM (at simulation time 418.000,000,000 s)
2022-06-15 10:59:04,513 INFO  - Sent DENM (at simulation time 420.000,000,000 s)
2022-06-15 10:59:04,575 INFO  - Sent DENM (at simulation time 422.000,000,000 s)
2022-06-15 10:59:04,631 INFO  - Sent DENM (at simulation time 424.000,000,000 s)
2022-06-15 10:59:04,687 INFO  - Sent DENM (at simulation time 426.000,000,000 s)
2022-06-15 10:59:04,744 INFO  - Sent DENM (at simulation time 428.000,000,000 s)
2022-06-15 10:59:04,800 INFO  - Sent DENM (at simulation time 430.000,000,000 s)
2022-06-15 10:59:04,852 INFO  - Sent DENM (at simulation time 432.000,000,000 s)
2022-06-15 10:59:04,904 INFO  - Sent DENM (at simulation time 434.000,000,000 s)
2022-06-15 10:59:04,955 INFO  - Sent DENM (at simulation time 436.000,000,000 s)
2022-06-15 10:59:05,013 INFO  - Sent DENM (at simulation time 438.000,000,000 s)
2022-06-15 10:59:05,070 INFO  - Sent DENM (at simulation time 440.000,000,000 s)
2022-06-15 10:59:05,123 INFO  - Sent DENM (at simulation time 442.000,000,000 s)
2022-06-15 10:59:05,172 INFO  - Sent DENM (at simulation time 444.000,000,000 s)
2022-06-15 10:59:05,223 INFO  - Sent DENM (at simulation time 446.000,000,000 s)
2022-06-15 10:59:05,272 INFO  - Sent DENM (at simulation time 448.000,000,000 s)
2022-06-15 10:59:05,323 INFO  - Sent DENM (at simulation time 450.000,000,000 s)
2022-06-15 10:59:05,372 INFO  - Sent DENM (at simulation time 452.000,000,000 s)
2022-06-15 10:59:05,427 INFO  - Sent DENM (at simulation time 454.000,000,000 s)
2022-06-15 10:59:05,478 INFO  - Sent DENM (at simulation time 456.000,000,000 s)
2022-06-15 10:59:05,529 INFO  - Sent DENM (at simulation time 458.000,000,000 s)
2022-06-15 10:59:05,580 INFO  - Sent DENM (at simulation time 460.000,000,000 s)
2022-06-15 10:59:05,632 INFO  - Sent DENM (at simulation time 462.000,000,000 s)
2022-06-15 10:59:05,681 INFO  - Sent DENM (at simulation time 464.000,000,000 s)
2022-06-15 10:59:05,731 INFO  - Sent DENM (at simulation time 466.000,000,000 s)
2022-06-15 10:59:05,782 INFO  - Sent DENM (at simulation time 468.000,000,000 s)
2022-06-15 10:59:05,834 INFO  - Sent DENM (at simulation time 470.000,000,000 s)
2022-06-15 10:59:05,886 INFO  - Sent DENM (at simulation time 472.000,000,000 s)
2022-06-15 10:59:05,935 INFO  - Sent DENM (at simulation time 474.000,000,000 s)
2022-06-15 10:59:05,984 INFO  - Sent DENM (at simulation time 476.000,000,000 s)
2022-06-15 10:59:06,033 INFO  - Sent DENM (at simulation time 478.000,000,000 s)
2022-06-15 10:59:06,076 INFO  - Sent DENM (at simulation time 480.000,000,000 s)
2022-06-15 10:59:06,125 INFO  - Sent DENM (at simulation time 482.000,000,000 s)
2022-06-15 10:59:06,173 INFO  - Sent DENM (at simulation time 484.000,000,000 s)
2022-06-15 10:59:06,223 INFO  - Sent DENM (at simulation time 486.000,000,000 s)
2022-06-15 10:59:06,269 INFO  - Sent DENM (at simulation time 488.000,000,000 s)
2022-06-15 10:59:06,320 INFO  - Sent DENM (at simulation time 490.000,000,000 s)
2022-06-15 10:59:06,367 INFO  - Sent DENM (at simulation time 492.000,000,000 s)
2022-06-15 10:59:06,415 INFO  - Sent DENM (at simulation time 494.000,000,000 s)
2022-06-15 10:59:06,462 INFO  - Sent DENM (at simulation time 496.000,000,000 s)
2022-06-15 10:59:06,509 INFO  - Sent DENM (at simulation time 498.000,000,000 s)
2022-06-15 10:59:06,555 INFO  - Sent DENM (at simulation time 500.000,000,000 s)
2022-06-15 10:59:06,599 INFO  - Sent DENM (at simulation time 502.000,000,000 s)
2022-06-15 10:59:06,648 INFO  - Sent DENM (at simulation time 504.000,000,000 s)
2022-06-15 10:59:06,693 INFO  - Sent DENM (at simulation time 506.000,000,000 s)
2022-06-15 10:59:06,739 INFO  - Sent DENM (at simulation time 508.000,000,000 s)
2022-06-15 10:59:06,783 INFO  - Sent DENM (at simulation time 510.000,000,000 s)
2022-06-15 10:59:06,829 INFO  - Sent DENM (at simulation time 512.000,000,000 s)
2022-06-15 10:59:06,879 INFO  - Sent DENM (at simulation time 514.000,000,000 s)
2022-06-15 10:59:06,923 INFO  - Sent DENM (at simulation time 516.000,000,000 s)
2022-06-15 10:59:06,967 INFO  - Sent DENM (at simulation time 518.000,000,000 s)
2022-06-15 10:59:07,010 INFO  - Sent DENM (at simulation time 520.000,000,000 s)
2022-06-15 10:59:07,055 INFO  - Sent DENM (at simulation time 522.000,000,000 s)
2022-06-15 10:59:07,097 INFO  - Sent DENM (at simulation time 524.000,000,000 s)
2022-06-15 10:59:07,141 INFO  - Sent DENM (at simulation time 526.000,000,000 s)
2022-06-15 10:59:07,188 INFO  - Sent DENM (at simulation time 528.000,000,000 s)
2022-06-15 10:59:07,230 INFO  - Sent DENM (at simulation time 530.000,000,000 s)
2022-06-15 10:59:07,274 INFO  - Sent DENM (at simulation time 532.000,000,000 s)
2022-06-15 10:59:07,315 INFO  - Sent DENM (at simulation time 534.000,000,000 s)
2022-06-15 10:59:07,361 INFO  - Sent DENM (at simulation time 536.000,000,000 s)
2022-06-15 10:59:07,405 INFO  - Sent DENM (at simulation time 538.000,000,000 s)
2022-06-15 10:59:07,447 INFO  - Sent DENM (at simulation time 540.000,000,000 s)
2022-06-15 10:59:07,490 INFO  - Sent DENM (at simulation time 542.000,000,000 s)
2022-06-15 10:59:07,533 INFO  - Sent DENM (at simulation time 544.000,000,000 s)
2022-06-15 10:59:07,574 INFO  - Sent DENM (at simulation time 546.000,000,000 s)
2022-06-15 10:59:07,614 INFO  - Sent DENM (at simulation time 548.000,000,000 s)
2022-06-15 10:59:07,654 INFO  - Sent DENM (at simulation time 550.000,000,000 s)
2022-06-15 10:59:07,694 INFO  - Sent DENM (at simulation time 552.000,000,000 s)
2022-06-15 10:59:07,737 INFO  - Sent DENM (at simulation time 554.000,000,000 s)
2022-06-15 10:59:07,776 INFO  - Sent DENM (at simulation time 556.000,000,000 s)
2022-06-15 10:59:07,818 INFO  - Sent DENM (at simulation time 558.000,000,000 s)
2022-06-15 10:59:07,858 INFO  - Sent DENM (at simulation time 560.000,000,000 s)
2022-06-15 10:59:07,901 INFO  - Sent DENM (at simulation time 562.000,000,000 s)
2022-06-15 10:59:07,941 INFO  - Sent DENM (at simulation time 564.000,000,000 s)
2022-06-15 10:59:07,982 INFO  - Sent DENM (at simulation time 566.000,000,000 s)
2022-06-15 10:59:08,021 INFO  - Sent DENM (at simulation time 568.000,000,000 s)
2022-06-15 10:59:08,062 INFO  - Sent DENM (at simulation time 570.000,000,000 s)
2022-06-15 10:59:08,102 INFO  - Sent DENM (at simulation time 572.000,000,000 s)
2022-06-15 10:59:08,143 INFO  - Sent DENM (at simulation time 574.000,000,000 s)
2022-06-15 10:59:08,183 INFO  - Sent DENM (at simulation time 576.000,000,000 s)
2022-06-15 10:59:08,223 INFO  - Sent DENM (at simulation time 578.000,000,000 s)
2022-06-15 10:59:08,260 INFO  - Sent DENM (at simulation time 580.000,000,000 s)
2022-06-15 10:59:08,294 INFO  - Sent DENM (at simulation time 582.000,000,000 s)
2022-06-15 10:59:08,331 INFO  - Sent DENM (at simulation time 584.000,000,000 s)
2022-06-15 10:59:08,362 INFO  - Sent DENM (at simulation time 586.000,000,000 s)
2022-06-15 10:59:08,391 INFO  - Sent DENM (at simulation time 588.000,000,000 s)
2022-06-15 10:59:08,420 INFO  - Sent DENM (at simulation time 590.000,000,000 s)
2022-06-15 10:59:08,449 INFO  - Sent DENM (at simulation time 592.000,000,000 s)
2022-06-15 10:59:08,477 INFO  - Sent DENM (at simulation time 594.000,000,000 s)
2022-06-15 10:59:08,506 INFO  - Sent DENM (at simulation time 596.000,000,000 s)
2022-06-15 10:59:08,532 INFO  - Sent DENM (at simulation time 598.000,000,000 s)
2022-06-15 10:59:08,554 INFO  - Sent DENM (at simulation time 600.000,000,000 s)
2022-06-15 10:59:08,581 INFO  - Sent DENM (at simulation time 602.000,000,000 s)
2022-06-15 10:59:08,603 INFO  - Sent DENM (at simulation time 604.000,000,000 s)
2022-06-15 10:59:08,624 INFO  - Sent DENM (at simulation time 606.000,000,000 s)
2022-06-15 10:59:08,644 INFO  - Sent DENM (at simulation time 608.000,000,000 s)
2022-06-15 10:59:08,662 INFO  - Sent DENM (at simulation time 610.000,000,000 s)
2022-06-15 10:59:08,680 INFO  - Sent DENM (at simulation time 612.000,000,000 s)
2022-06-15 10:59:08,698 INFO  - Sent DENM (at simulation time 614.000,000,000 s)
2022-06-15 10:59:08,713 INFO  - Sent DENM (at simulation time 616.000,000,000 s)
2022-06-15 10:59:08,725 INFO  - Sent DENM (at simulation time 618.000,000,000 s)
2022-06-15 10:59:08,736 INFO  - Sent DENM (at simulation time 620.000,000,000 s)
2022-06-15 10:59:08,751 INFO  - Sent DENM (at simulation time 622.000,000,000 s)
2022-06-15 10:59:08,761 INFO  - Sent DENM (at simulation time 624.000,000,000 s)
2022-06-15 10:59:08,769 INFO  - Sent DENM (at simulation time 626.000,000,000 s)
2022-06-15 10:59:08,777 INFO  - Sent DENM (at simulation time 628.000,000,000 s)
2022-06-15 10:59:08,785 INFO  - Sent DENM (at simulation time 630.000,000,000 s)
2022-06-15 10:59:08,793 INFO  - Sent DENM (at simulation time 632.000,000,000 s)
2022-06-15 10:59:08,801 INFO  - Sent DENM (at simulation time 634.000,000,000 s)
2022-06-15 10:59:08,809 INFO  - Sent DENM (at simulation time 636.000,000,000 s)
2022-06-15 10:59:08,817 INFO  - Sent DENM (at simulation time 638.000,000,000 s)
2022-06-15 10:59:08,825 INFO  - Sent DENM (at simulation time 640.000,000,000 s)
2022-06-15 10:59:08,833 INFO  - Sent DENM (at simulation time 642.000,000,000 s)
2022-06-15 10:59:08,842 INFO  - Sent DENM (at simulation time 644.000,000,000 s)
2022-06-15 10:59:08,850 INFO  - Sent DENM (at simulation time 646.000,000,000 s)
2022-06-15 10:59:08,858 INFO  - Sent DENM (at simulation time 648.000,000,000 s)
2022-06-15 10:59:08,865 INFO  - Sent DENM (at simulation time 650.000,000,000 s)
2022-06-15 10:59:08,873 INFO  - Sent DENM (at simulation time 652.000,000,000 s)
2022-06-15 10:59:08,880 INFO  - Sent DENM (at simulation time 654.000,000,000 s)
2022-06-15 10:59:08,888 INFO  - Sent DENM (at simulation time 656.000,000,000 s)
2022-06-15 10:59:08,895 INFO  - Sent DENM (at simulation time 658.000,000,000 s)
2022-06-15 10:59:08,903 INFO  - Sent DENM (at simulation time 660.000,000,000 s)
2022-06-15 10:59:08,910 INFO  - Sent DENM (at simulation time 662.000,000,000 s)
2022-06-15 10:59:08,919 INFO  - Sent DENM (at simulation time 664.000,000,000 s)
2022-06-15 10:59:08,927 INFO  - Sent DENM (at simulation time 666.000,000,000 s)
2022-06-15 10:59:08,935 INFO  - Sent DENM (at simulation time 668.000,000,000 s)
2022-06-15 10:59:08,942 INFO  - Sent DENM (at simulation time 670.000,000,000 s)
2022-06-15 10:59:08,950 INFO  - Sent DENM (at simulation time 672.000,000,000 s)
2022-06-15 10:59:08,957 INFO  - Sent DENM (at simulation time 674.000,000,000 s)
2022-06-15 10:59:08,965 INFO  - Sent DENM (at simulation time 676.000,000,000 s)
2022-06-15 10:59:08,973 INFO  - Sent DENM (at simulation time 678.000,000,000 s)
2022-06-15 10:59:08,980 INFO  - Sent DENM (at simulation time 680.000,000,000 s)
2022-06-15 10:59:08,987 INFO  - Sent DENM (at simulation time 682.000,000,000 s)
2022-06-15 10:59:08,994 INFO  - Sent DENM (at simulation time 684.000,000,000 s)
2022-06-15 10:59:09,001 INFO  - Sent DENM (at simulation time 686.000,000,000 s)
2022-06-15 10:59:09,007 INFO  - Sent DENM (at simulation time 688.000,000,000 s)
2022-06-15 10:59:09,014 INFO  - Sent DENM (at simulation time 690.000,000,000 s)
2022-06-15 10:59:09,021 INFO  - Sent DENM (at simulation time 692.000,000,000 s)
2022-06-15 10:59:09,028 INFO  - Sent DENM (at simulation time 694.000,000,000 s)
2022-06-15 10:59:09,034 INFO  - Sent DENM (at simulation time 696.000,000,000 s)
2022-06-15 10:59:09,042 INFO  - Sent DENM (at simulation time 698.000,000,000 s)
2022-06-15 10:59:09,048 INFO  - Sent DENM (at simulation time 700.000,000,000 s)
2022-06-15 10:59:09,055 INFO  - Sent DENM (at simulation time 702.000,000,000 s)
2022-06-15 10:59:09,061 INFO  - Sent DENM (at simulation time 704.000,000,000 s)
2022-06-15 10:59:09,068 INFO  - Sent DENM (at simulation time 706.000,000,000 s)
2022-06-15 10:59:09,075 INFO  - Sent DENM (at simulation time 708.000,000,000 s)
2022-06-15 10:59:09,081 INFO  - Sent DENM (at simulation time 710.000,000,000 s)
2022-06-15 10:59:09,088 INFO  - Sent DENM (at simulation time 712.000,000,000 s)
2022-06-15 10:59:09,094 INFO  - Sent DENM (at simulation time 714.000,000,000 s)
2022-06-15 10:59:09,101 INFO  - Sent DENM (at simulation time 716.000,000,000 s)
2022-06-15 10:59:09,107 INFO  - Sent DENM (at simulation time 718.000,000,000 s)
2022-06-15 10:59:09,113 INFO  - Sent DENM (at simulation time 720.000,000,000 s)
2022-06-15 10:59:09,120 INFO  - Sent DENM (at simulation time 722.000,000,000 s)
2022-06-15 10:59:09,126 INFO  - Sent DENM (at simulation time 724.000,000,000 s)
2022-06-15 10:59:09,132 INFO  - Sent DENM (at simulation time 726.000,000,000 s)
2022-06-15 10:59:09,139 INFO  - Sent DENM (at simulation time 728.000,000,000 s)
2022-06-15 10:59:09,145 INFO  - Sent DENM (at simulation time 730.000,000,000 s)
2022-06-15 10:59:09,151 INFO  - Sent DENM (at simulation time 732.000,000,000 s)
2022-06-15 10:59:09,160 INFO  - Sent DENM (at simulation time 734.000,000,000 s)
2022-06-15 10:59:09,167 INFO  - Sent DENM (at simulation time 736.000,000,000 s)
2022-06-15 10:59:09,174 INFO  - Sent DENM (at simulation time 738.000,000,000 s)
2022-06-15 10:59:09,179 INFO  - Sent DENM (at simulation time 740.000,000,000 s)
2022-06-15 10:59:09,185 INFO  - Sent DENM (at simulation time 742.000,000,000 s)
2022-06-15 10:59:09,191 INFO  - Sent DENM (at simulation time 744.000,000,000 s)
2022-06-15 10:59:09,197 INFO  - Sent DENM (at simulation time 746.000,000,000 s)
2022-06-15 10:59:09,203 INFO  - Sent DENM (at simulation time 748.000,000,000 s)
2022-06-15 10:59:09,209 INFO  - Sent DENM (at simulation time 750.000,000,000 s)
2022-06-15 10:59:09,215 INFO  - Sent DENM (at simulation time 752.000,000,000 s)
2022-06-15 10:59:09,220 INFO  - Sent DENM (at simulation time 754.000,000,000 s)
2022-06-15 10:59:09,227 INFO  - Sent DENM (at simulation time 756.000,000,000 s)
2022-06-15 10:59:09,232 INFO  - Sent DENM (at simulation time 758.000,000,000 s)
2022-06-15 10:59:09,237 INFO  - Sent DENM (at simulation time 760.000,000,000 s)
2022-06-15 10:59:09,243 INFO  - Sent DENM (at simulation time 762.000,000,000 s)
2022-06-15 10:59:09,248 INFO  - Sent DENM (at simulation time 764.000,000,000 s)
2022-06-15 10:59:09,253 INFO  - Sent DENM (at simulation time 766.000,000,000 s)
2022-06-15 10:59:09,258 INFO  - Sent DENM (at simulation time 768.000,000,000 s)
2022-06-15 10:59:09,263 INFO  - Sent DENM (at simulation time 770.000,000,000 s)
2022-06-15 10:59:09,268 INFO  - Sent DENM (at simulation time 772.000,000,000 s)
2022-06-15 10:59:09,273 INFO  - Sent DENM (at simulation time 774.000,000,000 s)
2022-06-15 10:59:09,278 INFO  - Sent DENM (at simulation time 776.000,000,000 s)
2022-06-15 10:59:09,283 INFO  - Sent DENM (at simulation time 778.000,000,000 s)
2022-06-15 10:59:09,288 INFO  - Sent DENM (at simulation time 780.000,000,000 s)
2022-06-15 10:59:09,293 INFO  - Sent DENM (at simulation time 782.000,000,000 s)
2022-06-15 10:59:09,298 INFO  - Sent DENM (at simulation time 784.000,000,000 s)
2022-06-15 10:59:09,302 INFO  - Sent DENM (at simulation time 786.000,000,000 s)
2022-06-15 10:59:09,307 INFO  - Sent DENM (at simulation time 788.000,000,000 s)
2022-06-15 10:59:09,312 INFO  - Sent DENM (at simulation time 790.000,000,000 s)
2022-06-15 10:59:09,317 INFO  - Sent DENM (at simulation time 792.000,000,000 s)
2022-06-15 10:59:09,321 INFO  - Sent DENM (at simulation time 794.000,000,000 s)
2022-06-15 10:59:09,326 INFO  - Sent DENM (at simulation time 796.000,000,000 s)
2022-06-15 10:59:09,330 INFO  - Sent DENM (at simulation time 798.000,000,000 s)
2022-06-15 10:59:09,334 INFO  - Sent DENM (at simulation time 800.000,000,000 s)
2022-06-15 10:59:09,339 INFO  - Sent DENM (at simulation time 802.000,000,000 s)
2022-06-15 10:59:09,344 INFO  - Sent DENM (at simulation time 804.000,000,000 s)
2022-06-15 10:59:09,348 INFO  - Sent DENM (at simulation time 806.000,000,000 s)
2022-06-15 10:59:09,353 INFO  - Sent DENM (at simulation time 808.000,000,000 s)
2022-06-15 10:59:09,357 INFO  - Sent DENM (at simulation time 810.000,000,000 s)
2022-06-15 10:59:09,361 INFO  - Sent DENM (at simulation time 812.000,000,000 s)
2022-06-15 10:59:09,366 INFO  - Sent DENM (at simulation time 814.000,000,000 s)
2022-06-15 10:59:09,370 INFO  - Sent DENM (at simulation time 816.000,000,000 s)
2022-06-15 10:59:09,374 INFO  - Sent DENM (at simulation time 818.000,000,000 s)
2022-06-15 10:59:09,378 INFO  - Sent DENM (at simulation time 820.000,000,000 s)
2022-06-15 10:59:09,382 INFO  - Sent DENM (at simulation time 822.000,000,000 s)
2022-06-15 10:59:09,387 INFO  - Sent DENM (at simulation time 824.000,000,000 s)
2022-06-15 10:59:09,391 INFO  - Sent DENM (at simulation time 826.000,000,000 s)
2022-06-15 10:59:09,395 INFO  - Sent DENM (at simulation time 828.000,000,000 s)
2022-06-15 10:59:09,399 INFO  - Sent DENM (at simulation time 830.000,000,000 s)
2022-06-15 10:59:09,404 INFO  - Sent DENM (at simulation time 832.000,000,000 s)
2022-06-15 10:59:09,409 INFO  - Sent DENM (at simulation time 834.000,000,000 s)
2022-06-15 10:59:09,414 INFO  - Sent DENM (at simulation time 836.000,000,000 s)
2022-06-15 10:59:09,418 INFO  - Sent DENM (at simulation time 838.000,000,000 s)
2022-06-15 10:59:09,422 INFO  - Sent DENM (at simulation time 840.000,000,000 s)
2022-06-15 10:59:09,427 INFO  - Sent DENM (at simulation time 842.000,000,000 s)
2022-06-15 10:59:09,431 INFO  - Sent DENM (at simulation time 844.000,000,000 s)
2022-06-15 10:59:09,435 INFO  - Sent DENM (at simulation time 846.000,000,000 s)
2022-06-15 10:59:09,440 INFO  - Sent DENM (at simulation time 848.000,000,000 s)
2022-06-15 10:59:09,445 INFO  - Sent DENM (at simulation time 850.000,000,000 s)
2022-06-15 10:59:09,450 INFO  - Sent DENM (at simulation time 852.000,000,000 s)
2022-06-15 10:59:09,455 INFO  - Sent DENM (at simulation time 854.000,000,000 s)
2022-06-15 10:59:09,460 INFO  - Sent DENM (at simulation time 856.000,000,000 s)
2022-06-15 10:59:09,466 INFO  - Sent DENM (at simulation time 858.000,000,000 s)
2022-06-15 10:59:09,471 INFO  - Sent DENM (at simulation time 860.000,000,000 s)
2022-06-15 10:59:09,476 INFO  - Sent DENM (at simulation time 862.000,000,000 s)
2022-06-15 10:59:09,481 INFO  - Sent DENM (at simulation time 864.000,000,000 s)
2022-06-15 10:59:09,486 INFO  - Sent DENM (at simulation time 866.000,000,000 s)
2022-06-15 10:59:09,491 INFO  - Sent DENM (at simulation time 868.000,000,000 s)
2022-06-15 10:59:09,495 INFO  - Sent DENM (at simulation time 870.000,000,000 s)
2022-06-15 10:59:09,499 INFO  - Sent DENM (at simulation time 872.000,000,000 s)
2022-06-15 10:59:09,503 INFO  - Sent DENM (at simulation time 874.000,000,000 s)
2022-06-15 10:59:09,508 INFO  - Sent DENM (at simulation time 876.000,000,000 s)
2022-06-15 10:59:09,512 INFO  - Sent DENM (at simulation time 878.000,000,000 s)
2022-06-15 10:59:09,517 INFO  - Sent DENM (at simulation time 880.000,000,000 s)
2022-06-15 10:59:09,522 INFO  - Sent DENM (at simulation time 882.000,000,000 s)
2022-06-15 10:59:09,526 INFO  - Sent DENM (at simulation time 884.000,000,000 s)
2022-06-15 10:59:09,531 INFO  - Sent DENM (at simulation time 886.000,000,000 s)
2022-06-15 10:59:09,534 INFO  - Sent DENM (at simulation time 888.000,000,000 s)
2022-06-15 10:59:09,537 INFO  - Sent DENM (at simulation time 890.000,000,000 s)
2022-06-15 10:59:09,541 INFO  - Sent DENM (at simulation time 892.000,000,000 s)
2022-06-15 10:59:09,544 INFO  - Sent DENM (at simulation time 894.000,000,000 s)
2022-06-15 10:59:09,547 INFO  - Sent DENM (at simulation time 896.000,000,000 s)
2022-06-15 10:59:09,551 INFO  - Sent DENM (at simulation time 898.000,000,000 s)
2022-06-15 10:59:09,553 INFO  - Sent DENM (at simulation time 900.000,000,000 s)
2022-06-15 10:59:09,556 INFO  - Sent DENM (at simulation time 902.000,000,000 s)
2022-06-15 10:59:09,559 INFO  - Sent DENM (at simulation time 904.000,000,000 s)
2022-06-15 10:59:09,563 INFO  - Sent DENM (at simulation time 906.000,000,000 s)
2022-06-15 10:59:09,566 INFO  - Sent DENM (at simulation time 908.000,000,000 s)
2022-06-15 10:59:09,569 INFO  - Sent DENM (at simulation time 910.000,000,000 s)
2022-06-15 10:59:09,571 INFO  - Sent DENM (at simulation time 912.000,000,000 s)
2022-06-15 10:59:09,574 INFO  - Sent DENM (at simulation time 914.000,000,000 s)
2022-06-15 10:59:09,577 INFO  - Sent DENM (at simulation time 916.000,000,000 s)
2022-06-15 10:59:09,579 INFO  - Sent DENM (at simulation time 918.000,000,000 s)
2022-06-15 10:59:09,582 INFO  - Sent DENM (at simulation time 920.000,000,000 s)
2022-06-15 10:59:09,584 INFO  - Sent DENM (at simulation time 922.000,000,000 s)
2022-06-15 10:59:09,587 INFO  - Sent DENM (at simulation time 924.000,000,000 s)
2022-06-15 10:59:09,589 INFO  - Sent DENM (at simulation time 926.000,000,000 s)
2022-06-15 10:59:09,591 INFO  - Sent DENM (at simulation time 928.000,000,000 s)
2022-06-15 10:59:09,594 INFO  - Sent DENM (at simulation time 930.000,000,000 s)
2022-06-15 10:59:09,596 INFO  - Sent DENM (at simulation time 932.000,000,000 s)
2022-06-15 10:59:09,598 INFO  - Sent DENM (at simulation time 934.000,000,000 s)
2022-06-15 10:59:09,600 INFO  - Sent DENM (at simulation time 936.000,000,000 s)
2022-06-15 10:59:09,603 INFO  - Sent DENM (at simulation time 938.000,000,000 s)
2022-06-15 10:59:09,606 INFO  - Sent DENM (at simulation time 940.000,000,000 s)
2022-06-15 10:59:09,608 INFO  - Sent DENM (at simulation time 942.000,000,000 s)
2022-06-15 10:59:09,610 INFO  - Sent DENM (at simulation time 944.000,000,000 s)
2022-06-15 10:59:09,613 INFO  - Sent DENM (at simulation time 946.000,000,000 s)
2022-06-15 10:59:09,615 INFO  - Sent DENM (at simulation time 948.000,000,000 s)
2022-06-15 10:59:09,616 INFO  - Sent DENM (at simulation time 950.000,000,000 s)
2022-06-15 10:59:09,618 INFO  - Sent DENM (at simulation time 952.000,000,000 s)
2022-06-15 10:59:09,620 INFO  - Sent DENM (at simulation time 954.000,000,000 s)
2022-06-15 10:59:09,622 INFO  - Sent DENM (at simulation time 956.000,000,000 s)
2022-06-15 10:59:09,623 INFO  - Sent DENM (at simulation time 958.000,000,000 s)
2022-06-15 10:59:09,625 INFO  - Sent DENM (at simulation time 960.000,000,000 s)
2022-06-15 10:59:09,627 INFO  - Sent DENM (at simulation time 962.000,000,000 s)
2022-06-15 10:59:09,628 INFO  - Sent DENM (at simulation time 964.000,000,000 s)
2022-06-15 10:59:09,633 INFO  - Sent DENM (at simulation time 966.000,000,000 s)
2022-06-15 10:59:09,635 INFO  - Sent DENM (at simulation time 968.000,000,000 s)
2022-06-15 10:59:09,636 INFO  - Sent DENM (at simulation time 970.000,000,000 s)
2022-06-15 10:59:09,638 INFO  - Sent DENM (at simulation time 972.000,000,000 s)
2022-06-15 10:59:09,640 INFO  - Sent DENM (at simulation time 974.000,000,000 s)
2022-06-15 10:59:09,641 INFO  - Sent DENM (at simulation time 976.000,000,000 s)
2022-06-15 10:59:09,643 INFO  - Sent DENM (at simulation time 978.000,000,000 s)
2022-06-15 10:59:09,644 INFO  - Sent DENM (at simulation time 980.000,000,000 s)
2022-06-15 10:59:09,646 INFO  - Sent DENM (at simulation time 982.000,000,000 s)
2022-06-15 10:59:09,648 INFO  - Sent DENM (at simulation time 984.000,000,000 s)
2022-06-15 10:59:09,649 INFO  - Sent DENM (at simulation time 986.000,000,000 s)
2022-06-15 10:59:09,651 INFO  - Sent DENM (at simulation time 988.000,000,000 s)
2022-06-15 10:59:09,652 INFO  - Sent DENM (at simulation time 990.000,000,000 s)
2022-06-15 10:59:09,653 INFO  - Sent DENM (at simulation time 992.000,000,000 s)
2022-06-15 10:59:09,655 INFO  - Sent DENM (at simulation time 994.000,000,000 s)
2022-06-15 10:59:09,656 INFO  - Sent DENM (at simulation time 996.000,000,000 s)
2022-06-15 10:59:09,658 INFO  - Sent DENM (at simulation time 998.000,000,000 s)
2022-06-15 10:59:09,804 INFO  - Shutdown application (at simulation time 1000.000,000,000 s)
